# WPPM package installation log
# 
# Package: cx_Freeze v4.3.1

Lib\site-packages\cx_Freeze
Lib\site-packages\cx_Freeze-4.3.1-py2.7.egg-info
Lib\site-packages\cx_Freeze\bases
Lib\site-packages\cx_Freeze\initscripts
Lib\site-packages\cx_Freeze\samples
Lib\site-packages\cx_Freeze\dist.py
Lib\site-packages\cx_Freeze\finder.py
Lib\site-packages\cx_Freeze\freezer.py
Lib\site-packages\cx_Freeze\hooks.py
Lib\site-packages\cx_Freeze\macdist.py
Lib\site-packages\cx_Freeze\main.py
Lib\site-packages\cx_Freeze\setupwriter.py
Lib\site-packages\cx_Freeze\util.pyd
Lib\site-packages\cx_Freeze\windist.py
Lib\site-packages\cx_Freeze\__init__.py
Lib\site-packages\cx_Freeze\bases\Console.exe
Lib\site-packages\cx_Freeze\bases\ConsoleKeepPath.exe
Lib\site-packages\cx_Freeze\bases\Win32GUI.exe
Lib\site-packages\cx_Freeze\initscripts\Console.py
Lib\site-packages\cx_Freeze\initscripts\Console3.py
Lib\site-packages\cx_Freeze\initscripts\ConsoleKeepPath.py
Lib\site-packages\cx_Freeze\initscripts\ConsoleKeepPath3.py
Lib\site-packages\cx_Freeze\initscripts\ConsoleSetLibPath.py
Lib\site-packages\cx_Freeze\initscripts\SharedLib.py
Lib\site-packages\cx_Freeze\initscripts\SharedLibSource.py
Lib\site-packages\cx_Freeze\samples\advanced
Lib\site-packages\cx_Freeze\samples\matplotlib
Lib\site-packages\cx_Freeze\samples\PyQt4
Lib\site-packages\cx_Freeze\samples\relimport
Lib\site-packages\cx_Freeze\samples\service
Lib\site-packages\cx_Freeze\samples\simple
Lib\site-packages\cx_Freeze\samples\Tkinter
Lib\site-packages\cx_Freeze\samples\wx
Lib\site-packages\cx_Freeze\samples\zope
Lib\site-packages\cx_Freeze\samples\advanced\modules
Lib\site-packages\cx_Freeze\samples\advanced\advanced_1.py
Lib\site-packages\cx_Freeze\samples\advanced\advanced_2.py
Lib\site-packages\cx_Freeze\samples\advanced\setup.py
Lib\site-packages\cx_Freeze\samples\advanced\modules\testfreeze_1.py
Lib\site-packages\cx_Freeze\samples\advanced\modules\testfreeze_2.py
Lib\site-packages\cx_Freeze\samples\matplotlib\setup.py
Lib\site-packages\cx_Freeze\samples\matplotlib\test_matplotlib.py
Lib\site-packages\cx_Freeze\samples\PyQt4\PyQt4app.py
Lib\site-packages\cx_Freeze\samples\PyQt4\setup.py
Lib\site-packages\cx_Freeze\samples\relimport\pkg1
Lib\site-packages\cx_Freeze\samples\relimport\relimport.py
Lib\site-packages\cx_Freeze\samples\relimport\setup.py
Lib\site-packages\cx_Freeze\samples\relimport\pkg1\pkg2
Lib\site-packages\cx_Freeze\samples\relimport\pkg1\sub1.py
Lib\site-packages\cx_Freeze\samples\relimport\pkg1\sub2.py
Lib\site-packages\cx_Freeze\samples\relimport\pkg1\sub4.py
Lib\site-packages\cx_Freeze\samples\relimport\pkg1\sub6.py
Lib\site-packages\cx_Freeze\samples\relimport\pkg1\__init__.py
Lib\site-packages\cx_Freeze\samples\relimport\pkg1\pkg2\sub3.py
Lib\site-packages\cx_Freeze\samples\relimport\pkg1\pkg2\sub5.py
Lib\site-packages\cx_Freeze\samples\relimport\pkg1\pkg2\__init__.py
Lib\site-packages\cx_Freeze\samples\service\Config.py
Lib\site-packages\cx_Freeze\samples\service\ServiceHandler.py
Lib\site-packages\cx_Freeze\samples\service\setup.py
Lib\site-packages\cx_Freeze\samples\simple\hello.py
Lib\site-packages\cx_Freeze\samples\simple\setup.py
Lib\site-packages\cx_Freeze\samples\Tkinter\setup.py
Lib\site-packages\cx_Freeze\samples\Tkinter\SimpleTkApp.py
Lib\site-packages\cx_Freeze\samples\wx\setup.py
Lib\site-packages\cx_Freeze\samples\wx\wxapp.py
Lib\site-packages\cx_Freeze\samples\zope\qotd.py
Lib\site-packages\cx_Freeze\samples\zope\setup.py
Scripts\cxfreeze
Scripts\cxfreeze.bat
Scripts\cxfreeze-postinstall
Scripts\cxfreeze-postinstall.bat
Scripts\cxfreeze-quickstart
Scripts\cxfreeze-quickstart.bat