# WPPM package installation log
# 
# Package: Cython v0.17.4

Lib\site-packages\Cython
Lib\site-packages\pyximport
Lib\site-packages\Cython-0.17.4-py2.7.egg-info
Lib\site-packages\cython.py
Lib\site-packages\Cython\Build
Lib\site-packages\Cython\Compiler
Lib\site-packages\Cython\Debugger
Lib\site-packages\Cython\Distutils
Lib\site-packages\Cython\Includes
Lib\site-packages\Cython\Plex
Lib\site-packages\Cython\Runtime
Lib\site-packages\Cython\Tempita
Lib\site-packages\Cython\Tests
Lib\site-packages\Cython\Utility
Lib\site-packages\Cython\CodeWriter.py
Lib\site-packages\Cython\Debugging.py
Lib\site-packages\Cython\Shadow.py
Lib\site-packages\Cython\StringIOTree.py
Lib\site-packages\Cython\TestUtils.py
Lib\site-packages\Cython\Utils.py
Lib\site-packages\Cython\__init__.py
Lib\site-packages\Cython\Build\Tests
Lib\site-packages\Cython\Build\BuildExecutable.py
Lib\site-packages\Cython\Build\Dependencies.py
Lib\site-packages\Cython\Build\Inline.py
Lib\site-packages\Cython\Build\__init__.py
Lib\site-packages\Cython\Build\Tests\TestInline.py
Lib\site-packages\Cython\Build\Tests\TestStripLiterals.py
Lib\site-packages\Cython\Build\Tests\__init__.py
Lib\site-packages\Cython\Compiler\Tests
Lib\site-packages\Cython\Compiler\AnalysedTreeTransforms.py
Lib\site-packages\Cython\Compiler\Annotate.py
Lib\site-packages\Cython\Compiler\AutoDocTransforms.py
Lib\site-packages\Cython\Compiler\Buffer.py
Lib\site-packages\Cython\Compiler\Builtin.py
Lib\site-packages\Cython\Compiler\CmdLine.py
Lib\site-packages\Cython\Compiler\Code.pxd
Lib\site-packages\Cython\Compiler\Code.py
Lib\site-packages\Cython\Compiler\Code.pyd
Lib\site-packages\Cython\Compiler\CodeGeneration.py
Lib\site-packages\Cython\Compiler\CythonScope.py
Lib\site-packages\Cython\Compiler\DebugFlags.py
Lib\site-packages\Cython\Compiler\Errors.py
Lib\site-packages\Cython\Compiler\ExprNodes.py
Lib\site-packages\Cython\Compiler\FlowControl.pxd
Lib\site-packages\Cython\Compiler\FlowControl.py
Lib\site-packages\Cython\Compiler\FlowControl.pyd
Lib\site-packages\Cython\Compiler\FusedNode.py
Lib\site-packages\Cython\Compiler\Future.py
Lib\site-packages\Cython\Compiler\Interpreter.py
Lib\site-packages\Cython\Compiler\Lexicon.py
Lib\site-packages\Cython\Compiler\Lexicon.pyd
Lib\site-packages\Cython\Compiler\Main.py
Lib\site-packages\Cython\Compiler\MemoryView.py
Lib\site-packages\Cython\Compiler\ModuleNode.py
Lib\site-packages\Cython\Compiler\Naming.py
Lib\site-packages\Cython\Compiler\Nodes.py
Lib\site-packages\Cython\Compiler\Optimize.py
Lib\site-packages\Cython\Compiler\Options.py
Lib\site-packages\Cython\Compiler\ParseTreeTransforms.pxd
Lib\site-packages\Cython\Compiler\ParseTreeTransforms.py
Lib\site-packages\Cython\Compiler\Parsing.pxd
Lib\site-packages\Cython\Compiler\Parsing.py
Lib\site-packages\Cython\Compiler\Parsing.pyd
Lib\site-packages\Cython\Compiler\Pipeline.py
Lib\site-packages\Cython\Compiler\PyrexTypes.py
Lib\site-packages\Cython\Compiler\Scanning.pxd
Lib\site-packages\Cython\Compiler\Scanning.py
Lib\site-packages\Cython\Compiler\Scanning.pyd
Lib\site-packages\Cython\Compiler\StringEncoding.py
Lib\site-packages\Cython\Compiler\Symtab.py
Lib\site-packages\Cython\Compiler\TreeFragment.py
Lib\site-packages\Cython\Compiler\TreePath.py
Lib\site-packages\Cython\Compiler\TypeInference.py
Lib\site-packages\Cython\Compiler\TypeSlots.py
Lib\site-packages\Cython\Compiler\UtilityCode.py
Lib\site-packages\Cython\Compiler\UtilNodes.py
Lib\site-packages\Cython\Compiler\Version.py
Lib\site-packages\Cython\Compiler\Visitor.pxd
Lib\site-packages\Cython\Compiler\Visitor.py
Lib\site-packages\Cython\Compiler\Visitor.pyd
Lib\site-packages\Cython\Compiler\__init__.py
Lib\site-packages\Cython\Compiler\Tests\TestBuffer.py
Lib\site-packages\Cython\Compiler\Tests\TestMemView.py
Lib\site-packages\Cython\Compiler\Tests\TestParseTreeTransforms.py
Lib\site-packages\Cython\Compiler\Tests\TestSignatureMatching.py
Lib\site-packages\Cython\Compiler\Tests\TestTreeFragment.py
Lib\site-packages\Cython\Compiler\Tests\TestTreePath.py
Lib\site-packages\Cython\Compiler\Tests\TestUtilityLoad.py
Lib\site-packages\Cython\Compiler\Tests\__init__.py
Lib\site-packages\Cython\Debugger\Tests
Lib\site-packages\Cython\Debugger\Cygdb.py
Lib\site-packages\Cython\Debugger\DebugWriter.py
Lib\site-packages\Cython\Debugger\libcython.py
Lib\site-packages\Cython\Debugger\libpython.py
Lib\site-packages\Cython\Debugger\__init__.py
Lib\site-packages\Cython\Debugger\Tests\cfuncs.c
Lib\site-packages\Cython\Debugger\Tests\codefile
Lib\site-packages\Cython\Debugger\Tests\TestLibCython.py
Lib\site-packages\Cython\Debugger\Tests\test_libcython_in_gdb.py
Lib\site-packages\Cython\Debugger\Tests\test_libpython_in_gdb.py
Lib\site-packages\Cython\Debugger\Tests\__init__.py
Lib\site-packages\Cython\Distutils\build_ext.py
Lib\site-packages\Cython\Distutils\extension.py
Lib\site-packages\Cython\Distutils\__init__.py
Lib\site-packages\Cython\Includes\cpython
Lib\site-packages\Cython\Includes\libc
Lib\site-packages\Cython\Includes\libcpp
Lib\site-packages\Cython\Includes\posix
Lib\site-packages\Cython\Includes\numpy.pxd
Lib\site-packages\Cython\Includes\openmp.pxd
Lib\site-packages\Cython\Includes\cpython\array.pxd
Lib\site-packages\Cython\Includes\cpython\bool.pxd
Lib\site-packages\Cython\Includes\cpython\buffer.pxd
Lib\site-packages\Cython\Includes\cpython\bytes.pxd
Lib\site-packages\Cython\Includes\cpython\cobject.pxd
Lib\site-packages\Cython\Includes\cpython\complex.pxd
Lib\site-packages\Cython\Includes\cpython\dict.pxd
Lib\site-packages\Cython\Includes\cpython\exc.pxd
Lib\site-packages\Cython\Includes\cpython\float.pxd
Lib\site-packages\Cython\Includes\cpython\function.pxd
Lib\site-packages\Cython\Includes\cpython\getargs.pxd
Lib\site-packages\Cython\Includes\cpython\instance.pxd
Lib\site-packages\Cython\Includes\cpython\int.pxd
Lib\site-packages\Cython\Includes\cpython\iterator.pxd
Lib\site-packages\Cython\Includes\cpython\list.pxd
Lib\site-packages\Cython\Includes\cpython\long.pxd
Lib\site-packages\Cython\Includes\cpython\mapping.pxd
Lib\site-packages\Cython\Includes\cpython\mem.pxd
Lib\site-packages\Cython\Includes\cpython\method.pxd
Lib\site-packages\Cython\Includes\cpython\module.pxd
Lib\site-packages\Cython\Includes\cpython\number.pxd
Lib\site-packages\Cython\Includes\cpython\object.pxd
Lib\site-packages\Cython\Includes\cpython\oldbuffer.pxd
Lib\site-packages\Cython\Includes\cpython\pycapsule.pxd
Lib\site-packages\Cython\Includes\cpython\pystate.pxd
Lib\site-packages\Cython\Includes\cpython\pythread.pxd
Lib\site-packages\Cython\Includes\cpython\ref.pxd
Lib\site-packages\Cython\Includes\cpython\sequence.pxd
Lib\site-packages\Cython\Includes\cpython\set.pxd
Lib\site-packages\Cython\Includes\cpython\string.pxd
Lib\site-packages\Cython\Includes\cpython\tuple.pxd
Lib\site-packages\Cython\Includes\cpython\type.pxd
Lib\site-packages\Cython\Includes\cpython\unicode.pxd
Lib\site-packages\Cython\Includes\cpython\version.pxd
Lib\site-packages\Cython\Includes\cpython\weakref.pxd
Lib\site-packages\Cython\Includes\cpython\__init__.pxd
Lib\site-packages\Cython\Includes\libc\errno.pxd
Lib\site-packages\Cython\Includes\libc\float.pxd
Lib\site-packages\Cython\Includes\libc\limits.pxd
Lib\site-packages\Cython\Includes\libc\locale.pxd
Lib\site-packages\Cython\Includes\libc\math.pxd
Lib\site-packages\Cython\Includes\libc\setjmp.pxd
Lib\site-packages\Cython\Includes\libc\signal.pxd
Lib\site-packages\Cython\Includes\libc\stddef.pxd
Lib\site-packages\Cython\Includes\libc\stdint.pxd
Lib\site-packages\Cython\Includes\libc\stdio.pxd
Lib\site-packages\Cython\Includes\libc\stdlib.pxd
Lib\site-packages\Cython\Includes\libc\string.pxd
Lib\site-packages\Cython\Includes\libc\__init__.pxd
Lib\site-packages\Cython\Includes\libcpp\deque.pxd
Lib\site-packages\Cython\Includes\libcpp\list.pxd
Lib\site-packages\Cython\Includes\libcpp\map.pxd
Lib\site-packages\Cython\Includes\libcpp\pair.pxd
Lib\site-packages\Cython\Includes\libcpp\queue.pxd
Lib\site-packages\Cython\Includes\libcpp\set.pxd
Lib\site-packages\Cython\Includes\libcpp\stack.pxd
Lib\site-packages\Cython\Includes\libcpp\string.pxd
Lib\site-packages\Cython\Includes\libcpp\utility.pxd
Lib\site-packages\Cython\Includes\libcpp\vector.pxd
Lib\site-packages\Cython\Includes\libcpp\__init__.pxd
Lib\site-packages\Cython\Includes\posix\fcntl.pxd
Lib\site-packages\Cython\Includes\posix\ioctl.pxd
Lib\site-packages\Cython\Includes\posix\unistd.pxd
Lib\site-packages\Cython\Includes\posix\__init__.pxd
Lib\site-packages\Cython\Plex\Actions.pxd
Lib\site-packages\Cython\Plex\Actions.py
Lib\site-packages\Cython\Plex\Actions.pyd
Lib\site-packages\Cython\Plex\DFA.py
Lib\site-packages\Cython\Plex\Errors.py
Lib\site-packages\Cython\Plex\Lexicons.py
Lib\site-packages\Cython\Plex\Machines.py
Lib\site-packages\Cython\Plex\Regexps.py
Lib\site-packages\Cython\Plex\Scanners.pxd
Lib\site-packages\Cython\Plex\Scanners.py
Lib\site-packages\Cython\Plex\Scanners.pyd
Lib\site-packages\Cython\Plex\Timing.py
Lib\site-packages\Cython\Plex\Traditional.py
Lib\site-packages\Cython\Plex\Transitions.py
Lib\site-packages\Cython\Plex\__init__.py
Lib\site-packages\Cython\Runtime\refnanny.pyd
Lib\site-packages\Cython\Runtime\refnanny.pyx
Lib\site-packages\Cython\Runtime\__init__.py
Lib\site-packages\Cython\Tempita\compat3.py
Lib\site-packages\Cython\Tempita\_looper.py
Lib\site-packages\Cython\Tempita\__init__.py
Lib\site-packages\Cython\Tests\TestCodeWriter.py
Lib\site-packages\Cython\Tests\TestStringIOTree.py
Lib\site-packages\Cython\Tests\xmlrunner.py
Lib\site-packages\Cython\Tests\__init__.py
Lib\site-packages\Cython\Utility\arrayarray.h
Lib\site-packages\Cython\Utility\Buffer.c
Lib\site-packages\Cython\Utility\Builtins.c
Lib\site-packages\Cython\Utility\Capsule.c
Lib\site-packages\Cython\Utility\CppConvert.pyx
Lib\site-packages\Cython\Utility\CppSupport.cpp
Lib\site-packages\Cython\Utility\CythonFunction.c
Lib\site-packages\Cython\Utility\Exceptions.c
Lib\site-packages\Cython\Utility\ExtensionTypes.c
Lib\site-packages\Cython\Utility\FunctionArguments.c
Lib\site-packages\Cython\Utility\Generator.c
Lib\site-packages\Cython\Utility\ImportExport.c
Lib\site-packages\Cython\Utility\MemoryView.pyx
Lib\site-packages\Cython\Utility\MemoryView_C.c
Lib\site-packages\Cython\Utility\ModuleSetupCode.c
Lib\site-packages\Cython\Utility\ObjectHandling.c
Lib\site-packages\Cython\Utility\Optimize.c
Lib\site-packages\Cython\Utility\Printing.c
Lib\site-packages\Cython\Utility\StringTools.c
Lib\site-packages\Cython\Utility\TestCythonScope.pyx
Lib\site-packages\Cython\Utility\TestCyUtilityLoader.pyx
Lib\site-packages\Cython\Utility\TestUtilityLoader.c
Lib\site-packages\Cython\Utility\TypeConversion.c
Lib\site-packages\Cython\Utility\__init__.py
Lib\site-packages\pyximport\pyxbuild.py
Lib\site-packages\pyximport\pyximport.py
Lib\site-packages\pyximport\__init__.py
Scripts\cygdb.py
Scripts\cygdb.bat
Scripts\cython.py
Scripts\cython.bat