# WPPM package installation log
# 
# Package: docutils v0.10

Lib\site-packages\docutils
Lib\site-packages\docutils-0.10-py2.7.egg-info
Lib\site-packages\docutils\languages
Lib\site-packages\docutils\parsers
Lib\site-packages\docutils\readers
Lib\site-packages\docutils\transforms
Lib\site-packages\docutils\utils
Lib\site-packages\docutils\writers
Lib\site-packages\docutils\core.py
Lib\site-packages\docutils\examples.py
Lib\site-packages\docutils\frontend.py
Lib\site-packages\docutils\io.py
Lib\site-packages\docutils\nodes.py
Lib\site-packages\docutils\statemachine.py
Lib\site-packages\docutils\_compat.py
Lib\site-packages\docutils\__init__.py
Lib\site-packages\docutils\languages\af.py
Lib\site-packages\docutils\languages\ca.py
Lib\site-packages\docutils\languages\cs.py
Lib\site-packages\docutils\languages\de.py
Lib\site-packages\docutils\languages\en.py
Lib\site-packages\docutils\languages\eo.py
Lib\site-packages\docutils\languages\es.py
Lib\site-packages\docutils\languages\fi.py
Lib\site-packages\docutils\languages\fr.py
Lib\site-packages\docutils\languages\gl.py
Lib\site-packages\docutils\languages\he.py
Lib\site-packages\docutils\languages\it.py
Lib\site-packages\docutils\languages\ja.py
Lib\site-packages\docutils\languages\lt.py
Lib\site-packages\docutils\languages\nl.py
Lib\site-packages\docutils\languages\pl.py
Lib\site-packages\docutils\languages\pt_br.py
Lib\site-packages\docutils\languages\ru.py
Lib\site-packages\docutils\languages\sk.py
Lib\site-packages\docutils\languages\sv.py
Lib\site-packages\docutils\languages\zh_cn.py
Lib\site-packages\docutils\languages\zh_tw.py
Lib\site-packages\docutils\languages\__init__.py
Lib\site-packages\docutils\parsers\rst
Lib\site-packages\docutils\parsers\null.py
Lib\site-packages\docutils\parsers\__init__.py
Lib\site-packages\docutils\parsers\rst\directives
Lib\site-packages\docutils\parsers\rst\include
Lib\site-packages\docutils\parsers\rst\languages
Lib\site-packages\docutils\parsers\rst\roles.py
Lib\site-packages\docutils\parsers\rst\states.py
Lib\site-packages\docutils\parsers\rst\tableparser.py
Lib\site-packages\docutils\parsers\rst\__init__.py
Lib\site-packages\docutils\parsers\rst\directives\admonitions.py
Lib\site-packages\docutils\parsers\rst\directives\body.py
Lib\site-packages\docutils\parsers\rst\directives\html.py
Lib\site-packages\docutils\parsers\rst\directives\images.py
Lib\site-packages\docutils\parsers\rst\directives\misc.py
Lib\site-packages\docutils\parsers\rst\directives\parts.py
Lib\site-packages\docutils\parsers\rst\directives\references.py
Lib\site-packages\docutils\parsers\rst\directives\tables.py
Lib\site-packages\docutils\parsers\rst\directives\__init__.py
Lib\site-packages\docutils\parsers\rst\include\isoamsa.txt
Lib\site-packages\docutils\parsers\rst\include\isoamsb.txt
Lib\site-packages\docutils\parsers\rst\include\isoamsc.txt
Lib\site-packages\docutils\parsers\rst\include\isoamsn.txt
Lib\site-packages\docutils\parsers\rst\include\isoamso.txt
Lib\site-packages\docutils\parsers\rst\include\isoamsr.txt
Lib\site-packages\docutils\parsers\rst\include\isobox.txt
Lib\site-packages\docutils\parsers\rst\include\isocyr1.txt
Lib\site-packages\docutils\parsers\rst\include\isocyr2.txt
Lib\site-packages\docutils\parsers\rst\include\isodia.txt
Lib\site-packages\docutils\parsers\rst\include\isogrk1.txt
Lib\site-packages\docutils\parsers\rst\include\isogrk2.txt
Lib\site-packages\docutils\parsers\rst\include\isogrk3.txt
Lib\site-packages\docutils\parsers\rst\include\isogrk4-wide.txt
Lib\site-packages\docutils\parsers\rst\include\isogrk4.txt
Lib\site-packages\docutils\parsers\rst\include\isolat1.txt
Lib\site-packages\docutils\parsers\rst\include\isolat2.txt
Lib\site-packages\docutils\parsers\rst\include\isomfrk-wide.txt
Lib\site-packages\docutils\parsers\rst\include\isomfrk.txt
Lib\site-packages\docutils\parsers\rst\include\isomopf-wide.txt
Lib\site-packages\docutils\parsers\rst\include\isomopf.txt
Lib\site-packages\docutils\parsers\rst\include\isomscr-wide.txt
Lib\site-packages\docutils\parsers\rst\include\isomscr.txt
Lib\site-packages\docutils\parsers\rst\include\isonum.txt
Lib\site-packages\docutils\parsers\rst\include\isopub.txt
Lib\site-packages\docutils\parsers\rst\include\isotech.txt
Lib\site-packages\docutils\parsers\rst\include\mmlalias.txt
Lib\site-packages\docutils\parsers\rst\include\mmlextra-wide.txt
Lib\site-packages\docutils\parsers\rst\include\mmlextra.txt
Lib\site-packages\docutils\parsers\rst\include\README.txt
Lib\site-packages\docutils\parsers\rst\include\s5defs.txt
Lib\site-packages\docutils\parsers\rst\include\xhtml1-lat1.txt
Lib\site-packages\docutils\parsers\rst\include\xhtml1-special.txt
Lib\site-packages\docutils\parsers\rst\include\xhtml1-symbol.txt
Lib\site-packages\docutils\parsers\rst\languages\af.py
Lib\site-packages\docutils\parsers\rst\languages\ca.py
Lib\site-packages\docutils\parsers\rst\languages\cs.py
Lib\site-packages\docutils\parsers\rst\languages\de.py
Lib\site-packages\docutils\parsers\rst\languages\en.py
Lib\site-packages\docutils\parsers\rst\languages\eo.py
Lib\site-packages\docutils\parsers\rst\languages\es.py
Lib\site-packages\docutils\parsers\rst\languages\fi.py
Lib\site-packages\docutils\parsers\rst\languages\fr.py
Lib\site-packages\docutils\parsers\rst\languages\gl.py
Lib\site-packages\docutils\parsers\rst\languages\he.py
Lib\site-packages\docutils\parsers\rst\languages\it.py
Lib\site-packages\docutils\parsers\rst\languages\ja.py
Lib\site-packages\docutils\parsers\rst\languages\lt.py
Lib\site-packages\docutils\parsers\rst\languages\nl.py
Lib\site-packages\docutils\parsers\rst\languages\pl.py
Lib\site-packages\docutils\parsers\rst\languages\pt_br.py
Lib\site-packages\docutils\parsers\rst\languages\ru.py
Lib\site-packages\docutils\parsers\rst\languages\sk.py
Lib\site-packages\docutils\parsers\rst\languages\sv.py
Lib\site-packages\docutils\parsers\rst\languages\zh_cn.py
Lib\site-packages\docutils\parsers\rst\languages\zh_tw.py
Lib\site-packages\docutils\parsers\rst\languages\__init__.py
Lib\site-packages\docutils\readers\doctree.py
Lib\site-packages\docutils\readers\pep.py
Lib\site-packages\docutils\readers\standalone.py
Lib\site-packages\docutils\readers\__init__.py
Lib\site-packages\docutils\transforms\components.py
Lib\site-packages\docutils\transforms\frontmatter.py
Lib\site-packages\docutils\transforms\misc.py
Lib\site-packages\docutils\transforms\parts.py
Lib\site-packages\docutils\transforms\peps.py
Lib\site-packages\docutils\transforms\references.py
Lib\site-packages\docutils\transforms\universal.py
Lib\site-packages\docutils\transforms\writer_aux.py
Lib\site-packages\docutils\transforms\__init__.py
Lib\site-packages\docutils\utils\math
Lib\site-packages\docutils\utils\code_analyzer.py
Lib\site-packages\docutils\utils\error_reporting.py
Lib\site-packages\docutils\utils\punctuation_chars.py
Lib\site-packages\docutils\utils\roman.py
Lib\site-packages\docutils\utils\smartquotes.py
Lib\site-packages\docutils\utils\urischemes.py
Lib\site-packages\docutils\utils\__init__.py
Lib\site-packages\docutils\utils\math\latex2mathml.py
Lib\site-packages\docutils\utils\math\math2html.py
Lib\site-packages\docutils\utils\math\tex2unichar.py
Lib\site-packages\docutils\utils\math\unichar2tex.py
Lib\site-packages\docutils\utils\math\__init__.py
Lib\site-packages\docutils\writers\html4css1
Lib\site-packages\docutils\writers\latex2e
Lib\site-packages\docutils\writers\odf_odt
Lib\site-packages\docutils\writers\pep_html
Lib\site-packages\docutils\writers\s5_html
Lib\site-packages\docutils\writers\xetex
Lib\site-packages\docutils\writers\docutils_xml.py
Lib\site-packages\docutils\writers\manpage.py
Lib\site-packages\docutils\writers\null.py
Lib\site-packages\docutils\writers\pseudoxml.py
Lib\site-packages\docutils\writers\__init__.py
Lib\site-packages\docutils\writers\html4css1\html4css1.css
Lib\site-packages\docutils\writers\html4css1\math.css
Lib\site-packages\docutils\writers\html4css1\template.txt
Lib\site-packages\docutils\writers\html4css1\__init__.py
Lib\site-packages\docutils\writers\latex2e\default.tex
Lib\site-packages\docutils\writers\latex2e\titlepage.tex
Lib\site-packages\docutils\writers\latex2e\xelatex.tex
Lib\site-packages\docutils\writers\latex2e\__init__.py
Lib\site-packages\docutils\writers\odf_odt\pygmentsformatter.py
Lib\site-packages\docutils\writers\odf_odt\styles.odt
Lib\site-packages\docutils\writers\odf_odt\__init__.py
Lib\site-packages\docutils\writers\pep_html\pep.css
Lib\site-packages\docutils\writers\pep_html\template.txt
Lib\site-packages\docutils\writers\pep_html\__init__.py
Lib\site-packages\docutils\writers\s5_html\themes
Lib\site-packages\docutils\writers\s5_html\__init__.py
Lib\site-packages\docutils\writers\s5_html\themes\big-black
Lib\site-packages\docutils\writers\s5_html\themes\big-white
Lib\site-packages\docutils\writers\s5_html\themes\default
Lib\site-packages\docutils\writers\s5_html\themes\medium-black
Lib\site-packages\docutils\writers\s5_html\themes\medium-white
Lib\site-packages\docutils\writers\s5_html\themes\small-black
Lib\site-packages\docutils\writers\s5_html\themes\small-white
Lib\site-packages\docutils\writers\s5_html\themes\README.txt
Lib\site-packages\docutils\writers\s5_html\themes\big-black\framing.css
Lib\site-packages\docutils\writers\s5_html\themes\big-black\pretty.css
Lib\site-packages\docutils\writers\s5_html\themes\big-black\__base__
Lib\site-packages\docutils\writers\s5_html\themes\big-white\framing.css
Lib\site-packages\docutils\writers\s5_html\themes\big-white\pretty.css
Lib\site-packages\docutils\writers\s5_html\themes\default\blank.gif
Lib\site-packages\docutils\writers\s5_html\themes\default\framing.css
Lib\site-packages\docutils\writers\s5_html\themes\default\iepngfix.htc
Lib\site-packages\docutils\writers\s5_html\themes\default\opera.css
Lib\site-packages\docutils\writers\s5_html\themes\default\outline.css
Lib\site-packages\docutils\writers\s5_html\themes\default\pretty.css
Lib\site-packages\docutils\writers\s5_html\themes\default\print.css
Lib\site-packages\docutils\writers\s5_html\themes\default\s5-core.css
Lib\site-packages\docutils\writers\s5_html\themes\default\slides.css
Lib\site-packages\docutils\writers\s5_html\themes\default\slides.js
Lib\site-packages\docutils\writers\s5_html\themes\medium-black\pretty.css
Lib\site-packages\docutils\writers\s5_html\themes\medium-black\__base__
Lib\site-packages\docutils\writers\s5_html\themes\medium-white\framing.css
Lib\site-packages\docutils\writers\s5_html\themes\medium-white\pretty.css
Lib\site-packages\docutils\writers\s5_html\themes\small-black\pretty.css
Lib\site-packages\docutils\writers\s5_html\themes\small-black\__base__
Lib\site-packages\docutils\writers\s5_html\themes\small-white\framing.css
Lib\site-packages\docutils\writers\s5_html\themes\small-white\pretty.css
Lib\site-packages\docutils\writers\xetex\__init__.py
Scripts\rst2html.py
Scripts\rst2html.bat
Scripts\rst2latex.py
Scripts\rst2latex.bat
Scripts\rst2man.py
Scripts\rst2man.bat
Scripts\rst2odt.py
Scripts\rst2odt.bat
Scripts\rst2odt_prepstyles.py
Scripts\rst2odt_prepstyles.bat
Scripts\rst2pseudoxml.py
Scripts\rst2pseudoxml.bat
Scripts\rst2s5.py
Scripts\rst2s5.bat
Scripts\rst2xetex.py
Scripts\rst2xetex.bat
Scripts\rst2xml.py
Scripts\rst2xml.bat
Scripts\rstpep2html.py
Scripts\rstpep2html.bat