# WPPM package installation log
# 
# Package: egenix-mx-base v3.2.5

Lib\site-packages\mx
Lib\site-packages\mx\BeeBase
Lib\site-packages\mx\DateTime
Lib\site-packages\mx\Misc
Lib\site-packages\mx\Proxy
Lib\site-packages\mx\Queue
Lib\site-packages\mx\Stack
Lib\site-packages\mx\TextTools
Lib\site-packages\mx\Tools
Lib\site-packages\mx\UID
Lib\site-packages\mx\URL
Lib\site-packages\mx\COPYRIGHT
Lib\site-packages\mx\LICENSE
Lib\site-packages\mx\BeeBase\mxBeeBase
Lib\site-packages\mx\BeeBase\COPYRIGHT
Lib\site-packages\mx\BeeBase\LICENSE
Lib\site-packages\mx\BeeBase\README
Lib\site-packages\mx\BeeBase\mxBeeBase\btr.h
Lib\site-packages\mx\BeeBase\mxBeeBase\mxBeeBase.h
Lib\site-packages\mx\BeeBase\mxBeeBase\mxh.h
Lib\site-packages\mx\DateTime\mxDateTime
Lib\site-packages\mx\DateTime\COPYRIGHT
Lib\site-packages\mx\DateTime\LICENSE
Lib\site-packages\mx\DateTime\README
Lib\site-packages\mx\DateTime\mxDateTime\mxDateTime.h
Lib\site-packages\mx\DateTime\mxDateTime\mxh.h
Lib\site-packages\mx\Misc\COPYRIGHT
Lib\site-packages\mx\Misc\LICENSE
Lib\site-packages\mx\Proxy\mxProxy
Lib\site-packages\mx\Proxy\COPYRIGHT
Lib\site-packages\mx\Proxy\LICENSE
Lib\site-packages\mx\Proxy\README
Lib\site-packages\mx\Proxy\mxProxy\mxh.h
Lib\site-packages\mx\Proxy\mxProxy\mxProxy.h
Lib\site-packages\mx\Queue\mxQueue
Lib\site-packages\mx\Queue\COPYRIGHT
Lib\site-packages\mx\Queue\LICENSE
Lib\site-packages\mx\Queue\README
Lib\site-packages\mx\Queue\mxQueue\mxh.h
Lib\site-packages\mx\Queue\mxQueue\mxQueue.h
Lib\site-packages\mx\Stack\mxStack
Lib\site-packages\mx\Stack\COPYRIGHT
Lib\site-packages\mx\Stack\LICENSE
Lib\site-packages\mx\Stack\README
Lib\site-packages\mx\Stack\mxStack\mxh.h
Lib\site-packages\mx\Stack\mxStack\mxStack.h
Lib\site-packages\mx\TextTools\mxTextTools
Lib\site-packages\mx\TextTools\COPYRIGHT
Lib\site-packages\mx\TextTools\LICENSE
Lib\site-packages\mx\TextTools\README
Lib\site-packages\mx\TextTools\mxTextTools\mxbmse.h
Lib\site-packages\mx\TextTools\mxTextTools\mxh.h
Lib\site-packages\mx\TextTools\mxTextTools\mxTextTools.h
Lib\site-packages\mx\Tools\mxTools
Lib\site-packages\mx\Tools\COPYRIGHT
Lib\site-packages\mx\Tools\LICENSE
Lib\site-packages\mx\Tools\README
Lib\site-packages\mx\Tools\mxTools\mxh.h
Lib\site-packages\mx\Tools\mxTools\mxTools.h
Lib\site-packages\mx\UID\mxUID
Lib\site-packages\mx\UID\COPYRIGHT
Lib\site-packages\mx\UID\LICENSE
Lib\site-packages\mx\UID\README
Lib\site-packages\mx\UID\mxUID\mxh.h
Lib\site-packages\mx\UID\mxUID\mxUID.h
Lib\site-packages\mx\URL\mxURL
Lib\site-packages\mx\URL\COPYRIGHT
Lib\site-packages\mx\URL\LICENSE
Lib\site-packages\mx\URL\README
Lib\site-packages\mx\URL\mxURL\mxh.h
Lib\site-packages\mx\URL\mxURL\mxURL.h
Lib\site-packages\mx
Lib\site-packages\egenix_mx_base-3.2.5-py2.7.egg-info
Lib\site-packages\mx\BeeBase
Lib\site-packages\mx\DateTime
Lib\site-packages\mx\Misc
Lib\site-packages\mx\Proxy
Lib\site-packages\mx\Queue
Lib\site-packages\mx\Stack
Lib\site-packages\mx\TextTools
Lib\site-packages\mx\Tools
Lib\site-packages\mx\UID
Lib\site-packages\mx\URL
Lib\site-packages\mx\COPYRIGHT
Lib\site-packages\mx\LICENSE
Lib\site-packages\mx\Log.py
Lib\site-packages\mx\NewBuiltins.py
Lib\site-packages\mx\__init__.py
Lib\site-packages\mx\BeeBase\mxBeeBase
Lib\site-packages\mx\BeeBase\BeeBase.py
Lib\site-packages\mx\BeeBase\BeeDict.py
Lib\site-packages\mx\BeeBase\BeeIndex.py
Lib\site-packages\mx\BeeBase\BeeStorage.py
Lib\site-packages\mx\BeeBase\Cache.py
Lib\site-packages\mx\BeeBase\COPYRIGHT
Lib\site-packages\mx\BeeBase\ExitFunctions.py
Lib\site-packages\mx\BeeBase\FileLock.py
Lib\site-packages\mx\BeeBase\LICENSE
Lib\site-packages\mx\BeeBase\README
Lib\site-packages\mx\BeeBase\showBeeDict.py
Lib\site-packages\mx\BeeBase\__init__.py
Lib\site-packages\mx\BeeBase\mxBeeBase\btr.h
Lib\site-packages\mx\BeeBase\mxBeeBase\mxBeeBase.h
Lib\site-packages\mx\BeeBase\mxBeeBase\mxBeeBase.pyd
Lib\site-packages\mx\BeeBase\mxBeeBase\mxh.h
Lib\site-packages\mx\BeeBase\mxBeeBase\test.py
Lib\site-packages\mx\BeeBase\mxBeeBase\testernesto.py
Lib\site-packages\mx\BeeBase\mxBeeBase\testjohn.py
Lib\site-packages\mx\BeeBase\mxBeeBase\__init__.py
Lib\site-packages\mx\DateTime\Examples
Lib\site-packages\mx\DateTime\mxDateTime
Lib\site-packages\mx\DateTime\ARPA.py
Lib\site-packages\mx\DateTime\COPYRIGHT
Lib\site-packages\mx\DateTime\DateTime.py
Lib\site-packages\mx\DateTime\Feasts.py
Lib\site-packages\mx\DateTime\ISO.py
Lib\site-packages\mx\DateTime\LazyModule.py
Lib\site-packages\mx\DateTime\LICENSE
Lib\site-packages\mx\DateTime\Locale.py
Lib\site-packages\mx\DateTime\NIST.py
Lib\site-packages\mx\DateTime\ODMG.py
Lib\site-packages\mx\DateTime\Parser.py
Lib\site-packages\mx\DateTime\README
Lib\site-packages\mx\DateTime\timegm.py
Lib\site-packages\mx\DateTime\Timezone.py
Lib\site-packages\mx\DateTime\__init__.py
Lib\site-packages\mx\DateTime\Examples\alarm.py
Lib\site-packages\mx\DateTime\Examples\AtomicClock.py
Lib\site-packages\mx\DateTime\Examples\CommandLine.py
Lib\site-packages\mx\DateTime\Examples\lifespan.py
Lib\site-packages\mx\DateTime\Examples\numdate.py
Lib\site-packages\mx\DateTime\Examples\Y2000.py
Lib\site-packages\mx\DateTime\Examples\__init__.py
Lib\site-packages\mx\DateTime\mxDateTime\mxDateTime.h
Lib\site-packages\mx\DateTime\mxDateTime\mxDateTime.pyd
Lib\site-packages\mx\DateTime\mxDateTime\mxDateTime_Python.py
Lib\site-packages\mx\DateTime\mxDateTime\mxh.h
Lib\site-packages\mx\DateTime\mxDateTime\test.py
Lib\site-packages\mx\DateTime\mxDateTime\testabsdatetime.py
Lib\site-packages\mx\DateTime\mxDateTime\testcmp.py
Lib\site-packages\mx\DateTime\mxDateTime\testcoerce.py
Lib\site-packages\mx\DateTime\mxDateTime\testcomdates.py
Lib\site-packages\mx\DateTime\mxDateTime\testnow.py
Lib\site-packages\mx\DateTime\mxDateTime\testpydatetime.py
Lib\site-packages\mx\DateTime\mxDateTime\testpytimedelta.py
Lib\site-packages\mx\DateTime\mxDateTime\testrichard.py
Lib\site-packages\mx\DateTime\mxDateTime\testroundoff.py
Lib\site-packages\mx\DateTime\mxDateTime\testslotops.py
Lib\site-packages\mx\DateTime\mxDateTime\teststrftime.py
Lib\site-packages\mx\DateTime\mxDateTime\testsubclassing.py
Lib\site-packages\mx\DateTime\mxDateTime\testticks.py
Lib\site-packages\mx\DateTime\mxDateTime\__init__.py
Lib\site-packages\mx\Misc\Cache.py
Lib\site-packages\mx\Misc\CommandLine.py
Lib\site-packages\mx\Misc\ConfigFile.py
Lib\site-packages\mx\Misc\Cookie.py
Lib\site-packages\mx\Misc\COPYRIGHT
Lib\site-packages\mx\Misc\CSV.py
Lib\site-packages\mx\Misc\Daemon.py
Lib\site-packages\mx\Misc\ExitFunctions.py
Lib\site-packages\mx\Misc\FileLock.py
Lib\site-packages\mx\Misc\LazyModule.py
Lib\site-packages\mx\Misc\LICENSE
Lib\site-packages\mx\Misc\Namespace.py
Lib\site-packages\mx\Misc\OrderedMapping.py
Lib\site-packages\mx\Misc\PackageTools.py
Lib\site-packages\mx\Misc\__init__.py
Lib\site-packages\mx\Proxy\mxProxy
Lib\site-packages\mx\Proxy\COPYRIGHT
Lib\site-packages\mx\Proxy\LICENSE
Lib\site-packages\mx\Proxy\Proxy.py
Lib\site-packages\mx\Proxy\README
Lib\site-packages\mx\Proxy\__init__.py
Lib\site-packages\mx\Proxy\mxProxy\mxh.h
Lib\site-packages\mx\Proxy\mxProxy\mxProxy.h
Lib\site-packages\mx\Proxy\mxProxy\mxProxy.pyd
Lib\site-packages\mx\Proxy\mxProxy\test.py
Lib\site-packages\mx\Proxy\mxProxy\testvlad.py
Lib\site-packages\mx\Proxy\mxProxy\weakreftest.py
Lib\site-packages\mx\Proxy\mxProxy\__init__.py
Lib\site-packages\mx\Queue\mxQueue
Lib\site-packages\mx\Queue\COPYRIGHT
Lib\site-packages\mx\Queue\LICENSE
Lib\site-packages\mx\Queue\queuebench.py
Lib\site-packages\mx\Queue\README
Lib\site-packages\mx\Queue\UserQueue.py
Lib\site-packages\mx\Queue\__init__.py
Lib\site-packages\mx\Queue\mxQueue\mxh.h
Lib\site-packages\mx\Queue\mxQueue\mxQueue.h
Lib\site-packages\mx\Queue\mxQueue\mxQueue.pyd
Lib\site-packages\mx\Queue\mxQueue\test.py
Lib\site-packages\mx\Queue\mxQueue\__init__.py
Lib\site-packages\mx\Stack\mxStack
Lib\site-packages\mx\Stack\COPYRIGHT
Lib\site-packages\mx\Stack\LICENSE
Lib\site-packages\mx\Stack\README
Lib\site-packages\mx\Stack\stackbench.py
Lib\site-packages\mx\Stack\UserStack.py
Lib\site-packages\mx\Stack\__init__.py
Lib\site-packages\mx\Stack\mxStack\mxh.h
Lib\site-packages\mx\Stack\mxStack\mxStack.h
Lib\site-packages\mx\Stack\mxStack\mxStack.pyd
Lib\site-packages\mx\Stack\mxStack\test.py
Lib\site-packages\mx\Stack\mxStack\__init__.py
Lib\site-packages\mx\TextTools\Constants
Lib\site-packages\mx\TextTools\Examples
Lib\site-packages\mx\TextTools\mxTextTools
Lib\site-packages\mx\TextTools\COPYRIGHT
Lib\site-packages\mx\TextTools\LICENSE
Lib\site-packages\mx\TextTools\README
Lib\site-packages\mx\TextTools\TextTools.py
Lib\site-packages\mx\TextTools\__init__.py
Lib\site-packages\mx\TextTools\Constants\Sets.py
Lib\site-packages\mx\TextTools\Constants\TagTables.py
Lib\site-packages\mx\TextTools\Constants\__init__.py
Lib\site-packages\mx\TextTools\Examples\altRTF.py
Lib\site-packages\mx\TextTools\Examples\HTML.py
Lib\site-packages\mx\TextTools\Examples\Loop.py
Lib\site-packages\mx\TextTools\Examples\mysplit.py
Lib\site-packages\mx\TextTools\Examples\pytag.py
Lib\site-packages\mx\TextTools\Examples\Python.py
Lib\site-packages\mx\TextTools\Examples\RegExp.py
Lib\site-packages\mx\TextTools\Examples\RTF.py
Lib\site-packages\mx\TextTools\Examples\Tim.py
Lib\site-packages\mx\TextTools\Examples\Words.py
Lib\site-packages\mx\TextTools\Examples\__init__.py
Lib\site-packages\mx\TextTools\mxTextTools\mxbmse.h
Lib\site-packages\mx\TextTools\mxTextTools\mxh.h
Lib\site-packages\mx\TextTools\mxTextTools\mxTextTools.h
Lib\site-packages\mx\TextTools\mxTextTools\mxTextTools.pyd
Lib\site-packages\mx\TextTools\mxTextTools\test.py
Lib\site-packages\mx\TextTools\mxTextTools\testHTML.py
Lib\site-packages\mx\TextTools\mxTextTools\testkj.py
Lib\site-packages\mx\TextTools\mxTextTools\testPickleSegFault.py
Lib\site-packages\mx\TextTools\mxTextTools\testSegFault.py
Lib\site-packages\mx\TextTools\mxTextTools\__init__.py
Lib\site-packages\mx\Tools\Examples
Lib\site-packages\mx\Tools\mxTools
Lib\site-packages\mx\Tools\COPYRIGHT
Lib\site-packages\mx\Tools\LICENSE
Lib\site-packages\mx\Tools\NewBuiltins.py
Lib\site-packages\mx\Tools\README
Lib\site-packages\mx\Tools\Tools.py
Lib\site-packages\mx\Tools\__init__.py
Lib\site-packages\mx\Tools\Examples\Acquisition.py
Lib\site-packages\mx\Tools\Examples\__init__.py
Lib\site-packages\mx\Tools\mxTools\bench1.py
Lib\site-packages\mx\Tools\mxTools\bench2.py
Lib\site-packages\mx\Tools\mxTools\hack.py
Lib\site-packages\mx\Tools\mxTools\mxh.h
Lib\site-packages\mx\Tools\mxTools\mxTools.h
Lib\site-packages\mx\Tools\mxTools\mxTools.pyd
Lib\site-packages\mx\Tools\mxTools\test.py
Lib\site-packages\mx\Tools\mxTools\test_safecall.py
Lib\site-packages\mx\Tools\mxTools\__init__.py
Lib\site-packages\mx\UID\mxUID
Lib\site-packages\mx\UID\COPYRIGHT
Lib\site-packages\mx\UID\LICENSE
Lib\site-packages\mx\UID\README
Lib\site-packages\mx\UID\UID.py
Lib\site-packages\mx\UID\__init__.py
Lib\site-packages\mx\UID\mxUID\mxh.h
Lib\site-packages\mx\UID\mxUID\mxUID.h
Lib\site-packages\mx\UID\mxUID\mxUID.pyd
Lib\site-packages\mx\UID\mxUID\test.py
Lib\site-packages\mx\UID\mxUID\__init__.py
Lib\site-packages\mx\URL\mxURL
Lib\site-packages\mx\URL\COPYRIGHT
Lib\site-packages\mx\URL\LazyModule.py
Lib\site-packages\mx\URL\LICENSE
Lib\site-packages\mx\URL\Listing.py
Lib\site-packages\mx\URL\README
Lib\site-packages\mx\URL\URL.py
Lib\site-packages\mx\URL\__init__.py
Lib\site-packages\mx\URL\mxURL\mxh.h
Lib\site-packages\mx\URL\mxURL\mxURL.h
Lib\site-packages\mx\URL\mxURL\mxURL.pyd
Lib\site-packages\mx\URL\mxURL\test.py
Lib\site-packages\mx\URL\mxURL\__init__.py