# WPPM package installation log
# 
# Package: expyriment v0.6.2

Lib\site-packages\expyriment
Lib\site-packages\expyriment-0.6.2-py2.7.egg-info
Lib\site-packages\expyriment\control
Lib\site-packages\expyriment\design
Lib\site-packages\expyriment\io
Lib\site-packages\expyriment\misc
Lib\site-packages\expyriment\stimuli
Lib\site-packages\expyriment\cli.py
Lib\site-packages\expyriment\expyriment_logo.png
Lib\site-packages\expyriment\_api_reference_tool.py
Lib\site-packages\expyriment\_get_system_info.py
Lib\site-packages\expyriment\_importer_functions.py
Lib\site-packages\expyriment\__init__.py
Lib\site-packages\expyriment\control\defaults.py
Lib\site-packages\expyriment\control\_experiment_control.py
Lib\site-packages\expyriment\control\_miscellaneous.py
Lib\site-packages\expyriment\control\_test_suite.py
Lib\site-packages\expyriment\control\__init__.py
Lib\site-packages\expyriment\design\extras
Lib\site-packages\expyriment\design\defaults.py
Lib\site-packages\expyriment\design\permute.py
Lib\site-packages\expyriment\design\randomize.py
Lib\site-packages\expyriment\design\_structure.py
Lib\site-packages\expyriment\design\__init__.py
Lib\site-packages\expyriment\design\extras\defaults.py
Lib\site-packages\expyriment\design\extras\__init__.py
Lib\site-packages\expyriment\io\extras
Lib\site-packages\expyriment\io\defaults.py
Lib\site-packages\expyriment\io\_eventbuttonbox.py
Lib\site-packages\expyriment\io\_files.py
Lib\site-packages\expyriment\io\_gamepad.py
Lib\site-packages\expyriment\io\_input_output.py
Lib\site-packages\expyriment\io\_keyboard.py
Lib\site-packages\expyriment\io\_markeroutput.py
Lib\site-packages\expyriment\io\_mouse.py
Lib\site-packages\expyriment\io\_parallelport.py
Lib\site-packages\expyriment\io\_screen.py
Lib\site-packages\expyriment\io\_serialport.py
Lib\site-packages\expyriment\io\_streamingbuttonbox.py
Lib\site-packages\expyriment\io\_textinput.py
Lib\site-packages\expyriment\io\_textmenu.py
Lib\site-packages\expyriment\io\_triggerinput.py
Lib\site-packages\expyriment\io\__init__.py
Lib\site-packages\expyriment\io\extras\defaults.py
Lib\site-packages\expyriment\io\extras\_cedrusresponsedevice.py
Lib\site-packages\expyriment\io\extras\_cedrusresponsedevice_defaults.py
Lib\site-packages\expyriment\io\extras\_midiin.py
Lib\site-packages\expyriment\io\extras\_midiin_defaults.py
Lib\site-packages\expyriment\io\extras\_midiout.py
Lib\site-packages\expyriment\io\extras\_midiout_defaults.py
Lib\site-packages\expyriment\io\extras\__init__.py
Lib\site-packages\expyriment\misc\extras
Lib\site-packages\expyriment\misc\constants.py
Lib\site-packages\expyriment\misc\data_preprocessing.py
Lib\site-packages\expyriment\misc\defaults.py
Lib\site-packages\expyriment\misc\geometry.py
Lib\site-packages\expyriment\misc\statistics.py
Lib\site-packages\expyriment\misc\_buffer.py
Lib\site-packages\expyriment\misc\_clock.py
Lib\site-packages\expyriment\misc\_miscellaneous.py
Lib\site-packages\expyriment\misc\__init__.py
Lib\site-packages\expyriment\misc\extras\defaults.py
Lib\site-packages\expyriment\misc\extras\__init__.py
Lib\site-packages\expyriment\stimuli\extras
Lib\site-packages\expyriment\stimuli\defaults.py
Lib\site-packages\expyriment\stimuli\_audio.py
Lib\site-packages\expyriment\stimuli\_blankscreen.py
Lib\site-packages\expyriment\stimuli\_canvas.py
Lib\site-packages\expyriment\stimuli\_circle.py
Lib\site-packages\expyriment\stimuli\_dot.py
Lib\site-packages\expyriment\stimuli\_ellipse.py
Lib\site-packages\expyriment\stimuli\_fixcross.py
Lib\site-packages\expyriment\stimuli\_frame.py
Lib\site-packages\expyriment\stimuli\_line.py
Lib\site-packages\expyriment\stimuli\_picture.py
Lib\site-packages\expyriment\stimuli\_rectangle.py
Lib\site-packages\expyriment\stimuli\_shape.py
Lib\site-packages\expyriment\stimuli\_stimulus.py
Lib\site-packages\expyriment\stimuli\_textbox.py
Lib\site-packages\expyriment\stimuli\_textline.py
Lib\site-packages\expyriment\stimuli\_textscreen.py
Lib\site-packages\expyriment\stimuli\_tone.py
Lib\site-packages\expyriment\stimuli\_video.py
Lib\site-packages\expyriment\stimuli\_visual.py
Lib\site-packages\expyriment\stimuli\__init__.py
Lib\site-packages\expyriment\stimuli\extras\defaults.py
Lib\site-packages\expyriment\stimuli\extras\_dotcloud.py
Lib\site-packages\expyriment\stimuli\extras\_dotcloud_defaults.py
Lib\site-packages\expyriment\stimuli\extras\_lcdsymbol.py
Lib\site-packages\expyriment\stimuli\extras\_lcdsymbol_defaults.py
Lib\site-packages\expyriment\stimuli\extras\_noisetone.py
Lib\site-packages\expyriment\stimuli\extras\_noisetone_defaults.py
Lib\site-packages\expyriment\stimuli\extras\_polygondot.py
Lib\site-packages\expyriment\stimuli\extras\_polygondot_defaults.py
Lib\site-packages\expyriment\stimuli\extras\_polygonellipse.py
Lib\site-packages\expyriment\stimuli\extras\_polygonellipse_defaults.py
Lib\site-packages\expyriment\stimuli\extras\_polygonline.py
Lib\site-packages\expyriment\stimuli\extras\_polygonline_defaults.py
Lib\site-packages\expyriment\stimuli\extras\_polygonrectangle.py
Lib\site-packages\expyriment\stimuli\extras\_polygonrectangle_defaults.py
Lib\site-packages\expyriment\stimuli\extras\_stimuluscircle.py
Lib\site-packages\expyriment\stimuli\extras\_stimuluscircle_defaults.py
Lib\site-packages\expyriment\stimuli\extras\_stimuluscloud.py
Lib\site-packages\expyriment\stimuli\extras\_stimuluscloud_defaults.py
Lib\site-packages\expyriment\stimuli\extras\_visualmask.py
Lib\site-packages\expyriment\stimuli\extras\_visualmask_defaults.py
Lib\site-packages\expyriment\stimuli\extras\__init__.py