# WPPM package installation log
# 
# Package: guidata v1.5.1

Lib\site-packages\guidata
Lib\site-packages\guidata-1.5.1-py2.7.egg-info
Lib\site-packages\guidata\dataset
Lib\site-packages\guidata\images
Lib\site-packages\guidata\locale
Lib\site-packages\guidata\qt
Lib\site-packages\guidata\tests
Lib\site-packages\guidata\config.py
Lib\site-packages\guidata\configtools.py
Lib\site-packages\guidata\disthelpers.py
Lib\site-packages\guidata\gettext_helpers.py
Lib\site-packages\guidata\guitest.py
Lib\site-packages\guidata\hdf5io.py
Lib\site-packages\guidata\qthelpers.py
Lib\site-packages\guidata\qtwidgets.py
Lib\site-packages\guidata\userconfig.py
Lib\site-packages\guidata\userconfigio.py
Lib\site-packages\guidata\utils.py
Lib\site-packages\guidata\__init__.py
Lib\site-packages\guidata\dataset\dataitems.py
Lib\site-packages\guidata\dataset\datatypes.py
Lib\site-packages\guidata\dataset\qtitemwidgets.py
Lib\site-packages\guidata\dataset\qtwidgets.py
Lib\site-packages\guidata\dataset\textedit.py
Lib\site-packages\guidata\dataset\__init__.py
Lib\site-packages\guidata\images\editors
Lib\site-packages\guidata\images\filetypes
Lib\site-packages\guidata\images\apply.png
Lib\site-packages\guidata\images\arredit.png
Lib\site-packages\guidata\images\busy.png
Lib\site-packages\guidata\images\cell_edit.png
Lib\site-packages\guidata\images\copy.png
Lib\site-packages\guidata\images\delete.png
Lib\site-packages\guidata\images\dictedit.png
Lib\site-packages\guidata\images\edit.png
Lib\site-packages\guidata\images\exit.png
Lib\site-packages\guidata\images\expander_down.png
Lib\site-packages\guidata\images\expander_right.png
Lib\site-packages\guidata\images\file.png
Lib\site-packages\guidata\images\fileclose.png
Lib\site-packages\guidata\images\fileimport.png
Lib\site-packages\guidata\images\filenew.png
Lib\site-packages\guidata\images\fileopen.png
Lib\site-packages\guidata\images\filesave.png
Lib\site-packages\guidata\images\filesaveas.png
Lib\site-packages\guidata\images\guidata.svg
Lib\site-packages\guidata\images\max.png
Lib\site-packages\guidata\images\min.png
Lib\site-packages\guidata\images\none.png
Lib\site-packages\guidata\images\not_found.png
Lib\site-packages\guidata\images\python.png
Lib\site-packages\guidata\images\quickview.png
Lib\site-packages\guidata\images\save_all.png
Lib\site-packages\guidata\images\selection.png
Lib\site-packages\guidata\images\settings.png
Lib\site-packages\guidata\images\shape.png
Lib\site-packages\guidata\images\xmax.png
Lib\site-packages\guidata\images\xmin.png
Lib\site-packages\guidata\images\editors\edit.png
Lib\site-packages\guidata\images\editors\editcopy.png
Lib\site-packages\guidata\images\editors\editdelete.png
Lib\site-packages\guidata\images\editors\editpaste.png
Lib\site-packages\guidata\images\editors\edit_add.png
Lib\site-packages\guidata\images\editors\fileimport.png
Lib\site-packages\guidata\images\editors\filesave.png
Lib\site-packages\guidata\images\editors\imshow.png
Lib\site-packages\guidata\images\editors\insert.png
Lib\site-packages\guidata\images\editors\plot.png
Lib\site-packages\guidata\images\editors\rename.png
Lib\site-packages\guidata\images\filetypes\doc.png
Lib\site-packages\guidata\images\filetypes\gif.png
Lib\site-packages\guidata\images\filetypes\html.png
Lib\site-packages\guidata\images\filetypes\jpg.png
Lib\site-packages\guidata\images\filetypes\pdf.png
Lib\site-packages\guidata\images\filetypes\png.png
Lib\site-packages\guidata\images\filetypes\pps.png
Lib\site-packages\guidata\images\filetypes\ps.png
Lib\site-packages\guidata\images\filetypes\tar.png
Lib\site-packages\guidata\images\filetypes\tgz.png
Lib\site-packages\guidata\images\filetypes\tif.png
Lib\site-packages\guidata\images\filetypes\txt.png
Lib\site-packages\guidata\images\filetypes\xls.png
Lib\site-packages\guidata\images\filetypes\zip.png
Lib\site-packages\guidata\locale\fr
Lib\site-packages\guidata\locale\fr\LC_MESSAGES
Lib\site-packages\guidata\locale\fr\LC_MESSAGES\guidata.mo
Lib\site-packages\guidata\qt\compat.py
Lib\site-packages\guidata\qt\QtCore.py
Lib\site-packages\guidata\qt\QtGui.py
Lib\site-packages\guidata\qt\QtWebKit.py
Lib\site-packages\guidata\qt\__init__.py
Lib\site-packages\guidata\tests\activable_dataset.py
Lib\site-packages\guidata\tests\activable_items.py
Lib\site-packages\guidata\tests\all_features.py
Lib\site-packages\guidata\tests\all_items.py
Lib\site-packages\guidata\tests\bool_selector.py
Lib\site-packages\guidata\tests\callbacks.py
Lib\site-packages\guidata\tests\config.py
Lib\site-packages\guidata\tests\data.py
Lib\site-packages\guidata\tests\datasetgroup.py
Lib\site-packages\guidata\tests\disthelpers.py
Lib\site-packages\guidata\tests\editgroupbox.py
Lib\site-packages\guidata\tests\hdf5.py
Lib\site-packages\guidata\tests\inheritance.py
Lib\site-packages\guidata\tests\rotatedlabel.py
Lib\site-packages\guidata\tests\text.py
Lib\site-packages\guidata\tests\__init__.py
Scripts\guidata-tests
Scripts\guidata-tests.bat
Scripts\guidata-tests.bat