# WPPM package installation log
# 
# Package: guiqwt v2.2.1

Lib\site-packages\guiqwt
Lib\site-packages\guiqwt-2.2.1-py2.7.egg-info
Lib\site-packages\guiqwt\images
Lib\site-packages\guiqwt\locale
Lib\site-packages\guiqwt\tests
Lib\site-packages\guiqwt\widgets
Lib\site-packages\guiqwt\annotations.py
Lib\site-packages\guiqwt\annotations.pyc
Lib\site-packages\guiqwt\baseplot.py
Lib\site-packages\guiqwt\baseplot.pyc
Lib\site-packages\guiqwt\builder.py
Lib\site-packages\guiqwt\builder.pyc
Lib\site-packages\guiqwt\colormap.py
Lib\site-packages\guiqwt\colormap.pyc
Lib\site-packages\guiqwt\config.py
Lib\site-packages\guiqwt\config.pyc
Lib\site-packages\guiqwt\cross_section.py
Lib\site-packages\guiqwt\cross_section.pyc
Lib\site-packages\guiqwt\curve.py
Lib\site-packages\guiqwt\curve.pyc
Lib\site-packages\guiqwt\debug.py
Lib\site-packages\guiqwt\debug.pyc
Lib\site-packages\guiqwt\events.py
Lib\site-packages\guiqwt\events.pyc
Lib\site-packages\guiqwt\geometry.py
Lib\site-packages\guiqwt\geometry.pyc
Lib\site-packages\guiqwt\histogram.py
Lib\site-packages\guiqwt\histogram.pyc
Lib\site-packages\guiqwt\image.py
Lib\site-packages\guiqwt\image.pyc
Lib\site-packages\guiqwt\interfaces.py
Lib\site-packages\guiqwt\interfaces.pyc
Lib\site-packages\guiqwt\io.py
Lib\site-packages\guiqwt\io.pyc
Lib\site-packages\guiqwt\label.py
Lib\site-packages\guiqwt\label.pyc
Lib\site-packages\guiqwt\panels.py
Lib\site-packages\guiqwt\panels.pyc
Lib\site-packages\guiqwt\plot.py
Lib\site-packages\guiqwt\plot.pyc
Lib\site-packages\guiqwt\pyplot.py
Lib\site-packages\guiqwt\pyplot.pyc
Lib\site-packages\guiqwt\qtdesigner.py
Lib\site-packages\guiqwt\qthelpers.py
Lib\site-packages\guiqwt\scaler.py
Lib\site-packages\guiqwt\shapes.py
Lib\site-packages\guiqwt\shapes.pyc
Lib\site-packages\guiqwt\signals.py
Lib\site-packages\guiqwt\signals.pyc
Lib\site-packages\guiqwt\styles.py
Lib\site-packages\guiqwt\styles.pyc
Lib\site-packages\guiqwt\tools.py
Lib\site-packages\guiqwt\tools.pyc
Lib\site-packages\guiqwt\transitional.py
Lib\site-packages\guiqwt\transitional.pyc
Lib\site-packages\guiqwt\_cm.py
Lib\site-packages\guiqwt\_cm.pyc
Lib\site-packages\guiqwt\_ext.pyd
Lib\site-packages\guiqwt\_mandel.pyd
Lib\site-packages\guiqwt\_scaler.pyd
Lib\site-packages\guiqwt\__init__.py
Lib\site-packages\guiqwt\__init__.pyc
Lib\site-packages\guiqwt\images\curvestyles
Lib\site-packages\guiqwt\images\curvetypes
Lib\site-packages\guiqwt\images\items
Lib\site-packages\guiqwt\images\markers
Lib\site-packages\guiqwt\images\markerstyles
Lib\site-packages\guiqwt\images\mask
Lib\site-packages\guiqwt\images\patterns
Lib\site-packages\guiqwt\images\scales
Lib\site-packages\guiqwt\images\shapes
Lib\site-packages\guiqwt\images\styles
Lib\site-packages\guiqwt\images\arrow_down.png
Lib\site-packages\guiqwt\images\arrow_up.png
Lib\site-packages\guiqwt\images\autorefresh.png
Lib\site-packages\guiqwt\images\axes.png
Lib\site-packages\guiqwt\images\center.png
Lib\site-packages\guiqwt\images\contrast.png
Lib\site-packages\guiqwt\images\copytoclipboard.png
Lib\site-packages\guiqwt\images\csapplylut.png
Lib\site-packages\guiqwt\images\csautoscale.png
Lib\site-packages\guiqwt\images\csection.png
Lib\site-packages\guiqwt\images\csection_a.png
Lib\site-packages\guiqwt\images\csection_oblique.png
Lib\site-packages\guiqwt\images\csperimage.png
Lib\site-packages\guiqwt\images\eliminate_outliers.png
Lib\site-packages\guiqwt\images\eraser.png
Lib\site-packages\guiqwt\images\export.png
Lib\site-packages\guiqwt\images\font.png
Lib\site-packages\guiqwt\images\full_range.png
Lib\site-packages\guiqwt\images\funct.png
Lib\site-packages\guiqwt\images\guiqwt.svg
Lib\site-packages\guiqwt\images\hcursor.png
Lib\site-packages\guiqwt\images\hflip.png
Lib\site-packages\guiqwt\images\imagestats.png
Lib\site-packages\guiqwt\images\item_list.png
Lib\site-packages\guiqwt\images\magnifier.png
Lib\site-packages\guiqwt\images\move.png
Lib\site-packages\guiqwt\images\on_curve.png
Lib\site-packages\guiqwt\images\point_selection.png
Lib\site-packages\guiqwt\images\print.png
Lib\site-packages\guiqwt\images\refresh.png
Lib\site-packages\guiqwt\images\sift.svg
Lib\site-packages\guiqwt\images\snapshot.png
Lib\site-packages\guiqwt\images\trash.png
Lib\site-packages\guiqwt\images\vcursor.png
Lib\site-packages\guiqwt\images\vflip.png
Lib\site-packages\guiqwt\images\xcursor.png
Lib\site-packages\guiqwt\images\xrange.png
Lib\site-packages\guiqwt\images\curvestyles\dots.png
Lib\site-packages\guiqwt\images\curvestyles\lines.png
Lib\site-packages\guiqwt\images\curvestyles\steps.png
Lib\site-packages\guiqwt\images\curvestyles\sticks.png
Lib\site-packages\guiqwt\images\curvetypes\xfy.png
Lib\site-packages\guiqwt\images\curvetypes\yfx.png
Lib\site-packages\guiqwt\images\items\annotation.png
Lib\site-packages\guiqwt\images\items\curve.png
Lib\site-packages\guiqwt\images\items\errorbar.png
Lib\site-packages\guiqwt\images\items\grid.png
Lib\site-packages\guiqwt\images\items\histogram.png
Lib\site-packages\guiqwt\images\items\histogram2d.png
Lib\site-packages\guiqwt\images\items\image.png
Lib\site-packages\guiqwt\images\items\label.png
Lib\site-packages\guiqwt\images\items\legend.png
Lib\site-packages\guiqwt\images\markers\cross.png
Lib\site-packages\guiqwt\images\markers\diamond.png
Lib\site-packages\guiqwt\images\markers\ellipse.png
Lib\site-packages\guiqwt\images\markers\hexagon.png
Lib\site-packages\guiqwt\images\markers\point.png
Lib\site-packages\guiqwt\images\markers\square.png
Lib\site-packages\guiqwt\images\markers\star.png
Lib\site-packages\guiqwt\images\markers\triangle_d.png
Lib\site-packages\guiqwt\images\markers\triangle_l.png
Lib\site-packages\guiqwt\images\markers\triangle_r.png
Lib\site-packages\guiqwt\images\markers\triangle_u.png
Lib\site-packages\guiqwt\images\markers\xcross.png
Lib\site-packages\guiqwt\images\markerstyles\cross_marker.png
Lib\site-packages\guiqwt\images\markerstyles\horiz_marker.png
Lib\site-packages\guiqwt\images\markerstyles\vert_marker.png
Lib\site-packages\guiqwt\images\mask\mask_circle.png
Lib\site-packages\guiqwt\images\mask\mask_circle_outside.png
Lib\site-packages\guiqwt\images\mask\mask_rectangle.png
Lib\site-packages\guiqwt\images\mask\mask_rectangle_outside.png
Lib\site-packages\guiqwt\images\mask\mask_tool.png
Lib\site-packages\guiqwt\images\patterns\bdiagpattern.png
Lib\site-packages\guiqwt\images\patterns\crosspattern.png
Lib\site-packages\guiqwt\images\patterns\dense1pattern.png
Lib\site-packages\guiqwt\images\patterns\dense2pattern.png
Lib\site-packages\guiqwt\images\patterns\dense3pattern.png
Lib\site-packages\guiqwt\images\patterns\dense4pattern.png
Lib\site-packages\guiqwt\images\patterns\dense5pattern.png
Lib\site-packages\guiqwt\images\patterns\dense6pattern.png
Lib\site-packages\guiqwt\images\patterns\dense7pattern.png
Lib\site-packages\guiqwt\images\patterns\diagcrosspattern.png
Lib\site-packages\guiqwt\images\patterns\fdiagpattern.png
Lib\site-packages\guiqwt\images\patterns\horpattern.png
Lib\site-packages\guiqwt\images\patterns\nobrush.png
Lib\site-packages\guiqwt\images\patterns\solidpattern.png
Lib\site-packages\guiqwt\images\patterns\verpattern.png
Lib\site-packages\guiqwt\images\scales\lin_lin.png
Lib\site-packages\guiqwt\images\scales\lin_log.png
Lib\site-packages\guiqwt\images\scales\log_lin.png
Lib\site-packages\guiqwt\images\scales\log_log.png
Lib\site-packages\guiqwt\images\shapes\circle.png
Lib\site-packages\guiqwt\images\shapes\ellipse_shape.png
Lib\site-packages\guiqwt\images\shapes\freeform.png
Lib\site-packages\guiqwt\images\shapes\gtaxes.png
Lib\site-packages\guiqwt\images\shapes\marker.png
Lib\site-packages\guiqwt\images\shapes\oblique_rectangle.png
Lib\site-packages\guiqwt\images\shapes\point_shape.png
Lib\site-packages\guiqwt\images\shapes\polyline.png
Lib\site-packages\guiqwt\images\shapes\rectangle.png
Lib\site-packages\guiqwt\images\shapes\segment.png
Lib\site-packages\guiqwt\images\styles\dash.png
Lib\site-packages\guiqwt\images\styles\dashdot.png
Lib\site-packages\guiqwt\images\styles\dashdotdot.png
Lib\site-packages\guiqwt\images\styles\dot.png
Lib\site-packages\guiqwt\images\styles\solid.png
Lib\site-packages\guiqwt\locale\fr
Lib\site-packages\guiqwt\locale\fr\LC_MESSAGES
Lib\site-packages\guiqwt\locale\fr\LC_MESSAGES\guiqwt.mo
Lib\site-packages\guiqwt\tests\benchmarks.py
Lib\site-packages\guiqwt\tests\brain.png
Lib\site-packages\guiqwt\tests\brain_cylinder.png
Lib\site-packages\guiqwt\tests\computations.py
Lib\site-packages\guiqwt\tests\contrast.png
Lib\site-packages\guiqwt\tests\contrast.py
Lib\site-packages\guiqwt\tests\cross_section.py
Lib\site-packages\guiqwt\tests\cross_section_oblique.py
Lib\site-packages\guiqwt\tests\cursors.py
Lib\site-packages\guiqwt\tests\customize_shape_tool.py
Lib\site-packages\guiqwt\tests\extensions.py
Lib\site-packages\guiqwt\tests\filtertest1.py
Lib\site-packages\guiqwt\tests\filtertest2.py
Lib\site-packages\guiqwt\tests\fit.py
Lib\site-packages\guiqwt\tests\fliprotate.py
Lib\site-packages\guiqwt\tests\fontparam.py
Lib\site-packages\guiqwt\tests\get_point.py
Lib\site-packages\guiqwt\tests\get_segment.py
Lib\site-packages\guiqwt\tests\highprecisionxy.py
Lib\site-packages\guiqwt\tests\hist2d.py
Lib\site-packages\guiqwt\tests\histogram.py
Lib\site-packages\guiqwt\tests\image.py
Lib\site-packages\guiqwt\tests\imagefilter.py
Lib\site-packages\guiqwt\tests\imagesuperp.py
Lib\site-packages\guiqwt\tests\imagexy.py
Lib\site-packages\guiqwt\tests\image_masked.py
Lib\site-packages\guiqwt\tests\image_plot_tools.py
Lib\site-packages\guiqwt\tests\image_rgb.py
Lib\site-packages\guiqwt\tests\loadsaveitems_hdf5.py
Lib\site-packages\guiqwt\tests\loadsaveitems_pickle.py
Lib\site-packages\guiqwt\tests\manager.py
Lib\site-packages\guiqwt\tests\mandelbrot.py
Lib\site-packages\guiqwt\tests\pcolor.py
Lib\site-packages\guiqwt\tests\plot.py
Lib\site-packages\guiqwt\tests\plot_log.py
Lib\site-packages\guiqwt\tests\plot_yreverse.py
Lib\site-packages\guiqwt\tests\polygons.py
Lib\site-packages\guiqwt\tests\pyplot.py
Lib\site-packages\guiqwt\tests\qtdesigner.py
Lib\site-packages\guiqwt\tests\qtdesigner.ui
Lib\site-packages\guiqwt\tests\resize.py
Lib\site-packages\guiqwt\tests\rotatecrop.py
Lib\site-packages\guiqwt\tests\sift.py
Lib\site-packages\guiqwt\tests\simple_dialog.py
Lib\site-packages\guiqwt\tests\simple_window.py
Lib\site-packages\guiqwt\tests\styles.py
Lib\site-packages\guiqwt\tests\syncplot.py
Lib\site-packages\guiqwt\tests\test1.png.u8.png
Lib\site-packages\guiqwt\tests\test2.png.u8.png
Lib\site-packages\guiqwt\tests\test_line.py
Lib\site-packages\guiqwt\tests\transform.py
Lib\site-packages\guiqwt\tests\__init__.py
Lib\site-packages\guiqwt\widgets\base.py
Lib\site-packages\guiqwt\widgets\base.pyc
Lib\site-packages\guiqwt\widgets\fit.py
Lib\site-packages\guiqwt\widgets\fit.pyc
Lib\site-packages\guiqwt\widgets\fliprotate.py
Lib\site-packages\guiqwt\widgets\resizedialog.py
Lib\site-packages\guiqwt\widgets\resizedialog.pyc
Lib\site-packages\guiqwt\widgets\rotatecrop.py
Lib\site-packages\guiqwt\widgets\rotatecrop.pyc
Lib\site-packages\guiqwt\widgets\__init__.py
Lib\site-packages\guiqwt\widgets\__init__.pyc
Scripts\guiqwt-tests
Scripts\guiqwt-tests.bat
Scripts\guiqwt-tests.bat
Scripts\sift
Scripts\sift.bat
Scripts\sift.bat