# WPPM package installation log
# 
# Package: h5py v2.1.1

Lib\site-packages\h5py
Lib\site-packages\h5py-2.1.1-py2.7.egg-info
Lib\site-packages\h5py\lowtest
Lib\site-packages\h5py\_hl
Lib\site-packages\h5py\api_gen.py
Lib\site-packages\h5py\defs.pyd
Lib\site-packages\h5py\defs.pyx
Lib\site-packages\h5py\h5.pyd
Lib\site-packages\h5py\h5.pyx
Lib\site-packages\h5py\h5a.pyd
Lib\site-packages\h5py\h5a.pyx
Lib\site-packages\h5py\h5d.pyd
Lib\site-packages\h5py\h5d.pyx
Lib\site-packages\h5py\h5ds.pyd
Lib\site-packages\h5py\h5ds.pyx
Lib\site-packages\h5py\h5f.pyd
Lib\site-packages\h5py\h5f.pyx
Lib\site-packages\h5py\h5fd.pyd
Lib\site-packages\h5py\h5fd.pyx
Lib\site-packages\h5py\h5g.pyd
Lib\site-packages\h5py\h5g.pyx
Lib\site-packages\h5py\h5i.pyd
Lib\site-packages\h5py\h5i.pyx
Lib\site-packages\h5py\h5l.pyd
Lib\site-packages\h5py\h5l.pyx
Lib\site-packages\h5py\h5o.pyd
Lib\site-packages\h5py\h5o.pyx
Lib\site-packages\h5py\h5p.pyd
Lib\site-packages\h5py\h5p.pyx
Lib\site-packages\h5py\h5r.pyd
Lib\site-packages\h5py\h5r.pyx
Lib\site-packages\h5py\h5s.pyd
Lib\site-packages\h5py\h5s.pyx
Lib\site-packages\h5py\h5t.pyd
Lib\site-packages\h5py\h5t.pyx
Lib\site-packages\h5py\h5z.pyd
Lib\site-packages\h5py\h5z.pyx
Lib\site-packages\h5py\highlevel.py
Lib\site-packages\h5py\ipy_completer.py
Lib\site-packages\h5py\utils.pyd
Lib\site-packages\h5py\utils.pyx
Lib\site-packages\h5py\version.py
Lib\site-packages\h5py\_conv.pyd
Lib\site-packages\h5py\_conv.pyx
Lib\site-packages\h5py\_errors.pyd
Lib\site-packages\h5py\_errors.pyx
Lib\site-packages\h5py\_objects.pyd
Lib\site-packages\h5py\_objects.pyx
Lib\site-packages\h5py\_proxy.pyd
Lib\site-packages\h5py\_proxy.pyx
Lib\site-packages\h5py\__init__.py
Lib\site-packages\h5py\lowtest\test_h5.py
Lib\site-packages\h5py\lowtest\test_h5p.py
Lib\site-packages\h5py\lowtest\test_h5t.py
Lib\site-packages\h5py\lowtest\test_objects.py
Lib\site-packages\h5py\lowtest\__init__.py
Lib\site-packages\h5py\_hl\tests
Lib\site-packages\h5py\_hl\attrs.py
Lib\site-packages\h5py\_hl\base.py
Lib\site-packages\h5py\_hl\dataset.py
Lib\site-packages\h5py\_hl\datatype.py
Lib\site-packages\h5py\_hl\dims.py
Lib\site-packages\h5py\_hl\files.py
Lib\site-packages\h5py\_hl\filters.py
Lib\site-packages\h5py\_hl\group.py
Lib\site-packages\h5py\_hl\selections.py
Lib\site-packages\h5py\_hl\selections2.py
Lib\site-packages\h5py\_hl\__init__.py
Lib\site-packages\h5py\_hl\tests\common.py
Lib\site-packages\h5py\_hl\tests\test_attrs.py
Lib\site-packages\h5py\_hl\tests\test_attrs_data.py
Lib\site-packages\h5py\_hl\tests\test_base.py
Lib\site-packages\h5py\_hl\tests\test_dataset.py
Lib\site-packages\h5py\_hl\tests\test_datatype.py
Lib\site-packages\h5py\_hl\tests\test_dimension_scales.py
Lib\site-packages\h5py\_hl\tests\test_file.py
Lib\site-packages\h5py\_hl\tests\test_group.py
Lib\site-packages\h5py\_hl\tests\test_selections.py
Lib\site-packages\h5py\_hl\tests\test_slicing.py
Lib\site-packages\h5py\_hl\tests\__init__.py
.\Lib
.\Lib\site-packages
.\Lib\site-packages\h5py
.\Lib\site-packages\h5py\hdf5dll.dll
.\Lib\site-packages\h5py\hdf5_hldll.dll
.\Lib\site-packages\h5py\sz.dll
.\Lib\site-packages\h5py\zlib1.dll