# WPPM package installation log
# 
# Package: ipython v0.13.1

Lib\site-packages\IPython
Lib\site-packages\ipython-0.13.1-py2.7.egg-info
Lib\site-packages\IPython\config
Lib\site-packages\IPython\core
Lib\site-packages\IPython\extensions
Lib\site-packages\IPython\external
Lib\site-packages\IPython\frontend
Lib\site-packages\IPython\kernel
Lib\site-packages\IPython\lib
Lib\site-packages\IPython\nbformat
Lib\site-packages\IPython\parallel
Lib\site-packages\IPython\scripts
Lib\site-packages\IPython\testing
Lib\site-packages\IPython\utils
Lib\site-packages\IPython\zmq
Lib\site-packages\IPython\display.py
Lib\site-packages\IPython\__init__.py
Lib\site-packages\IPython\config\profile
Lib\site-packages\IPython\config\tests
Lib\site-packages\IPython\config\application.py
Lib\site-packages\IPython\config\configurable.py
Lib\site-packages\IPython\config\loader.py
Lib\site-packages\IPython\config\__init__.py
Lib\site-packages\IPython\config\profile\cluster
Lib\site-packages\IPython\config\profile\math
Lib\site-packages\IPython\config\profile\pysh
Lib\site-packages\IPython\config\profile\sympy
Lib\site-packages\IPython\config\profile\README
Lib\site-packages\IPython\config\profile\README_STARTUP
Lib\site-packages\IPython\config\profile\__init__.py
Lib\site-packages\IPython\config\profile\cluster\ipython_config.py
Lib\site-packages\IPython\config\profile\math\ipython_config.py
Lib\site-packages\IPython\config\profile\pysh\ipython_config.py
Lib\site-packages\IPython\config\profile\sympy\ipython_config.py
Lib\site-packages\IPython\config\tests\test_application.py
Lib\site-packages\IPython\config\tests\test_configurable.py
Lib\site-packages\IPython\config\tests\test_loader.py
Lib\site-packages\IPython\config\tests\__init__.py
Lib\site-packages\IPython\core\magics
Lib\site-packages\IPython\core\tests
Lib\site-packages\IPython\core\alias.py
Lib\site-packages\IPython\core\application.py
Lib\site-packages\IPython\core\autocall.py
Lib\site-packages\IPython\core\builtin_trap.py
Lib\site-packages\IPython\core\compilerop.py
Lib\site-packages\IPython\core\completer.py
Lib\site-packages\IPython\core\completerlib.py
Lib\site-packages\IPython\core\crashhandler.py
Lib\site-packages\IPython\core\debugger.py
Lib\site-packages\IPython\core\display.py
Lib\site-packages\IPython\core\displayhook.py
Lib\site-packages\IPython\core\displaypub.py
Lib\site-packages\IPython\core\display_trap.py
Lib\site-packages\IPython\core\error.py
Lib\site-packages\IPython\core\excolors.py
Lib\site-packages\IPython\core\extensions.py
Lib\site-packages\IPython\core\fakemodule.py
Lib\site-packages\IPython\core\formatters.py
Lib\site-packages\IPython\core\history.py
Lib\site-packages\IPython\core\hooks.py
Lib\site-packages\IPython\core\inputsplitter.py
Lib\site-packages\IPython\core\interactiveshell.py
Lib\site-packages\IPython\core\ipapi.py
Lib\site-packages\IPython\core\logger.py
Lib\site-packages\IPython\core\macro.py
Lib\site-packages\IPython\core\magic.py
Lib\site-packages\IPython\core\magic_arguments.py
Lib\site-packages\IPython\core\oinspect.py
Lib\site-packages\IPython\core\page.py
Lib\site-packages\IPython\core\payload.py
Lib\site-packages\IPython\core\payloadpage.py
Lib\site-packages\IPython\core\plugin.py
Lib\site-packages\IPython\core\prefilter.py
Lib\site-packages\IPython\core\profileapp.py
Lib\site-packages\IPython\core\profiledir.py
Lib\site-packages\IPython\core\prompts.py
Lib\site-packages\IPython\core\pylabtools.py
Lib\site-packages\IPython\core\release.py
Lib\site-packages\IPython\core\shadowns.py
Lib\site-packages\IPython\core\shellapp.py
Lib\site-packages\IPython\core\splitinput.py
Lib\site-packages\IPython\core\ultratb.py
Lib\site-packages\IPython\core\usage.py
Lib\site-packages\IPython\core\__init__.py
Lib\site-packages\IPython\core\magics\auto.py
Lib\site-packages\IPython\core\magics\basic.py
Lib\site-packages\IPython\core\magics\code.py
Lib\site-packages\IPython\core\magics\config.py
Lib\site-packages\IPython\core\magics\deprecated.py
Lib\site-packages\IPython\core\magics\execution.py
Lib\site-packages\IPython\core\magics\extension.py
Lib\site-packages\IPython\core\magics\history.py
Lib\site-packages\IPython\core\magics\logging.py
Lib\site-packages\IPython\core\magics\namespace.py
Lib\site-packages\IPython\core\magics\osm.py
Lib\site-packages\IPython\core\magics\pylab.py
Lib\site-packages\IPython\core\magics\script.py
Lib\site-packages\IPython\core\magics\__init__.py
Lib\site-packages\IPython\core\tests\daft_extension.py
Lib\site-packages\IPython\core\tests\nonascii.py
Lib\site-packages\IPython\core\tests\refbug.py
Lib\site-packages\IPython\core\tests\simpleerr.py
Lib\site-packages\IPython\core\tests\tclass.py
Lib\site-packages\IPython\core\tests\test_application.py
Lib\site-packages\IPython\core\tests\test_autocall.py
Lib\site-packages\IPython\core\tests\test_compilerop.py
Lib\site-packages\IPython\core\tests\test_completer.py
Lib\site-packages\IPython\core\tests\test_completerlib.py
Lib\site-packages\IPython\core\tests\test_debugger.py
Lib\site-packages\IPython\core\tests\test_fakemodule.py
Lib\site-packages\IPython\core\tests\test_formatters.py
Lib\site-packages\IPython\core\tests\test_handlers.py
Lib\site-packages\IPython\core\tests\test_history.py
Lib\site-packages\IPython\core\tests\test_hooks.py
Lib\site-packages\IPython\core\tests\test_imports.py
Lib\site-packages\IPython\core\tests\test_inputsplitter.py
Lib\site-packages\IPython\core\tests\test_interactiveshell.py
Lib\site-packages\IPython\core\tests\test_iplib.py
Lib\site-packages\IPython\core\tests\test_logger.py
Lib\site-packages\IPython\core\tests\test_magic.py
Lib\site-packages\IPython\core\tests\test_magic_arguments.py
Lib\site-packages\IPython\core\tests\test_magic_terminal.py
Lib\site-packages\IPython\core\tests\test_oinspect.py
Lib\site-packages\IPython\core\tests\test_page.py
Lib\site-packages\IPython\core\tests\test_plugin.py
Lib\site-packages\IPython\core\tests\test_prefilter.py
Lib\site-packages\IPython\core\tests\test_profile.py
Lib\site-packages\IPython\core\tests\test_prompts.py
Lib\site-packages\IPython\core\tests\test_pylabtools.py
Lib\site-packages\IPython\core\tests\test_run.py
Lib\site-packages\IPython\core\tests\test_splitinput.py
Lib\site-packages\IPython\core\tests\__init__.py
Lib\site-packages\IPython\extensions\tests
Lib\site-packages\IPython\extensions\autoreload.py
Lib\site-packages\IPython\extensions\cythonmagic.py
Lib\site-packages\IPython\extensions\octavemagic.py
Lib\site-packages\IPython\extensions\parallelmagic.py
Lib\site-packages\IPython\extensions\rmagic.py
Lib\site-packages\IPython\extensions\storemagic.py
Lib\site-packages\IPython\extensions\sympyprinting.py
Lib\site-packages\IPython\extensions\__init__.py
Lib\site-packages\IPython\extensions\tests\test_autoreload.py
Lib\site-packages\IPython\extensions\tests\test_cythonmagic.py
Lib\site-packages\IPython\extensions\tests\test_octavemagic.py
Lib\site-packages\IPython\extensions\tests\test_rmagic.py
Lib\site-packages\IPython\extensions\tests\__init__.py
Lib\site-packages\IPython\external\argparse
Lib\site-packages\IPython\external\decorator
Lib\site-packages\IPython\external\decorators
Lib\site-packages\IPython\external\path
Lib\site-packages\IPython\external\pexpect
Lib\site-packages\IPython\external\simplegeneric
Lib\site-packages\IPython\external\ssh
Lib\site-packages\IPython\external\mathjax.py
Lib\site-packages\IPython\external\qt.py
Lib\site-packages\IPython\external\qt_for_kernel.py
Lib\site-packages\IPython\external\__init__.py
Lib\site-packages\IPython\external\argparse\_argparse.py
Lib\site-packages\IPython\external\argparse\__init__.py
Lib\site-packages\IPython\external\decorator\_decorator.py
Lib\site-packages\IPython\external\decorator\__init__.py
Lib\site-packages\IPython\external\decorators\_decorators.py
Lib\site-packages\IPython\external\decorators\_numpy_testing_noseclasses.py
Lib\site-packages\IPython\external\decorators\_numpy_testing_utils.py
Lib\site-packages\IPython\external\decorators\__init__.py
Lib\site-packages\IPython\external\path\_path.py
Lib\site-packages\IPython\external\path\__init__.py
Lib\site-packages\IPython\external\pexpect\_pexpect.py
Lib\site-packages\IPython\external\pexpect\__init__.py
Lib\site-packages\IPython\external\simplegeneric\_simplegeneric.py
Lib\site-packages\IPython\external\simplegeneric\__init__.py
Lib\site-packages\IPython\external\ssh\forward.py
Lib\site-packages\IPython\external\ssh\tunnel.py
Lib\site-packages\IPython\external\ssh\__init__.py
Lib\site-packages\IPython\frontend\html
Lib\site-packages\IPython\frontend\qt
Lib\site-packages\IPython\frontend\terminal
Lib\site-packages\IPython\frontend\consoleapp.py
Lib\site-packages\IPython\frontend\__init__.py
Lib\site-packages\IPython\frontend\html\notebook
Lib\site-packages\IPython\frontend\html\__init__.py
Lib\site-packages\IPython\frontend\html\notebook\static
Lib\site-packages\IPython\frontend\html\notebook\templates
Lib\site-packages\IPython\frontend\html\notebook\tests
Lib\site-packages\IPython\frontend\html\notebook\clustermanager.py
Lib\site-packages\IPython\frontend\html\notebook\handlers.py
Lib\site-packages\IPython\frontend\html\notebook\kernelmanager.py
Lib\site-packages\IPython\frontend\html\notebook\notebookapp.py
Lib\site-packages\IPython\frontend\html\notebook\notebookmanager.py
Lib\site-packages\IPython\frontend\html\notebook\zmqhttp.py
Lib\site-packages\IPython\frontend\html\notebook\__init__.py
Lib\site-packages\IPython\frontend\html\notebook\static\codemirror
Lib\site-packages\IPython\frontend\html\notebook\static\css
Lib\site-packages\IPython\frontend\html\notebook\static\dateformat
Lib\site-packages\IPython\frontend\html\notebook\static\jquery
Lib\site-packages\IPython\frontend\html\notebook\static\js
Lib\site-packages\IPython\frontend\html\notebook\static\pagedown
Lib\site-packages\IPython\frontend\html\notebook\static\prettify
Lib\site-packages\IPython\frontend\html\notebook\static\favicon.ico
Lib\site-packages\IPython\frontend\html\notebook\static\ipynblogo.png
Lib\site-packages\IPython\frontend\html\notebook\static\IPy_Notebook_logo.svg
Lib\site-packages\IPython\frontend\html\notebook\static\codemirror\lib
Lib\site-packages\IPython\frontend\html\notebook\static\codemirror\mode
Lib\site-packages\IPython\frontend\html\notebook\static\codemirror\theme
Lib\site-packages\IPython\frontend\html\notebook\static\codemirror\LICENSE
Lib\site-packages\IPython\frontend\html\notebook\static\codemirror\README-IPython.rst
Lib\site-packages\IPython\frontend\html\notebook\static\codemirror\README.md
Lib\site-packages\IPython\frontend\html\notebook\static\codemirror\lib\util
Lib\site-packages\IPython\frontend\html\notebook\static\codemirror\lib\codemirror.css
Lib\site-packages\IPython\frontend\html\notebook\static\codemirror\lib\codemirror.js
Lib\site-packages\IPython\frontend\html\notebook\static\codemirror\lib\util\dialog.css
Lib\site-packages\IPython\frontend\html\notebook\static\codemirror\lib\util\dialog.js
Lib\site-packages\IPython\frontend\html\notebook\static\codemirror\lib\util\foldcode.js
Lib\site-packages\IPython\frontend\html\notebook\static\codemirror\lib\util\formatting.js
Lib\site-packages\IPython\frontend\html\notebook\static\codemirror\lib\util\javascript-hint.js
Lib\site-packages\IPython\frontend\html\notebook\static\codemirror\lib\util\overlay.js
Lib\site-packages\IPython\frontend\html\notebook\static\codemirror\lib\util\runmode.js
Lib\site-packages\IPython\frontend\html\notebook\static\codemirror\lib\util\search.js
Lib\site-packages\IPython\frontend\html\notebook\static\codemirror\lib\util\searchcursor.js
Lib\site-packages\IPython\frontend\html\notebook\static\codemirror\lib\util\simple-hint.css
Lib\site-packages\IPython\frontend\html\notebook\static\codemirror\lib\util\simple-hint.js
Lib\site-packages\IPython\frontend\html\notebook\static\codemirror\mode\css
Lib\site-packages\IPython\frontend\html\notebook\static\codemirror\mode\htmlmixed
Lib\site-packages\IPython\frontend\html\notebook\static\codemirror\mode\javascript
Lib\site-packages\IPython\frontend\html\notebook\static\codemirror\mode\markdown
Lib\site-packages\IPython\frontend\html\notebook\static\codemirror\mode\python
Lib\site-packages\IPython\frontend\html\notebook\static\codemirror\mode\rst
Lib\site-packages\IPython\frontend\html\notebook\static\codemirror\mode\xml
Lib\site-packages\IPython\frontend\html\notebook\static\codemirror\mode\css\css.js
Lib\site-packages\IPython\frontend\html\notebook\static\codemirror\mode\css\index.html
Lib\site-packages\IPython\frontend\html\notebook\static\codemirror\mode\htmlmixed\htmlmixed.js
Lib\site-packages\IPython\frontend\html\notebook\static\codemirror\mode\htmlmixed\index.html
Lib\site-packages\IPython\frontend\html\notebook\static\codemirror\mode\javascript\index.html
Lib\site-packages\IPython\frontend\html\notebook\static\codemirror\mode\javascript\javascript.js
Lib\site-packages\IPython\frontend\html\notebook\static\codemirror\mode\markdown\index.html
Lib\site-packages\IPython\frontend\html\notebook\static\codemirror\mode\markdown\markdown.js
Lib\site-packages\IPython\frontend\html\notebook\static\codemirror\mode\python\index.html
Lib\site-packages\IPython\frontend\html\notebook\static\codemirror\mode\python\LICENSE.txt
Lib\site-packages\IPython\frontend\html\notebook\static\codemirror\mode\python\python.js
Lib\site-packages\IPython\frontend\html\notebook\static\codemirror\mode\rst\index.html
Lib\site-packages\IPython\frontend\html\notebook\static\codemirror\mode\rst\rst.js
Lib\site-packages\IPython\frontend\html\notebook\static\codemirror\mode\xml\index.html
Lib\site-packages\IPython\frontend\html\notebook\static\codemirror\mode\xml\xml.js
Lib\site-packages\IPython\frontend\html\notebook\static\codemirror\theme\cobalt.css
Lib\site-packages\IPython\frontend\html\notebook\static\codemirror\theme\eclipse.css
Lib\site-packages\IPython\frontend\html\notebook\static\codemirror\theme\elegant.css
Lib\site-packages\IPython\frontend\html\notebook\static\codemirror\theme\ipython.css
Lib\site-packages\IPython\frontend\html\notebook\static\codemirror\theme\monokai.css
Lib\site-packages\IPython\frontend\html\notebook\static\codemirror\theme\neat.css
Lib\site-packages\IPython\frontend\html\notebook\static\codemirror\theme\night.css
Lib\site-packages\IPython\frontend\html\notebook\static\codemirror\theme\rubyblue.css
Lib\site-packages\IPython\frontend\html\notebook\static\css\alternateuploadform.css
Lib\site-packages\IPython\frontend\html\notebook\static\css\boilerplate.css
Lib\site-packages\IPython\frontend\html\notebook\static\css\fbm.css
Lib\site-packages\IPython\frontend\html\notebook\static\css\login.css
Lib\site-packages\IPython\frontend\html\notebook\static\css\logout.css
Lib\site-packages\IPython\frontend\html\notebook\static\css\notebook.css
Lib\site-packages\IPython\frontend\html\notebook\static\css\page.css
Lib\site-packages\IPython\frontend\html\notebook\static\css\printnotebook.css
Lib\site-packages\IPython\frontend\html\notebook\static\css\projectdashboard.css
Lib\site-packages\IPython\frontend\html\notebook\static\css\renderedhtml.css
Lib\site-packages\IPython\frontend\html\notebook\static\css\tooltip.css
Lib\site-packages\IPython\frontend\html\notebook\static\dateformat\date.format.js
Lib\site-packages\IPython\frontend\html\notebook\static\jquery\css
Lib\site-packages\IPython\frontend\html\notebook\static\jquery\js
Lib\site-packages\IPython\frontend\html\notebook\static\jquery\css\themes
Lib\site-packages\IPython\frontend\html\notebook\static\jquery\css\themes\base
Lib\site-packages\IPython\frontend\html\notebook\static\jquery\css\themes\base\images
Lib\site-packages\IPython\frontend\html\notebook\static\jquery\css\themes\base\jquery-ui.min.css
Lib\site-packages\IPython\frontend\html\notebook\static\jquery\css\themes\base\images\ui-bg_flat_0_aaaaaa_40x100.png
Lib\site-packages\IPython\frontend\html\notebook\static\jquery\css\themes\base\images\ui-bg_flat_75_ffffff_40x100.png
Lib\site-packages\IPython\frontend\html\notebook\static\jquery\css\themes\base\images\ui-bg_glass_55_fbf9ee_1x400.png
Lib\site-packages\IPython\frontend\html\notebook\static\jquery\css\themes\base\images\ui-bg_glass_65_ffffff_1x400.png
Lib\site-packages\IPython\frontend\html\notebook\static\jquery\css\themes\base\images\ui-bg_glass_75_dadada_1x400.png
Lib\site-packages\IPython\frontend\html\notebook\static\jquery\css\themes\base\images\ui-bg_glass_75_e6e6e6_1x400.png
Lib\site-packages\IPython\frontend\html\notebook\static\jquery\css\themes\base\images\ui-bg_glass_95_fef1ec_1x400.png
Lib\site-packages\IPython\frontend\html\notebook\static\jquery\css\themes\base\images\ui-bg_highlight-soft_75_cccccc_1x100.png
Lib\site-packages\IPython\frontend\html\notebook\static\jquery\css\themes\base\images\ui-icons_222222_256x240.png
Lib\site-packages\IPython\frontend\html\notebook\static\jquery\css\themes\base\images\ui-icons_2e83ff_256x240.png
Lib\site-packages\IPython\frontend\html\notebook\static\jquery\css\themes\base\images\ui-icons_454545_256x240.png
Lib\site-packages\IPython\frontend\html\notebook\static\jquery\css\themes\base\images\ui-icons_888888_256x240.png
Lib\site-packages\IPython\frontend\html\notebook\static\jquery\css\themes\base\images\ui-icons_cd0a0a_256x240.png
Lib\site-packages\IPython\frontend\html\notebook\static\jquery\js\jquery-1.7.1.min.js
Lib\site-packages\IPython\frontend\html\notebook\static\jquery\js\jquery-ui.min.js
Lib\site-packages\IPython\frontend\html\notebook\static\jquery\js\jquery.autogrow.js
Lib\site-packages\IPython\frontend\html\notebook\static\js\cell.js
Lib\site-packages\IPython\frontend\html\notebook\static\js\clusterlist.js
Lib\site-packages\IPython\frontend\html\notebook\static\js\codecell.js
Lib\site-packages\IPython\frontend\html\notebook\static\js\completer.js
Lib\site-packages\IPython\frontend\html\notebook\static\js\contexthint.js
Lib\site-packages\IPython\frontend\html\notebook\static\js\events.js
Lib\site-packages\IPython\frontend\html\notebook\static\js\initmathjax.js
Lib\site-packages\IPython\frontend\html\notebook\static\js\kernel.js
Lib\site-packages\IPython\frontend\html\notebook\static\js\layoutmanager.js
Lib\site-packages\IPython\frontend\html\notebook\static\js\loginmain.js
Lib\site-packages\IPython\frontend\html\notebook\static\js\loginwidget.js
Lib\site-packages\IPython\frontend\html\notebook\static\js\logoutmain.js
Lib\site-packages\IPython\frontend\html\notebook\static\js\menubar.js
Lib\site-packages\IPython\frontend\html\notebook\static\js\namespace.js
Lib\site-packages\IPython\frontend\html\notebook\static\js\notebook.js
Lib\site-packages\IPython\frontend\html\notebook\static\js\notebooklist.js
Lib\site-packages\IPython\frontend\html\notebook\static\js\notebookmain.js
Lib\site-packages\IPython\frontend\html\notebook\static\js\notificationwidget.js
Lib\site-packages\IPython\frontend\html\notebook\static\js\outputarea.js
Lib\site-packages\IPython\frontend\html\notebook\static\js\page.js
Lib\site-packages\IPython\frontend\html\notebook\static\js\pagemain.js
Lib\site-packages\IPython\frontend\html\notebook\static\js\pager.js
Lib\site-packages\IPython\frontend\html\notebook\static\js\printnotebookmain.js
Lib\site-packages\IPython\frontend\html\notebook\static\js\projectdashboardmain.js
Lib\site-packages\IPython\frontend\html\notebook\static\js\quickhelp.js
Lib\site-packages\IPython\frontend\html\notebook\static\js\savewidget.js
Lib\site-packages\IPython\frontend\html\notebook\static\js\textcell.js
Lib\site-packages\IPython\frontend\html\notebook\static\js\toolbar.js
Lib\site-packages\IPython\frontend\html\notebook\static\js\tooltip.js
Lib\site-packages\IPython\frontend\html\notebook\static\js\utils.js
Lib\site-packages\IPython\frontend\html\notebook\static\pagedown\LICENSE.txt
Lib\site-packages\IPython\frontend\html\notebook\static\pagedown\Markdown.Converter.js
Lib\site-packages\IPython\frontend\html\notebook\static\prettify\COPYING
Lib\site-packages\IPython\frontend\html\notebook\static\prettify\prettify.css
Lib\site-packages\IPython\frontend\html\notebook\static\prettify\prettify.js
Lib\site-packages\IPython\frontend\html\notebook\templates\login.html
Lib\site-packages\IPython\frontend\html\notebook\templates\logout.html
Lib\site-packages\IPython\frontend\html\notebook\templates\notebook.html
Lib\site-packages\IPython\frontend\html\notebook\templates\page.html
Lib\site-packages\IPython\frontend\html\notebook\templates\printnotebook.html
Lib\site-packages\IPython\frontend\html\notebook\templates\projectdashboard.html
Lib\site-packages\IPython\frontend\html\notebook\tests\test_kernelsession.py
Lib\site-packages\IPython\frontend\html\notebook\tests\test_nbmanager.py
Lib\site-packages\IPython\frontend\html\notebook\tests\__init__.py
Lib\site-packages\IPython\frontend\qt\console
Lib\site-packages\IPython\frontend\qt\base_frontend_mixin.py
Lib\site-packages\IPython\frontend\qt\kernelmanager.py
Lib\site-packages\IPython\frontend\qt\rich_text.py
Lib\site-packages\IPython\frontend\qt\svg.py
Lib\site-packages\IPython\frontend\qt\util.py
Lib\site-packages\IPython\frontend\qt\__init__.py
Lib\site-packages\IPython\frontend\qt\console\resources
Lib\site-packages\IPython\frontend\qt\console\tests
Lib\site-packages\IPython\frontend\qt\console\ansi_code_processor.py
Lib\site-packages\IPython\frontend\qt\console\bracket_matcher.py
Lib\site-packages\IPython\frontend\qt\console\call_tip_widget.py
Lib\site-packages\IPython\frontend\qt\console\completion_html.py
Lib\site-packages\IPython\frontend\qt\console\completion_lexer.py
Lib\site-packages\IPython\frontend\qt\console\completion_plain.py
Lib\site-packages\IPython\frontend\qt\console\completion_widget.py
Lib\site-packages\IPython\frontend\qt\console\console_widget.py
Lib\site-packages\IPython\frontend\qt\console\frontend_widget.py
Lib\site-packages\IPython\frontend\qt\console\history_console_widget.py
Lib\site-packages\IPython\frontend\qt\console\ipython_widget.py
Lib\site-packages\IPython\frontend\qt\console\kill_ring.py
Lib\site-packages\IPython\frontend\qt\console\mainwindow.py
Lib\site-packages\IPython\frontend\qt\console\pygments_highlighter.py
Lib\site-packages\IPython\frontend\qt\console\qtconsoleapp.py
Lib\site-packages\IPython\frontend\qt\console\rich_ipython_widget.py
Lib\site-packages\IPython\frontend\qt\console\styles.py
Lib\site-packages\IPython\frontend\qt\console\__init__.py
Lib\site-packages\IPython\frontend\qt\console\resources\icon
Lib\site-packages\IPython\frontend\qt\console\resources\icon\IPythonConsole.svg
Lib\site-packages\IPython\frontend\qt\console\tests\test_ansi_code_processor.py
Lib\site-packages\IPython\frontend\qt\console\tests\test_completion_lexer.py
Lib\site-packages\IPython\frontend\qt\console\tests\test_console_widget.py
Lib\site-packages\IPython\frontend\qt\console\tests\test_kill_ring.py
Lib\site-packages\IPython\frontend\qt\console\tests\__init__.py
Lib\site-packages\IPython\frontend\terminal\console
Lib\site-packages\IPython\frontend\terminal\tests
Lib\site-packages\IPython\frontend\terminal\embed.py
Lib\site-packages\IPython\frontend\terminal\interactiveshell.py
Lib\site-packages\IPython\frontend\terminal\ipapp.py
Lib\site-packages\IPython\frontend\terminal\__init__.py
Lib\site-packages\IPython\frontend\terminal\console\tests
Lib\site-packages\IPython\frontend\terminal\console\app.py
Lib\site-packages\IPython\frontend\terminal\console\completer.py
Lib\site-packages\IPython\frontend\terminal\console\interactiveshell.py
Lib\site-packages\IPython\frontend\terminal\console\__init__.py
Lib\site-packages\IPython\frontend\terminal\console\tests\test_console.py
Lib\site-packages\IPython\frontend\terminal\console\tests\__init__.py
Lib\site-packages\IPython\frontend\terminal\tests\test_interactivshell.py
Lib\site-packages\IPython\frontend\terminal\tests\__init__.py
Lib\site-packages\IPython\kernel\__init__.py
Lib\site-packages\IPython\lib\tests
Lib\site-packages\IPython\lib\backgroundjobs.py
Lib\site-packages\IPython\lib\clipboard.py
Lib\site-packages\IPython\lib\deepreload.py
Lib\site-packages\IPython\lib\demo.py
Lib\site-packages\IPython\lib\display.py
Lib\site-packages\IPython\lib\guisupport.py
Lib\site-packages\IPython\lib\inputhook.py
Lib\site-packages\IPython\lib\inputhookglut.py
Lib\site-packages\IPython\lib\inputhookgtk.py
Lib\site-packages\IPython\lib\inputhookgtk3.py
Lib\site-packages\IPython\lib\inputhookpyglet.py
Lib\site-packages\IPython\lib\inputhookqt4.py
Lib\site-packages\IPython\lib\inputhookwx.py
Lib\site-packages\IPython\lib\irunner.py
Lib\site-packages\IPython\lib\kernel.py
Lib\site-packages\IPython\lib\latextools.py
Lib\site-packages\IPython\lib\pretty.py
Lib\site-packages\IPython\lib\security.py
Lib\site-packages\IPython\lib\__init__.py
Lib\site-packages\IPython\lib\tests\test_backgroundjobs.py
Lib\site-packages\IPython\lib\tests\test_deepreload.py
Lib\site-packages\IPython\lib\tests\test_imports.py
Lib\site-packages\IPython\lib\tests\test_irunner.py
Lib\site-packages\IPython\lib\tests\test_irunner_pylab_magic.py
Lib\site-packages\IPython\lib\tests\test_kernel.py
Lib\site-packages\IPython\lib\tests\test_pretty.py
Lib\site-packages\IPython\lib\tests\test_security.py
Lib\site-packages\IPython\lib\tests\__init__.py
Lib\site-packages\IPython\nbformat\tests
Lib\site-packages\IPython\nbformat\v1
Lib\site-packages\IPython\nbformat\v2
Lib\site-packages\IPython\nbformat\v3
Lib\site-packages\IPython\nbformat\current.py
Lib\site-packages\IPython\nbformat\__init__.py
Lib\site-packages\IPython\nbformat\tests\__init__.py
Lib\site-packages\IPython\nbformat\v1\tests
Lib\site-packages\IPython\nbformat\v1\convert.py
Lib\site-packages\IPython\nbformat\v1\nbbase.py
Lib\site-packages\IPython\nbformat\v1\nbjson.py
Lib\site-packages\IPython\nbformat\v1\rwbase.py
Lib\site-packages\IPython\nbformat\v1\__init__.py
Lib\site-packages\IPython\nbformat\v1\tests\nbexamples.py
Lib\site-packages\IPython\nbformat\v1\tests\test_json.py
Lib\site-packages\IPython\nbformat\v1\tests\test_nbbase.py
Lib\site-packages\IPython\nbformat\v1\tests\__init__.py
Lib\site-packages\IPython\nbformat\v2\tests
Lib\site-packages\IPython\nbformat\v2\convert.py
Lib\site-packages\IPython\nbformat\v2\nbbase.py
Lib\site-packages\IPython\nbformat\v2\nbjson.py
Lib\site-packages\IPython\nbformat\v2\nbpy.py
Lib\site-packages\IPython\nbformat\v2\nbxml.py
Lib\site-packages\IPython\nbformat\v2\rwbase.py
Lib\site-packages\IPython\nbformat\v2\__init__.py
Lib\site-packages\IPython\nbformat\v2\tests\nbexamples.py
Lib\site-packages\IPython\nbformat\v2\tests\test_json.py
Lib\site-packages\IPython\nbformat\v2\tests\test_nbbase.py
Lib\site-packages\IPython\nbformat\v2\tests\test_nbpy.py
Lib\site-packages\IPython\nbformat\v2\tests\__init__.py
Lib\site-packages\IPython\nbformat\v3\tests
Lib\site-packages\IPython\nbformat\v3\convert.py
Lib\site-packages\IPython\nbformat\v3\nbbase.py
Lib\site-packages\IPython\nbformat\v3\nbjson.py
Lib\site-packages\IPython\nbformat\v3\nbpy.py
Lib\site-packages\IPython\nbformat\v3\rwbase.py
Lib\site-packages\IPython\nbformat\v3\__init__.py
Lib\site-packages\IPython\nbformat\v3\tests\formattest.py
Lib\site-packages\IPython\nbformat\v3\tests\nbexamples.py
Lib\site-packages\IPython\nbformat\v3\tests\test_json.py
Lib\site-packages\IPython\nbformat\v3\tests\test_nbbase.py
Lib\site-packages\IPython\nbformat\v3\tests\test_nbpy.py
Lib\site-packages\IPython\nbformat\v3\tests\__init__.py
Lib\site-packages\IPython\parallel\apps
Lib\site-packages\IPython\parallel\client
Lib\site-packages\IPython\parallel\controller
Lib\site-packages\IPython\parallel\engine
Lib\site-packages\IPython\parallel\scripts
Lib\site-packages\IPython\parallel\tests
Lib\site-packages\IPython\parallel\error.py
Lib\site-packages\IPython\parallel\factory.py
Lib\site-packages\IPython\parallel\util.py
Lib\site-packages\IPython\parallel\__init__.py
Lib\site-packages\IPython\parallel\apps\baseapp.py
Lib\site-packages\IPython\parallel\apps\ipclusterapp.py
Lib\site-packages\IPython\parallel\apps\ipcontrollerapp.py
Lib\site-packages\IPython\parallel\apps\ipengineapp.py
Lib\site-packages\IPython\parallel\apps\iploggerapp.py
Lib\site-packages\IPython\parallel\apps\launcher.py
Lib\site-packages\IPython\parallel\apps\logwatcher.py
Lib\site-packages\IPython\parallel\apps\win32support.py
Lib\site-packages\IPython\parallel\apps\winhpcjob.py
Lib\site-packages\IPython\parallel\apps\__init__.py
Lib\site-packages\IPython\parallel\client\asyncresult.py
Lib\site-packages\IPython\parallel\client\client.py
Lib\site-packages\IPython\parallel\client\magics.py
Lib\site-packages\IPython\parallel\client\map.py
Lib\site-packages\IPython\parallel\client\remotefunction.py
Lib\site-packages\IPython\parallel\client\view.py
Lib\site-packages\IPython\parallel\client\__init__.py
Lib\site-packages\IPython\parallel\controller\dependency.py
Lib\site-packages\IPython\parallel\controller\dictdb.py
Lib\site-packages\IPython\parallel\controller\heartmonitor.py
Lib\site-packages\IPython\parallel\controller\hub.py
Lib\site-packages\IPython\parallel\controller\mongodb.py
Lib\site-packages\IPython\parallel\controller\scheduler.py
Lib\site-packages\IPython\parallel\controller\sqlitedb.py
Lib\site-packages\IPython\parallel\controller\__init__.py
Lib\site-packages\IPython\parallel\engine\engine.py
Lib\site-packages\IPython\parallel\engine\__init__.py
Lib\site-packages\IPython\parallel\scripts\__init__.py
Lib\site-packages\IPython\parallel\tests\clienttest.py
Lib\site-packages\IPython\parallel\tests\test_asyncresult.py
Lib\site-packages\IPython\parallel\tests\test_client.py
Lib\site-packages\IPython\parallel\tests\test_db.py
Lib\site-packages\IPython\parallel\tests\test_dependency.py
Lib\site-packages\IPython\parallel\tests\test_lbview.py
Lib\site-packages\IPython\parallel\tests\test_magics.py
Lib\site-packages\IPython\parallel\tests\test_mongodb.py
Lib\site-packages\IPython\parallel\tests\test_newserialized.py
Lib\site-packages\IPython\parallel\tests\test_view.py
Lib\site-packages\IPython\parallel\tests\__init__.py
Lib\site-packages\IPython\scripts\__init__.py
Lib\site-packages\IPython\testing\plugin
Lib\site-packages\IPython\testing\tests
Lib\site-packages\IPython\testing\decorators.py
Lib\site-packages\IPython\testing\globalipapp.py
Lib\site-packages\IPython\testing\iptest.py
Lib\site-packages\IPython\testing\ipunittest.py
Lib\site-packages\IPython\testing\mkdoctests.py
Lib\site-packages\IPython\testing\nosepatch.py
Lib\site-packages\IPython\testing\nose_assert_methods.py
Lib\site-packages\IPython\testing\skipdoctest.py
Lib\site-packages\IPython\testing\tools.py
Lib\site-packages\IPython\testing\_paramtestpy2.py
Lib\site-packages\IPython\testing\_paramtestpy3.py
Lib\site-packages\IPython\testing\__init__.py
Lib\site-packages\IPython\testing\plugin\dtexample.py
Lib\site-packages\IPython\testing\plugin\ipdoctest.py
Lib\site-packages\IPython\testing\plugin\iptest.py
Lib\site-packages\IPython\testing\plugin\README.txt
Lib\site-packages\IPython\testing\plugin\setup.py
Lib\site-packages\IPython\testing\plugin\show_refs.py
Lib\site-packages\IPython\testing\plugin\simple.py
Lib\site-packages\IPython\testing\plugin\simplevars.py
Lib\site-packages\IPython\testing\plugin\test_combo.txt
Lib\site-packages\IPython\testing\plugin\test_example.txt
Lib\site-packages\IPython\testing\plugin\test_exampleip.txt
Lib\site-packages\IPython\testing\plugin\test_ipdoctest.py
Lib\site-packages\IPython\testing\plugin\test_refs.py
Lib\site-packages\IPython\testing\plugin\__init__.py
Lib\site-packages\IPython\testing\tests\test_decorators.py
Lib\site-packages\IPython\testing\tests\test_ipunittest.py
Lib\site-packages\IPython\testing\tests\test_tools.py
Lib\site-packages\IPython\testing\tests\__init__.py
Lib\site-packages\IPython\utils\tests
Lib\site-packages\IPython\utils\attic.py
Lib\site-packages\IPython\utils\autoattr.py
Lib\site-packages\IPython\utils\codeutil.py
Lib\site-packages\IPython\utils\coloransi.py
Lib\site-packages\IPython\utils\cursesimport.py
Lib\site-packages\IPython\utils\daemonize.py
Lib\site-packages\IPython\utils\data.py
Lib\site-packages\IPython\utils\decorators.py
Lib\site-packages\IPython\utils\dir2.py
Lib\site-packages\IPython\utils\doctestreload.py
Lib\site-packages\IPython\utils\encoding.py
Lib\site-packages\IPython\utils\frame.py
Lib\site-packages\IPython\utils\generics.py
Lib\site-packages\IPython\utils\growl.py
Lib\site-packages\IPython\utils\importstring.py
Lib\site-packages\IPython\utils\io.py
Lib\site-packages\IPython\utils\ipstruct.py
Lib\site-packages\IPython\utils\jsonutil.py
Lib\site-packages\IPython\utils\localinterfaces.py
Lib\site-packages\IPython\utils\module_paths.py
Lib\site-packages\IPython\utils\nested_context.py
Lib\site-packages\IPython\utils\newserialized.py
Lib\site-packages\IPython\utils\notification.py
Lib\site-packages\IPython\utils\openpy.py
Lib\site-packages\IPython\utils\path.py
Lib\site-packages\IPython\utils\pickleshare.py
Lib\site-packages\IPython\utils\pickleutil.py
Lib\site-packages\IPython\utils\process.py
Lib\site-packages\IPython\utils\py3compat.py
Lib\site-packages\IPython\utils\PyColorize.py
Lib\site-packages\IPython\utils\pyfile.py
Lib\site-packages\IPython\utils\rlineimpl.py
Lib\site-packages\IPython\utils\strdispatch.py
Lib\site-packages\IPython\utils\sysinfo.py
Lib\site-packages\IPython\utils\syspathcontext.py
Lib\site-packages\IPython\utils\tempdir.py
Lib\site-packages\IPython\utils\terminal.py
Lib\site-packages\IPython\utils\text.py
Lib\site-packages\IPython\utils\timing.py
Lib\site-packages\IPython\utils\traitlets.py
Lib\site-packages\IPython\utils\upgradedir.py
Lib\site-packages\IPython\utils\warn.py
Lib\site-packages\IPython\utils\wildcard.py
Lib\site-packages\IPython\utils\_process_common.py
Lib\site-packages\IPython\utils\_process_posix.py
Lib\site-packages\IPython\utils\_process_win32.py
Lib\site-packages\IPython\utils\_process_win32_controller.py
Lib\site-packages\IPython\utils\_sysinfo.py
Lib\site-packages\IPython\utils\__init__.py
Lib\site-packages\IPython\utils\tests\test_dir2.py
Lib\site-packages\IPython\utils\tests\test_imports.py
Lib\site-packages\IPython\utils\tests\test_io.py
Lib\site-packages\IPython\utils\tests\test_jsonutil.py
Lib\site-packages\IPython\utils\tests\test_module_paths.py
Lib\site-packages\IPython\utils\tests\test_notification.py
Lib\site-packages\IPython\utils\tests\test_openpy.py
Lib\site-packages\IPython\utils\tests\test_path.py
Lib\site-packages\IPython\utils\tests\test_process.py
Lib\site-packages\IPython\utils\tests\test_pycolorize.py
Lib\site-packages\IPython\utils\tests\test_text.py
Lib\site-packages\IPython\utils\tests\test_traitlets.py
Lib\site-packages\IPython\utils\tests\test_wildcard.py
Lib\site-packages\IPython\utils\tests\__init__.py
Lib\site-packages\IPython\zmq\gui
Lib\site-packages\IPython\zmq\pylab
Lib\site-packages\IPython\zmq\tests
Lib\site-packages\IPython\zmq\blockingkernelmanager.py
Lib\site-packages\IPython\zmq\completer.py
Lib\site-packages\IPython\zmq\displayhook.py
Lib\site-packages\IPython\zmq\entry_point.py
Lib\site-packages\IPython\zmq\eventloops.py
Lib\site-packages\IPython\zmq\frontend.py
Lib\site-packages\IPython\zmq\heartbeat.py
Lib\site-packages\IPython\zmq\iostream.py
Lib\site-packages\IPython\zmq\ipkernel.py
Lib\site-packages\IPython\zmq\kernelapp.py
Lib\site-packages\IPython\zmq\kernelmanager.py
Lib\site-packages\IPython\zmq\log.py
Lib\site-packages\IPython\zmq\parentpoller.py
Lib\site-packages\IPython\zmq\serialize.py
Lib\site-packages\IPython\zmq\session.py
Lib\site-packages\IPython\zmq\zmqshell.py
Lib\site-packages\IPython\zmq\__init__.py
Lib\site-packages\IPython\zmq\gui\gtkembed.py
Lib\site-packages\IPython\zmq\gui\__init__.py
Lib\site-packages\IPython\zmq\pylab\backend_inline.py
Lib\site-packages\IPython\zmq\pylab\__init__.py
Lib\site-packages\IPython\zmq\tests\test_embed_kernel.py
Lib\site-packages\IPython\zmq\tests\test_message_spec.py
Lib\site-packages\IPython\zmq\tests\test_session.py
Lib\site-packages\IPython\zmq\tests\__init__.py
Lib\site-packages\ipython-0.13.1-py2.7.egg-info\dependency_links.txt
Lib\site-packages\ipython-0.13.1-py2.7.egg-info\entry_points.txt
Lib\site-packages\ipython-0.13.1-py2.7.egg-info\not-zip-safe
Lib\site-packages\ipython-0.13.1-py2.7.egg-info\PKG-INFO
Lib\site-packages\ipython-0.13.1-py2.7.egg-info\requires.txt
Lib\site-packages\ipython-0.13.1-py2.7.egg-info\SOURCES.txt
Lib\site-packages\ipython-0.13.1-py2.7.egg-info\top_level.txt
Scripts\ipcluster-script.py
Scripts\ipcluster-script.bat
Scripts\ipcluster.exe
Scripts\ipcontroller-script.py
Scripts\ipcontroller-script.bat
Scripts\ipcontroller.exe
Scripts\ipengine-script.py
Scripts\ipengine-script.bat
Scripts\ipengine.exe
Scripts\iplogger-script.py
Scripts\iplogger-script.bat
Scripts\iplogger.exe
Scripts\iptest-script.py
Scripts\iptest-script.bat
Scripts\iptest.exe
Scripts\ipython-script.py
Scripts\ipython-script.bat
Scripts\ipython.exe
Scripts\ipython_win_post_install.py
Scripts\ipython_win_post_install.bat
Scripts\irunner-script.py
Scripts\irunner-script.bat
Scripts\irunner.exe
Scripts\pycolor-script.py
Scripts\pycolor-script.bat
Scripts\pycolor.exe
.\Scripts
.\share
.\Scripts\ipython.ico
.\Scripts\ipython_nb.ico
.\share\doc
.\share\man
.\share\doc\ipython
.\share\doc\ipython\examples
.\share\doc\ipython\examples\core
.\share\doc\ipython\examples\lib
.\share\doc\ipython\examples\notebooks
.\share\doc\ipython\examples\parallel
.\share\doc\ipython\examples\tests
.\share\doc\ipython\examples\vim
.\share\doc\ipython\examples\widgets
.\share\doc\ipython\examples\core\appconfig.py
.\share\doc\ipython\examples\core\display.py
.\share\doc\ipython\examples\core\example-embed-short.py
.\share\doc\ipython\examples\core\example-embed.py
.\share\doc\ipython\examples\core\example-gnuplot.py
.\share\doc\ipython\examples\core\ipython-get-history.py
.\share\doc\ipython\examples\core\ipython-qtconsole.desktop
.\share\doc\ipython\examples\core\ipython-sh.desktop
.\share\doc\ipython\examples\core\ipython.desktop
.\share\doc\ipython\examples\core\ipython_here_shell_extension.reg
.\share\doc\ipython\examples\core\leo_bridge_demo.leo
.\share\doc\ipython\examples\core\new-embed.py
.\share\doc\ipython\examples\core\seteditor.py
.\share\doc\ipython\examples\lib\BackgroundJobs.ipynb
.\share\doc\ipython\examples\lib\example-demo.py
.\share\doc\ipython\examples\lib\gui-glut.py
.\share\doc\ipython\examples\lib\gui-gtk.py
.\share\doc\ipython\examples\lib\gui-gtk3.py
.\share\doc\ipython\examples\lib\gui-pyglet.py
.\share\doc\ipython\examples\lib\gui-qt.py
.\share\doc\ipython\examples\lib\gui-tk.py
.\share\doc\ipython\examples\lib\gui-wx.py
.\share\doc\ipython\examples\lib\internal_ipkernel.py
.\share\doc\ipython\examples\lib\ipkernel_qtapp.py
.\share\doc\ipython\examples\lib\ipkernel_wxapp.py
.\share\doc\ipython\examples\notebooks\00_notebook_tour.ipynb
.\share\doc\ipython\examples\notebooks\01_notebook_introduction.ipynb
.\share\doc\ipython\examples\notebooks\animation.m4v
.\share\doc\ipython\examples\notebooks\Animations_and_Progress.ipynb
.\share\doc\ipython\examples\notebooks\Capturing Output.ipynb
.\share\doc\ipython\examples\notebooks\cython_extension.ipynb
.\share\doc\ipython\examples\notebooks\display_protocol.ipynb
.\share\doc\ipython\examples\notebooks\formatting.ipynb
.\share\doc\ipython\examples\notebooks\octavemagic_extension.ipynb
.\share\doc\ipython\examples\notebooks\python-logo.svg
.\share\doc\ipython\examples\notebooks\rmagic_extension.ipynb
.\share\doc\ipython\examples\notebooks\Script Magics.ipynb
.\share\doc\ipython\examples\notebooks\sympy.ipynb
.\share\doc\ipython\examples\notebooks\sympy_quantum_computing.ipynb
.\share\doc\ipython\examples\notebooks\trapezoid_rule.ipynb
.\share\doc\ipython\examples\parallel\davinci
.\share\doc\ipython\examples\parallel\demo
.\share\doc\ipython\examples\parallel\interengine
.\share\doc\ipython\examples\parallel\options
.\share\doc\ipython\examples\parallel\pi
.\share\doc\ipython\examples\parallel\plotting
.\share\doc\ipython\examples\parallel\rmt
.\share\doc\ipython\examples\parallel\wave2D
.\share\doc\ipython\examples\parallel\workflow
.\share\doc\ipython\examples\parallel\customresults.py
.\share\doc\ipython\examples\parallel\dagdeps.py
.\share\doc\ipython\examples\parallel\fetchparse.py
.\share\doc\ipython\examples\parallel\helloworld.ipynb
.\share\doc\ipython\examples\parallel\helloworld.py
.\share\doc\ipython\examples\parallel\iopubwatcher.py
.\share\doc\ipython\examples\parallel\itermapresult.py
.\share\doc\ipython\examples\parallel\multiengine1.ipy
.\share\doc\ipython\examples\parallel\multiengine2.py
.\share\doc\ipython\examples\parallel\multienginemap.py
.\share\doc\ipython\examples\parallel\nwmerge.py
.\share\doc\ipython\examples\parallel\Parallel Magics.ipynb
.\share\doc\ipython\examples\parallel\parallel_mpi.ipynb
.\share\doc\ipython\examples\parallel\parallel_pylab.ipy
.\share\doc\ipython\examples\parallel\phistogram.py
.\share\doc\ipython\examples\parallel\task1.ipynb
.\share\doc\ipython\examples\parallel\task1.py
.\share\doc\ipython\examples\parallel\task2.py
.\share\doc\ipython\examples\parallel\taskmap.ipynb
.\share\doc\ipython\examples\parallel\taskmap.py
.\share\doc\ipython\examples\parallel\task_profiler.py
.\share\doc\ipython\examples\parallel\davinci\pwordfreq.py
.\share\doc\ipython\examples\parallel\davinci\wordfreq.py
.\share\doc\ipython\examples\parallel\demo\dependencies.py
.\share\doc\ipython\examples\parallel\demo\map.py
.\share\doc\ipython\examples\parallel\demo\noncopying.py
.\share\doc\ipython\examples\parallel\demo\throughput.py
.\share\doc\ipython\examples\parallel\demo\views.py
.\share\doc\ipython\examples\parallel\interengine\bintree.py
.\share\doc\ipython\examples\parallel\interengine\bintree_script.py
.\share\doc\ipython\examples\parallel\interengine\communicator.py
.\share\doc\ipython\examples\parallel\interengine\interengine.py
.\share\doc\ipython\examples\parallel\options\mckernel.py
.\share\doc\ipython\examples\parallel\options\mcpricer.ipynb
.\share\doc\ipython\examples\parallel\options\mcpricer.py
.\share\doc\ipython\examples\parallel\pi\parallelpi.py
.\share\doc\ipython\examples\parallel\pi\pidigits.py
.\share\doc\ipython\examples\parallel\plotting\plotting_backend.py
.\share\doc\ipython\examples\parallel\plotting\plotting_frontend.py
.\share\doc\ipython\examples\parallel\rmt\rmt.ipy
.\share\doc\ipython\examples\parallel\rmt\rmt.ipynb
.\share\doc\ipython\examples\parallel\rmt\rmtkernel.py
.\share\doc\ipython\examples\parallel\wave2D\communicator.py
.\share\doc\ipython\examples\parallel\wave2D\parallelwave-mpi.py
.\share\doc\ipython\examples\parallel\wave2D\parallelwave.py
.\share\doc\ipython\examples\parallel\wave2D\RectPartitioner.py
.\share\doc\ipython\examples\parallel\wave2D\wavesolver.py
.\share\doc\ipython\examples\parallel\workflow\client.py
.\share\doc\ipython\examples\parallel\workflow\job_wrapper.py
.\share\doc\ipython\examples\parallel\workflow\wmanager.py
.\share\doc\ipython\examples\tests\embed
.\share\doc\ipython\examples\tests\heartbeat
.\share\doc\ipython\examples\tests\pylab_figshow.py
.\share\doc\ipython\examples\tests\embed\embed1.py
.\share\doc\ipython\examples\tests\embed\embed2.py
.\share\doc\ipython\examples\tests\embed\embed3.py
.\share\doc\ipython\examples\tests\heartbeat\gilsleep.ipynb
.\share\doc\ipython\examples\tests\heartbeat\hb_gil.py
.\share\doc\ipython\examples\vim\ipy.vim
.\share\doc\ipython\examples\vim\README.rst
.\share\doc\ipython\examples\widgets\directview
.\share\doc\ipython\examples\widgets\directview\directview.ipynb
.\share\doc\ipython\examples\widgets\directview\directview.js
.\share\doc\ipython\examples\widgets\directview\directview.py
.\share\doc\ipython\examples\widgets\directview\widget.py
.\share\man\man1
.\share\man\man1\ipcluster.1
.\share\man\man1\ipcontroller.1
.\share\man\man1\ipengine.1
.\share\man\man1\iplogger.1
.\share\man\man1\ipython.1
.\share\man\man1\irunner.1
.\share\man\man1\pycolor.1