# WPPM package installation log
# 
# Package: Jinja2 v2.6

Lib\site-packages\jinja2
Lib\site-packages\Jinja2-2.6-py2.7.egg-info
Lib\site-packages\jinja2\testsuite
Lib\site-packages\jinja2\_markupsafe
Lib\site-packages\jinja2\bccache.py
Lib\site-packages\jinja2\compiler.py
Lib\site-packages\jinja2\constants.py
Lib\site-packages\jinja2\debug.py
Lib\site-packages\jinja2\defaults.py
Lib\site-packages\jinja2\environment.py
Lib\site-packages\jinja2\exceptions.py
Lib\site-packages\jinja2\ext.py
Lib\site-packages\jinja2\filters.py
Lib\site-packages\jinja2\lexer.py
Lib\site-packages\jinja2\loaders.py
Lib\site-packages\jinja2\meta.py
Lib\site-packages\jinja2\nodes.py
Lib\site-packages\jinja2\optimizer.py
Lib\site-packages\jinja2\parser.py
Lib\site-packages\jinja2\runtime.py
Lib\site-packages\jinja2\sandbox.py
Lib\site-packages\jinja2\tests.py
Lib\site-packages\jinja2\utils.py
Lib\site-packages\jinja2\visitor.py
Lib\site-packages\jinja2\_debugsupport.c
Lib\site-packages\jinja2\_stringdefs.py
Lib\site-packages\jinja2\__init__.py
Lib\site-packages\jinja2\testsuite\res
Lib\site-packages\jinja2\testsuite\api.py
Lib\site-packages\jinja2\testsuite\core_tags.py
Lib\site-packages\jinja2\testsuite\debug.py
Lib\site-packages\jinja2\testsuite\doctests.py
Lib\site-packages\jinja2\testsuite\ext.py
Lib\site-packages\jinja2\testsuite\filters.py
Lib\site-packages\jinja2\testsuite\imports.py
Lib\site-packages\jinja2\testsuite\inheritance.py
Lib\site-packages\jinja2\testsuite\lexnparse.py
Lib\site-packages\jinja2\testsuite\loader.py
Lib\site-packages\jinja2\testsuite\regression.py
Lib\site-packages\jinja2\testsuite\security.py
Lib\site-packages\jinja2\testsuite\tests.py
Lib\site-packages\jinja2\testsuite\utils.py
Lib\site-packages\jinja2\testsuite\__init__.py
Lib\site-packages\jinja2\testsuite\res\templates
Lib\site-packages\jinja2\testsuite\res\__init__.py
Lib\site-packages\jinja2\testsuite\res\templates\foo
Lib\site-packages\jinja2\testsuite\res\templates\broken.html
Lib\site-packages\jinja2\testsuite\res\templates\syntaxerror.html
Lib\site-packages\jinja2\testsuite\res\templates\test.html
Lib\site-packages\jinja2\testsuite\res\templates\foo\test.html
Lib\site-packages\jinja2\_markupsafe\tests.py
Lib\site-packages\jinja2\_markupsafe\_bundle.py
Lib\site-packages\jinja2\_markupsafe\_constants.py
Lib\site-packages\jinja2\_markupsafe\_native.py
Lib\site-packages\jinja2\_markupsafe\__init__.py
Lib\site-packages\Jinja2-2.6-py2.7.egg-info\dependency_links.txt
Lib\site-packages\Jinja2-2.6-py2.7.egg-info\entry_points.txt
Lib\site-packages\Jinja2-2.6-py2.7.egg-info\not-zip-safe
Lib\site-packages\Jinja2-2.6-py2.7.egg-info\PKG-INFO
Lib\site-packages\Jinja2-2.6-py2.7.egg-info\requires.txt
Lib\site-packages\Jinja2-2.6-py2.7.egg-info\SOURCES.txt
Lib\site-packages\Jinja2-2.6-py2.7.egg-info\top_level.txt