# WPPM package installation log
# 
# Package: logilab-astng v0.24.1

Lib\site-packages\logilab
Lib\site-packages\logilab_astng-0.24.1-py2.7.egg-info
Lib\site-packages\logilab_astng-0.24.1-py2.7-nspkg.pth
Lib\site-packages\logilab\astng
Lib\site-packages\logilab\__init__.py
Lib\site-packages\logilab\astng\brain
Lib\site-packages\logilab\astng\test
Lib\site-packages\logilab\astng\as_string.py
Lib\site-packages\logilab\astng\bases.py
Lib\site-packages\logilab\astng\builder.py
Lib\site-packages\logilab\astng\exceptions.py
Lib\site-packages\logilab\astng\inference.py
Lib\site-packages\logilab\astng\inspector.py
Lib\site-packages\logilab\astng\manager.py
Lib\site-packages\logilab\astng\mixins.py
Lib\site-packages\logilab\astng\nodes.py
Lib\site-packages\logilab\astng\node_classes.py
Lib\site-packages\logilab\astng\protocols.py
Lib\site-packages\logilab\astng\raw_building.py
Lib\site-packages\logilab\astng\rebuilder.py
Lib\site-packages\logilab\astng\scoped_nodes.py
Lib\site-packages\logilab\astng\utils.py
Lib\site-packages\logilab\astng\__init__.py
Lib\site-packages\logilab\astng\__pkginfo__.py
Lib\site-packages\logilab\astng\brain\py2mechanize.py
Lib\site-packages\logilab\astng\brain\py2qt4.py
Lib\site-packages\logilab\astng\brain\py2stdlib.py
Lib\site-packages\logilab\astng\test\data
Lib\site-packages\logilab\astng\test\data2
Lib\site-packages\logilab\astng\test\regrtest_data
Lib\site-packages\logilab\astng\test\unittest_builder.py
Lib\site-packages\logilab\astng\test\unittest_inference.py
Lib\site-packages\logilab\astng\test\unittest_inspector.py
Lib\site-packages\logilab\astng\test\unittest_lookup.py
Lib\site-packages\logilab\astng\test\unittest_manager.py
Lib\site-packages\logilab\astng\test\unittest_nodes.py
Lib\site-packages\logilab\astng\test\unittest_python3.py
Lib\site-packages\logilab\astng\test\unittest_regrtest.py
Lib\site-packages\logilab\astng\test\unittest_scoped_nodes.py
Lib\site-packages\logilab\astng\test\unittest_utils.py
Lib\site-packages\logilab\astng\test\data\appl
Lib\site-packages\logilab\astng\test\data\SSL1
Lib\site-packages\logilab\astng\test\data\absimport.py
Lib\site-packages\logilab\astng\test\data\all.py
Lib\site-packages\logilab\astng\test\data\email.py
Lib\site-packages\logilab\astng\test\data\format.py
Lib\site-packages\logilab\astng\test\data\module.py
Lib\site-packages\logilab\astng\test\data\module2.py
Lib\site-packages\logilab\astng\test\data\MyPyPa-0.1.0-py2.5.egg
Lib\site-packages\logilab\astng\test\data\MyPyPa-0.1.0-py2.5.zip
Lib\site-packages\logilab\astng\test\data\noendingnewline.py
Lib\site-packages\logilab\astng\test\data\nonregr.py
Lib\site-packages\logilab\astng\test\data\notall.py
Lib\site-packages\logilab\astng\test\data\__init__.py
Lib\site-packages\logilab\astng\test\data\appl\myConnection.py
Lib\site-packages\logilab\astng\test\data\appl\__init__.py
Lib\site-packages\logilab\astng\test\data\SSL1\Connection1.py
Lib\site-packages\logilab\astng\test\data\SSL1\__init__.py
Lib\site-packages\logilab\astng\test\data2\clientmodule_test.py
Lib\site-packages\logilab\astng\test\data2\suppliermodule_test.py
Lib\site-packages\logilab\astng\test\data2\__init__.py
Lib\site-packages\logilab\astng\test\regrtest_data\absimp
Lib\site-packages\logilab\astng\test\regrtest_data\package
Lib\site-packages\logilab\astng\test\regrtest_data\descriptor_crash.py
Lib\site-packages\logilab\astng\test\regrtest_data\absimp\sidepackage
Lib\site-packages\logilab\astng\test\regrtest_data\absimp\string.py
Lib\site-packages\logilab\astng\test\regrtest_data\absimp\__init__.py
Lib\site-packages\logilab\astng\test\regrtest_data\absimp\sidepackage\__init__.py
Lib\site-packages\logilab\astng\test\regrtest_data\package\subpackage
Lib\site-packages\logilab\astng\test\regrtest_data\package\absimport.py
Lib\site-packages\logilab\astng\test\regrtest_data\package\hello.py
Lib\site-packages\logilab\astng\test\regrtest_data\package\import_package_subpackage_module.py
Lib\site-packages\logilab\astng\test\regrtest_data\package\__init__.py
Lib\site-packages\logilab\astng\test\regrtest_data\package\subpackage\module.py
Lib\site-packages\logilab\astng\test\regrtest_data\package\subpackage\__init__.py
Lib\site-packages\logilab_astng-0.24.1-py2.7.egg-info\dependency_links.txt
Lib\site-packages\logilab_astng-0.24.1-py2.7.egg-info\namespace_packages.txt
Lib\site-packages\logilab_astng-0.24.1-py2.7.egg-info\PKG-INFO
Lib\site-packages\logilab_astng-0.24.1-py2.7.egg-info\requires.txt
Lib\site-packages\logilab_astng-0.24.1-py2.7.egg-info\SOURCES.txt
Lib\site-packages\logilab_astng-0.24.1-py2.7.egg-info\top_level.txt