# WPPM package installation log
# 
# Package: logilab-common v0.58.3

Lib\site-packages\logilab
Lib\site-packages\logilab_common-0.58.3-py2.7.egg-info
Lib\site-packages\logilab_common-0.58.3-py2.7-nspkg.pth
Lib\site-packages\logilab\common
Lib\site-packages\logilab\__init__.py
Lib\site-packages\logilab\common\test
Lib\site-packages\logilab\common\ureports
Lib\site-packages\logilab\common\cache.py
Lib\site-packages\logilab\common\changelog.py
Lib\site-packages\logilab\common\clcommands.py
Lib\site-packages\logilab\common\cli.py
Lib\site-packages\logilab\common\compat.py
Lib\site-packages\logilab\common\configuration.py
Lib\site-packages\logilab\common\contexts.py
Lib\site-packages\logilab\common\corbautils.py
Lib\site-packages\logilab\common\daemon.py
Lib\site-packages\logilab\common\date.py
Lib\site-packages\logilab\common\dbf.py
Lib\site-packages\logilab\common\debugger.py
Lib\site-packages\logilab\common\decorators.py
Lib\site-packages\logilab\common\deprecation.py
Lib\site-packages\logilab\common\fileutils.py
Lib\site-packages\logilab\common\graph.py
Lib\site-packages\logilab\common\hg.py
Lib\site-packages\logilab\common\interface.py
Lib\site-packages\logilab\common\logging_ext.py
Lib\site-packages\logilab\common\modutils.py
Lib\site-packages\logilab\common\optik_ext.py
Lib\site-packages\logilab\common\optparser.py
Lib\site-packages\logilab\common\pdf_ext.py
Lib\site-packages\logilab\common\proc.py
Lib\site-packages\logilab\common\pyro_ext.py
Lib\site-packages\logilab\common\pytest.py
Lib\site-packages\logilab\common\registry.py
Lib\site-packages\logilab\common\shellutils.py
Lib\site-packages\logilab\common\sphinxutils.py
Lib\site-packages\logilab\common\sphinx_ext.py
Lib\site-packages\logilab\common\table.py
Lib\site-packages\logilab\common\tasksqueue.py
Lib\site-packages\logilab\common\testlib.py
Lib\site-packages\logilab\common\textutils.py
Lib\site-packages\logilab\common\tree.py
Lib\site-packages\logilab\common\umessage.py
Lib\site-packages\logilab\common\urllib2ext.py
Lib\site-packages\logilab\common\vcgutils.py
Lib\site-packages\logilab\common\visitor.py
Lib\site-packages\logilab\common\xmlrpcutils.py
Lib\site-packages\logilab\common\xmlutils.py
Lib\site-packages\logilab\common\__init__.py
Lib\site-packages\logilab\common\__pkginfo__.py
Lib\site-packages\logilab\common\test\data
Lib\site-packages\logilab\common\test\unittest_cache.py
Lib\site-packages\logilab\common\test\unittest_changelog.py
Lib\site-packages\logilab\common\test\unittest_compat.py
Lib\site-packages\logilab\common\test\unittest_configuration.py
Lib\site-packages\logilab\common\test\unittest_date.py
Lib\site-packages\logilab\common\test\unittest_decorators.py
Lib\site-packages\logilab\common\test\unittest_deprecation.py
Lib\site-packages\logilab\common\test\unittest_fileutils.py
Lib\site-packages\logilab\common\test\unittest_graph.py
Lib\site-packages\logilab\common\test\unittest_interface.py
Lib\site-packages\logilab\common\test\unittest_modutils.py
Lib\site-packages\logilab\common\test\unittest_pytest.py
Lib\site-packages\logilab\common\test\unittest_registry.py
Lib\site-packages\logilab\common\test\unittest_shellutils.py
Lib\site-packages\logilab\common\test\unittest_table.py
Lib\site-packages\logilab\common\test\unittest_taskqueue.py
Lib\site-packages\logilab\common\test\unittest_testlib.py
Lib\site-packages\logilab\common\test\unittest_textutils.py
Lib\site-packages\logilab\common\test\unittest_tree.py
Lib\site-packages\logilab\common\test\unittest_umessage.py
Lib\site-packages\logilab\common\test\unittest_ureports_html.py
Lib\site-packages\logilab\common\test\unittest_ureports_text.py
Lib\site-packages\logilab\common\test\unittest_xmlutils.py
Lib\site-packages\logilab\common\test\utils.py
Lib\site-packages\logilab\common\test\data\content_differ_dir
Lib\site-packages\logilab\common\test\data\file_differ_dir
Lib\site-packages\logilab\common\test\data\find_test
Lib\site-packages\logilab\common\test\data\lmfp
Lib\site-packages\logilab\common\test\data\reference_dir
Lib\site-packages\logilab\common\test\data\same_dir
Lib\site-packages\logilab\common\test\data\sub
Lib\site-packages\logilab\common\test\data\subdir_differ_dir
Lib\site-packages\logilab\common\test\data\ChangeLog
Lib\site-packages\logilab\common\test\data\deprecation.py
Lib\site-packages\logilab\common\test\data\foo.txt
Lib\site-packages\logilab\common\test\data\module.py
Lib\site-packages\logilab\common\test\data\module2.py
Lib\site-packages\logilab\common\test\data\MyPyPa-0.1.0-py2.5.egg
Lib\site-packages\logilab\common\test\data\MyPyPa-0.1.0.zip
Lib\site-packages\logilab\common\test\data\newlines.txt
Lib\site-packages\logilab\common\test\data\noendingnewline.py
Lib\site-packages\logilab\common\test\data\nonregr.py
Lib\site-packages\logilab\common\test\data\normal_file.txt
Lib\site-packages\logilab\common\test\data\spam.txt
Lib\site-packages\logilab\common\test\data\test.ini
Lib\site-packages\logilab\common\test\data\test1.msg
Lib\site-packages\logilab\common\test\data\test2.msg
Lib\site-packages\logilab\common\test\data\write_protected_file.txt
Lib\site-packages\logilab\common\test\data\__init__.py
Lib\site-packages\logilab\common\test\data\content_differ_dir\subdir
Lib\site-packages\logilab\common\test\data\content_differ_dir\NOTHING
Lib\site-packages\logilab\common\test\data\content_differ_dir\README
Lib\site-packages\logilab\common\test\data\content_differ_dir\subdir\coin
Lib\site-packages\logilab\common\test\data\content_differ_dir\subdir\toto.txt
Lib\site-packages\logilab\common\test\data\file_differ_dir\subdir
Lib\site-packages\logilab\common\test\data\file_differ_dir\subdirtwo
Lib\site-packages\logilab\common\test\data\file_differ_dir\NOTHING
Lib\site-packages\logilab\common\test\data\file_differ_dir\README
Lib\site-packages\logilab\common\test\data\file_differ_dir\subdir\toto.txt
Lib\site-packages\logilab\common\test\data\file_differ_dir\subdirtwo\Hello
Lib\site-packages\logilab\common\test\data\find_test\sub
Lib\site-packages\logilab\common\test\data\find_test\foo.txt
Lib\site-packages\logilab\common\test\data\find_test\module.py
Lib\site-packages\logilab\common\test\data\find_test\module2.py
Lib\site-packages\logilab\common\test\data\find_test\newlines.txt
Lib\site-packages\logilab\common\test\data\find_test\noendingnewline.py
Lib\site-packages\logilab\common\test\data\find_test\nonregr.py
Lib\site-packages\logilab\common\test\data\find_test\normal_file.txt
Lib\site-packages\logilab\common\test\data\find_test\spam.txt
Lib\site-packages\logilab\common\test\data\find_test\test.ini
Lib\site-packages\logilab\common\test\data\find_test\test1.msg
Lib\site-packages\logilab\common\test\data\find_test\test2.msg
Lib\site-packages\logilab\common\test\data\find_test\write_protected_file.txt
Lib\site-packages\logilab\common\test\data\find_test\__init__.py
Lib\site-packages\logilab\common\test\data\find_test\sub\doc.txt
Lib\site-packages\logilab\common\test\data\find_test\sub\momo.py
Lib\site-packages\logilab\common\test\data\lmfp\foo.py
Lib\site-packages\logilab\common\test\data\lmfp\__init__.py
Lib\site-packages\logilab\common\test\data\reference_dir\subdir
Lib\site-packages\logilab\common\test\data\reference_dir\NOTHING
Lib\site-packages\logilab\common\test\data\reference_dir\README
Lib\site-packages\logilab\common\test\data\reference_dir\subdir\coin
Lib\site-packages\logilab\common\test\data\reference_dir\subdir\toto.txt
Lib\site-packages\logilab\common\test\data\same_dir\subdir
Lib\site-packages\logilab\common\test\data\same_dir\NOTHING
Lib\site-packages\logilab\common\test\data\same_dir\README
Lib\site-packages\logilab\common\test\data\same_dir\subdir\coin
Lib\site-packages\logilab\common\test\data\same_dir\subdir\toto.txt
Lib\site-packages\logilab\common\test\data\sub\doc.txt
Lib\site-packages\logilab\common\test\data\sub\momo.py
Lib\site-packages\logilab\common\test\data\subdir_differ_dir\subdir
Lib\site-packages\logilab\common\test\data\subdir_differ_dir\NOTHING
Lib\site-packages\logilab\common\test\data\subdir_differ_dir\README
Lib\site-packages\logilab\common\test\data\subdir_differ_dir\subdir\coin
Lib\site-packages\logilab\common\test\data\subdir_differ_dir\subdir\toto.txt
Lib\site-packages\logilab\common\ureports\docbook_writer.py
Lib\site-packages\logilab\common\ureports\html_writer.py
Lib\site-packages\logilab\common\ureports\nodes.py
Lib\site-packages\logilab\common\ureports\text_writer.py
Lib\site-packages\logilab\common\ureports\__init__.py
Lib\site-packages\logilab_common-0.58.3-py2.7.egg-info\dependency_links.txt
Lib\site-packages\logilab_common-0.58.3-py2.7.egg-info\namespace_packages.txt
Lib\site-packages\logilab_common-0.58.3-py2.7.egg-info\PKG-INFO
Lib\site-packages\logilab_common-0.58.3-py2.7.egg-info\SOURCES.txt
Lib\site-packages\logilab_common-0.58.3-py2.7.egg-info\top_level.txt
Scripts\pytest.bat