# WPPM package installation log
# 
# Package: matplotlib v1.2.0

Lib\site-packages\dateutil
Lib\site-packages\matplotlib
Lib\site-packages\mpl_toolkits
Lib\site-packages\pytz
Lib\site-packages\matplotlib-1.2.0-py2.7.egg-info
Lib\site-packages\pylab.py
Lib\site-packages\six.py
Lib\site-packages\dateutil\zoneinfo
Lib\site-packages\dateutil\easter.py
Lib\site-packages\dateutil\parser.py
Lib\site-packages\dateutil\relativedelta.py
Lib\site-packages\dateutil\rrule.py
Lib\site-packages\dateutil\tz.py
Lib\site-packages\dateutil\tzwin.py
Lib\site-packages\dateutil\__init__.py
Lib\site-packages\dateutil\zoneinfo\zoneinfo-2010g.tar.gz
Lib\site-packages\dateutil\zoneinfo\__init__.py
Lib\site-packages\matplotlib\backends
Lib\site-packages\matplotlib\delaunay
Lib\site-packages\matplotlib\mpl-data
Lib\site-packages\matplotlib\projections
Lib\site-packages\matplotlib\sphinxext
Lib\site-packages\matplotlib\testing
Lib\site-packages\matplotlib\tests
Lib\site-packages\matplotlib\tri
Lib\site-packages\matplotlib\afm.py
Lib\site-packages\matplotlib\animation.py
Lib\site-packages\matplotlib\artist.py
Lib\site-packages\matplotlib\axes.py
Lib\site-packages\matplotlib\axis.py
Lib\site-packages\matplotlib\backend_bases.py
Lib\site-packages\matplotlib\bezier.py
Lib\site-packages\matplotlib\blocking_input.py
Lib\site-packages\matplotlib\cbook.py
Lib\site-packages\matplotlib\cm.py
Lib\site-packages\matplotlib\collections.py
Lib\site-packages\matplotlib\colorbar.py
Lib\site-packages\matplotlib\colors.py
Lib\site-packages\matplotlib\container.py
Lib\site-packages\matplotlib\contour.py
Lib\site-packages\matplotlib\dates.py
Lib\site-packages\matplotlib\docstring.py
Lib\site-packages\matplotlib\dviread.py
Lib\site-packages\matplotlib\figure.py
Lib\site-packages\matplotlib\finance.py
Lib\site-packages\matplotlib\fontconfig_pattern.py
Lib\site-packages\matplotlib\font_manager.py
Lib\site-packages\matplotlib\ft2font.pyd
Lib\site-packages\matplotlib\gridspec.py
Lib\site-packages\matplotlib\hatch.py
Lib\site-packages\matplotlib\image.py
Lib\site-packages\matplotlib\legend.py
Lib\site-packages\matplotlib\legend_handler.py
Lib\site-packages\matplotlib\lines.py
Lib\site-packages\matplotlib\markers.py
Lib\site-packages\matplotlib\mathtext.py
Lib\site-packages\matplotlib\mlab.py
Lib\site-packages\matplotlib\mpl.py
Lib\site-packages\matplotlib\nxutils.py
Lib\site-packages\matplotlib\offsetbox.py
Lib\site-packages\matplotlib\patches.py
Lib\site-packages\matplotlib\path.py
Lib\site-packages\matplotlib\patheffects.py
Lib\site-packages\matplotlib\pylab.py
Lib\site-packages\matplotlib\pyparsing_py2.py
Lib\site-packages\matplotlib\pyparsing_py3.py
Lib\site-packages\matplotlib\pyplot.py
Lib\site-packages\matplotlib\quiver.py
Lib\site-packages\matplotlib\rcsetup.py
Lib\site-packages\matplotlib\sankey.py
Lib\site-packages\matplotlib\scale.py
Lib\site-packages\matplotlib\spines.py
Lib\site-packages\matplotlib\stackplot.py
Lib\site-packages\matplotlib\streamplot.py
Lib\site-packages\matplotlib\table.py
Lib\site-packages\matplotlib\texmanager.py
Lib\site-packages\matplotlib\text.py
Lib\site-packages\matplotlib\textpath.py
Lib\site-packages\matplotlib\ticker.py
Lib\site-packages\matplotlib\tight_bbox.py
Lib\site-packages\matplotlib\tight_layout.py
Lib\site-packages\matplotlib\transforms.py
Lib\site-packages\matplotlib\ttconv.pyd
Lib\site-packages\matplotlib\type1font.py
Lib\site-packages\matplotlib\units.py
Lib\site-packages\matplotlib\widgets.py
Lib\site-packages\matplotlib\_cm.py
Lib\site-packages\matplotlib\_cntr.pyd
Lib\site-packages\matplotlib\_delaunay.pyd
Lib\site-packages\matplotlib\_image.pyd
Lib\site-packages\matplotlib\_mathtext_data.py
Lib\site-packages\matplotlib\_path.pyd
Lib\site-packages\matplotlib\_png.pyd
Lib\site-packages\matplotlib\_pylab_helpers.py
Lib\site-packages\matplotlib\_tri.pyd
Lib\site-packages\matplotlib\_windowing.pyd
Lib\site-packages\matplotlib\__init__.py
Lib\site-packages\matplotlib\backends\Matplotlib.nib
Lib\site-packages\matplotlib\backends\qt4_editor
Lib\site-packages\matplotlib\backends\backend_agg.py
Lib\site-packages\matplotlib\backends\backend_cairo.py
Lib\site-packages\matplotlib\backends\backend_cocoaagg.py
Lib\site-packages\matplotlib\backends\backend_emf.py
Lib\site-packages\matplotlib\backends\backend_fltkagg.py
Lib\site-packages\matplotlib\backends\backend_gdk.py
Lib\site-packages\matplotlib\backends\backend_gtk.py
Lib\site-packages\matplotlib\backends\backend_gtk3.py
Lib\site-packages\matplotlib\backends\backend_gtk3agg.py
Lib\site-packages\matplotlib\backends\backend_gtk3cairo.py
Lib\site-packages\matplotlib\backends\backend_gtkagg.py
Lib\site-packages\matplotlib\backends\backend_gtkcairo.py
Lib\site-packages\matplotlib\backends\backend_macosx.py
Lib\site-packages\matplotlib\backends\backend_mixed.py
Lib\site-packages\matplotlib\backends\backend_pdf.py
Lib\site-packages\matplotlib\backends\backend_pgf.py
Lib\site-packages\matplotlib\backends\backend_ps.py
Lib\site-packages\matplotlib\backends\backend_qt.py
Lib\site-packages\matplotlib\backends\backend_qt4.py
Lib\site-packages\matplotlib\backends\backend_qt4agg.py
Lib\site-packages\matplotlib\backends\backend_qtagg.py
Lib\site-packages\matplotlib\backends\backend_svg.py
Lib\site-packages\matplotlib\backends\backend_template.py
Lib\site-packages\matplotlib\backends\backend_tkagg.py
Lib\site-packages\matplotlib\backends\backend_wx.py
Lib\site-packages\matplotlib\backends\backend_wxagg.py
Lib\site-packages\matplotlib\backends\qt4_compat.py
Lib\site-packages\matplotlib\backends\tkagg.py
Lib\site-packages\matplotlib\backends\windowing.py
Lib\site-packages\matplotlib\backends\_backend_agg.pyd
Lib\site-packages\matplotlib\backends\_backend_gdk.pyd
Lib\site-packages\matplotlib\backends\_gtkagg.pyd
Lib\site-packages\matplotlib\backends\_tkagg.pyd
Lib\site-packages\matplotlib\backends\__init__.py
Lib\site-packages\matplotlib\backends\Matplotlib.nib\classes.nib
Lib\site-packages\matplotlib\backends\Matplotlib.nib\info.nib
Lib\site-packages\matplotlib\backends\Matplotlib.nib\keyedobjects.nib
Lib\site-packages\matplotlib\backends\qt4_editor\figureoptions.py
Lib\site-packages\matplotlib\backends\qt4_editor\formlayout.py
Lib\site-packages\matplotlib\backends\qt4_editor\__init__.py
Lib\site-packages\matplotlib\delaunay\interpolate.py
Lib\site-packages\matplotlib\delaunay\testfuncs.py
Lib\site-packages\matplotlib\delaunay\triangulate.py
Lib\site-packages\matplotlib\delaunay\__init__.py
Lib\site-packages\matplotlib\mpl-data\fonts
Lib\site-packages\matplotlib\mpl-data\images
Lib\site-packages\matplotlib\mpl-data\sample_data
Lib\site-packages\matplotlib\mpl-data\lineprops.glade
Lib\site-packages\matplotlib\mpl-data\matplotlibrc
Lib\site-packages\matplotlib\mpl-data\fonts\afm
Lib\site-packages\matplotlib\mpl-data\fonts\pdfcorefonts
Lib\site-packages\matplotlib\mpl-data\fonts\ttf
Lib\site-packages\matplotlib\mpl-data\fonts\afm\cmex10.afm
Lib\site-packages\matplotlib\mpl-data\fonts\afm\cmmi10.afm
Lib\site-packages\matplotlib\mpl-data\fonts\afm\cmr10.afm
Lib\site-packages\matplotlib\mpl-data\fonts\afm\cmsy10.afm
Lib\site-packages\matplotlib\mpl-data\fonts\afm\cmtt10.afm
Lib\site-packages\matplotlib\mpl-data\fonts\afm\pagd8a.afm
Lib\site-packages\matplotlib\mpl-data\fonts\afm\pagdo8a.afm
Lib\site-packages\matplotlib\mpl-data\fonts\afm\pagk8a.afm
Lib\site-packages\matplotlib\mpl-data\fonts\afm\pagko8a.afm
Lib\site-packages\matplotlib\mpl-data\fonts\afm\pbkd8a.afm
Lib\site-packages\matplotlib\mpl-data\fonts\afm\pbkdi8a.afm
Lib\site-packages\matplotlib\mpl-data\fonts\afm\pbkl8a.afm
Lib\site-packages\matplotlib\mpl-data\fonts\afm\pbkli8a.afm
Lib\site-packages\matplotlib\mpl-data\fonts\afm\pcrb8a.afm
Lib\site-packages\matplotlib\mpl-data\fonts\afm\pcrbo8a.afm
Lib\site-packages\matplotlib\mpl-data\fonts\afm\pcrr8a.afm
Lib\site-packages\matplotlib\mpl-data\fonts\afm\pcrro8a.afm
Lib\site-packages\matplotlib\mpl-data\fonts\afm\phvb8a.afm
Lib\site-packages\matplotlib\mpl-data\fonts\afm\phvb8an.afm
Lib\site-packages\matplotlib\mpl-data\fonts\afm\phvbo8a.afm
Lib\site-packages\matplotlib\mpl-data\fonts\afm\phvbo8an.afm
Lib\site-packages\matplotlib\mpl-data\fonts\afm\phvl8a.afm
Lib\site-packages\matplotlib\mpl-data\fonts\afm\phvlo8a.afm
Lib\site-packages\matplotlib\mpl-data\fonts\afm\phvr8a.afm
Lib\site-packages\matplotlib\mpl-data\fonts\afm\phvr8an.afm
Lib\site-packages\matplotlib\mpl-data\fonts\afm\phvro8a.afm
Lib\site-packages\matplotlib\mpl-data\fonts\afm\phvro8an.afm
Lib\site-packages\matplotlib\mpl-data\fonts\afm\pncb8a.afm
Lib\site-packages\matplotlib\mpl-data\fonts\afm\pncbi8a.afm
Lib\site-packages\matplotlib\mpl-data\fonts\afm\pncr8a.afm
Lib\site-packages\matplotlib\mpl-data\fonts\afm\pncri8a.afm
Lib\site-packages\matplotlib\mpl-data\fonts\afm\pplb8a.afm
Lib\site-packages\matplotlib\mpl-data\fonts\afm\pplbi8a.afm
Lib\site-packages\matplotlib\mpl-data\fonts\afm\pplr8a.afm
Lib\site-packages\matplotlib\mpl-data\fonts\afm\pplri8a.afm
Lib\site-packages\matplotlib\mpl-data\fonts\afm\psyr.afm
Lib\site-packages\matplotlib\mpl-data\fonts\afm\ptmb8a.afm
Lib\site-packages\matplotlib\mpl-data\fonts\afm\ptmbi8a.afm
Lib\site-packages\matplotlib\mpl-data\fonts\afm\ptmr8a.afm
Lib\site-packages\matplotlib\mpl-data\fonts\afm\ptmri8a.afm
Lib\site-packages\matplotlib\mpl-data\fonts\afm\putb8a.afm
Lib\site-packages\matplotlib\mpl-data\fonts\afm\putbi8a.afm
Lib\site-packages\matplotlib\mpl-data\fonts\afm\putr8a.afm
Lib\site-packages\matplotlib\mpl-data\fonts\afm\putri8a.afm
Lib\site-packages\matplotlib\mpl-data\fonts\afm\pzcmi8a.afm
Lib\site-packages\matplotlib\mpl-data\fonts\afm\pzdr.afm
Lib\site-packages\matplotlib\mpl-data\fonts\pdfcorefonts\Courier-Bold.afm
Lib\site-packages\matplotlib\mpl-data\fonts\pdfcorefonts\Courier-BoldOblique.afm
Lib\site-packages\matplotlib\mpl-data\fonts\pdfcorefonts\Courier-Oblique.afm
Lib\site-packages\matplotlib\mpl-data\fonts\pdfcorefonts\Courier.afm
Lib\site-packages\matplotlib\mpl-data\fonts\pdfcorefonts\Helvetica-Bold.afm
Lib\site-packages\matplotlib\mpl-data\fonts\pdfcorefonts\Helvetica-BoldOblique.afm
Lib\site-packages\matplotlib\mpl-data\fonts\pdfcorefonts\Helvetica-Oblique.afm
Lib\site-packages\matplotlib\mpl-data\fonts\pdfcorefonts\Helvetica.afm
Lib\site-packages\matplotlib\mpl-data\fonts\pdfcorefonts\readme.txt
Lib\site-packages\matplotlib\mpl-data\fonts\pdfcorefonts\Symbol.afm
Lib\site-packages\matplotlib\mpl-data\fonts\pdfcorefonts\Times-Bold.afm
Lib\site-packages\matplotlib\mpl-data\fonts\pdfcorefonts\Times-BoldItalic.afm
Lib\site-packages\matplotlib\mpl-data\fonts\pdfcorefonts\Times-Italic.afm
Lib\site-packages\matplotlib\mpl-data\fonts\pdfcorefonts\Times-Roman.afm
Lib\site-packages\matplotlib\mpl-data\fonts\pdfcorefonts\ZapfDingbats.afm
Lib\site-packages\matplotlib\mpl-data\fonts\ttf\cmb10.ttf
Lib\site-packages\matplotlib\mpl-data\fonts\ttf\cmex10.ttf
Lib\site-packages\matplotlib\mpl-data\fonts\ttf\cmmi10.ttf
Lib\site-packages\matplotlib\mpl-data\fonts\ttf\cmr10.ttf
Lib\site-packages\matplotlib\mpl-data\fonts\ttf\cmss10.ttf
Lib\site-packages\matplotlib\mpl-data\fonts\ttf\cmsy10.ttf
Lib\site-packages\matplotlib\mpl-data\fonts\ttf\cmtt10.ttf
Lib\site-packages\matplotlib\mpl-data\fonts\ttf\COPYRIGHT.TXT
Lib\site-packages\matplotlib\mpl-data\fonts\ttf\LICENSE_STIX
Lib\site-packages\matplotlib\mpl-data\fonts\ttf\README.TXT
Lib\site-packages\matplotlib\mpl-data\fonts\ttf\RELEASENOTES.TXT
Lib\site-packages\matplotlib\mpl-data\fonts\ttf\STIXGeneral.ttf
Lib\site-packages\matplotlib\mpl-data\fonts\ttf\STIXGeneralBol.ttf
Lib\site-packages\matplotlib\mpl-data\fonts\ttf\STIXGeneralBolIta.ttf
Lib\site-packages\matplotlib\mpl-data\fonts\ttf\STIXGeneralItalic.ttf
Lib\site-packages\matplotlib\mpl-data\fonts\ttf\STIXNonUni.ttf
Lib\site-packages\matplotlib\mpl-data\fonts\ttf\STIXNonUniBol.ttf
Lib\site-packages\matplotlib\mpl-data\fonts\ttf\STIXNonUniBolIta.ttf
Lib\site-packages\matplotlib\mpl-data\fonts\ttf\STIXNonUniIta.ttf
Lib\site-packages\matplotlib\mpl-data\fonts\ttf\STIXSizFiveSymReg.ttf
Lib\site-packages\matplotlib\mpl-data\fonts\ttf\STIXSizFourSymBol.ttf
Lib\site-packages\matplotlib\mpl-data\fonts\ttf\STIXSizFourSymReg.ttf
Lib\site-packages\matplotlib\mpl-data\fonts\ttf\STIXSizOneSymBol.ttf
Lib\site-packages\matplotlib\mpl-data\fonts\ttf\STIXSizOneSymReg.ttf
Lib\site-packages\matplotlib\mpl-data\fonts\ttf\STIXSizThreeSymBol.ttf
Lib\site-packages\matplotlib\mpl-data\fonts\ttf\STIXSizThreeSymReg.ttf
Lib\site-packages\matplotlib\mpl-data\fonts\ttf\STIXSizTwoSymBol.ttf
Lib\site-packages\matplotlib\mpl-data\fonts\ttf\STIXSizTwoSymReg.ttf
Lib\site-packages\matplotlib\mpl-data\fonts\ttf\Vera.ttf
Lib\site-packages\matplotlib\mpl-data\fonts\ttf\VeraBd.ttf
Lib\site-packages\matplotlib\mpl-data\fonts\ttf\VeraBI.ttf
Lib\site-packages\matplotlib\mpl-data\fonts\ttf\VeraIt.ttf
Lib\site-packages\matplotlib\mpl-data\fonts\ttf\VeraMoBd.ttf
Lib\site-packages\matplotlib\mpl-data\fonts\ttf\VeraMoBI.ttf
Lib\site-packages\matplotlib\mpl-data\fonts\ttf\VeraMoIt.ttf
Lib\site-packages\matplotlib\mpl-data\fonts\ttf\VeraMono.ttf
Lib\site-packages\matplotlib\mpl-data\fonts\ttf\VeraSe.ttf
Lib\site-packages\matplotlib\mpl-data\fonts\ttf\VeraSeBd.ttf
Lib\site-packages\matplotlib\mpl-data\images\back.png
Lib\site-packages\matplotlib\mpl-data\images\back.ppm
Lib\site-packages\matplotlib\mpl-data\images\back.svg
Lib\site-packages\matplotlib\mpl-data\images\back.xpm
Lib\site-packages\matplotlib\mpl-data\images\filesave.png
Lib\site-packages\matplotlib\mpl-data\images\filesave.ppm
Lib\site-packages\matplotlib\mpl-data\images\filesave.svg
Lib\site-packages\matplotlib\mpl-data\images\filesave.xpm
Lib\site-packages\matplotlib\mpl-data\images\forward.png
Lib\site-packages\matplotlib\mpl-data\images\forward.ppm
Lib\site-packages\matplotlib\mpl-data\images\forward.svg
Lib\site-packages\matplotlib\mpl-data\images\forward.xpm
Lib\site-packages\matplotlib\mpl-data\images\hand.png
Lib\site-packages\matplotlib\mpl-data\images\hand.ppm
Lib\site-packages\matplotlib\mpl-data\images\hand.svg
Lib\site-packages\matplotlib\mpl-data\images\hand.xpm
Lib\site-packages\matplotlib\mpl-data\images\home.png
Lib\site-packages\matplotlib\mpl-data\images\home.ppm
Lib\site-packages\matplotlib\mpl-data\images\home.svg
Lib\site-packages\matplotlib\mpl-data\images\home.xpm
Lib\site-packages\matplotlib\mpl-data\images\matplotlib.gif
Lib\site-packages\matplotlib\mpl-data\images\matplotlib.png
Lib\site-packages\matplotlib\mpl-data\images\matplotlib.svg
Lib\site-packages\matplotlib\mpl-data\images\move.png
Lib\site-packages\matplotlib\mpl-data\images\move.ppm
Lib\site-packages\matplotlib\mpl-data\images\move.svg
Lib\site-packages\matplotlib\mpl-data\images\move.xpm
Lib\site-packages\matplotlib\mpl-data\images\qt4_editor_options.png
Lib\site-packages\matplotlib\mpl-data\images\qt4_editor_options.svg
Lib\site-packages\matplotlib\mpl-data\images\stock_close.ppm
Lib\site-packages\matplotlib\mpl-data\images\stock_close.xpm
Lib\site-packages\matplotlib\mpl-data\images\stock_down.ppm
Lib\site-packages\matplotlib\mpl-data\images\stock_down.xpm
Lib\site-packages\matplotlib\mpl-data\images\stock_left.ppm
Lib\site-packages\matplotlib\mpl-data\images\stock_left.xpm
Lib\site-packages\matplotlib\mpl-data\images\stock_refresh.ppm
Lib\site-packages\matplotlib\mpl-data\images\stock_refresh.xpm
Lib\site-packages\matplotlib\mpl-data\images\stock_right.ppm
Lib\site-packages\matplotlib\mpl-data\images\stock_right.xpm
Lib\site-packages\matplotlib\mpl-data\images\stock_save_as.ppm
Lib\site-packages\matplotlib\mpl-data\images\stock_save_as.xpm
Lib\site-packages\matplotlib\mpl-data\images\stock_up.ppm
Lib\site-packages\matplotlib\mpl-data\images\stock_up.xpm
Lib\site-packages\matplotlib\mpl-data\images\stock_zoom-in.ppm
Lib\site-packages\matplotlib\mpl-data\images\stock_zoom-in.xpm
Lib\site-packages\matplotlib\mpl-data\images\stock_zoom-out.ppm
Lib\site-packages\matplotlib\mpl-data\images\stock_zoom-out.xpm
Lib\site-packages\matplotlib\mpl-data\images\subplots.png
Lib\site-packages\matplotlib\mpl-data\images\subplots.ppm
Lib\site-packages\matplotlib\mpl-data\images\subplots.xpm
Lib\site-packages\matplotlib\mpl-data\images\zoom_to_rect.png
Lib\site-packages\matplotlib\mpl-data\images\zoom_to_rect.ppm
Lib\site-packages\matplotlib\mpl-data\images\zoom_to_rect.svg
Lib\site-packages\matplotlib\mpl-data\images\zoom_to_rect.xpm
Lib\site-packages\matplotlib\mpl-data\sample_data\axes_grid
Lib\site-packages\matplotlib\mpl-data\sample_data\aapl.csv
Lib\site-packages\matplotlib\mpl-data\sample_data\AAPL.dat.gz
Lib\site-packages\matplotlib\mpl-data\sample_data\aapl.npy.gz
Lib\site-packages\matplotlib\mpl-data\sample_data\ct.raw.gz
Lib\site-packages\matplotlib\mpl-data\sample_data\data_x_x2_x3.csv
Lib\site-packages\matplotlib\mpl-data\sample_data\demodata.csv
Lib\site-packages\matplotlib\mpl-data\sample_data\eeg.dat
Lib\site-packages\matplotlib\mpl-data\sample_data\embedding_in_wx3.xrc
Lib\site-packages\matplotlib\mpl-data\sample_data\goog.npy
Lib\site-packages\matplotlib\mpl-data\sample_data\INTC.dat.gz
Lib\site-packages\matplotlib\mpl-data\sample_data\lena.jpg
Lib\site-packages\matplotlib\mpl-data\sample_data\lena.png
Lib\site-packages\matplotlib\mpl-data\sample_data\logo2.png
Lib\site-packages\matplotlib\mpl-data\sample_data\membrane.dat
Lib\site-packages\matplotlib\mpl-data\sample_data\Minduka_Present_Blue_Pack.png
Lib\site-packages\matplotlib\mpl-data\sample_data\msft.csv
Lib\site-packages\matplotlib\mpl-data\sample_data\README.txt
Lib\site-packages\matplotlib\mpl-data\sample_data\s1045.ima.gz
Lib\site-packages\matplotlib\mpl-data\sample_data\axes_grid\bivariate_normal.npy
Lib\site-packages\matplotlib\projections\geo.py
Lib\site-packages\matplotlib\projections\polar.py
Lib\site-packages\matplotlib\projections\__init__.py
Lib\site-packages\matplotlib\sphinxext\ipython_console_highlighting.py
Lib\site-packages\matplotlib\sphinxext\ipython_directive.py
Lib\site-packages\matplotlib\sphinxext\mathmpl.py
Lib\site-packages\matplotlib\sphinxext\only_directives.py
Lib\site-packages\matplotlib\sphinxext\plot_directive.py
Lib\site-packages\matplotlib\sphinxext\__init__.py
Lib\site-packages\matplotlib\testing\jpl_units
Lib\site-packages\matplotlib\testing\compare.py
Lib\site-packages\matplotlib\testing\decorators.py
Lib\site-packages\matplotlib\testing\image_util.py
Lib\site-packages\matplotlib\testing\noseclasses.py
Lib\site-packages\matplotlib\testing\util.py
Lib\site-packages\matplotlib\testing\__init__.py
Lib\site-packages\matplotlib\testing\jpl_units\Duration.py
Lib\site-packages\matplotlib\testing\jpl_units\Epoch.py
Lib\site-packages\matplotlib\testing\jpl_units\EpochConverter.py
Lib\site-packages\matplotlib\testing\jpl_units\StrConverter.py
Lib\site-packages\matplotlib\testing\jpl_units\UnitDbl.py
Lib\site-packages\matplotlib\testing\jpl_units\UnitDblConverter.py
Lib\site-packages\matplotlib\testing\jpl_units\UnitDblFormatter.py
Lib\site-packages\matplotlib\testing\jpl_units\__init__.py
Lib\site-packages\matplotlib\tests\test_agg.py
Lib\site-packages\matplotlib\tests\test_arrow_patches.py
Lib\site-packages\matplotlib\tests\test_artist.py
Lib\site-packages\matplotlib\tests\test_axes.py
Lib\site-packages\matplotlib\tests\test_backend_pdf.py
Lib\site-packages\matplotlib\tests\test_backend_pgf.py
Lib\site-packages\matplotlib\tests\test_backend_svg.py
Lib\site-packages\matplotlib\tests\test_basic.py
Lib\site-packages\matplotlib\tests\test_cbook.py
Lib\site-packages\matplotlib\tests\test_colorbar.py
Lib\site-packages\matplotlib\tests\test_colors.py
Lib\site-packages\matplotlib\tests\test_dates.py
Lib\site-packages\matplotlib\tests\test_delaunay.py
Lib\site-packages\matplotlib\tests\test_dviread.py
Lib\site-packages\matplotlib\tests\test_figure.py
Lib\site-packages\matplotlib\tests\test_image.py
Lib\site-packages\matplotlib\tests\test_legend.py
Lib\site-packages\matplotlib\tests\test_mathtext.py
Lib\site-packages\matplotlib\tests\test_mlab.py
Lib\site-packages\matplotlib\tests\test_patches.py
Lib\site-packages\matplotlib\tests\test_pickle.py
Lib\site-packages\matplotlib\tests\test_png.py
Lib\site-packages\matplotlib\tests\test_rcparams.py
Lib\site-packages\matplotlib\tests\test_scale.py
Lib\site-packages\matplotlib\tests\test_simplification.py
Lib\site-packages\matplotlib\tests\test_spines.py
Lib\site-packages\matplotlib\tests\test_subplots.py
Lib\site-packages\matplotlib\tests\test_text.py
Lib\site-packages\matplotlib\tests\test_ticker.py
Lib\site-packages\matplotlib\tests\test_tightlayout.py
Lib\site-packages\matplotlib\tests\test_transforms.py
Lib\site-packages\matplotlib\tests\test_triangulation.py
Lib\site-packages\matplotlib\tests\test_ttconv.py
Lib\site-packages\matplotlib\tests\__init__.py
Lib\site-packages\matplotlib\tri\triangulation.py
Lib\site-packages\matplotlib\tri\tricontour.py
Lib\site-packages\matplotlib\tri\tripcolor.py
Lib\site-packages\matplotlib\tri\triplot.py
Lib\site-packages\matplotlib\tri\__init__.py
Lib\site-packages\mpl_toolkits\axes_grid
Lib\site-packages\mpl_toolkits\axes_grid1
Lib\site-packages\mpl_toolkits\axisartist
Lib\site-packages\mpl_toolkits\mplot3d
Lib\site-packages\mpl_toolkits\exceltools.py
Lib\site-packages\mpl_toolkits\gtktools.py
Lib\site-packages\mpl_toolkits\__init__.py
Lib\site-packages\mpl_toolkits\axes_grid\anchored_artists.py
Lib\site-packages\mpl_toolkits\axes_grid\angle_helper.py
Lib\site-packages\mpl_toolkits\axes_grid\axes_divider.py
Lib\site-packages\mpl_toolkits\axes_grid\axes_grid.py
Lib\site-packages\mpl_toolkits\axes_grid\axes_rgb.py
Lib\site-packages\mpl_toolkits\axes_grid\axes_size.py
Lib\site-packages\mpl_toolkits\axes_grid\axislines.py
Lib\site-packages\mpl_toolkits\axes_grid\axisline_style.py
Lib\site-packages\mpl_toolkits\axes_grid\axis_artist.py
Lib\site-packages\mpl_toolkits\axes_grid\clip_path.py
Lib\site-packages\mpl_toolkits\axes_grid\colorbar.py
Lib\site-packages\mpl_toolkits\axes_grid\floating_axes.py
Lib\site-packages\mpl_toolkits\axes_grid\grid_finder.py
Lib\site-packages\mpl_toolkits\axes_grid\grid_helper_curvelinear.py
Lib\site-packages\mpl_toolkits\axes_grid\inset_locator.py
Lib\site-packages\mpl_toolkits\axes_grid\parasite_axes.py
Lib\site-packages\mpl_toolkits\axes_grid\__init__.py
Lib\site-packages\mpl_toolkits\axes_grid1\anchored_artists.py
Lib\site-packages\mpl_toolkits\axes_grid1\axes_divider.py
Lib\site-packages\mpl_toolkits\axes_grid1\axes_grid.py
Lib\site-packages\mpl_toolkits\axes_grid1\axes_rgb.py
Lib\site-packages\mpl_toolkits\axes_grid1\axes_size.py
Lib\site-packages\mpl_toolkits\axes_grid1\colorbar.py
Lib\site-packages\mpl_toolkits\axes_grid1\inset_locator.py
Lib\site-packages\mpl_toolkits\axes_grid1\mpl_axes.py
Lib\site-packages\mpl_toolkits\axes_grid1\parasite_axes.py
Lib\site-packages\mpl_toolkits\axes_grid1\__init__.py
Lib\site-packages\mpl_toolkits\axisartist\angle_helper.py
Lib\site-packages\mpl_toolkits\axisartist\axislines.py
Lib\site-packages\mpl_toolkits\axisartist\axisline_style.py
Lib\site-packages\mpl_toolkits\axisartist\axis_artist.py
Lib\site-packages\mpl_toolkits\axisartist\clip_path.py
Lib\site-packages\mpl_toolkits\axisartist\floating_axes.py
Lib\site-packages\mpl_toolkits\axisartist\grid_finder.py
Lib\site-packages\mpl_toolkits\axisartist\grid_helper_curvelinear.py
Lib\site-packages\mpl_toolkits\axisartist\__init__.py
Lib\site-packages\mpl_toolkits\mplot3d\art3d.py
Lib\site-packages\mpl_toolkits\mplot3d\axes3d.py
Lib\site-packages\mpl_toolkits\mplot3d\axis3d.py
Lib\site-packages\mpl_toolkits\mplot3d\proj3d.py
Lib\site-packages\mpl_toolkits\mplot3d\__init__.py
Lib\site-packages\pytz\zoneinfo
Lib\site-packages\pytz\exceptions.py
Lib\site-packages\pytz\reference.py
Lib\site-packages\pytz\tzfile.py
Lib\site-packages\pytz\tzinfo.py
Lib\site-packages\pytz\__init__.py
Lib\site-packages\pytz\zoneinfo\Africa
Lib\site-packages\pytz\zoneinfo\America
Lib\site-packages\pytz\zoneinfo\Antarctica
Lib\site-packages\pytz\zoneinfo\Arctic
Lib\site-packages\pytz\zoneinfo\Asia
Lib\site-packages\pytz\zoneinfo\Atlantic
Lib\site-packages\pytz\zoneinfo\Australia
Lib\site-packages\pytz\zoneinfo\Brazil
Lib\site-packages\pytz\zoneinfo\Canada
Lib\site-packages\pytz\zoneinfo\Chile
Lib\site-packages\pytz\zoneinfo\Etc
Lib\site-packages\pytz\zoneinfo\Europe
Lib\site-packages\pytz\zoneinfo\Indian
Lib\site-packages\pytz\zoneinfo\Mexico
Lib\site-packages\pytz\zoneinfo\Mideast
Lib\site-packages\pytz\zoneinfo\Pacific
Lib\site-packages\pytz\zoneinfo\US
Lib\site-packages\pytz\zoneinfo\CET
Lib\site-packages\pytz\zoneinfo\CST6CDT
Lib\site-packages\pytz\zoneinfo\Cuba
Lib\site-packages\pytz\zoneinfo\EET
Lib\site-packages\pytz\zoneinfo\Egypt
Lib\site-packages\pytz\zoneinfo\Eire
Lib\site-packages\pytz\zoneinfo\EST
Lib\site-packages\pytz\zoneinfo\EST5EDT
Lib\site-packages\pytz\zoneinfo\Factory
Lib\site-packages\pytz\zoneinfo\GB
Lib\site-packages\pytz\zoneinfo\GB-Eire
Lib\site-packages\pytz\zoneinfo\GMT
Lib\site-packages\pytz\zoneinfo\GMT+0
Lib\site-packages\pytz\zoneinfo\GMT-0
Lib\site-packages\pytz\zoneinfo\GMT0
Lib\site-packages\pytz\zoneinfo\Greenwich
Lib\site-packages\pytz\zoneinfo\Hongkong
Lib\site-packages\pytz\zoneinfo\HST
Lib\site-packages\pytz\zoneinfo\Iceland
Lib\site-packages\pytz\zoneinfo\Iran
Lib\site-packages\pytz\zoneinfo\iso3166.tab
Lib\site-packages\pytz\zoneinfo\Israel
Lib\site-packages\pytz\zoneinfo\Jamaica
Lib\site-packages\pytz\zoneinfo\Japan
Lib\site-packages\pytz\zoneinfo\Kwajalein
Lib\site-packages\pytz\zoneinfo\Libya
Lib\site-packages\pytz\zoneinfo\localtime
Lib\site-packages\pytz\zoneinfo\MET
Lib\site-packages\pytz\zoneinfo\MST
Lib\site-packages\pytz\zoneinfo\MST7MDT
Lib\site-packages\pytz\zoneinfo\Navajo
Lib\site-packages\pytz\zoneinfo\NZ
Lib\site-packages\pytz\zoneinfo\NZ-CHAT
Lib\site-packages\pytz\zoneinfo\Poland
Lib\site-packages\pytz\zoneinfo\Portugal
Lib\site-packages\pytz\zoneinfo\posixrules
Lib\site-packages\pytz\zoneinfo\PRC
Lib\site-packages\pytz\zoneinfo\PST8PDT
Lib\site-packages\pytz\zoneinfo\ROC
Lib\site-packages\pytz\zoneinfo\ROK
Lib\site-packages\pytz\zoneinfo\Singapore
Lib\site-packages\pytz\zoneinfo\Turkey
Lib\site-packages\pytz\zoneinfo\UCT
Lib\site-packages\pytz\zoneinfo\Universal
Lib\site-packages\pytz\zoneinfo\UTC
Lib\site-packages\pytz\zoneinfo\W-SU
Lib\site-packages\pytz\zoneinfo\WET
Lib\site-packages\pytz\zoneinfo\zone.tab
Lib\site-packages\pytz\zoneinfo\Zulu
Lib\site-packages\pytz\zoneinfo\Africa\Abidjan
Lib\site-packages\pytz\zoneinfo\Africa\Accra
Lib\site-packages\pytz\zoneinfo\Africa\Addis_Ababa
Lib\site-packages\pytz\zoneinfo\Africa\Algiers
Lib\site-packages\pytz\zoneinfo\Africa\Asmara
Lib\site-packages\pytz\zoneinfo\Africa\Asmera
Lib\site-packages\pytz\zoneinfo\Africa\Bamako
Lib\site-packages\pytz\zoneinfo\Africa\Bangui
Lib\site-packages\pytz\zoneinfo\Africa\Banjul
Lib\site-packages\pytz\zoneinfo\Africa\Bissau
Lib\site-packages\pytz\zoneinfo\Africa\Blantyre
Lib\site-packages\pytz\zoneinfo\Africa\Brazzaville
Lib\site-packages\pytz\zoneinfo\Africa\Bujumbura
Lib\site-packages\pytz\zoneinfo\Africa\Cairo
Lib\site-packages\pytz\zoneinfo\Africa\Casablanca
Lib\site-packages\pytz\zoneinfo\Africa\Ceuta
Lib\site-packages\pytz\zoneinfo\Africa\Conakry
Lib\site-packages\pytz\zoneinfo\Africa\Dakar
Lib\site-packages\pytz\zoneinfo\Africa\Dar_es_Salaam
Lib\site-packages\pytz\zoneinfo\Africa\Djibouti
Lib\site-packages\pytz\zoneinfo\Africa\Douala
Lib\site-packages\pytz\zoneinfo\Africa\El_Aaiun
Lib\site-packages\pytz\zoneinfo\Africa\Freetown
Lib\site-packages\pytz\zoneinfo\Africa\Gaborone
Lib\site-packages\pytz\zoneinfo\Africa\Harare
Lib\site-packages\pytz\zoneinfo\Africa\Johannesburg
Lib\site-packages\pytz\zoneinfo\Africa\Juba
Lib\site-packages\pytz\zoneinfo\Africa\Kampala
Lib\site-packages\pytz\zoneinfo\Africa\Khartoum
Lib\site-packages\pytz\zoneinfo\Africa\Kigali
Lib\site-packages\pytz\zoneinfo\Africa\Kinshasa
Lib\site-packages\pytz\zoneinfo\Africa\Lagos
Lib\site-packages\pytz\zoneinfo\Africa\Libreville
Lib\site-packages\pytz\zoneinfo\Africa\Lome
Lib\site-packages\pytz\zoneinfo\Africa\Luanda
Lib\site-packages\pytz\zoneinfo\Africa\Lubumbashi
Lib\site-packages\pytz\zoneinfo\Africa\Lusaka
Lib\site-packages\pytz\zoneinfo\Africa\Malabo
Lib\site-packages\pytz\zoneinfo\Africa\Maputo
Lib\site-packages\pytz\zoneinfo\Africa\Maseru
Lib\site-packages\pytz\zoneinfo\Africa\Mbabane
Lib\site-packages\pytz\zoneinfo\Africa\Mogadishu
Lib\site-packages\pytz\zoneinfo\Africa\Monrovia
Lib\site-packages\pytz\zoneinfo\Africa\Nairobi
Lib\site-packages\pytz\zoneinfo\Africa\Ndjamena
Lib\site-packages\pytz\zoneinfo\Africa\Niamey
Lib\site-packages\pytz\zoneinfo\Africa\Nouakchott
Lib\site-packages\pytz\zoneinfo\Africa\Ouagadougou
Lib\site-packages\pytz\zoneinfo\Africa\Porto-Novo
Lib\site-packages\pytz\zoneinfo\Africa\Sao_Tome
Lib\site-packages\pytz\zoneinfo\Africa\Timbuktu
Lib\site-packages\pytz\zoneinfo\Africa\Tripoli
Lib\site-packages\pytz\zoneinfo\Africa\Tunis
Lib\site-packages\pytz\zoneinfo\Africa\Windhoek
Lib\site-packages\pytz\zoneinfo\America\Argentina
Lib\site-packages\pytz\zoneinfo\America\Indiana
Lib\site-packages\pytz\zoneinfo\America\Kentucky
Lib\site-packages\pytz\zoneinfo\America\North_Dakota
Lib\site-packages\pytz\zoneinfo\America\Adak
Lib\site-packages\pytz\zoneinfo\America\Anchorage
Lib\site-packages\pytz\zoneinfo\America\Anguilla
Lib\site-packages\pytz\zoneinfo\America\Antigua
Lib\site-packages\pytz\zoneinfo\America\Araguaina
Lib\site-packages\pytz\zoneinfo\America\Aruba
Lib\site-packages\pytz\zoneinfo\America\Asuncion
Lib\site-packages\pytz\zoneinfo\America\Atikokan
Lib\site-packages\pytz\zoneinfo\America\Atka
Lib\site-packages\pytz\zoneinfo\America\Bahia
Lib\site-packages\pytz\zoneinfo\America\Bahia_Banderas
Lib\site-packages\pytz\zoneinfo\America\Barbados
Lib\site-packages\pytz\zoneinfo\America\Belem
Lib\site-packages\pytz\zoneinfo\America\Belize
Lib\site-packages\pytz\zoneinfo\America\Blanc-Sablon
Lib\site-packages\pytz\zoneinfo\America\Boa_Vista
Lib\site-packages\pytz\zoneinfo\America\Bogota
Lib\site-packages\pytz\zoneinfo\America\Boise
Lib\site-packages\pytz\zoneinfo\America\Buenos_Aires
Lib\site-packages\pytz\zoneinfo\America\Cambridge_Bay
Lib\site-packages\pytz\zoneinfo\America\Campo_Grande
Lib\site-packages\pytz\zoneinfo\America\Cancun
Lib\site-packages\pytz\zoneinfo\America\Caracas
Lib\site-packages\pytz\zoneinfo\America\Catamarca
Lib\site-packages\pytz\zoneinfo\America\Cayenne
Lib\site-packages\pytz\zoneinfo\America\Cayman
Lib\site-packages\pytz\zoneinfo\America\Chicago
Lib\site-packages\pytz\zoneinfo\America\Chihuahua
Lib\site-packages\pytz\zoneinfo\America\Coral_Harbour
Lib\site-packages\pytz\zoneinfo\America\Cordoba
Lib\site-packages\pytz\zoneinfo\America\Costa_Rica
Lib\site-packages\pytz\zoneinfo\America\Creston
Lib\site-packages\pytz\zoneinfo\America\Cuiaba
Lib\site-packages\pytz\zoneinfo\America\Curacao
Lib\site-packages\pytz\zoneinfo\America\Danmarkshavn
Lib\site-packages\pytz\zoneinfo\America\Dawson
Lib\site-packages\pytz\zoneinfo\America\Dawson_Creek
Lib\site-packages\pytz\zoneinfo\America\Denver
Lib\site-packages\pytz\zoneinfo\America\Detroit
Lib\site-packages\pytz\zoneinfo\America\Dominica
Lib\site-packages\pytz\zoneinfo\America\Edmonton
Lib\site-packages\pytz\zoneinfo\America\Eirunepe
Lib\site-packages\pytz\zoneinfo\America\El_Salvador
Lib\site-packages\pytz\zoneinfo\America\Ensenada
Lib\site-packages\pytz\zoneinfo\America\Fortaleza
Lib\site-packages\pytz\zoneinfo\America\Fort_Wayne
Lib\site-packages\pytz\zoneinfo\America\Glace_Bay
Lib\site-packages\pytz\zoneinfo\America\Godthab
Lib\site-packages\pytz\zoneinfo\America\Goose_Bay
Lib\site-packages\pytz\zoneinfo\America\Grand_Turk
Lib\site-packages\pytz\zoneinfo\America\Grenada
Lib\site-packages\pytz\zoneinfo\America\Guadeloupe
Lib\site-packages\pytz\zoneinfo\America\Guatemala
Lib\site-packages\pytz\zoneinfo\America\Guayaquil
Lib\site-packages\pytz\zoneinfo\America\Guyana
Lib\site-packages\pytz\zoneinfo\America\Halifax
Lib\site-packages\pytz\zoneinfo\America\Havana
Lib\site-packages\pytz\zoneinfo\America\Hermosillo
Lib\site-packages\pytz\zoneinfo\America\Indianapolis
Lib\site-packages\pytz\zoneinfo\America\Inuvik
Lib\site-packages\pytz\zoneinfo\America\Iqaluit
Lib\site-packages\pytz\zoneinfo\America\Jamaica
Lib\site-packages\pytz\zoneinfo\America\Jujuy
Lib\site-packages\pytz\zoneinfo\America\Juneau
Lib\site-packages\pytz\zoneinfo\America\Knox_IN
Lib\site-packages\pytz\zoneinfo\America\Kralendijk
Lib\site-packages\pytz\zoneinfo\America\La_Paz
Lib\site-packages\pytz\zoneinfo\America\Lima
Lib\site-packages\pytz\zoneinfo\America\Los_Angeles
Lib\site-packages\pytz\zoneinfo\America\Louisville
Lib\site-packages\pytz\zoneinfo\America\Lower_Princes
Lib\site-packages\pytz\zoneinfo\America\Maceio
Lib\site-packages\pytz\zoneinfo\America\Managua
Lib\site-packages\pytz\zoneinfo\America\Manaus
Lib\site-packages\pytz\zoneinfo\America\Marigot
Lib\site-packages\pytz\zoneinfo\America\Martinique
Lib\site-packages\pytz\zoneinfo\America\Matamoros
Lib\site-packages\pytz\zoneinfo\America\Mazatlan
Lib\site-packages\pytz\zoneinfo\America\Mendoza
Lib\site-packages\pytz\zoneinfo\America\Menominee
Lib\site-packages\pytz\zoneinfo\America\Merida
Lib\site-packages\pytz\zoneinfo\America\Metlakatla
Lib\site-packages\pytz\zoneinfo\America\Mexico_City
Lib\site-packages\pytz\zoneinfo\America\Miquelon
Lib\site-packages\pytz\zoneinfo\America\Moncton
Lib\site-packages\pytz\zoneinfo\America\Monterrey
Lib\site-packages\pytz\zoneinfo\America\Montevideo
Lib\site-packages\pytz\zoneinfo\America\Montreal
Lib\site-packages\pytz\zoneinfo\America\Montserrat
Lib\site-packages\pytz\zoneinfo\America\Nassau
Lib\site-packages\pytz\zoneinfo\America\New_York
Lib\site-packages\pytz\zoneinfo\America\Nipigon
Lib\site-packages\pytz\zoneinfo\America\Nome
Lib\site-packages\pytz\zoneinfo\America\Noronha
Lib\site-packages\pytz\zoneinfo\America\Ojinaga
Lib\site-packages\pytz\zoneinfo\America\Panama
Lib\site-packages\pytz\zoneinfo\America\Pangnirtung
Lib\site-packages\pytz\zoneinfo\America\Paramaribo
Lib\site-packages\pytz\zoneinfo\America\Phoenix
Lib\site-packages\pytz\zoneinfo\America\Port-au-Prince
Lib\site-packages\pytz\zoneinfo\America\Porto_Acre
Lib\site-packages\pytz\zoneinfo\America\Porto_Velho
Lib\site-packages\pytz\zoneinfo\America\Port_of_Spain
Lib\site-packages\pytz\zoneinfo\America\Puerto_Rico
Lib\site-packages\pytz\zoneinfo\America\Rainy_River
Lib\site-packages\pytz\zoneinfo\America\Rankin_Inlet
Lib\site-packages\pytz\zoneinfo\America\Recife
Lib\site-packages\pytz\zoneinfo\America\Regina
Lib\site-packages\pytz\zoneinfo\America\Resolute
Lib\site-packages\pytz\zoneinfo\America\Rio_Branco
Lib\site-packages\pytz\zoneinfo\America\Rosario
Lib\site-packages\pytz\zoneinfo\America\Santarem
Lib\site-packages\pytz\zoneinfo\America\Santa_Isabel
Lib\site-packages\pytz\zoneinfo\America\Santiago
Lib\site-packages\pytz\zoneinfo\America\Santo_Domingo
Lib\site-packages\pytz\zoneinfo\America\Sao_Paulo
Lib\site-packages\pytz\zoneinfo\America\Scoresbysund
Lib\site-packages\pytz\zoneinfo\America\Shiprock
Lib\site-packages\pytz\zoneinfo\America\Sitka
Lib\site-packages\pytz\zoneinfo\America\St_Barthelemy
Lib\site-packages\pytz\zoneinfo\America\St_Johns
Lib\site-packages\pytz\zoneinfo\America\St_Kitts
Lib\site-packages\pytz\zoneinfo\America\St_Lucia
Lib\site-packages\pytz\zoneinfo\America\St_Thomas
Lib\site-packages\pytz\zoneinfo\America\St_Vincent
Lib\site-packages\pytz\zoneinfo\America\Swift_Current
Lib\site-packages\pytz\zoneinfo\America\Tegucigalpa
Lib\site-packages\pytz\zoneinfo\America\Thule
Lib\site-packages\pytz\zoneinfo\America\Thunder_Bay
Lib\site-packages\pytz\zoneinfo\America\Tijuana
Lib\site-packages\pytz\zoneinfo\America\Toronto
Lib\site-packages\pytz\zoneinfo\America\Tortola
Lib\site-packages\pytz\zoneinfo\America\Vancouver
Lib\site-packages\pytz\zoneinfo\America\Virgin
Lib\site-packages\pytz\zoneinfo\America\Whitehorse
Lib\site-packages\pytz\zoneinfo\America\Winnipeg
Lib\site-packages\pytz\zoneinfo\America\Yakutat
Lib\site-packages\pytz\zoneinfo\America\Yellowknife
Lib\site-packages\pytz\zoneinfo\America\Argentina\Buenos_Aires
Lib\site-packages\pytz\zoneinfo\America\Argentina\Catamarca
Lib\site-packages\pytz\zoneinfo\America\Argentina\ComodRivadavia
Lib\site-packages\pytz\zoneinfo\America\Argentina\Cordoba
Lib\site-packages\pytz\zoneinfo\America\Argentina\Jujuy
Lib\site-packages\pytz\zoneinfo\America\Argentina\La_Rioja
Lib\site-packages\pytz\zoneinfo\America\Argentina\Mendoza
Lib\site-packages\pytz\zoneinfo\America\Argentina\Rio_Gallegos
Lib\site-packages\pytz\zoneinfo\America\Argentina\Salta
Lib\site-packages\pytz\zoneinfo\America\Argentina\San_Juan
Lib\site-packages\pytz\zoneinfo\America\Argentina\San_Luis
Lib\site-packages\pytz\zoneinfo\America\Argentina\Tucuman
Lib\site-packages\pytz\zoneinfo\America\Argentina\Ushuaia
Lib\site-packages\pytz\zoneinfo\America\Indiana\Indianapolis
Lib\site-packages\pytz\zoneinfo\America\Indiana\Knox
Lib\site-packages\pytz\zoneinfo\America\Indiana\Marengo
Lib\site-packages\pytz\zoneinfo\America\Indiana\Petersburg
Lib\site-packages\pytz\zoneinfo\America\Indiana\Tell_City
Lib\site-packages\pytz\zoneinfo\America\Indiana\Vevay
Lib\site-packages\pytz\zoneinfo\America\Indiana\Vincennes
Lib\site-packages\pytz\zoneinfo\America\Indiana\Winamac
Lib\site-packages\pytz\zoneinfo\America\Kentucky\Louisville
Lib\site-packages\pytz\zoneinfo\America\Kentucky\Monticello
Lib\site-packages\pytz\zoneinfo\America\North_Dakota\Beulah
Lib\site-packages\pytz\zoneinfo\America\North_Dakota\Center
Lib\site-packages\pytz\zoneinfo\America\North_Dakota\New_Salem
Lib\site-packages\pytz\zoneinfo\Antarctica\Casey
Lib\site-packages\pytz\zoneinfo\Antarctica\Davis
Lib\site-packages\pytz\zoneinfo\Antarctica\DumontDUrville
Lib\site-packages\pytz\zoneinfo\Antarctica\Macquarie
Lib\site-packages\pytz\zoneinfo\Antarctica\Mawson
Lib\site-packages\pytz\zoneinfo\Antarctica\McMurdo
Lib\site-packages\pytz\zoneinfo\Antarctica\Palmer
Lib\site-packages\pytz\zoneinfo\Antarctica\Rothera
Lib\site-packages\pytz\zoneinfo\Antarctica\South_Pole
Lib\site-packages\pytz\zoneinfo\Antarctica\Syowa
Lib\site-packages\pytz\zoneinfo\Antarctica\Vostok
Lib\site-packages\pytz\zoneinfo\Arctic\Longyearbyen
Lib\site-packages\pytz\zoneinfo\Asia\Aden
Lib\site-packages\pytz\zoneinfo\Asia\Almaty
Lib\site-packages\pytz\zoneinfo\Asia\Amman
Lib\site-packages\pytz\zoneinfo\Asia\Anadyr
Lib\site-packages\pytz\zoneinfo\Asia\Aqtau
Lib\site-packages\pytz\zoneinfo\Asia\Aqtobe
Lib\site-packages\pytz\zoneinfo\Asia\Ashgabat
Lib\site-packages\pytz\zoneinfo\Asia\Ashkhabad
Lib\site-packages\pytz\zoneinfo\Asia\Baghdad
Lib\site-packages\pytz\zoneinfo\Asia\Bahrain
Lib\site-packages\pytz\zoneinfo\Asia\Baku
Lib\site-packages\pytz\zoneinfo\Asia\Bangkok
Lib\site-packages\pytz\zoneinfo\Asia\Beirut
Lib\site-packages\pytz\zoneinfo\Asia\Bishkek
Lib\site-packages\pytz\zoneinfo\Asia\Brunei
Lib\site-packages\pytz\zoneinfo\Asia\Calcutta
Lib\site-packages\pytz\zoneinfo\Asia\Choibalsan
Lib\site-packages\pytz\zoneinfo\Asia\Chongqing
Lib\site-packages\pytz\zoneinfo\Asia\Chungking
Lib\site-packages\pytz\zoneinfo\Asia\Colombo
Lib\site-packages\pytz\zoneinfo\Asia\Dacca
Lib\site-packages\pytz\zoneinfo\Asia\Damascus
Lib\site-packages\pytz\zoneinfo\Asia\Dhaka
Lib\site-packages\pytz\zoneinfo\Asia\Dili
Lib\site-packages\pytz\zoneinfo\Asia\Dubai
Lib\site-packages\pytz\zoneinfo\Asia\Dushanbe
Lib\site-packages\pytz\zoneinfo\Asia\Gaza
Lib\site-packages\pytz\zoneinfo\Asia\Harbin
Lib\site-packages\pytz\zoneinfo\Asia\Hebron
Lib\site-packages\pytz\zoneinfo\Asia\Hong_Kong
Lib\site-packages\pytz\zoneinfo\Asia\Hovd
Lib\site-packages\pytz\zoneinfo\Asia\Ho_Chi_Minh
Lib\site-packages\pytz\zoneinfo\Asia\Irkutsk
Lib\site-packages\pytz\zoneinfo\Asia\Istanbul
Lib\site-packages\pytz\zoneinfo\Asia\Jakarta
Lib\site-packages\pytz\zoneinfo\Asia\Jayapura
Lib\site-packages\pytz\zoneinfo\Asia\Jerusalem
Lib\site-packages\pytz\zoneinfo\Asia\Kabul
Lib\site-packages\pytz\zoneinfo\Asia\Kamchatka
Lib\site-packages\pytz\zoneinfo\Asia\Karachi
Lib\site-packages\pytz\zoneinfo\Asia\Kashgar
Lib\site-packages\pytz\zoneinfo\Asia\Kathmandu
Lib\site-packages\pytz\zoneinfo\Asia\Katmandu
Lib\site-packages\pytz\zoneinfo\Asia\Kolkata
Lib\site-packages\pytz\zoneinfo\Asia\Krasnoyarsk
Lib\site-packages\pytz\zoneinfo\Asia\Kuala_Lumpur
Lib\site-packages\pytz\zoneinfo\Asia\Kuching
Lib\site-packages\pytz\zoneinfo\Asia\Kuwait
Lib\site-packages\pytz\zoneinfo\Asia\Macao
Lib\site-packages\pytz\zoneinfo\Asia\Macau
Lib\site-packages\pytz\zoneinfo\Asia\Magadan
Lib\site-packages\pytz\zoneinfo\Asia\Makassar
Lib\site-packages\pytz\zoneinfo\Asia\Manila
Lib\site-packages\pytz\zoneinfo\Asia\Muscat
Lib\site-packages\pytz\zoneinfo\Asia\Nicosia
Lib\site-packages\pytz\zoneinfo\Asia\Novokuznetsk
Lib\site-packages\pytz\zoneinfo\Asia\Novosibirsk
Lib\site-packages\pytz\zoneinfo\Asia\Omsk
Lib\site-packages\pytz\zoneinfo\Asia\Oral
Lib\site-packages\pytz\zoneinfo\Asia\Phnom_Penh
Lib\site-packages\pytz\zoneinfo\Asia\Pontianak
Lib\site-packages\pytz\zoneinfo\Asia\Pyongyang
Lib\site-packages\pytz\zoneinfo\Asia\Qatar
Lib\site-packages\pytz\zoneinfo\Asia\Qyzylorda
Lib\site-packages\pytz\zoneinfo\Asia\Rangoon
Lib\site-packages\pytz\zoneinfo\Asia\Riyadh
Lib\site-packages\pytz\zoneinfo\Asia\Riyadh87
Lib\site-packages\pytz\zoneinfo\Asia\Riyadh88
Lib\site-packages\pytz\zoneinfo\Asia\Riyadh89
Lib\site-packages\pytz\zoneinfo\Asia\Saigon
Lib\site-packages\pytz\zoneinfo\Asia\Sakhalin
Lib\site-packages\pytz\zoneinfo\Asia\Samarkand
Lib\site-packages\pytz\zoneinfo\Asia\Seoul
Lib\site-packages\pytz\zoneinfo\Asia\Shanghai
Lib\site-packages\pytz\zoneinfo\Asia\Singapore
Lib\site-packages\pytz\zoneinfo\Asia\Taipei
Lib\site-packages\pytz\zoneinfo\Asia\Tashkent
Lib\site-packages\pytz\zoneinfo\Asia\Tbilisi
Lib\site-packages\pytz\zoneinfo\Asia\Tehran
Lib\site-packages\pytz\zoneinfo\Asia\Tel_Aviv
Lib\site-packages\pytz\zoneinfo\Asia\Thimbu
Lib\site-packages\pytz\zoneinfo\Asia\Thimphu
Lib\site-packages\pytz\zoneinfo\Asia\Tokyo
Lib\site-packages\pytz\zoneinfo\Asia\Ujung_Pandang
Lib\site-packages\pytz\zoneinfo\Asia\Ulaanbaatar
Lib\site-packages\pytz\zoneinfo\Asia\Ulan_Bator
Lib\site-packages\pytz\zoneinfo\Asia\Urumqi
Lib\site-packages\pytz\zoneinfo\Asia\Vientiane
Lib\site-packages\pytz\zoneinfo\Asia\Vladivostok
Lib\site-packages\pytz\zoneinfo\Asia\Yakutsk
Lib\site-packages\pytz\zoneinfo\Asia\Yekaterinburg
Lib\site-packages\pytz\zoneinfo\Asia\Yerevan
Lib\site-packages\pytz\zoneinfo\Atlantic\Azores
Lib\site-packages\pytz\zoneinfo\Atlantic\Bermuda
Lib\site-packages\pytz\zoneinfo\Atlantic\Canary
Lib\site-packages\pytz\zoneinfo\Atlantic\Cape_Verde
Lib\site-packages\pytz\zoneinfo\Atlantic\Faeroe
Lib\site-packages\pytz\zoneinfo\Atlantic\Faroe
Lib\site-packages\pytz\zoneinfo\Atlantic\Jan_Mayen
Lib\site-packages\pytz\zoneinfo\Atlantic\Madeira
Lib\site-packages\pytz\zoneinfo\Atlantic\Reykjavik
Lib\site-packages\pytz\zoneinfo\Atlantic\South_Georgia
Lib\site-packages\pytz\zoneinfo\Atlantic\Stanley
Lib\site-packages\pytz\zoneinfo\Atlantic\St_Helena
Lib\site-packages\pytz\zoneinfo\Australia\ACT
Lib\site-packages\pytz\zoneinfo\Australia\Adelaide
Lib\site-packages\pytz\zoneinfo\Australia\Brisbane
Lib\site-packages\pytz\zoneinfo\Australia\Broken_Hill
Lib\site-packages\pytz\zoneinfo\Australia\Canberra
Lib\site-packages\pytz\zoneinfo\Australia\Currie
Lib\site-packages\pytz\zoneinfo\Australia\Darwin
Lib\site-packages\pytz\zoneinfo\Australia\Eucla
Lib\site-packages\pytz\zoneinfo\Australia\Hobart
Lib\site-packages\pytz\zoneinfo\Australia\LHI
Lib\site-packages\pytz\zoneinfo\Australia\Lindeman
Lib\site-packages\pytz\zoneinfo\Australia\Lord_Howe
Lib\site-packages\pytz\zoneinfo\Australia\Melbourne
Lib\site-packages\pytz\zoneinfo\Australia\North
Lib\site-packages\pytz\zoneinfo\Australia\NSW
Lib\site-packages\pytz\zoneinfo\Australia\Perth
Lib\site-packages\pytz\zoneinfo\Australia\Queensland
Lib\site-packages\pytz\zoneinfo\Australia\South
Lib\site-packages\pytz\zoneinfo\Australia\Sydney
Lib\site-packages\pytz\zoneinfo\Australia\Tasmania
Lib\site-packages\pytz\zoneinfo\Australia\Victoria
Lib\site-packages\pytz\zoneinfo\Australia\West
Lib\site-packages\pytz\zoneinfo\Australia\Yancowinna
Lib\site-packages\pytz\zoneinfo\Brazil\Acre
Lib\site-packages\pytz\zoneinfo\Brazil\DeNoronha
Lib\site-packages\pytz\zoneinfo\Brazil\East
Lib\site-packages\pytz\zoneinfo\Brazil\West
Lib\site-packages\pytz\zoneinfo\Canada\Atlantic
Lib\site-packages\pytz\zoneinfo\Canada\Central
Lib\site-packages\pytz\zoneinfo\Canada\East-Saskatchewan
Lib\site-packages\pytz\zoneinfo\Canada\Eastern
Lib\site-packages\pytz\zoneinfo\Canada\Mountain
Lib\site-packages\pytz\zoneinfo\Canada\Newfoundland
Lib\site-packages\pytz\zoneinfo\Canada\Pacific
Lib\site-packages\pytz\zoneinfo\Canada\Saskatchewan
Lib\site-packages\pytz\zoneinfo\Canada\Yukon
Lib\site-packages\pytz\zoneinfo\Chile\Continental
Lib\site-packages\pytz\zoneinfo\Chile\EasterIsland
Lib\site-packages\pytz\zoneinfo\Etc\GMT
Lib\site-packages\pytz\zoneinfo\Etc\GMT+0
Lib\site-packages\pytz\zoneinfo\Etc\GMT+1
Lib\site-packages\pytz\zoneinfo\Etc\GMT+10
Lib\site-packages\pytz\zoneinfo\Etc\GMT+11
Lib\site-packages\pytz\zoneinfo\Etc\GMT+12
Lib\site-packages\pytz\zoneinfo\Etc\GMT+2
Lib\site-packages\pytz\zoneinfo\Etc\GMT+3
Lib\site-packages\pytz\zoneinfo\Etc\GMT+4
Lib\site-packages\pytz\zoneinfo\Etc\GMT+5
Lib\site-packages\pytz\zoneinfo\Etc\GMT+6
Lib\site-packages\pytz\zoneinfo\Etc\GMT+7
Lib\site-packages\pytz\zoneinfo\Etc\GMT+8
Lib\site-packages\pytz\zoneinfo\Etc\GMT+9
Lib\site-packages\pytz\zoneinfo\Etc\GMT-0
Lib\site-packages\pytz\zoneinfo\Etc\GMT-1
Lib\site-packages\pytz\zoneinfo\Etc\GMT-10
Lib\site-packages\pytz\zoneinfo\Etc\GMT-11
Lib\site-packages\pytz\zoneinfo\Etc\GMT-12
Lib\site-packages\pytz\zoneinfo\Etc\GMT-13
Lib\site-packages\pytz\zoneinfo\Etc\GMT-14
Lib\site-packages\pytz\zoneinfo\Etc\GMT-2
Lib\site-packages\pytz\zoneinfo\Etc\GMT-3
Lib\site-packages\pytz\zoneinfo\Etc\GMT-4
Lib\site-packages\pytz\zoneinfo\Etc\GMT-5
Lib\site-packages\pytz\zoneinfo\Etc\GMT-6
Lib\site-packages\pytz\zoneinfo\Etc\GMT-7
Lib\site-packages\pytz\zoneinfo\Etc\GMT-8
Lib\site-packages\pytz\zoneinfo\Etc\GMT-9
Lib\site-packages\pytz\zoneinfo\Etc\GMT0
Lib\site-packages\pytz\zoneinfo\Etc\Greenwich
Lib\site-packages\pytz\zoneinfo\Etc\UCT
Lib\site-packages\pytz\zoneinfo\Etc\Universal
Lib\site-packages\pytz\zoneinfo\Etc\UTC
Lib\site-packages\pytz\zoneinfo\Etc\Zulu
Lib\site-packages\pytz\zoneinfo\Europe\Amsterdam
Lib\site-packages\pytz\zoneinfo\Europe\Andorra
Lib\site-packages\pytz\zoneinfo\Europe\Athens
Lib\site-packages\pytz\zoneinfo\Europe\Belfast
Lib\site-packages\pytz\zoneinfo\Europe\Belgrade
Lib\site-packages\pytz\zoneinfo\Europe\Berlin
Lib\site-packages\pytz\zoneinfo\Europe\Bratislava
Lib\site-packages\pytz\zoneinfo\Europe\Brussels
Lib\site-packages\pytz\zoneinfo\Europe\Bucharest
Lib\site-packages\pytz\zoneinfo\Europe\Budapest
Lib\site-packages\pytz\zoneinfo\Europe\Chisinau
Lib\site-packages\pytz\zoneinfo\Europe\Copenhagen
Lib\site-packages\pytz\zoneinfo\Europe\Dublin
Lib\site-packages\pytz\zoneinfo\Europe\Gibraltar
Lib\site-packages\pytz\zoneinfo\Europe\Guernsey
Lib\site-packages\pytz\zoneinfo\Europe\Helsinki
Lib\site-packages\pytz\zoneinfo\Europe\Isle_of_Man
Lib\site-packages\pytz\zoneinfo\Europe\Istanbul
Lib\site-packages\pytz\zoneinfo\Europe\Jersey
Lib\site-packages\pytz\zoneinfo\Europe\Kaliningrad
Lib\site-packages\pytz\zoneinfo\Europe\Kiev
Lib\site-packages\pytz\zoneinfo\Europe\Lisbon
Lib\site-packages\pytz\zoneinfo\Europe\Ljubljana
Lib\site-packages\pytz\zoneinfo\Europe\London
Lib\site-packages\pytz\zoneinfo\Europe\Luxembourg
Lib\site-packages\pytz\zoneinfo\Europe\Madrid
Lib\site-packages\pytz\zoneinfo\Europe\Malta
Lib\site-packages\pytz\zoneinfo\Europe\Mariehamn
Lib\site-packages\pytz\zoneinfo\Europe\Minsk
Lib\site-packages\pytz\zoneinfo\Europe\Monaco
Lib\site-packages\pytz\zoneinfo\Europe\Moscow
Lib\site-packages\pytz\zoneinfo\Europe\Nicosia
Lib\site-packages\pytz\zoneinfo\Europe\Oslo
Lib\site-packages\pytz\zoneinfo\Europe\Paris
Lib\site-packages\pytz\zoneinfo\Europe\Podgorica
Lib\site-packages\pytz\zoneinfo\Europe\Prague
Lib\site-packages\pytz\zoneinfo\Europe\Riga
Lib\site-packages\pytz\zoneinfo\Europe\Rome
Lib\site-packages\pytz\zoneinfo\Europe\Samara
Lib\site-packages\pytz\zoneinfo\Europe\San_Marino
Lib\site-packages\pytz\zoneinfo\Europe\Sarajevo
Lib\site-packages\pytz\zoneinfo\Europe\Simferopol
Lib\site-packages\pytz\zoneinfo\Europe\Skopje
Lib\site-packages\pytz\zoneinfo\Europe\Sofia
Lib\site-packages\pytz\zoneinfo\Europe\Stockholm
Lib\site-packages\pytz\zoneinfo\Europe\Tallinn
Lib\site-packages\pytz\zoneinfo\Europe\Tirane
Lib\site-packages\pytz\zoneinfo\Europe\Tiraspol
Lib\site-packages\pytz\zoneinfo\Europe\Uzhgorod
Lib\site-packages\pytz\zoneinfo\Europe\Vaduz
Lib\site-packages\pytz\zoneinfo\Europe\Vatican
Lib\site-packages\pytz\zoneinfo\Europe\Vienna
Lib\site-packages\pytz\zoneinfo\Europe\Vilnius
Lib\site-packages\pytz\zoneinfo\Europe\Volgograd
Lib\site-packages\pytz\zoneinfo\Europe\Warsaw
Lib\site-packages\pytz\zoneinfo\Europe\Zagreb
Lib\site-packages\pytz\zoneinfo\Europe\Zaporozhye
Lib\site-packages\pytz\zoneinfo\Europe\Zurich
Lib\site-packages\pytz\zoneinfo\Indian\Antananarivo
Lib\site-packages\pytz\zoneinfo\Indian\Chagos
Lib\site-packages\pytz\zoneinfo\Indian\Christmas
Lib\site-packages\pytz\zoneinfo\Indian\Cocos
Lib\site-packages\pytz\zoneinfo\Indian\Comoro
Lib\site-packages\pytz\zoneinfo\Indian\Kerguelen
Lib\site-packages\pytz\zoneinfo\Indian\Mahe
Lib\site-packages\pytz\zoneinfo\Indian\Maldives
Lib\site-packages\pytz\zoneinfo\Indian\Mauritius
Lib\site-packages\pytz\zoneinfo\Indian\Mayotte
Lib\site-packages\pytz\zoneinfo\Indian\Reunion
Lib\site-packages\pytz\zoneinfo\Mexico\BajaNorte
Lib\site-packages\pytz\zoneinfo\Mexico\BajaSur
Lib\site-packages\pytz\zoneinfo\Mexico\General
Lib\site-packages\pytz\zoneinfo\Mideast\Riyadh87
Lib\site-packages\pytz\zoneinfo\Mideast\Riyadh88
Lib\site-packages\pytz\zoneinfo\Mideast\Riyadh89
Lib\site-packages\pytz\zoneinfo\Pacific\Apia
Lib\site-packages\pytz\zoneinfo\Pacific\Auckland
Lib\site-packages\pytz\zoneinfo\Pacific\Chatham
Lib\site-packages\pytz\zoneinfo\Pacific\Chuuk
Lib\site-packages\pytz\zoneinfo\Pacific\Easter
Lib\site-packages\pytz\zoneinfo\Pacific\Efate
Lib\site-packages\pytz\zoneinfo\Pacific\Enderbury
Lib\site-packages\pytz\zoneinfo\Pacific\Fakaofo
Lib\site-packages\pytz\zoneinfo\Pacific\Fiji
Lib\site-packages\pytz\zoneinfo\Pacific\Funafuti
Lib\site-packages\pytz\zoneinfo\Pacific\Galapagos
Lib\site-packages\pytz\zoneinfo\Pacific\Gambier
Lib\site-packages\pytz\zoneinfo\Pacific\Guadalcanal
Lib\site-packages\pytz\zoneinfo\Pacific\Guam
Lib\site-packages\pytz\zoneinfo\Pacific\Honolulu
Lib\site-packages\pytz\zoneinfo\Pacific\Johnston
Lib\site-packages\pytz\zoneinfo\Pacific\Kiritimati
Lib\site-packages\pytz\zoneinfo\Pacific\Kosrae
Lib\site-packages\pytz\zoneinfo\Pacific\Kwajalein
Lib\site-packages\pytz\zoneinfo\Pacific\Majuro
Lib\site-packages\pytz\zoneinfo\Pacific\Marquesas
Lib\site-packages\pytz\zoneinfo\Pacific\Midway
Lib\site-packages\pytz\zoneinfo\Pacific\Nauru
Lib\site-packages\pytz\zoneinfo\Pacific\Niue
Lib\site-packages\pytz\zoneinfo\Pacific\Norfolk
Lib\site-packages\pytz\zoneinfo\Pacific\Noumea
Lib\site-packages\pytz\zoneinfo\Pacific\Pago_Pago
Lib\site-packages\pytz\zoneinfo\Pacific\Palau
Lib\site-packages\pytz\zoneinfo\Pacific\Pitcairn
Lib\site-packages\pytz\zoneinfo\Pacific\Pohnpei
Lib\site-packages\pytz\zoneinfo\Pacific\Ponape
Lib\site-packages\pytz\zoneinfo\Pacific\Port_Moresby
Lib\site-packages\pytz\zoneinfo\Pacific\Rarotonga
Lib\site-packages\pytz\zoneinfo\Pacific\Saipan
Lib\site-packages\pytz\zoneinfo\Pacific\Samoa
Lib\site-packages\pytz\zoneinfo\Pacific\Tahiti
Lib\site-packages\pytz\zoneinfo\Pacific\Tarawa
Lib\site-packages\pytz\zoneinfo\Pacific\Tongatapu
Lib\site-packages\pytz\zoneinfo\Pacific\Truk
Lib\site-packages\pytz\zoneinfo\Pacific\Wake
Lib\site-packages\pytz\zoneinfo\Pacific\Wallis
Lib\site-packages\pytz\zoneinfo\Pacific\Yap
Lib\site-packages\pytz\zoneinfo\US\Alaska
Lib\site-packages\pytz\zoneinfo\US\Aleutian
Lib\site-packages\pytz\zoneinfo\US\Arizona
Lib\site-packages\pytz\zoneinfo\US\Central
Lib\site-packages\pytz\zoneinfo\US\East-Indiana
Lib\site-packages\pytz\zoneinfo\US\Eastern
Lib\site-packages\pytz\zoneinfo\US\Hawaii
Lib\site-packages\pytz\zoneinfo\US\Indiana-Starke
Lib\site-packages\pytz\zoneinfo\US\Michigan
Lib\site-packages\pytz\zoneinfo\US\Mountain
Lib\site-packages\pytz\zoneinfo\US\Pacific
Lib\site-packages\pytz\zoneinfo\US\Pacific-New
Lib\site-packages\pytz\zoneinfo\US\Samoa