# WPPM package installation log
# 
# Package: nose v1.2.1

Lib\site-packages\nose
Lib\site-packages\nose-1.2.1-py2.7.egg-info
Lib\site-packages\nose\ext
Lib\site-packages\nose\plugins
Lib\site-packages\nose\sphinx
Lib\site-packages\nose\tools
Lib\site-packages\nose\case.py
Lib\site-packages\nose\commands.py
Lib\site-packages\nose\config.py
Lib\site-packages\nose\core.py
Lib\site-packages\nose\exc.py
Lib\site-packages\nose\failure.py
Lib\site-packages\nose\importer.py
Lib\site-packages\nose\inspector.py
Lib\site-packages\nose\loader.py
Lib\site-packages\nose\proxy.py
Lib\site-packages\nose\pyversion.py
Lib\site-packages\nose\result.py
Lib\site-packages\nose\selector.py
Lib\site-packages\nose\suite.py
Lib\site-packages\nose\twistedtools.py
Lib\site-packages\nose\usage.txt
Lib\site-packages\nose\util.py
Lib\site-packages\nose\__init__.py
Lib\site-packages\nose\ext\dtcompat.py
Lib\site-packages\nose\ext\__init__.py
Lib\site-packages\nose\plugins\allmodules.py
Lib\site-packages\nose\plugins\attrib.py
Lib\site-packages\nose\plugins\base.py
Lib\site-packages\nose\plugins\builtin.py
Lib\site-packages\nose\plugins\capture.py
Lib\site-packages\nose\plugins\collect.py
Lib\site-packages\nose\plugins\cover.py
Lib\site-packages\nose\plugins\debug.py
Lib\site-packages\nose\plugins\deprecated.py
Lib\site-packages\nose\plugins\doctests.py
Lib\site-packages\nose\plugins\errorclass.py
Lib\site-packages\nose\plugins\failuredetail.py
Lib\site-packages\nose\plugins\isolate.py
Lib\site-packages\nose\plugins\logcapture.py
Lib\site-packages\nose\plugins\manager.py
Lib\site-packages\nose\plugins\multiprocess.py
Lib\site-packages\nose\plugins\plugintest.py
Lib\site-packages\nose\plugins\prof.py
Lib\site-packages\nose\plugins\skip.py
Lib\site-packages\nose\plugins\testid.py
Lib\site-packages\nose\plugins\xunit.py
Lib\site-packages\nose\plugins\__init__.py
Lib\site-packages\nose\sphinx\pluginopts.py
Lib\site-packages\nose\sphinx\__init__.py
Lib\site-packages\nose\tools\nontrivial.py
Lib\site-packages\nose\tools\trivial.py
Lib\site-packages\nose\tools\__init__.py
Lib\site-packages\nose-1.2.1-py2.7.egg-info\dependency_links.txt
Lib\site-packages\nose-1.2.1-py2.7.egg-info\entry_points.txt
Lib\site-packages\nose-1.2.1-py2.7.egg-info\not-zip-safe
Lib\site-packages\nose-1.2.1-py2.7.egg-info\PKG-INFO
Lib\site-packages\nose-1.2.1-py2.7.egg-info\SOURCES.txt
Lib\site-packages\nose-1.2.1-py2.7.egg-info\top_level.txt
Scripts\nosetests-2.7-script.py
Scripts\nosetests-2.7-script.bat
Scripts\nosetests-2.7.exe
Scripts\nosetests-script.py
Scripts\nosetests-script.bat
Scripts\nosetests.exe
.\man
.\man\man1
.\man\man1\nosetests.1