# WPPM package installation log
# 
# Package: numpy-MKL v1.6.2

Lib\site-packages\numpy
Lib\site-packages\numpy-1.6.2-py2.7.egg-info
Lib\site-packages\numpy\compat
Lib\site-packages\numpy\core
Lib\site-packages\numpy\distutils
Lib\site-packages\numpy\doc
Lib\site-packages\numpy\f2py
Lib\site-packages\numpy\fft
Lib\site-packages\numpy\lib
Lib\site-packages\numpy\linalg
Lib\site-packages\numpy\ma
Lib\site-packages\numpy\matrixlib
Lib\site-packages\numpy\numarray
Lib\site-packages\numpy\oldnumeric
Lib\site-packages\numpy\polynomial
Lib\site-packages\numpy\random
Lib\site-packages\numpy\testing
Lib\site-packages\numpy\tests
Lib\site-packages\numpy\add_newdocs.py
Lib\site-packages\numpy\ctypeslib.py
Lib\site-packages\numpy\dual.py
Lib\site-packages\numpy\LICENSE.txt
Lib\site-packages\numpy\matlib.py
Lib\site-packages\numpy\setup.py
Lib\site-packages\numpy\setupscons.py
Lib\site-packages\numpy\version.py
Lib\site-packages\numpy\_import_tools.py
Lib\site-packages\numpy\__config__.py
Lib\site-packages\numpy\__init__.py
Lib\site-packages\numpy\compat\py3k.py
Lib\site-packages\numpy\compat\setup.py
Lib\site-packages\numpy\compat\setupscons.py
Lib\site-packages\numpy\compat\_inspect.py
Lib\site-packages\numpy\compat\__init__.py
Lib\site-packages\numpy\core\include
Lib\site-packages\numpy\core\lib
Lib\site-packages\numpy\core\tests
Lib\site-packages\numpy\core\arrayprint.py
Lib\site-packages\numpy\core\defchararray.py
Lib\site-packages\numpy\core\fromnumeric.py
Lib\site-packages\numpy\core\function_base.py
Lib\site-packages\numpy\core\generate_numpy_api.py
Lib\site-packages\numpy\core\getlimits.py
Lib\site-packages\numpy\core\info.py
Lib\site-packages\numpy\core\libifcoremd.dll
Lib\site-packages\numpy\core\libifportmd.dll
Lib\site-packages\numpy\core\libiomp5md.dll
Lib\site-packages\numpy\core\libiompstubs5md.dll
Lib\site-packages\numpy\core\libmmd.dll
Lib\site-packages\numpy\core\machar.py
Lib\site-packages\numpy\core\memmap.py
Lib\site-packages\numpy\core\multiarray.pyd
Lib\site-packages\numpy\core\multiarray_tests.pyd
Lib\site-packages\numpy\core\numeric.py
Lib\site-packages\numpy\core\numerictypes.py
Lib\site-packages\numpy\core\records.py
Lib\site-packages\numpy\core\scalarmath.pyd
Lib\site-packages\numpy\core\scons_support.py
Lib\site-packages\numpy\core\setup.py
Lib\site-packages\numpy\core\setupscons.py
Lib\site-packages\numpy\core\setup_common.py
Lib\site-packages\numpy\core\shape_base.py
Lib\site-packages\numpy\core\svml_dispmd.dll
Lib\site-packages\numpy\core\umath.pyd
Lib\site-packages\numpy\core\umath_tests.pyd
Lib\site-packages\numpy\core\_dotblas.pyd
Lib\site-packages\numpy\core\_internal.py
Lib\site-packages\numpy\core\_mx_datetime_parser.py
Lib\site-packages\numpy\core\_sort.pyd
Lib\site-packages\numpy\core\__init__.py
Lib\site-packages\numpy\core\include\numpy
Lib\site-packages\numpy\core\include\numpy\arrayobject.h
Lib\site-packages\numpy\core\include\numpy\arrayscalars.h
Lib\site-packages\numpy\core\include\numpy\halffloat.h
Lib\site-packages\numpy\core\include\numpy\multiarray_api.txt
Lib\site-packages\numpy\core\include\numpy\ndarrayobject.h
Lib\site-packages\numpy\core\include\numpy\ndarraytypes.h
Lib\site-packages\numpy\core\include\numpy\noprefix.h
Lib\site-packages\numpy\core\include\numpy\npy_3kcompat.h
Lib\site-packages\numpy\core\include\numpy\npy_common.h
Lib\site-packages\numpy\core\include\numpy\npy_cpu.h
Lib\site-packages\numpy\core\include\numpy\npy_endian.h
Lib\site-packages\numpy\core\include\numpy\npy_interrupt.h
Lib\site-packages\numpy\core\include\numpy\npy_math.h
Lib\site-packages\numpy\core\include\numpy\npy_os.h
Lib\site-packages\numpy\core\include\numpy\numpyconfig.h
Lib\site-packages\numpy\core\include\numpy\oldnumeric.h
Lib\site-packages\numpy\core\include\numpy\old_defines.h
Lib\site-packages\numpy\core\include\numpy\ufuncobject.h
Lib\site-packages\numpy\core\include\numpy\ufunc_api.txt
Lib\site-packages\numpy\core\include\numpy\utils.h
Lib\site-packages\numpy\core\include\numpy\_neighborhood_iterator_imp.h
Lib\site-packages\numpy\core\include\numpy\_numpyconfig.h
Lib\site-packages\numpy\core\include\numpy\__multiarray_api.h
Lib\site-packages\numpy\core\include\numpy\__ufunc_api.h
Lib\site-packages\numpy\core\lib\npy-pkg-config
Lib\site-packages\numpy\core\lib\npymath.lib
Lib\site-packages\numpy\core\lib\npy-pkg-config\mlib.ini
Lib\site-packages\numpy\core\lib\npy-pkg-config\npymath.ini
Lib\site-packages\numpy\core\tests\data
Lib\site-packages\numpy\core\tests\test_api.py
Lib\site-packages\numpy\core\tests\test_arrayprint.py
Lib\site-packages\numpy\core\tests\test_blasdot.py
Lib\site-packages\numpy\core\tests\test_datetime.py
Lib\site-packages\numpy\core\tests\test_defchararray.py
Lib\site-packages\numpy\core\tests\test_dtype.py
Lib\site-packages\numpy\core\tests\test_einsum.py
Lib\site-packages\numpy\core\tests\test_errstate.py
Lib\site-packages\numpy\core\tests\test_function_base.py
Lib\site-packages\numpy\core\tests\test_getlimits.py
Lib\site-packages\numpy\core\tests\test_half.py
Lib\site-packages\numpy\core\tests\test_iterator.py
Lib\site-packages\numpy\core\tests\test_machar.py
Lib\site-packages\numpy\core\tests\test_memmap.py
Lib\site-packages\numpy\core\tests\test_multiarray.py
Lib\site-packages\numpy\core\tests\test_numeric.py
Lib\site-packages\numpy\core\tests\test_numerictypes.py
Lib\site-packages\numpy\core\tests\test_print.py
Lib\site-packages\numpy\core\tests\test_records.py
Lib\site-packages\numpy\core\tests\test_regression.py
Lib\site-packages\numpy\core\tests\test_scalarmath.py
Lib\site-packages\numpy\core\tests\test_shape_base.py
Lib\site-packages\numpy\core\tests\test_ufunc.py
Lib\site-packages\numpy\core\tests\test_umath.py
Lib\site-packages\numpy\core\tests\test_umath_complex.py
Lib\site-packages\numpy\core\tests\test_unicode.py
Lib\site-packages\numpy\core\tests\data\astype_copy.pkl
Lib\site-packages\numpy\core\tests\data\recarray_from_file.fits
Lib\site-packages\numpy\distutils\command
Lib\site-packages\numpy\distutils\fcompiler
Lib\site-packages\numpy\distutils\mingw
Lib\site-packages\numpy\distutils\tests
Lib\site-packages\numpy\distutils\ccompiler.py
Lib\site-packages\numpy\distutils\compat.py
Lib\site-packages\numpy\distutils\conv_template.py
Lib\site-packages\numpy\distutils\core.py
Lib\site-packages\numpy\distutils\cpuinfo.py
Lib\site-packages\numpy\distutils\environment.py
Lib\site-packages\numpy\distutils\exec_command.py
Lib\site-packages\numpy\distutils\extension.py
Lib\site-packages\numpy\distutils\from_template.py
Lib\site-packages\numpy\distutils\info.py
Lib\site-packages\numpy\distutils\intelccompiler.py
Lib\site-packages\numpy\distutils\interactive.py
Lib\site-packages\numpy\distutils\lib2def.py
Lib\site-packages\numpy\distutils\line_endings.py
Lib\site-packages\numpy\distutils\log.py
Lib\site-packages\numpy\distutils\mingw32ccompiler.py
Lib\site-packages\numpy\distutils\misc_util.py
Lib\site-packages\numpy\distutils\npy_pkg_config.py
Lib\site-packages\numpy\distutils\numpy_distribution.py
Lib\site-packages\numpy\distutils\pathccompiler.py
Lib\site-packages\numpy\distutils\setup.py
Lib\site-packages\numpy\distutils\setupscons.py
Lib\site-packages\numpy\distutils\site.cfg
Lib\site-packages\numpy\distutils\system_info.py
Lib\site-packages\numpy\distutils\unixccompiler.py
Lib\site-packages\numpy\distutils\__config__.py
Lib\site-packages\numpy\distutils\__init__.py
Lib\site-packages\numpy\distutils\__version__.py
Lib\site-packages\numpy\distutils\command\autodist.py
Lib\site-packages\numpy\distutils\command\bdist_rpm.py
Lib\site-packages\numpy\distutils\command\build.py
Lib\site-packages\numpy\distutils\command\build_clib.py
Lib\site-packages\numpy\distutils\command\build_ext.py
Lib\site-packages\numpy\distutils\command\build_py.py
Lib\site-packages\numpy\distutils\command\build_scripts.py
Lib\site-packages\numpy\distutils\command\build_src.py
Lib\site-packages\numpy\distutils\command\config.py
Lib\site-packages\numpy\distutils\command\config_compiler.py
Lib\site-packages\numpy\distutils\command\develop.py
Lib\site-packages\numpy\distutils\command\egg_info.py
Lib\site-packages\numpy\distutils\command\install.py
Lib\site-packages\numpy\distutils\command\install_clib.py
Lib\site-packages\numpy\distutils\command\install_data.py
Lib\site-packages\numpy\distutils\command\install_headers.py
Lib\site-packages\numpy\distutils\command\scons.py
Lib\site-packages\numpy\distutils\command\sdist.py
Lib\site-packages\numpy\distutils\command\__init__.py
Lib\site-packages\numpy\distutils\fcompiler\absoft.py
Lib\site-packages\numpy\distutils\fcompiler\compaq.py
Lib\site-packages\numpy\distutils\fcompiler\g95.py
Lib\site-packages\numpy\distutils\fcompiler\gnu.py
Lib\site-packages\numpy\distutils\fcompiler\hpux.py
Lib\site-packages\numpy\distutils\fcompiler\ibm.py
Lib\site-packages\numpy\distutils\fcompiler\intel.py
Lib\site-packages\numpy\distutils\fcompiler\lahey.py
Lib\site-packages\numpy\distutils\fcompiler\mips.py
Lib\site-packages\numpy\distutils\fcompiler\nag.py
Lib\site-packages\numpy\distutils\fcompiler\none.py
Lib\site-packages\numpy\distutils\fcompiler\pathf95.py
Lib\site-packages\numpy\distutils\fcompiler\pg.py
Lib\site-packages\numpy\distutils\fcompiler\sun.py
Lib\site-packages\numpy\distutils\fcompiler\vast.py
Lib\site-packages\numpy\distutils\fcompiler\__init__.py
Lib\site-packages\numpy\distutils\mingw\gfortran_vs2003_hack.c
Lib\site-packages\numpy\distutils\tests\f2py_ext
Lib\site-packages\numpy\distutils\tests\f2py_f90_ext
Lib\site-packages\numpy\distutils\tests\gen_ext
Lib\site-packages\numpy\distutils\tests\pyrex_ext
Lib\site-packages\numpy\distutils\tests\swig_ext
Lib\site-packages\numpy\distutils\tests\setup.py
Lib\site-packages\numpy\distutils\tests\test_fcompiler_gnu.py
Lib\site-packages\numpy\distutils\tests\test_fcompiler_intel.py
Lib\site-packages\numpy\distutils\tests\test_misc_util.py
Lib\site-packages\numpy\distutils\tests\test_npy_pkg_config.py
Lib\site-packages\numpy\distutils\tests\f2py_ext\src
Lib\site-packages\numpy\distutils\tests\f2py_ext\tests
Lib\site-packages\numpy\distutils\tests\f2py_ext\setup.py
Lib\site-packages\numpy\distutils\tests\f2py_ext\__init__.py
Lib\site-packages\numpy\distutils\tests\f2py_ext\src\fib1.f
Lib\site-packages\numpy\distutils\tests\f2py_ext\src\fib2.pyf
Lib\site-packages\numpy\distutils\tests\f2py_ext\tests\test_fib2.py
Lib\site-packages\numpy\distutils\tests\f2py_f90_ext\include
Lib\site-packages\numpy\distutils\tests\f2py_f90_ext\src
Lib\site-packages\numpy\distutils\tests\f2py_f90_ext\tests
Lib\site-packages\numpy\distutils\tests\f2py_f90_ext\setup.py
Lib\site-packages\numpy\distutils\tests\f2py_f90_ext\__init__.py
Lib\site-packages\numpy\distutils\tests\f2py_f90_ext\include\body.f90
Lib\site-packages\numpy\distutils\tests\f2py_f90_ext\src\foo_free.f90
Lib\site-packages\numpy\distutils\tests\f2py_f90_ext\tests\test_foo.py
Lib\site-packages\numpy\distutils\tests\gen_ext\tests
Lib\site-packages\numpy\distutils\tests\gen_ext\setup.py
Lib\site-packages\numpy\distutils\tests\gen_ext\__init__.py
Lib\site-packages\numpy\distutils\tests\gen_ext\tests\test_fib3.py
Lib\site-packages\numpy\distutils\tests\pyrex_ext\tests
Lib\site-packages\numpy\distutils\tests\pyrex_ext\primes.pyx
Lib\site-packages\numpy\distutils\tests\pyrex_ext\setup.py
Lib\site-packages\numpy\distutils\tests\pyrex_ext\__init__.py
Lib\site-packages\numpy\distutils\tests\pyrex_ext\tests\test_primes.py
Lib\site-packages\numpy\distutils\tests\swig_ext\src
Lib\site-packages\numpy\distutils\tests\swig_ext\tests
Lib\site-packages\numpy\distutils\tests\swig_ext\setup.py
Lib\site-packages\numpy\distutils\tests\swig_ext\__init__.py
Lib\site-packages\numpy\distutils\tests\swig_ext\src\example.c
Lib\site-packages\numpy\distutils\tests\swig_ext\src\example.i
Lib\site-packages\numpy\distutils\tests\swig_ext\src\zoo.cc
Lib\site-packages\numpy\distutils\tests\swig_ext\src\zoo.h
Lib\site-packages\numpy\distutils\tests\swig_ext\src\zoo.i
Lib\site-packages\numpy\distutils\tests\swig_ext\tests\test_example.py
Lib\site-packages\numpy\distutils\tests\swig_ext\tests\test_example2.py
Lib\site-packages\numpy\doc\basics.py
Lib\site-packages\numpy\doc\broadcasting.py
Lib\site-packages\numpy\doc\byteswapping.py
Lib\site-packages\numpy\doc\constants.py
Lib\site-packages\numpy\doc\creation.py
Lib\site-packages\numpy\doc\glossary.py
Lib\site-packages\numpy\doc\howtofind.py
Lib\site-packages\numpy\doc\indexing.py
Lib\site-packages\numpy\doc\internals.py
Lib\site-packages\numpy\doc\io.py
Lib\site-packages\numpy\doc\jargon.py
Lib\site-packages\numpy\doc\methods_vs_functions.py
Lib\site-packages\numpy\doc\misc.py
Lib\site-packages\numpy\doc\performance.py
Lib\site-packages\numpy\doc\structured_arrays.py
Lib\site-packages\numpy\doc\subclassing.py
Lib\site-packages\numpy\doc\ufuncs.py
Lib\site-packages\numpy\doc\__init__.py
Lib\site-packages\numpy\f2py\docs
Lib\site-packages\numpy\f2py\src
Lib\site-packages\numpy\f2py\tests
Lib\site-packages\numpy\f2py\auxfuncs.py
Lib\site-packages\numpy\f2py\capi_maps.py
Lib\site-packages\numpy\f2py\cb_rules.py
Lib\site-packages\numpy\f2py\cfuncs.py
Lib\site-packages\numpy\f2py\common_rules.py
Lib\site-packages\numpy\f2py\crackfortran.py
Lib\site-packages\numpy\f2py\diagnose.py
Lib\site-packages\numpy\f2py\f2py.1
Lib\site-packages\numpy\f2py\f2py2e.py
Lib\site-packages\numpy\f2py\f2py_testing.py
Lib\site-packages\numpy\f2py\f90mod_rules.py
Lib\site-packages\numpy\f2py\func2subr.py
Lib\site-packages\numpy\f2py\info.py
Lib\site-packages\numpy\f2py\rules.py
Lib\site-packages\numpy\f2py\setup.py
Lib\site-packages\numpy\f2py\setupscons.py
Lib\site-packages\numpy\f2py\use_rules.py
Lib\site-packages\numpy\f2py\__init__.py
Lib\site-packages\numpy\f2py\__version__.py
Lib\site-packages\numpy\f2py\docs\usersguide
Lib\site-packages\numpy\f2py\docs\default.css
Lib\site-packages\numpy\f2py\docs\docutils.conf
Lib\site-packages\numpy\f2py\docs\FAQ.txt
Lib\site-packages\numpy\f2py\docs\hello.f
Lib\site-packages\numpy\f2py\docs\HISTORY.txt
Lib\site-packages\numpy\f2py\docs\OLDNEWS.txt
Lib\site-packages\numpy\f2py\docs\pyforttest.pyf
Lib\site-packages\numpy\f2py\docs\pytest.py
Lib\site-packages\numpy\f2py\docs\README.txt
Lib\site-packages\numpy\f2py\docs\simple.f
Lib\site-packages\numpy\f2py\docs\simple_session.dat
Lib\site-packages\numpy\f2py\docs\TESTING.txt
Lib\site-packages\numpy\f2py\docs\THANKS.txt
Lib\site-packages\numpy\f2py\docs\usersguide\allocarr.f90
Lib\site-packages\numpy\f2py\docs\usersguide\allocarr_session.dat
Lib\site-packages\numpy\f2py\docs\usersguide\array.f
Lib\site-packages\numpy\f2py\docs\usersguide\array_session.dat
Lib\site-packages\numpy\f2py\docs\usersguide\calculate.f
Lib\site-packages\numpy\f2py\docs\usersguide\calculate_session.dat
Lib\site-packages\numpy\f2py\docs\usersguide\callback.f
Lib\site-packages\numpy\f2py\docs\usersguide\callback2.pyf
Lib\site-packages\numpy\f2py\docs\usersguide\callback_session.dat
Lib\site-packages\numpy\f2py\docs\usersguide\common.f
Lib\site-packages\numpy\f2py\docs\usersguide\common_session.dat
Lib\site-packages\numpy\f2py\docs\usersguide\compile_session.dat
Lib\site-packages\numpy\f2py\docs\usersguide\default.css
Lib\site-packages\numpy\f2py\docs\usersguide\docutils.conf
Lib\site-packages\numpy\f2py\docs\usersguide\extcallback.f
Lib\site-packages\numpy\f2py\docs\usersguide\extcallback_session.dat
Lib\site-packages\numpy\f2py\docs\usersguide\fib1.f
Lib\site-packages\numpy\f2py\docs\usersguide\fib1.pyf
Lib\site-packages\numpy\f2py\docs\usersguide\fib2.pyf
Lib\site-packages\numpy\f2py\docs\usersguide\fib3.f
Lib\site-packages\numpy\f2py\docs\usersguide\ftype.f
Lib\site-packages\numpy\f2py\docs\usersguide\ftype_session.dat
Lib\site-packages\numpy\f2py\docs\usersguide\index.txt
Lib\site-packages\numpy\f2py\docs\usersguide\moddata.f90
Lib\site-packages\numpy\f2py\docs\usersguide\moddata_session.dat
Lib\site-packages\numpy\f2py\docs\usersguide\run_main_session.dat
Lib\site-packages\numpy\f2py\docs\usersguide\scalar.f
Lib\site-packages\numpy\f2py\docs\usersguide\scalar_session.dat
Lib\site-packages\numpy\f2py\docs\usersguide\setup_example.py
Lib\site-packages\numpy\f2py\docs\usersguide\spam.pyf
Lib\site-packages\numpy\f2py\docs\usersguide\spam_session.dat
Lib\site-packages\numpy\f2py\docs\usersguide\string.f
Lib\site-packages\numpy\f2py\docs\usersguide\string_session.dat
Lib\site-packages\numpy\f2py\docs\usersguide\var.pyf
Lib\site-packages\numpy\f2py\docs\usersguide\var_session.dat
Lib\site-packages\numpy\f2py\src\fortranobject.c
Lib\site-packages\numpy\f2py\src\fortranobject.h
Lib\site-packages\numpy\f2py\tests\src
Lib\site-packages\numpy\f2py\tests\test_array_from_pyobj.py
Lib\site-packages\numpy\f2py\tests\test_assumed_shape.py
Lib\site-packages\numpy\f2py\tests\test_callback.py
Lib\site-packages\numpy\f2py\tests\test_kind.py
Lib\site-packages\numpy\f2py\tests\test_mixed.py
Lib\site-packages\numpy\f2py\tests\test_return_character.py
Lib\site-packages\numpy\f2py\tests\test_return_complex.py
Lib\site-packages\numpy\f2py\tests\test_return_integer.py
Lib\site-packages\numpy\f2py\tests\test_return_logical.py
Lib\site-packages\numpy\f2py\tests\test_return_real.py
Lib\site-packages\numpy\f2py\tests\test_size.py
Lib\site-packages\numpy\f2py\tests\util.py
Lib\site-packages\numpy\f2py\tests\src\array_from_pyobj
Lib\site-packages\numpy\f2py\tests\src\assumed_shape
Lib\site-packages\numpy\f2py\tests\src\kind
Lib\site-packages\numpy\f2py\tests\src\mixed
Lib\site-packages\numpy\f2py\tests\src\size
Lib\site-packages\numpy\f2py\tests\src\array_from_pyobj\wrapmodule.c
Lib\site-packages\numpy\f2py\tests\src\assumed_shape\.f2py_f2cmap
Lib\site-packages\numpy\f2py\tests\src\assumed_shape\foo_free.f90
Lib\site-packages\numpy\f2py\tests\src\assumed_shape\foo_mod.f90
Lib\site-packages\numpy\f2py\tests\src\assumed_shape\foo_use.f90
Lib\site-packages\numpy\f2py\tests\src\assumed_shape\precision.f90
Lib\site-packages\numpy\f2py\tests\src\kind\foo.f90
Lib\site-packages\numpy\f2py\tests\src\mixed\foo.f
Lib\site-packages\numpy\f2py\tests\src\mixed\foo_fixed.f90
Lib\site-packages\numpy\f2py\tests\src\mixed\foo_free.f90
Lib\site-packages\numpy\f2py\tests\src\size\foo.f90
Lib\site-packages\numpy\fft\tests
Lib\site-packages\numpy\fft\fftpack.py
Lib\site-packages\numpy\fft\fftpack_lite.pyd
Lib\site-packages\numpy\fft\helper.py
Lib\site-packages\numpy\fft\info.py
Lib\site-packages\numpy\fft\setup.py
Lib\site-packages\numpy\fft\setupscons.py
Lib\site-packages\numpy\fft\__init__.py
Lib\site-packages\numpy\fft\tests\test_fftpack.py
Lib\site-packages\numpy\fft\tests\test_helper.py
Lib\site-packages\numpy\lib\benchmarks
Lib\site-packages\numpy\lib\tests
Lib\site-packages\numpy\lib\arraysetops.py
Lib\site-packages\numpy\lib\arrayterator.py
Lib\site-packages\numpy\lib\financial.py
Lib\site-packages\numpy\lib\format.py
Lib\site-packages\numpy\lib\function_base.py
Lib\site-packages\numpy\lib\index_tricks.py
Lib\site-packages\numpy\lib\info.py
Lib\site-packages\numpy\lib\npyio.py
Lib\site-packages\numpy\lib\polynomial.py
Lib\site-packages\numpy\lib\recfunctions.py
Lib\site-packages\numpy\lib\scimath.py
Lib\site-packages\numpy\lib\setup.py
Lib\site-packages\numpy\lib\setupscons.py
Lib\site-packages\numpy\lib\shape_base.py
Lib\site-packages\numpy\lib\stride_tricks.py
Lib\site-packages\numpy\lib\twodim_base.py
Lib\site-packages\numpy\lib\type_check.py
Lib\site-packages\numpy\lib\ufunclike.py
Lib\site-packages\numpy\lib\user_array.py
Lib\site-packages\numpy\lib\utils.py
Lib\site-packages\numpy\lib\_compiled_base.pyd
Lib\site-packages\numpy\lib\_datasource.py
Lib\site-packages\numpy\lib\_iotools.py
Lib\site-packages\numpy\lib\__init__.py
Lib\site-packages\numpy\lib\benchmarks\benchmark.py
Lib\site-packages\numpy\lib\benchmarks\casting.py
Lib\site-packages\numpy\lib\benchmarks\creating.py
Lib\site-packages\numpy\lib\benchmarks\simpleindex.py
Lib\site-packages\numpy\lib\benchmarks\sorting.py
Lib\site-packages\numpy\lib\tests\test_arraysetops.py
Lib\site-packages\numpy\lib\tests\test_arrayterator.py
Lib\site-packages\numpy\lib\tests\test_financial.py
Lib\site-packages\numpy\lib\tests\test_format.py
Lib\site-packages\numpy\lib\tests\test_function_base.py
Lib\site-packages\numpy\lib\tests\test_index_tricks.py
Lib\site-packages\numpy\lib\tests\test_io.py
Lib\site-packages\numpy\lib\tests\test_polynomial.py
Lib\site-packages\numpy\lib\tests\test_recfunctions.py
Lib\site-packages\numpy\lib\tests\test_regression.py
Lib\site-packages\numpy\lib\tests\test_shape_base.py
Lib\site-packages\numpy\lib\tests\test_stride_tricks.py
Lib\site-packages\numpy\lib\tests\test_twodim_base.py
Lib\site-packages\numpy\lib\tests\test_type_check.py
Lib\site-packages\numpy\lib\tests\test_ufunclike.py
Lib\site-packages\numpy\lib\tests\test_utils.py
Lib\site-packages\numpy\lib\tests\test__datasource.py
Lib\site-packages\numpy\lib\tests\test__iotools.py
Lib\site-packages\numpy\linalg\tests
Lib\site-packages\numpy\linalg\info.py
Lib\site-packages\numpy\linalg\lapack_lite.pyd
Lib\site-packages\numpy\linalg\linalg.py
Lib\site-packages\numpy\linalg\setup.py
Lib\site-packages\numpy\linalg\setupscons.py
Lib\site-packages\numpy\linalg\__init__.py
Lib\site-packages\numpy\linalg\tests\test_build.py
Lib\site-packages\numpy\linalg\tests\test_linalg.py
Lib\site-packages\numpy\linalg\tests\test_regression.py
Lib\site-packages\numpy\ma\tests
Lib\site-packages\numpy\ma\bench.py
Lib\site-packages\numpy\ma\core.py
Lib\site-packages\numpy\ma\extras.py
Lib\site-packages\numpy\ma\mrecords.py
Lib\site-packages\numpy\ma\setup.py
Lib\site-packages\numpy\ma\setupscons.py
Lib\site-packages\numpy\ma\testutils.py
Lib\site-packages\numpy\ma\timer_comparison.py
Lib\site-packages\numpy\ma\version.py
Lib\site-packages\numpy\ma\__init__.py
Lib\site-packages\numpy\ma\tests\test_core.py
Lib\site-packages\numpy\ma\tests\test_extras.py
Lib\site-packages\numpy\ma\tests\test_mrecords.py
Lib\site-packages\numpy\ma\tests\test_old_ma.py
Lib\site-packages\numpy\ma\tests\test_regression.py
Lib\site-packages\numpy\ma\tests\test_subclassing.py
Lib\site-packages\numpy\matrixlib\tests
Lib\site-packages\numpy\matrixlib\defmatrix.py
Lib\site-packages\numpy\matrixlib\setup.py
Lib\site-packages\numpy\matrixlib\setupscons.py
Lib\site-packages\numpy\matrixlib\__init__.py
Lib\site-packages\numpy\matrixlib\tests\test_defmatrix.py
Lib\site-packages\numpy\matrixlib\tests\test_multiarray.py
Lib\site-packages\numpy\matrixlib\tests\test_numeric.py
Lib\site-packages\numpy\matrixlib\tests\test_regression.py
Lib\site-packages\numpy\numarray\include
Lib\site-packages\numpy\numarray\alter_code1.py
Lib\site-packages\numpy\numarray\alter_code2.py
Lib\site-packages\numpy\numarray\compat.py
Lib\site-packages\numpy\numarray\convolve.py
Lib\site-packages\numpy\numarray\fft.py
Lib\site-packages\numpy\numarray\functions.py
Lib\site-packages\numpy\numarray\image.py
Lib\site-packages\numpy\numarray\linear_algebra.py
Lib\site-packages\numpy\numarray\ma.py
Lib\site-packages\numpy\numarray\matrix.py
Lib\site-packages\numpy\numarray\mlab.py
Lib\site-packages\numpy\numarray\nd_image.py
Lib\site-packages\numpy\numarray\numerictypes.py
Lib\site-packages\numpy\numarray\random_array.py
Lib\site-packages\numpy\numarray\session.py
Lib\site-packages\numpy\numarray\setup.py
Lib\site-packages\numpy\numarray\setupscons.py
Lib\site-packages\numpy\numarray\ufuncs.py
Lib\site-packages\numpy\numarray\util.py
Lib\site-packages\numpy\numarray\_capi.pyd
Lib\site-packages\numpy\numarray\__init__.py
Lib\site-packages\numpy\numarray\include\numpy
Lib\site-packages\numpy\numarray\include\numpy\arraybase.h
Lib\site-packages\numpy\numarray\include\numpy\cfunc.h
Lib\site-packages\numpy\numarray\include\numpy\ieeespecial.h
Lib\site-packages\numpy\numarray\include\numpy\libnumarray.h
Lib\site-packages\numpy\numarray\include\numpy\numcomplex.h
Lib\site-packages\numpy\numarray\include\numpy\nummacro.h
Lib\site-packages\numpy\oldnumeric\tests
Lib\site-packages\numpy\oldnumeric\alter_code1.py
Lib\site-packages\numpy\oldnumeric\alter_code2.py
Lib\site-packages\numpy\oldnumeric\arrayfns.py
Lib\site-packages\numpy\oldnumeric\array_printer.py
Lib\site-packages\numpy\oldnumeric\compat.py
Lib\site-packages\numpy\oldnumeric\fft.py
Lib\site-packages\numpy\oldnumeric\fix_default_axis.py
Lib\site-packages\numpy\oldnumeric\functions.py
Lib\site-packages\numpy\oldnumeric\linear_algebra.py
Lib\site-packages\numpy\oldnumeric\ma.py
Lib\site-packages\numpy\oldnumeric\matrix.py
Lib\site-packages\numpy\oldnumeric\misc.py
Lib\site-packages\numpy\oldnumeric\mlab.py
Lib\site-packages\numpy\oldnumeric\precision.py
Lib\site-packages\numpy\oldnumeric\random_array.py
Lib\site-packages\numpy\oldnumeric\rng.py
Lib\site-packages\numpy\oldnumeric\rng_stats.py
Lib\site-packages\numpy\oldnumeric\setup.py
Lib\site-packages\numpy\oldnumeric\setupscons.py
Lib\site-packages\numpy\oldnumeric\typeconv.py
Lib\site-packages\numpy\oldnumeric\ufuncs.py
Lib\site-packages\numpy\oldnumeric\user_array.py
Lib\site-packages\numpy\oldnumeric\__init__.py
Lib\site-packages\numpy\oldnumeric\tests\test_oldnumeric.py
Lib\site-packages\numpy\oldnumeric\tests\test_regression.py
Lib\site-packages\numpy\polynomial\tests
Lib\site-packages\numpy\polynomial\chebyshev.py
Lib\site-packages\numpy\polynomial\hermite.py
Lib\site-packages\numpy\polynomial\hermite_e.py
Lib\site-packages\numpy\polynomial\laguerre.py
Lib\site-packages\numpy\polynomial\legendre.py
Lib\site-packages\numpy\polynomial\polynomial.py
Lib\site-packages\numpy\polynomial\polytemplate.py
Lib\site-packages\numpy\polynomial\polyutils.py
Lib\site-packages\numpy\polynomial\setup.py
Lib\site-packages\numpy\polynomial\__init__.py
Lib\site-packages\numpy\polynomial\tests\test_chebyshev.py
Lib\site-packages\numpy\polynomial\tests\test_hermite.py
Lib\site-packages\numpy\polynomial\tests\test_hermite_e.py
Lib\site-packages\numpy\polynomial\tests\test_laguerre.py
Lib\site-packages\numpy\polynomial\tests\test_legendre.py
Lib\site-packages\numpy\polynomial\tests\test_polynomial.py
Lib\site-packages\numpy\polynomial\tests\test_polyutils.py
Lib\site-packages\numpy\polynomial\tests\test_printing.py
Lib\site-packages\numpy\random\tests
Lib\site-packages\numpy\random\info.py
Lib\site-packages\numpy\random\mtrand.pyd
Lib\site-packages\numpy\random\randomkit.h
Lib\site-packages\numpy\random\setup.py
Lib\site-packages\numpy\random\setupscons.py
Lib\site-packages\numpy\random\__init__.py
Lib\site-packages\numpy\random\tests\test_random.py
Lib\site-packages\numpy\random\tests\test_regression.py
Lib\site-packages\numpy\testing\tests
Lib\site-packages\numpy\testing\decorators.py
Lib\site-packages\numpy\testing\noseclasses.py
Lib\site-packages\numpy\testing\nosetester.py
Lib\site-packages\numpy\testing\nulltester.py
Lib\site-packages\numpy\testing\numpytest.py
Lib\site-packages\numpy\testing\print_coercion_tables.py
Lib\site-packages\numpy\testing\setup.py
Lib\site-packages\numpy\testing\setupscons.py
Lib\site-packages\numpy\testing\utils.py
Lib\site-packages\numpy\testing\__init__.py
Lib\site-packages\numpy\testing\tests\test_decorators.py
Lib\site-packages\numpy\testing\tests\test_utils.py
Lib\site-packages\numpy\tests\test_ctypeslib.py
Lib\site-packages\numpy\tests\test_matlib.py
Scripts\f2py.py
Scripts\f2py.bat