# WPPM package installation log
# 
# Package: pandas v0.10.1

Lib\site-packages\pandas
Lib\site-packages\pandas-0.10.1-py2.7.egg-info
Lib\site-packages\pandas\compat
Lib\site-packages\pandas\core
Lib\site-packages\pandas\io
Lib\site-packages\pandas\rpy
Lib\site-packages\pandas\sandbox
Lib\site-packages\pandas\sparse
Lib\site-packages\pandas\stats
Lib\site-packages\pandas\tests
Lib\site-packages\pandas\tools
Lib\site-packages\pandas\tseries
Lib\site-packages\pandas\util
Lib\site-packages\pandas\algos.pyd
Lib\site-packages\pandas\hashtable.pyd
Lib\site-packages\pandas\index.pyd
Lib\site-packages\pandas\info.py
Lib\site-packages\pandas\lib.pyd
Lib\site-packages\pandas\tslib.pyd
Lib\site-packages\pandas\version.py
Lib\site-packages\pandas\_parser.pyd
Lib\site-packages\pandas\_sparse.pyd
Lib\site-packages\pandas\__init__.py
Lib\site-packages\pandas\compat\scipy.py
Lib\site-packages\pandas\compat\__init__.py
Lib\site-packages\pandas\core\algorithms.py
Lib\site-packages\pandas\core\api.py
Lib\site-packages\pandas\core\categorical.py
Lib\site-packages\pandas\core\common.py
Lib\site-packages\pandas\core\config.py
Lib\site-packages\pandas\core\config_init.py
Lib\site-packages\pandas\core\daterange.py
Lib\site-packages\pandas\core\daterange_flymake.py
Lib\site-packages\pandas\core\datetools.py
Lib\site-packages\pandas\core\format.py
Lib\site-packages\pandas\core\frame.py
Lib\site-packages\pandas\core\generic.py
Lib\site-packages\pandas\core\groupby.py
Lib\site-packages\pandas\core\index.py
Lib\site-packages\pandas\core\indexing.py
Lib\site-packages\pandas\core\internals.py
Lib\site-packages\pandas\core\matrix.py
Lib\site-packages\pandas\core\nanops.py
Lib\site-packages\pandas\core\panel.py
Lib\site-packages\pandas\core\panel4d.py
Lib\site-packages\pandas\core\panelnd.py
Lib\site-packages\pandas\core\reshape.py
Lib\site-packages\pandas\core\series.py
Lib\site-packages\pandas\core\sparse.py
Lib\site-packages\pandas\core\strings.py
Lib\site-packages\pandas\core\__init__.py
Lib\site-packages\pandas\io\tests
Lib\site-packages\pandas\io\auth.py
Lib\site-packages\pandas\io\data.py
Lib\site-packages\pandas\io\date_converters.py
Lib\site-packages\pandas\io\ga.py
Lib\site-packages\pandas\io\parsers.py
Lib\site-packages\pandas\io\pytables.py
Lib\site-packages\pandas\io\sql.py
Lib\site-packages\pandas\io\wb.py
Lib\site-packages\pandas\io\__init__.py
Lib\site-packages\pandas\io\tests\legacy.h5
Lib\site-packages\pandas\io\tests\legacy_0.10.h5
Lib\site-packages\pandas\io\tests\legacy_table.h5
Lib\site-packages\pandas\io\tests\pytables_native.h5
Lib\site-packages\pandas\io\tests\pytables_native2.h5
Lib\site-packages\pandas\io\tests\rossi_small.csv
Lib\site-packages\pandas\io\tests\salary.table
Lib\site-packages\pandas\io\tests\test.xls
Lib\site-packages\pandas\io\tests\test.xlsx
Lib\site-packages\pandas\io\tests\test1.csv
Lib\site-packages\pandas\io\tests\test2.csv
Lib\site-packages\pandas\io\tests\test2.xls
Lib\site-packages\pandas\io\tests\test3.xls
Lib\site-packages\pandas\io\tests\test_cparser.py
Lib\site-packages\pandas\io\tests\test_date_converters.py
Lib\site-packages\pandas\io\tests\test_excel.py
Lib\site-packages\pandas\io\tests\test_ga.py
Lib\site-packages\pandas\io\tests\test_parsers.py
Lib\site-packages\pandas\io\tests\test_pytables.py
Lib\site-packages\pandas\io\tests\test_sql.py
Lib\site-packages\pandas\io\tests\test_utf16.csv
Lib\site-packages\pandas\io\tests\test_wb.py
Lib\site-packages\pandas\io\tests\test_yahoo.py
Lib\site-packages\pandas\io\tests\utf16_ex.txt
Lib\site-packages\pandas\io\tests\__init__.py
Lib\site-packages\pandas\rpy\base.py
Lib\site-packages\pandas\rpy\common.py
Lib\site-packages\pandas\rpy\mass.py
Lib\site-packages\pandas\rpy\vars.py
Lib\site-packages\pandas\rpy\__init__.py
Lib\site-packages\pandas\sandbox\qtpandas.py
Lib\site-packages\pandas\sandbox\__init__.py
Lib\site-packages\pandas\sparse\tests
Lib\site-packages\pandas\sparse\api.py
Lib\site-packages\pandas\sparse\array.py
Lib\site-packages\pandas\sparse\frame.py
Lib\site-packages\pandas\sparse\list.py
Lib\site-packages\pandas\sparse\panel.py
Lib\site-packages\pandas\sparse\series.py
Lib\site-packages\pandas\sparse\__init__.py
Lib\site-packages\pandas\sparse\tests\test_array.py
Lib\site-packages\pandas\sparse\tests\test_libsparse.py
Lib\site-packages\pandas\sparse\tests\test_list.py
Lib\site-packages\pandas\sparse\tests\test_sparse.py
Lib\site-packages\pandas\sparse\tests\__init__.py
Lib\site-packages\pandas\stats\tests
Lib\site-packages\pandas\stats\api.py
Lib\site-packages\pandas\stats\common.py
Lib\site-packages\pandas\stats\fama_macbeth.py
Lib\site-packages\pandas\stats\interface.py
Lib\site-packages\pandas\stats\math.py
Lib\site-packages\pandas\stats\misc.py
Lib\site-packages\pandas\stats\moments.py
Lib\site-packages\pandas\stats\ols.py
Lib\site-packages\pandas\stats\plm.py
Lib\site-packages\pandas\stats\var.py
Lib\site-packages\pandas\stats\__init__.py
Lib\site-packages\pandas\stats\tests\common.py
Lib\site-packages\pandas\stats\tests\test_fama_macbeth.py
Lib\site-packages\pandas\stats\tests\test_math.py
Lib\site-packages\pandas\stats\tests\test_moments.py
Lib\site-packages\pandas\stats\tests\test_ols.py
Lib\site-packages\pandas\stats\tests\test_var.py
Lib\site-packages\pandas\stats\tests\__init__.py
Lib\site-packages\pandas\tests\data
Lib\site-packages\pandas\tests\test_algos.py
Lib\site-packages\pandas\tests\test_common.py
Lib\site-packages\pandas\tests\test_config.py
Lib\site-packages\pandas\tests\test_factor.py
Lib\site-packages\pandas\tests\test_format.py
Lib\site-packages\pandas\tests\test_frame.py
Lib\site-packages\pandas\tests\test_graphics.py
Lib\site-packages\pandas\tests\test_groupby.py
Lib\site-packages\pandas\tests\test_index.py
Lib\site-packages\pandas\tests\test_internals.py
Lib\site-packages\pandas\tests\test_multilevel.py
Lib\site-packages\pandas\tests\test_ndframe.py
Lib\site-packages\pandas\tests\test_panel.py
Lib\site-packages\pandas\tests\test_panel4d.py
Lib\site-packages\pandas\tests\test_panelnd.py
Lib\site-packages\pandas\tests\test_reshape.py
Lib\site-packages\pandas\tests\test_series.py
Lib\site-packages\pandas\tests\test_stats.py
Lib\site-packages\pandas\tests\test_strings.py
Lib\site-packages\pandas\tests\test_tseries.py
Lib\site-packages\pandas\tests\__init__.py
Lib\site-packages\pandas\tests\data\iris.csv
Lib\site-packages\pandas\tests\data\mindex_073.pickle
Lib\site-packages\pandas\tests\data\multiindex_v1.pickle
Lib\site-packages\pandas\tests\data\unicode_series.csv
Lib\site-packages\pandas\tools\tests
Lib\site-packages\pandas\tools\describe.py
Lib\site-packages\pandas\tools\merge.py
Lib\site-packages\pandas\tools\pivot.py
Lib\site-packages\pandas\tools\plotting.py
Lib\site-packages\pandas\tools\tile.py
Lib\site-packages\pandas\tools\util.py
Lib\site-packages\pandas\tools\__init__.py
Lib\site-packages\pandas\tools\tests\cut_data.csv
Lib\site-packages\pandas\tools\tests\test_merge.py
Lib\site-packages\pandas\tools\tests\test_pivot.py
Lib\site-packages\pandas\tools\tests\test_tile.py
Lib\site-packages\pandas\tools\tests\test_tools.py
Lib\site-packages\pandas\tools\tests\__init__.py
Lib\site-packages\pandas\tseries\tests
Lib\site-packages\pandas\tseries\api.py
Lib\site-packages\pandas\tseries\converter.py
Lib\site-packages\pandas\tseries\frequencies.py
Lib\site-packages\pandas\tseries\index.py
Lib\site-packages\pandas\tseries\interval.py
Lib\site-packages\pandas\tseries\offsets.py
Lib\site-packages\pandas\tseries\period.py
Lib\site-packages\pandas\tseries\plotting.py
Lib\site-packages\pandas\tseries\resample.py
Lib\site-packages\pandas\tseries\tools.py
Lib\site-packages\pandas\tseries\util.py
Lib\site-packages\pandas\tseries\__init__.py
Lib\site-packages\pandas\tseries\tests\data
Lib\site-packages\pandas\tseries\tests\test_converter.py
Lib\site-packages\pandas\tseries\tests\test_cursor.py
Lib\site-packages\pandas\tseries\tests\test_daterange.py
Lib\site-packages\pandas\tseries\tests\test_frequencies.py
Lib\site-packages\pandas\tseries\tests\test_offsets.py
Lib\site-packages\pandas\tseries\tests\test_period.py
Lib\site-packages\pandas\tseries\tests\test_plotting.py
Lib\site-packages\pandas\tseries\tests\test_resample.py
Lib\site-packages\pandas\tseries\tests\test_timeseries.py
Lib\site-packages\pandas\tseries\tests\test_timezones.py
Lib\site-packages\pandas\tseries\tests\test_util.py
Lib\site-packages\pandas\tseries\tests\__init__.py
Lib\site-packages\pandas\tseries\tests\data\daterange_073.pickle
Lib\site-packages\pandas\tseries\tests\data\frame.pickle
Lib\site-packages\pandas\tseries\tests\data\series.pickle
Lib\site-packages\pandas\tseries\tests\data\series_daterange0.pickle
Lib\site-packages\pandas\util\clipboard.py
Lib\site-packages\pandas\util\compat.py
Lib\site-packages\pandas\util\counter.py
Lib\site-packages\pandas\util\decorators.py
Lib\site-packages\pandas\util\misc.py
Lib\site-packages\pandas\util\py3compat.py
Lib\site-packages\pandas\util\terminal.py
Lib\site-packages\pandas\util\testing.py
Lib\site-packages\pandas\util\__init__.py
Lib\site-packages\pandas-0.10.1-py2.7.egg-info\dependency_links.txt
Lib\site-packages\pandas-0.10.1-py2.7.egg-info\not-zip-safe
Lib\site-packages\pandas-0.10.1-py2.7.egg-info\PKG-INFO
Lib\site-packages\pandas-0.10.1-py2.7.egg-info\requires.txt
Lib\site-packages\pandas-0.10.1-py2.7.egg-info\SOURCES.txt
Lib\site-packages\pandas-0.10.1-py2.7.egg-info\top_level.txt