# WPPM package installation log
# 
# Package: PIL v1.1.7

Lib\site-packages\PIL
Lib\site-packages\PIL.pth
Lib\site-packages\PIL\ArgImagePlugin.py
Lib\site-packages\PIL\BdfFontFile.py
Lib\site-packages\PIL\BmpImagePlugin.py
Lib\site-packages\PIL\BufrStubImagePlugin.py
Lib\site-packages\PIL\ContainerIO.py
Lib\site-packages\PIL\CurImagePlugin.py
Lib\site-packages\PIL\DcxImagePlugin.py
Lib\site-packages\PIL\EpsImagePlugin.py
Lib\site-packages\PIL\ExifTags.py
Lib\site-packages\PIL\FitsStubImagePlugin.py
Lib\site-packages\PIL\FliImagePlugin.py
Lib\site-packages\PIL\FontFile.py
Lib\site-packages\PIL\FpxImagePlugin.py
Lib\site-packages\PIL\GbrImagePlugin.py
Lib\site-packages\PIL\GdImageFile.py
Lib\site-packages\PIL\GifImagePlugin.py
Lib\site-packages\PIL\GimpGradientFile.py
Lib\site-packages\PIL\GimpPaletteFile.py
Lib\site-packages\PIL\GribStubImagePlugin.py
Lib\site-packages\PIL\Hdf5StubImagePlugin.py
Lib\site-packages\PIL\IcnsImagePlugin.py
Lib\site-packages\PIL\IcoImagePlugin.py
Lib\site-packages\PIL\Image.py
Lib\site-packages\PIL\ImageChops.py
Lib\site-packages\PIL\ImageCms.py
Lib\site-packages\PIL\ImageColor.py
Lib\site-packages\PIL\ImageDraw.py
Lib\site-packages\PIL\ImageDraw2.py
Lib\site-packages\PIL\ImageEnhance.py
Lib\site-packages\PIL\ImageFile.py
Lib\site-packages\PIL\ImageFileIO.py
Lib\site-packages\PIL\ImageFilter.py
Lib\site-packages\PIL\ImageFont.py
Lib\site-packages\PIL\ImageGL.py
Lib\site-packages\PIL\ImageGrab.py
Lib\site-packages\PIL\ImageMath.py
Lib\site-packages\PIL\ImageMode.py
Lib\site-packages\PIL\ImageOps.py
Lib\site-packages\PIL\ImagePalette.py
Lib\site-packages\PIL\ImagePath.py
Lib\site-packages\PIL\ImageQt.py
Lib\site-packages\PIL\ImageSequence.py
Lib\site-packages\PIL\ImageShow.py
Lib\site-packages\PIL\ImageStat.py
Lib\site-packages\PIL\ImageTk.py
Lib\site-packages\PIL\ImageTransform.py
Lib\site-packages\PIL\ImageWin.py
Lib\site-packages\PIL\ImImagePlugin.py
Lib\site-packages\PIL\ImtImagePlugin.py
Lib\site-packages\PIL\IptcImagePlugin.py
Lib\site-packages\PIL\JpegImagePlugin.py
Lib\site-packages\PIL\McIdasImagePlugin.py
Lib\site-packages\PIL\MicImagePlugin.py
Lib\site-packages\PIL\MpegImagePlugin.py
Lib\site-packages\PIL\MspImagePlugin.py
Lib\site-packages\PIL\OleFileIO.py
Lib\site-packages\PIL\PaletteFile.py
Lib\site-packages\PIL\PalmImagePlugin.py
Lib\site-packages\PIL\PcdImagePlugin.py
Lib\site-packages\PIL\PcfFontFile.py
Lib\site-packages\PIL\PcxImagePlugin.py
Lib\site-packages\PIL\PdfImagePlugin.py
Lib\site-packages\PIL\PIL-1.1.7-py2.7.egg-info
Lib\site-packages\PIL\PixarImagePlugin.py
Lib\site-packages\PIL\PngImagePlugin.py
Lib\site-packages\PIL\PpmImagePlugin.py
Lib\site-packages\PIL\PsdImagePlugin.py
Lib\site-packages\PIL\PSDraw.py
Lib\site-packages\PIL\SgiImagePlugin.py
Lib\site-packages\PIL\SpiderImagePlugin.py
Lib\site-packages\PIL\SunImagePlugin.py
Lib\site-packages\PIL\TarIO.py
Lib\site-packages\PIL\TgaImagePlugin.py
Lib\site-packages\PIL\TiffImagePlugin.py
Lib\site-packages\PIL\TiffTags.py
Lib\site-packages\PIL\WalImageFile.py
Lib\site-packages\PIL\WmfImagePlugin.py
Lib\site-packages\PIL\XbmImagePlugin.py
Lib\site-packages\PIL\XpmImagePlugin.py
Lib\site-packages\PIL\XVThumbImagePlugin.py
Lib\site-packages\PIL\_imaging.pyd
Lib\site-packages\PIL\_imagingcms.pyd
Lib\site-packages\PIL\_imagingft.pyd
Lib\site-packages\PIL\_imagingmath.pyd
Lib\site-packages\PIL\_imagingtk.pyd
Lib\site-packages\PIL\__init__.py
Scripts\pilconvert.py
Scripts\pilconvert.bat
Scripts\pildriver.py
Scripts\pildriver.bat
Scripts\pilfile.py
Scripts\pilfile.bat
Scripts\pilfont.py
Scripts\pilfont.bat
Scripts\pilprint.py
Scripts\pilprint.bat