# WPPM package installation log
# 
# Package: PsychoPy v1.80.06

Lib\site-packages\psychopy
Lib\site-packages\PsychoPy-1.80.06-py2.7.egg-info
Lib\site-packages\psychopy\app
Lib\site-packages\psychopy\contrib
Lib\site-packages\psychopy\demos
Lib\site-packages\psychopy\hardware
Lib\site-packages\psychopy\iohub
Lib\site-packages\psychopy\monitors
Lib\site-packages\psychopy\parallel
Lib\site-packages\psychopy\platform_specific
Lib\site-packages\psychopy\preferences
Lib\site-packages\psychopy\tests
Lib\site-packages\psychopy\tools
Lib\site-packages\psychopy\visual
Lib\site-packages\psychopy\bits.py
Lib\site-packages\psychopy\calib.py
Lib\site-packages\psychopy\CHANGELOG.txt
Lib\site-packages\psychopy\clock.py
Lib\site-packages\psychopy\colors.py
Lib\site-packages\psychopy\compatibility.py
Lib\site-packages\psychopy\constants.py
Lib\site-packages\psychopy\core.py
Lib\site-packages\psychopy\data.py
Lib\site-packages\psychopy\errors.py
Lib\site-packages\psychopy\event.py
Lib\site-packages\psychopy\filters.py
Lib\site-packages\psychopy\gamma.py
Lib\site-packages\psychopy\gui.py
Lib\site-packages\psychopy\info.py
Lib\site-packages\psychopy\LICENSE.txt
Lib\site-packages\psychopy\LICENSES.txt
Lib\site-packages\psychopy\log.py
Lib\site-packages\psychopy\logging.py
Lib\site-packages\psychopy\makeMovies.py
Lib\site-packages\psychopy\microphone.py
Lib\site-packages\psychopy\misc.py
Lib\site-packages\psychopy\README.txt
Lib\site-packages\psychopy\sound.py
Lib\site-packages\psychopy\web.py
Lib\site-packages\psychopy\wizard.py
Lib\site-packages\psychopy\_shadersPygame.py
Lib\site-packages\psychopy\_shadersPyglet.py
Lib\site-packages\psychopy\__init__.py
Lib\site-packages\psychopy\app\builder
Lib\site-packages\psychopy\app\coder
Lib\site-packages\psychopy\app\Resources
Lib\site-packages\psychopy\app\appData.spec
Lib\site-packages\psychopy\app\connections.py
Lib\site-packages\psychopy\app\dialogs.py
Lib\site-packages\psychopy\app\ipythonShell.py
Lib\site-packages\psychopy\app\preferencesDlg.py
Lib\site-packages\psychopy\app\psychopyApp.py
Lib\site-packages\psychopy\app\stdOutRich.py
Lib\site-packages\psychopy\app\urls.py
Lib\site-packages\psychopy\app\wxIDs.py
Lib\site-packages\psychopy\app\_psychopyApp.py
Lib\site-packages\psychopy\app\__init__.py
Lib\site-packages\psychopy\app\builder\components
Lib\site-packages\psychopy\app\builder\builder.py
Lib\site-packages\psychopy\app\builder\experiment.py
Lib\site-packages\psychopy\app\builder\ratingscale.png
Lib\site-packages\psychopy\app\builder\validators.py
Lib\site-packages\psychopy\app\builder\__init__.py
Lib\site-packages\psychopy\app\builder\components\add.png
Lib\site-packages\psychopy\app\builder\components\aperture.png
Lib\site-packages\psychopy\app\builder\components\aperture.py
Lib\site-packages\psychopy\app\builder\components\base.png
Lib\site-packages\psychopy\app\builder\components\cedrusBox.png
Lib\site-packages\psychopy\app\builder\components\cedrusBox.py
Lib\site-packages\psychopy\app\builder\components\code.png
Lib\site-packages\psychopy\app\builder\components\code.py
Lib\site-packages\psychopy\app\builder\components\dots.png
Lib\site-packages\psychopy\app\builder\components\dots.py
Lib\site-packages\psychopy\app\builder\components\edit_add.png
Lib\site-packages\psychopy\app\builder\components\eyetracker.png
Lib\site-packages\psychopy\app\builder\components\eyetracker.py
Lib\site-packages\psychopy\app\builder\components\geometric.png
Lib\site-packages\psychopy\app\builder\components\grating.png
Lib\site-packages\psychopy\app\builder\components\grating.py
Lib\site-packages\psychopy\app\builder\components\image.png
Lib\site-packages\psychopy\app\builder\components\image.py
Lib\site-packages\psychopy\app\builder\components\ioLabs.png
Lib\site-packages\psychopy\app\builder\components\ioLabs.py
Lib\site-packages\psychopy\app\builder\components\keyboard.png
Lib\site-packages\psychopy\app\builder\components\keyboard.py
Lib\site-packages\psychopy\app\builder\components\microphone.png
Lib\site-packages\psychopy\app\builder\components\microphone.py
Lib\site-packages\psychopy\app\builder\components\mouse.png
Lib\site-packages\psychopy\app\builder\components\mouse.py
Lib\site-packages\psychopy\app\builder\components\movie.png
Lib\site-packages\psychopy\app\builder\components\movie.py
Lib\site-packages\psychopy\app\builder\components\parallelOut.png
Lib\site-packages\psychopy\app\builder\components\parallelOut.py
Lib\site-packages\psychopy\app\builder\components\patch.png
Lib\site-packages\psychopy\app\builder\components\patch.py
Lib\site-packages\psychopy\app\builder\components\polygon.png
Lib\site-packages\psychopy\app\builder\components\polygon.py
Lib\site-packages\psychopy\app\builder\components\ratingscale.png
Lib\site-packages\psychopy\app\builder\components\ratingscale.py
Lib\site-packages\psychopy\app\builder\components\settings.py
Lib\site-packages\psychopy\app\builder\components\sound.png
Lib\site-packages\psychopy\app\builder\components\sound.py
Lib\site-packages\psychopy\app\builder\components\static.png
Lib\site-packages\psychopy\app\builder\components\static.py
Lib\site-packages\psychopy\app\builder\components\text.png
Lib\site-packages\psychopy\app\builder\components\text.py
Lib\site-packages\psychopy\app\builder\components\_base.py
Lib\site-packages\psychopy\app\builder\components\_visual.py
Lib\site-packages\psychopy\app\builder\components\__init__.py
Lib\site-packages\psychopy\app\coder\coder.py
Lib\site-packages\psychopy\app\coder\debugger.py
Lib\site-packages\psychopy\app\coder\introspect.py
Lib\site-packages\psychopy\app\coder\psychoParser.py
Lib\site-packages\psychopy\app\coder\__init__.py
Lib\site-packages\psychopy\app\Resources\color16.png
Lib\site-packages\psychopy\app\Resources\color32.png
Lib\site-packages\psychopy\app\Resources\compile16.png
Lib\site-packages\psychopy\app\Resources\compile32.png
Lib\site-packages\psychopy\app\Resources\DejaVuSerif.ttf
Lib\site-packages\psychopy\app\Resources\filenew16.png
Lib\site-packages\psychopy\app\Resources\filenew32.png
Lib\site-packages\psychopy\app\Resources\fileopen16.png
Lib\site-packages\psychopy\app\Resources\fileopen32.png
Lib\site-packages\psychopy\app\Resources\filesave16.png
Lib\site-packages\psychopy\app\Resources\filesave32.png
Lib\site-packages\psychopy\app\Resources\filesaveas16.png
Lib\site-packages\psychopy\app\Resources\filesaveas32.png
Lib\site-packages\psychopy\app\Resources\monitors16.png
Lib\site-packages\psychopy\app\Resources\monitors32.png
Lib\site-packages\psychopy\app\Resources\preferences16.png
Lib\site-packages\psychopy\app\Resources\preferences32.png
Lib\site-packages\psychopy\app\Resources\psychopy.desktop
Lib\site-packages\psychopy\app\Resources\psychopy.icns
Lib\site-packages\psychopy\app\Resources\psychopy.ico
Lib\site-packages\psychopy\app\Resources\psychopy.png
Lib\site-packages\psychopy\app\Resources\psychopySplash.png
Lib\site-packages\psychopy\app\Resources\redo16.png
Lib\site-packages\psychopy\app\Resources\redo32.png
Lib\site-packages\psychopy\app\Resources\run16.png
Lib\site-packages\psychopy\app\Resources\run32.png
Lib\site-packages\psychopy\app\Resources\settingsExp16.png
Lib\site-packages\psychopy\app\Resources\settingsExp32.png
Lib\site-packages\psychopy\app\Resources\stop16.png
Lib\site-packages\psychopy\app\Resources\stop32.png
Lib\site-packages\psychopy\app\Resources\tips.txt
Lib\site-packages\psychopy\app\Resources\undo16.png
Lib\site-packages\psychopy\app\Resources\undo32.png
Lib\site-packages\psychopy\app\Resources\__init__.py
Lib\site-packages\psychopy\contrib\http
Lib\site-packages\psychopy\contrib\mseq.py
Lib\site-packages\psychopy\contrib\mseqSearch.py
Lib\site-packages\psychopy\contrib\parallel.py
Lib\site-packages\psychopy\contrib\quest.py
Lib\site-packages\psychopy\contrib\__init__.py
Lib\site-packages\psychopy\contrib\http\benchmark_report.py
Lib\site-packages\psychopy\contrib\http\__init__.py
Lib\site-packages\psychopy\demos\builder
Lib\site-packages\psychopy\demos\coder
Lib\site-packages\psychopy\demos\__init__.py
Lib\site-packages\psychopy\demos\builder\BART
Lib\site-packages\psychopy\demos\builder\branchedExp
Lib\site-packages\psychopy\demos\builder\iohub
Lib\site-packages\psychopy\demos\builder\mental_rotation
Lib\site-packages\psychopy\demos\builder\navon
Lib\site-packages\psychopy\demos\builder\psychophysicsStaircase
Lib\site-packages\psychopy\demos\builder\psychophysicsStairsInterleaved
Lib\site-packages\psychopy\demos\builder\ratingScales
Lib\site-packages\psychopy\demos\builder\sternberg
Lib\site-packages\psychopy\demos\builder\stroop
Lib\site-packages\psychopy\demos\builder\stroopExtended
Lib\site-packages\psychopy\demos\builder\voiceCapture
Lib\site-packages\psychopy\demos\builder\README.txt
Lib\site-packages\psychopy\demos\builder\__init__.py
Lib\site-packages\psychopy\demos\builder\BART\balloons.xlsx
Lib\site-packages\psychopy\demos\builder\BART\bang.wav
Lib\site-packages\psychopy\demos\builder\BART\bart.psyexp
Lib\site-packages\psychopy\demos\builder\BART\blueBalloon.png
Lib\site-packages\psychopy\demos\builder\BART\greenBalloon.png
Lib\site-packages\psychopy\demos\builder\BART\README.txt
Lib\site-packages\psychopy\demos\builder\BART\redBalloon.png
Lib\site-packages\psychopy\demos\builder\BART\trialTypes.xlsx
Lib\site-packages\psychopy\demos\builder\branchedExp\branching.psyexp
Lib\site-packages\psychopy\demos\builder\branchedExp\README.txt
Lib\site-packages\psychopy\demos\builder\branchedExp\trialTypes.xlsx
Lib\site-packages\psychopy\demos\builder\iohub\stroop_eyetracking
Lib\site-packages\psychopy\demos\builder\iohub\stroop_keyboard
Lib\site-packages\psychopy\demos\builder\iohub\stroop_eyetracking\LC_eyegaze_std.yaml
Lib\site-packages\psychopy\demos\builder\iohub\stroop_eyetracking\README.txt
Lib\site-packages\psychopy\demos\builder\iohub\stroop_eyetracking\SMI_iview_std.yaml
Lib\site-packages\psychopy\demos\builder\iohub\stroop_eyetracking\SRR_eyelink_std.yaml
Lib\site-packages\psychopy\demos\builder\iohub\stroop_eyetracking\stroop.psyexp
Lib\site-packages\psychopy\demos\builder\iohub\stroop_eyetracking\tobii_std.yaml
Lib\site-packages\psychopy\demos\builder\iohub\stroop_eyetracking\trialTypes.xlsx
Lib\site-packages\psychopy\demos\builder\iohub\stroop_keyboard\iohub_config.yaml
Lib\site-packages\psychopy\demos\builder\iohub\stroop_keyboard\README.txt
Lib\site-packages\psychopy\demos\builder\iohub\stroop_keyboard\stroop.psyexp
Lib\site-packages\psychopy\demos\builder\iohub\stroop_keyboard\trialTypes.xlsx
Lib\site-packages\psychopy\demos\builder\mental_rotation\F.png
Lib\site-packages\psychopy\demos\builder\mental_rotation\FR.png
Lib\site-packages\psychopy\demos\builder\mental_rotation\MentalRot.csv
Lib\site-packages\psychopy\demos\builder\mental_rotation\MentalRot.psyexp
Lib\site-packages\psychopy\demos\builder\mental_rotation\README.txt
Lib\site-packages\psychopy\demos\builder\navon\data
Lib\site-packages\psychopy\demos\builder\navon\bigHsmallH.png
Lib\site-packages\psychopy\demos\builder\navon\bigHsmallS.png
Lib\site-packages\psychopy\demos\builder\navon\bigSsmallH.png
Lib\site-packages\psychopy\demos\builder\navon\bigSsmallS.png
Lib\site-packages\psychopy\demos\builder\navon\mask.png
Lib\site-packages\psychopy\demos\builder\navon\NavonTask.psyexp
Lib\site-packages\psychopy\demos\builder\navon\README.txt
Lib\site-packages\psychopy\demos\builder\navon\trialTypes.xlsx
Lib\site-packages\psychopy\demos\builder\navon\data\_2013_Aug_21_1700.csv
Lib\site-packages\psychopy\demos\builder\navon\data\_2013_Aug_21_1702.csv
Lib\site-packages\psychopy\demos\builder\psychophysicsStaircase\data
Lib\site-packages\psychopy\demos\builder\psychophysicsStaircase\psychophysicsStaircase.psyexp
Lib\site-packages\psychopy\demos\builder\psychophysicsStaircase\README.txt
Lib\site-packages\psychopy\demos\builder\psychophysicsStaircase\data\s_001_2012_Jul_04_1328.csv
Lib\site-packages\psychopy\demos\builder\psychophysicsStairsInterleaved\interleaved_SF_contrast.psyexp
Lib\site-packages\psychopy\demos\builder\psychophysicsStairsInterleaved\README.txt
Lib\site-packages\psychopy\demos\builder\psychophysicsStairsInterleaved\stairDefinitions.xlsx
Lib\site-packages\psychopy\demos\builder\ratingScales\ratingScaleBuilder.psyexp
Lib\site-packages\psychopy\demos\builder\sternberg\mainTrials.xlsx
Lib\site-packages\psychopy\demos\builder\sternberg\pracTrials.xlsx
Lib\site-packages\psychopy\demos\builder\sternberg\README.txt
Lib\site-packages\psychopy\demos\builder\sternberg\sternberg.psyexp
Lib\site-packages\psychopy\demos\builder\stroop\README.txt
Lib\site-packages\psychopy\demos\builder\stroop\stroop.psyexp
Lib\site-packages\psychopy\demos\builder\stroop\trialTypes.xlsx
Lib\site-packages\psychopy\demos\builder\stroopExtended\README.txt
Lib\site-packages\psychopy\demos\builder\stroopExtended\stroop.psyexp
Lib\site-packages\psychopy\demos\builder\stroopExtended\stroopReverse.psyexp
Lib\site-packages\psychopy\demos\builder\stroopExtended\trialTypes.xlsx
Lib\site-packages\psychopy\demos\builder\stroopExtended\trialTypesReverse.xlsx
Lib\site-packages\psychopy\demos\builder\voiceCapture\voiceCapture.psyexp
Lib\site-packages\psychopy\demos\coder\experiment control
Lib\site-packages\psychopy\demos\coder\hardware
Lib\site-packages\psychopy\demos\coder\input
Lib\site-packages\psychopy\demos\coder\iohub
Lib\site-packages\psychopy\demos\coder\misc
Lib\site-packages\psychopy\demos\coder\stimuli
Lib\site-packages\psychopy\demos\coder\timing
Lib\site-packages\psychopy\demos\coder\sysInfo.py
Lib\site-packages\psychopy\demos\coder\__init__.py
Lib\site-packages\psychopy\demos\coder\experiment control\autoDraw_autoLog.py
Lib\site-packages\psychopy\demos\coder\experiment control\experimentHandler.py
Lib\site-packages\psychopy\demos\coder\experiment control\fMRI_launchScan.py
Lib\site-packages\psychopy\demos\coder\experiment control\gammaMotionAnalysis.py
Lib\site-packages\psychopy\demos\coder\experiment control\gammaMotionNull.py
Lib\site-packages\psychopy\demos\coder\experiment control\JND_staircase_analysis.py
Lib\site-packages\psychopy\demos\coder\experiment control\JND_staircase_exp.py
Lib\site-packages\psychopy\demos\coder\experiment control\jwpAug_02_0854.txt
Lib\site-packages\psychopy\demos\coder\experiment control\jwpAug_02_0919.txt
Lib\site-packages\psychopy\demos\coder\experiment control\logFiles.py
Lib\site-packages\psychopy\demos\coder\experiment control\runtimeInfo.py
Lib\site-packages\psychopy\demos\coder\experiment control\TrialHandler.py
Lib\site-packages\psychopy\demos\coder\experiment control\__init__.py
Lib\site-packages\psychopy\demos\coder\hardware\bits_plus_plus.py
Lib\site-packages\psychopy\demos\coder\hardware\bits_sharp.py
Lib\site-packages\psychopy\demos\coder\hardware\cedrusRB730.py
Lib\site-packages\psychopy\demos\coder\hardware\CRS_BitsPlusPlus.py
Lib\site-packages\psychopy\demos\coder\hardware\egi_netstation.py
Lib\site-packages\psychopy\demos\coder\hardware\ioLab_bbox.py
Lib\site-packages\psychopy\demos\coder\hardware\labjack_u3.py
Lib\site-packages\psychopy\demos\coder\hardware\parallelPortOutput.py
Lib\site-packages\psychopy\demos\coder\hardware\testSoundLatency.py
Lib\site-packages\psychopy\demos\coder\hardware\__init__.py
Lib\site-packages\psychopy\demos\coder\input\customMouse.py
Lib\site-packages\psychopy\demos\coder\input\GUI.py
Lib\site-packages\psychopy\demos\coder\input\joystick_universal.py
Lib\site-packages\psychopy\demos\coder\input\latencyFromTone.py
Lib\site-packages\psychopy\demos\coder\input\mic.png
Lib\site-packages\psychopy\demos\coder\input\mouse.py
Lib\site-packages\psychopy\demos\coder\input\speech_recognition.py
Lib\site-packages\psychopy\demos\coder\input\what_key.py
Lib\site-packages\psychopy\demos\coder\input\__init__.py
Lib\site-packages\psychopy\demos\coder\iohub\analogInputDevice
Lib\site-packages\psychopy\demos\coder\iohub\eloTouchScreenDevice
Lib\site-packages\psychopy\demos\coder\iohub\eyetracking
Lib\site-packages\psychopy\demos\coder\iohub\ioDataStoreReading
Lib\site-packages\psychopy\demos\coder\iohub\ioHubDelayTest
Lib\site-packages\psychopy\demos\coder\iohub\ioSyncDevice
Lib\site-packages\psychopy\demos\coder\iohub\remoteEventAccess
Lib\site-packages\psychopy\demos\coder\iohub\keyboardDevice.py
Lib\site-packages\psychopy\demos\coder\iohub\keyboardRT.py
Lib\site-packages\psychopy\demos\coder\iohub\launchHub.py
Lib\site-packages\psychopy\demos\coder\iohub\mouseDevice.py
Lib\site-packages\psychopy\demos\coder\iohub\xinputGamepadDevice.py
Lib\site-packages\psychopy\demos\coder\iohub\analogInputDevice\experiment_config.yaml
Lib\site-packages\psychopy\demos\coder\iohub\analogInputDevice\iohub_config.yaml
Lib\site-packages\psychopy\demos\coder\iohub\analogInputDevice\run.py
Lib\site-packages\psychopy\demos\coder\iohub\eloTouchScreenDevice\experiment_config.yaml
Lib\site-packages\psychopy\demos\coder\iohub\eloTouchScreenDevice\iohub_config.yaml
Lib\site-packages\psychopy\demos\coder\iohub\eloTouchScreenDevice\run.py
Lib\site-packages\psychopy\demos\coder\iohub\eyetracking\gcCursor
Lib\site-packages\psychopy\demos\coder\iohub\eyetracking\selectTracker
Lib\site-packages\psychopy\demos\coder\iohub\eyetracking\eyetribeexample.py
Lib\site-packages\psychopy\demos\coder\iohub\eyetracking\validation.py
Lib\site-packages\psychopy\demos\coder\iohub\eyetracking\gcCursor\images
Lib\site-packages\psychopy\demos\coder\iohub\eyetracking\gcCursor\experiment_config.yaml
Lib\site-packages\psychopy\demos\coder\iohub\eyetracking\gcCursor\iohub_config.yaml
Lib\site-packages\psychopy\demos\coder\iohub\eyetracking\gcCursor\run.py
Lib\site-packages\psychopy\demos\coder\iohub\eyetracking\gcCursor\trial_conditions.xlsx
Lib\site-packages\psychopy\demos\coder\iohub\eyetracking\gcCursor\images\canal.jpg
Lib\site-packages\psychopy\demos\coder\iohub\eyetracking\gcCursor\images\fall.jpg
Lib\site-packages\psychopy\demos\coder\iohub\eyetracking\gcCursor\images\lake.jpg
Lib\site-packages\psychopy\demos\coder\iohub\eyetracking\gcCursor\images\party.jpg
Lib\site-packages\psychopy\demos\coder\iohub\eyetracking\gcCursor\images\swimming.jpg
Lib\site-packages\psychopy\demos\coder\iohub\eyetracking\selectTracker\eyetracker_configs
Lib\site-packages\psychopy\demos\coder\iohub\eyetracking\selectTracker\images
Lib\site-packages\psychopy\demos\coder\iohub\eyetracking\selectTracker\experiment_config.yaml
Lib\site-packages\psychopy\demos\coder\iohub\eyetracking\selectTracker\iohub_config.yaml.part
Lib\site-packages\psychopy\demos\coder\iohub\eyetracking\selectTracker\run.py
Lib\site-packages\psychopy\demos\coder\iohub\eyetracking\selectTracker\trial_conditions.xlsx
Lib\site-packages\psychopy\demos\coder\iohub\eyetracking\selectTracker\eyetracker_configs\eyegaze_config.yaml
Lib\site-packages\psychopy\demos\coder\iohub\eyetracking\selectTracker\eyetracker_configs\eyelink_config.yaml
Lib\site-packages\psychopy\demos\coder\iohub\eyetracking\selectTracker\eyetracker_configs\iviewx_config.yaml
Lib\site-packages\psychopy\demos\coder\iohub\eyetracking\selectTracker\eyetracker_configs\tobii_config.yaml
Lib\site-packages\psychopy\demos\coder\iohub\eyetracking\selectTracker\images\canal.jpg
Lib\site-packages\psychopy\demos\coder\iohub\eyetracking\selectTracker\images\fall.jpg
Lib\site-packages\psychopy\demos\coder\iohub\eyetracking\selectTracker\images\lake.jpg
Lib\site-packages\psychopy\demos\coder\iohub\eyetracking\selectTracker\images\party.jpg
Lib\site-packages\psychopy\demos\coder\iohub\eyetracking\selectTracker\images\swimming.jpg
Lib\site-packages\psychopy\demos\coder\iohub\ioDataStoreReading\event2txt.py
Lib\site-packages\psychopy\demos\coder\iohub\ioHubDelayTest\experiment_config.yaml
Lib\site-packages\psychopy\demos\coder\iohub\ioHubDelayTest\iohub_config.yaml
Lib\site-packages\psychopy\demos\coder\iohub\ioHubDelayTest\run.py
Lib\site-packages\psychopy\demos\coder\iohub\ioSyncDevice\AnalogInputDeviceDelayTest.py
Lib\site-packages\psychopy\demos\coder\iohub\ioSyncDevice\analogInputTest.py
Lib\site-packages\psychopy\demos\coder\iohub\ioSyncDevice\digitalInTest.py
Lib\site-packages\psychopy\demos\coder\iohub\ioSyncDevice\digitalOutTest.py
Lib\site-packages\psychopy\demos\coder\iohub\ioSyncDevice\iosyncTime.py
Lib\site-packages\psychopy\demos\coder\iohub\ioSyncDevice\off.png
Lib\site-packages\psychopy\demos\coder\iohub\ioSyncDevice\on.png
Lib\site-packages\psychopy\demos\coder\iohub\ioSyncDevice\statusPanel.py
Lib\site-packages\psychopy\demos\coder\iohub\ioSyncDevice\_statusPanelStim.py
Lib\site-packages\psychopy\demos\coder\iohub\remoteEventAccess\experiment_config.yaml
Lib\site-packages\psychopy\demos\coder\iohub\remoteEventAccess\iohub_config.yaml
Lib\site-packages\psychopy\demos\coder\iohub\remoteEventAccess\run.py
Lib\site-packages\psychopy\demos\coder\misc\captureFrames.py
Lib\site-packages\psychopy\demos\coder\misc\encrypt_data.py
Lib\site-packages\psychopy\demos\coder\misc\http_upload.py
Lib\site-packages\psychopy\demos\coder\stimuli\textBoxStim
Lib\site-packages\psychopy\demos\coder\stimuli\aperture.py
Lib\site-packages\psychopy\demos\coder\stimuli\beach.jpg
Lib\site-packages\psychopy\demos\coder\stimuli\bufferImageStim.py
Lib\site-packages\psychopy\demos\coder\stimuli\Campaign.ttf
Lib\site-packages\psychopy\demos\coder\stimuli\clockface.py
Lib\site-packages\psychopy\demos\coder\stimuli\colors.py
Lib\site-packages\psychopy\demos\coder\stimuli\counterphase.py
Lib\site-packages\psychopy\demos\coder\stimuli\customTextures.py
Lib\site-packages\psychopy\demos\coder\stimuli\dots.py
Lib\site-packages\psychopy\demos\coder\stimuli\dot_gabors.py
Lib\site-packages\psychopy\demos\coder\stimuli\elementArrays.py
Lib\site-packages\psychopy\demos\coder\stimuli\embeddedOpenGL.py
Lib\site-packages\psychopy\demos\coder\stimuli\face.jpg
Lib\site-packages\psychopy\demos\coder\stimuli\face_jpg.py
Lib\site-packages\psychopy\demos\coder\stimuli\gabor.py
Lib\site-packages\psychopy\demos\coder\stimuli\imagesAndPatches.py
Lib\site-packages\psychopy\demos\coder\stimuli\jwpIntro.mov
Lib\site-packages\psychopy\demos\coder\stimuli\maskReveal.py
Lib\site-packages\psychopy\demos\coder\stimuli\MoviePause.py
Lib\site-packages\psychopy\demos\coder\stimuli\MovieStim.py
Lib\site-packages\psychopy\demos\coder\stimuli\plaid.py
Lib\site-packages\psychopy\demos\coder\stimuli\ratingScale.py
Lib\site-packages\psychopy\demos\coder\stimuli\rotatingFlashingWedge.py
Lib\site-packages\psychopy\demos\coder\stimuli\screensAndWindows.py
Lib\site-packages\psychopy\demos\coder\stimuli\shapeContains.py
Lib\site-packages\psychopy\demos\coder\stimuli\shapes.py
Lib\site-packages\psychopy\demos\coder\stimuli\soundStimuli.py
Lib\site-packages\psychopy\demos\coder\stimuli\starField.py
Lib\site-packages\psychopy\demos\coder\stimuli\textStimuli.py
Lib\site-packages\psychopy\demos\coder\stimuli\textStimuli_pygame.py
Lib\site-packages\psychopy\demos\coder\stimuli\variousVisualStims.py
Lib\site-packages\psychopy\demos\coder\stimuli\visual_noise.py
Lib\site-packages\psychopy\demos\coder\stimuli\__init__.py
Lib\site-packages\psychopy\demos\coder\stimuli\textBoxStim\textbox_glyph_placement.py
Lib\site-packages\psychopy\demos\coder\stimuli\textBoxStim\textbox_simple.py
Lib\site-packages\psychopy\demos\coder\stimuli\textBoxStim\textstim_vs_textbox.py
Lib\site-packages\psychopy\demos\coder\stimuli\textBoxStim\__init__.py
Lib\site-packages\psychopy\demos\coder\timing\callOnFlip.py
Lib\site-packages\psychopy\demos\coder\timing\clocksAndTimers.py
Lib\site-packages\psychopy\demos\coder\timing\timeByFrames.py
Lib\site-packages\psychopy\demos\coder\timing\__init__.py
Lib\site-packages\psychopy\hardware\crs
Lib\site-packages\psychopy\hardware\joystick
Lib\site-packages\psychopy\hardware\cedrus.py
Lib\site-packages\psychopy\hardware\egi.py
Lib\site-packages\psychopy\hardware\emulator.py
Lib\site-packages\psychopy\hardware\forp.py
Lib\site-packages\psychopy\hardware\iolab.py
Lib\site-packages\psychopy\hardware\minolta.py
Lib\site-packages\psychopy\hardware\pr.py
Lib\site-packages\psychopy\hardware\__init__.py
Lib\site-packages\psychopy\hardware\crs\bits.py
Lib\site-packages\psychopy\hardware\crs\bits_correct_lut.py
Lib\site-packages\psychopy\hardware\crs\__init__.py
Lib\site-packages\psychopy\hardware\joystick\pyglet_input
Lib\site-packages\psychopy\hardware\joystick\__init__.py
Lib\site-packages\psychopy\hardware\joystick\pyglet_input\app
Lib\site-packages\psychopy\hardware\joystick\pyglet_input\base.py
Lib\site-packages\psychopy\hardware\joystick\pyglet_input\carbon_hid.py
Lib\site-packages\psychopy\hardware\joystick\pyglet_input\carbon_tablet.py
Lib\site-packages\psychopy\hardware\joystick\pyglet_input\darwin_hid.py
Lib\site-packages\psychopy\hardware\joystick\pyglet_input\dinput.py
Lib\site-packages\psychopy\hardware\joystick\pyglet_input\directinput.py
Lib\site-packages\psychopy\hardware\joystick\pyglet_input\evdev.py
Lib\site-packages\psychopy\hardware\joystick\pyglet_input\evdev_constants.py
Lib\site-packages\psychopy\hardware\joystick\pyglet_input\wintab.py
Lib\site-packages\psychopy\hardware\joystick\pyglet_input\x11_xinput.py
Lib\site-packages\psychopy\hardware\joystick\pyglet_input\x11_xinput_tablet.py
Lib\site-packages\psychopy\hardware\joystick\pyglet_input\__init__.py
Lib\site-packages\psychopy\hardware\joystick\pyglet_input\app\base.py
Lib\site-packages\psychopy\hardware\joystick\pyglet_input\app\carbon.py
Lib\site-packages\psychopy\hardware\joystick\pyglet_input\app\cocoa.py
Lib\site-packages\psychopy\hardware\joystick\pyglet_input\app\win32.py
Lib\site-packages\psychopy\hardware\joystick\pyglet_input\app\xlib.py
Lib\site-packages\psychopy\hardware\joystick\pyglet_input\app\__init__.py
Lib\site-packages\psychopy\iohub\datastore
Lib\site-packages\psychopy\iohub\devices
Lib\site-packages\psychopy\iohub\util
Lib\site-packages\psychopy\iohub\client.py
Lib\site-packages\psychopy\iohub\constants.py
Lib\site-packages\psychopy\iohub\default_config.yaml
Lib\site-packages\psychopy\iohub\launchHubProcess.py
Lib\site-packages\psychopy\iohub\LICENSE.txt
Lib\site-packages\psychopy\iohub\net.py
Lib\site-packages\psychopy\iohub\ordereddict.py
Lib\site-packages\psychopy\iohub\ordereddict_LICENSE.txt
Lib\site-packages\psychopy\iohub\server.py
Lib\site-packages\psychopy\iohub\__init__.py
Lib\site-packages\psychopy\iohub\datastore\pandas
Lib\site-packages\psychopy\iohub\datastore\default_datastore.yaml
Lib\site-packages\psychopy\iohub\datastore\util.py
Lib\site-packages\psychopy\iohub\datastore\__init__.py
Lib\site-packages\psychopy\iohub\datastore\pandas\interestarea.py
Lib\site-packages\psychopy\iohub\datastore\pandas\interestperiod.py
Lib\site-packages\psychopy\iohub\datastore\pandas\__init__.py
Lib\site-packages\psychopy\iohub\devices\daq
Lib\site-packages\psychopy\iohub\devices\display
Lib\site-packages\psychopy\iohub\devices\experiment
Lib\site-packages\psychopy\iohub\devices\eyetracker
Lib\site-packages\psychopy\iohub\devices\keyboard
Lib\site-packages\psychopy\iohub\devices\mcu
Lib\site-packages\psychopy\iohub\devices\mouse
Lib\site-packages\psychopy\iohub\devices\network
Lib\site-packages\psychopy\iohub\devices\touch
Lib\site-packages\psychopy\iohub\devices\xinput
Lib\site-packages\psychopy\iohub\devices\default_device.yaml
Lib\site-packages\psychopy\iohub\devices\deviceConfigValidation.py
Lib\site-packages\psychopy\iohub\devices\pyXHook.py
Lib\site-packages\psychopy\iohub\devices\supported_config_settings.yaml
Lib\site-packages\psychopy\iohub\devices\__init__.py
Lib\site-packages\psychopy\iohub\devices\daq\hw
Lib\site-packages\psychopy\iohub\devices\daq\__init__.py
Lib\site-packages\psychopy\iohub\devices\daq\hw\labjack
Lib\site-packages\psychopy\iohub\devices\daq\hw\mc
Lib\site-packages\psychopy\iohub\devices\daq\hw\__init__.py
Lib\site-packages\psychopy\iohub\devices\daq\hw\labjack\win32
Lib\site-packages\psychopy\iohub\devices\daq\hw\labjack\default_analoginput.yaml
Lib\site-packages\psychopy\iohub\devices\daq\hw\labjack\supported_config_settings.yaml
Lib\site-packages\psychopy\iohub\devices\daq\hw\labjack\__init__.py
Lib\site-packages\psychopy\iohub\devices\daq\hw\labjack\win32\python26
Lib\site-packages\psychopy\iohub\devices\daq\hw\labjack\win32\python27
Lib\site-packages\psychopy\iohub\devices\daq\hw\labjack\win32\__init__.py
Lib\site-packages\psychopy\iohub\devices\daq\hw\labjack\win32\python26\pylabjack
Lib\site-packages\psychopy\iohub\devices\daq\hw\labjack\win32\python26\__init__.py
Lib\site-packages\psychopy\iohub\devices\daq\hw\labjack\win32\python26\pylabjack\LabJackPython.py
Lib\site-packages\psychopy\iohub\devices\daq\hw\labjack\win32\python26\pylabjack\Modbus.py
Lib\site-packages\psychopy\iohub\devices\daq\hw\labjack\win32\python26\pylabjack\skymote.py
Lib\site-packages\psychopy\iohub\devices\daq\hw\labjack\win32\python26\pylabjack\u12.py
Lib\site-packages\psychopy\iohub\devices\daq\hw\labjack\win32\python26\pylabjack\u3.py
Lib\site-packages\psychopy\iohub\devices\daq\hw\labjack\win32\python26\pylabjack\u6.py
Lib\site-packages\psychopy\iohub\devices\daq\hw\labjack\win32\python26\pylabjack\ue9.py
Lib\site-packages\psychopy\iohub\devices\daq\hw\labjack\win32\python26\pylabjack\__init__.py
Lib\site-packages\psychopy\iohub\devices\daq\hw\labjack\win32\python27\pylabjack
Lib\site-packages\psychopy\iohub\devices\daq\hw\labjack\win32\python27\__init__.py
Lib\site-packages\psychopy\iohub\devices\daq\hw\labjack\win32\python27\pylabjack\LabJackPython.py
Lib\site-packages\psychopy\iohub\devices\daq\hw\labjack\win32\python27\pylabjack\Modbus.py
Lib\site-packages\psychopy\iohub\devices\daq\hw\labjack\win32\python27\pylabjack\skymote.py
Lib\site-packages\psychopy\iohub\devices\daq\hw\labjack\win32\python27\pylabjack\u12.py
Lib\site-packages\psychopy\iohub\devices\daq\hw\labjack\win32\python27\pylabjack\u3.py
Lib\site-packages\psychopy\iohub\devices\daq\hw\labjack\win32\python27\pylabjack\u6.py
Lib\site-packages\psychopy\iohub\devices\daq\hw\labjack\win32\python27\pylabjack\ue9.py
Lib\site-packages\psychopy\iohub\devices\daq\hw\labjack\win32\python27\pylabjack\__init__.py
Lib\site-packages\psychopy\iohub\devices\daq\hw\mc\constants.py
Lib\site-packages\psychopy\iohub\devices\daq\hw\mc\default_analoginput.yaml
Lib\site-packages\psychopy\iohub\devices\daq\hw\mc\supported_config_settings.yaml
Lib\site-packages\psychopy\iohub\devices\daq\hw\mc\__init__.py
Lib\site-packages\psychopy\iohub\devices\display\default_display.yaml
Lib\site-packages\psychopy\iohub\devices\display\supported_config_settings.yaml
Lib\site-packages\psychopy\iohub\devices\display\unit_conversions.py
Lib\site-packages\psychopy\iohub\devices\display\__init__.py
Lib\site-packages\psychopy\iohub\devices\experiment\default_experiment.yaml
Lib\site-packages\psychopy\iohub\devices\experiment\supported_config_settings.yaml
Lib\site-packages\psychopy\iohub\devices\experiment\__init__.py
Lib\site-packages\psychopy\iohub\devices\eyetracker\hw
Lib\site-packages\psychopy\iohub\devices\eyetracker\checkConsistancy.py
Lib\site-packages\psychopy\iohub\devices\eyetracker\default_eyetracker.yaml
Lib\site-packages\psychopy\iohub\devices\eyetracker\eye_events.py
Lib\site-packages\psychopy\iohub\devices\eyetracker\supported_config_settings.yaml
Lib\site-packages\psychopy\iohub\devices\eyetracker\__init__.py
Lib\site-packages\psychopy\iohub\devices\eyetracker\hw\lc_technologies
Lib\site-packages\psychopy\iohub\devices\eyetracker\hw\smi
Lib\site-packages\psychopy\iohub\devices\eyetracker\hw\sr_research
Lib\site-packages\psychopy\iohub\devices\eyetracker\hw\theeyetribe
Lib\site-packages\psychopy\iohub\devices\eyetracker\hw\tobii
Lib\site-packages\psychopy\iohub\devices\eyetracker\hw\__init__.py
Lib\site-packages\psychopy\iohub\devices\eyetracker\hw\lc_technologies\eyegaze
Lib\site-packages\psychopy\iohub\devices\eyetracker\hw\lc_technologies\__init__.py
Lib\site-packages\psychopy\iohub\devices\eyetracker\hw\lc_technologies\eyegaze\default_eyetracker.yaml
Lib\site-packages\psychopy\iohub\devices\eyetracker\hw\lc_technologies\eyegaze\eyetracker.py
Lib\site-packages\psychopy\iohub\devices\eyetracker\hw\lc_technologies\eyegaze\pegTest.py
Lib\site-packages\psychopy\iohub\devices\eyetracker\hw\lc_technologies\eyegaze\pEyeGaze.py
Lib\site-packages\psychopy\iohub\devices\eyetracker\hw\lc_technologies\eyegaze\supported_config_settings.yaml
Lib\site-packages\psychopy\iohub\devices\eyetracker\hw\lc_technologies\eyegaze\__init__.py
Lib\site-packages\psychopy\iohub\devices\eyetracker\hw\smi\iviewx
Lib\site-packages\psychopy\iohub\devices\eyetracker\hw\smi\__init__.py
Lib\site-packages\psychopy\iohub\devices\eyetracker\hw\smi\iviewx\default_eyetracker.yaml
Lib\site-packages\psychopy\iohub\devices\eyetracker\hw\smi\iviewx\eyetracker.py
Lib\site-packages\psychopy\iohub\devices\eyetracker\hw\smi\iviewx\pyViewX.py
Lib\site-packages\psychopy\iohub\devices\eyetracker\hw\smi\iviewx\supported_config_settings.yaml
Lib\site-packages\psychopy\iohub\devices\eyetracker\hw\smi\iviewx\__init__.py
Lib\site-packages\psychopy\iohub\devices\eyetracker\hw\sr_research\eyelink
Lib\site-packages\psychopy\iohub\devices\eyetracker\hw\sr_research\__init__.py
Lib\site-packages\psychopy\iohub\devices\eyetracker\hw\sr_research\eyelink\win32
Lib\site-packages\psychopy\iohub\devices\eyetracker\hw\sr_research\eyelink\default_eyetracker.yaml
Lib\site-packages\psychopy\iohub\devices\eyetracker\hw\sr_research\eyelink\eyeLinkCoreGraphicsIOHubPsychopy.py
Lib\site-packages\psychopy\iohub\devices\eyetracker\hw\sr_research\eyelink\eyetracker.py
Lib\site-packages\psychopy\iohub\devices\eyetracker\hw\sr_research\eyelink\supported_config_settings.yaml
Lib\site-packages\psychopy\iohub\devices\eyetracker\hw\sr_research\eyelink\__init__.py
Lib\site-packages\psychopy\iohub\devices\eyetracker\hw\sr_research\eyelink\win32\python26
Lib\site-packages\psychopy\iohub\devices\eyetracker\hw\sr_research\eyelink\win32\python27
Lib\site-packages\psychopy\iohub\devices\eyetracker\hw\sr_research\eyelink\win32\__init__.py
Lib\site-packages\psychopy\iohub\devices\eyetracker\hw\sr_research\eyelink\win32\__init__.pyc
Lib\site-packages\psychopy\iohub\devices\eyetracker\hw\sr_research\eyelink\win32\python26\pylink
Lib\site-packages\psychopy\iohub\devices\eyetracker\hw\sr_research\eyelink\win32\python26\__init__.py
Lib\site-packages\psychopy\iohub\devices\eyetracker\hw\sr_research\eyelink\win32\python26\__init__.pyc
Lib\site-packages\psychopy\iohub\devices\eyetracker\hw\sr_research\eyelink\win32\python26\pylink\eyelink_core.dll
Lib\site-packages\psychopy\iohub\devices\eyetracker\hw\sr_research\eyelink\win32\python26\pylink\eyelink_core_graphics.dll
Lib\site-packages\psychopy\iohub\devices\eyetracker\hw\sr_research\eyelink\win32\python26\pylink\libogg-0.dll
Lib\site-packages\psychopy\iohub\devices\eyetracker\hw\sr_research\eyelink\win32\python26\pylink\libvorbis-0.dll
Lib\site-packages\psychopy\iohub\devices\eyetracker\hw\sr_research\eyelink\win32\python26\pylink\libvorbisfile-3.dll
Lib\site-packages\psychopy\iohub\devices\eyetracker\hw\sr_research\eyelink\win32\python26\pylink\msvcr71.dll
Lib\site-packages\psychopy\iohub\devices\eyetracker\hw\sr_research\eyelink\win32\python26\pylink\pylink.pyd
Lib\site-packages\psychopy\iohub\devices\eyetracker\hw\sr_research\eyelink\win32\python26\pylink\SDL.dll
Lib\site-packages\psychopy\iohub\devices\eyetracker\hw\sr_research\eyelink\win32\python26\pylink\sdl_gfx.dll
Lib\site-packages\psychopy\iohub\devices\eyetracker\hw\sr_research\eyelink\win32\python26\pylink\SDL_mixer.dll
Lib\site-packages\psychopy\iohub\devices\eyetracker\hw\sr_research\eyelink\win32\python26\pylink\SDL_ttf.dll
Lib\site-packages\psychopy\iohub\devices\eyetracker\hw\sr_research\eyelink\win32\python26\pylink\smpeg.dll
Lib\site-packages\psychopy\iohub\devices\eyetracker\hw\sr_research\eyelink\win32\python27\pylink
Lib\site-packages\psychopy\iohub\devices\eyetracker\hw\sr_research\eyelink\win32\python27\__init__.py
Lib\site-packages\psychopy\iohub\devices\eyetracker\hw\sr_research\eyelink\win32\python27\__init__.pyc
Lib\site-packages\psychopy\iohub\devices\eyetracker\hw\sr_research\eyelink\win32\python27\pylink\eyelink_core.dll
Lib\site-packages\psychopy\iohub\devices\eyetracker\hw\sr_research\eyelink\win32\python27\pylink\eyelink_core_graphics.dll
Lib\site-packages\psychopy\iohub\devices\eyetracker\hw\sr_research\eyelink\win32\python27\pylink\libogg-0.dll
Lib\site-packages\psychopy\iohub\devices\eyetracker\hw\sr_research\eyelink\win32\python27\pylink\libvorbis-0.dll
Lib\site-packages\psychopy\iohub\devices\eyetracker\hw\sr_research\eyelink\win32\python27\pylink\libvorbisfile-3.dll
Lib\site-packages\psychopy\iohub\devices\eyetracker\hw\sr_research\eyelink\win32\python27\pylink\msvcr71.dll
Lib\site-packages\psychopy\iohub\devices\eyetracker\hw\sr_research\eyelink\win32\python27\pylink\pylink.pyd
Lib\site-packages\psychopy\iohub\devices\eyetracker\hw\sr_research\eyelink\win32\python27\pylink\SDL.dll
Lib\site-packages\psychopy\iohub\devices\eyetracker\hw\sr_research\eyelink\win32\python27\pylink\sdl_gfx.dll
Lib\site-packages\psychopy\iohub\devices\eyetracker\hw\sr_research\eyelink\win32\python27\pylink\SDL_mixer.dll
Lib\site-packages\psychopy\iohub\devices\eyetracker\hw\sr_research\eyelink\win32\python27\pylink\SDL_ttf.dll
Lib\site-packages\psychopy\iohub\devices\eyetracker\hw\sr_research\eyelink\win32\python27\pylink\smpeg.dll
Lib\site-packages\psychopy\iohub\devices\eyetracker\hw\theeyetribe\default_eyetracker.yaml
Lib\site-packages\psychopy\iohub\devices\eyetracker\hw\theeyetribe\eyetracker.py
Lib\site-packages\psychopy\iohub\devices\eyetracker\hw\theeyetribe\pyTribe.py
Lib\site-packages\psychopy\iohub\devices\eyetracker\hw\theeyetribe\supported_config_settings.yaml
Lib\site-packages\psychopy\iohub\devices\eyetracker\hw\theeyetribe\TODO.txt
Lib\site-packages\psychopy\iohub\devices\eyetracker\hw\theeyetribe\__init__.py
Lib\site-packages\psychopy\iohub\devices\eyetracker\hw\tobii\default_eyetracker.yaml
Lib\site-packages\psychopy\iohub\devices\eyetracker\hw\tobii\eyetracker.py
Lib\site-packages\psychopy\iohub\devices\eyetracker\hw\tobii\supported_config_settings.yaml
Lib\site-packages\psychopy\iohub\devices\eyetracker\hw\tobii\tobiiCalibrationGraphics.py
Lib\site-packages\psychopy\iohub\devices\eyetracker\hw\tobii\tobiiclasses.py
Lib\site-packages\psychopy\iohub\devices\eyetracker\hw\tobii\__init__.py
Lib\site-packages\psychopy\iohub\devices\keyboard\darwin.py
Lib\site-packages\psychopy\iohub\devices\keyboard\default_keyboard.yaml
Lib\site-packages\psychopy\iohub\devices\keyboard\iohub2xk_names.py
Lib\site-packages\psychopy\iohub\devices\keyboard\keysym2ucs.py
Lib\site-packages\psychopy\iohub\devices\keyboard\linux2.py
Lib\site-packages\psychopy\iohub\devices\keyboard\supported_config_settings.yaml
Lib\site-packages\psychopy\iohub\devices\keyboard\win32.py
Lib\site-packages\psychopy\iohub\devices\keyboard\win32_vk.py
Lib\site-packages\psychopy\iohub\devices\keyboard\__init__.py
Lib\site-packages\psychopy\iohub\devices\mcu\iosync
Lib\site-packages\psychopy\iohub\devices\mcu\__init__.py
Lib\site-packages\psychopy\iohub\devices\mcu\iosync\default_mcu.yaml
Lib\site-packages\psychopy\iohub\devices\mcu\iosync\pysync.py
Lib\site-packages\psychopy\iohub\devices\mcu\iosync\supported_config_settings.yaml
Lib\site-packages\psychopy\iohub\devices\mcu\iosync\__init__.py
Lib\site-packages\psychopy\iohub\devices\mouse\darwin.py
Lib\site-packages\psychopy\iohub\devices\mouse\default_mouse.yaml
Lib\site-packages\psychopy\iohub\devices\mouse\linux2.py
Lib\site-packages\psychopy\iohub\devices\mouse\supported_config_settings.yaml
Lib\site-packages\psychopy\iohub\devices\mouse\win32.py
Lib\site-packages\psychopy\iohub\devices\mouse\__init__.py
Lib\site-packages\psychopy\iohub\devices\network\default_eventpublisher.yaml
Lib\site-packages\psychopy\iohub\devices\network\default_remoteeventsubscriber.yaml
Lib\site-packages\psychopy\iohub\devices\network\supported_config_settings.yaml
Lib\site-packages\psychopy\iohub\devices\network\__init__.py
Lib\site-packages\psychopy\iohub\devices\touch\hw
Lib\site-packages\psychopy\iohub\devices\touch\__init__.py
Lib\site-packages\psychopy\iohub\devices\touch\hw\elo
Lib\site-packages\psychopy\iohub\devices\touch\hw\__init__.py
Lib\site-packages\psychopy\iohub\devices\touch\hw\elo\default_touch.yaml
Lib\site-packages\psychopy\iohub\devices\touch\hw\elo\elo_serial.py
Lib\site-packages\psychopy\iohub\devices\touch\hw\elo\supported_config_settings.yaml
Lib\site-packages\psychopy\iohub\devices\touch\hw\elo\__init__.py
Lib\site-packages\psychopy\iohub\devices\xinput\default_gamepad.yaml
Lib\site-packages\psychopy\iohub\devices\xinput\supported_config_settings.yaml
Lib\site-packages\psychopy\iohub\devices\xinput\xinput.py
Lib\site-packages\psychopy\iohub\devices\xinput\xinput_h.py
Lib\site-packages\psychopy\iohub\devices\xinput\__init__.py
Lib\site-packages\psychopy\iohub\util\dialogs.py
Lib\site-packages\psychopy\iohub\util\exception_tools.py
Lib\site-packages\psychopy\iohub\util\fix_encoding.py
Lib\site-packages\psychopy\iohub\util\images.py
Lib\site-packages\psychopy\iohub\util\targetpositionsequence.py
Lib\site-packages\psychopy\iohub\util\variableProvider.py
Lib\site-packages\psychopy\iohub\util\visualangle.py
Lib\site-packages\psychopy\iohub\util\visualUtil.py
Lib\site-packages\psychopy\iohub\util\__init__.py
Lib\site-packages\psychopy\monitors\calibData.py
Lib\site-packages\psychopy\monitors\calibTools.py
Lib\site-packages\psychopy\monitors\getLumSeries.py
Lib\site-packages\psychopy\monitors\MonitorCenter.py
Lib\site-packages\psychopy\monitors\psychopy.ico
Lib\site-packages\psychopy\monitors\__init__.py
Lib\site-packages\psychopy\parallel\_dlportio.py
Lib\site-packages\psychopy\parallel\_inpout32.py
Lib\site-packages\psychopy\parallel\_linux.py
Lib\site-packages\psychopy\parallel\__init__.py
Lib\site-packages\psychopy\platform_specific\darwin.py
Lib\site-packages\psychopy\platform_specific\linux.py
Lib\site-packages\psychopy\platform_specific\posix.py
Lib\site-packages\psychopy\platform_specific\win32.py
Lib\site-packages\psychopy\platform_specific\__init__.py
Lib\site-packages\psychopy\preferences\baseNoArch.spec
Lib\site-packages\psychopy\preferences\configobj.py
Lib\site-packages\psychopy\preferences\Darwin.spec
Lib\site-packages\psychopy\preferences\FreeBSD.spec
Lib\site-packages\psychopy\preferences\generateSpec.py
Lib\site-packages\psychopy\preferences\Linux.spec
Lib\site-packages\psychopy\preferences\preferences.py
Lib\site-packages\psychopy\preferences\validate.py
Lib\site-packages\psychopy\preferences\Windows.spec
Lib\site-packages\psychopy\preferences\__init__.py
Lib\site-packages\psychopy\tests\data
Lib\site-packages\psychopy\tests\test_all_visual
Lib\site-packages\psychopy\tests\test_app
Lib\site-packages\psychopy\tests\test_data
Lib\site-packages\psychopy\tests\run.py
Lib\site-packages\psychopy\tests\runPytest.py
Lib\site-packages\psychopy\tests\test_Installation.py
Lib\site-packages\psychopy\tests\todo.txt
Lib\site-packages\psychopy\tests\utils.py
Lib\site-packages\psychopy\tests\__init__.py
Lib\site-packages\psychopy\tests\data\aperture1_deg.png
Lib\site-packages\psychopy\tests\data\aperture1_degFlat.png
Lib\site-packages\psychopy\tests\data\aperture1_degFlatPos.png
Lib\site-packages\psychopy\tests\data\aperture1_norm.png
Lib\site-packages\psychopy\tests\data\aperture1_normNoShade.png
Lib\site-packages\psychopy\tests\data\aperture1_norm_local.png
Lib\site-packages\psychopy\tests\data\aperture1_pix.png
Lib\site-packages\psychopy\tests\data\aperture1_stencil.png
Lib\site-packages\psychopy\tests\data\bufferimg_gabor_cm.png
Lib\site-packages\psychopy\tests\data\bufferimg_gabor_deg.png
Lib\site-packages\psychopy\tests\data\bufferimg_gabor_degFlat.png
Lib\site-packages\psychopy\tests\data\bufferimg_gabor_degFlatPos.png
Lib\site-packages\psychopy\tests\data\bufferimg_gabor_height.png
Lib\site-packages\psychopy\tests\data\bufferimg_gabor_norm.png
Lib\site-packages\psychopy\tests\data\bufferimg_gabor_normNoShade.png
Lib\site-packages\psychopy\tests\data\bufferimg_gabor_pix.png
Lib\site-packages\psychopy\tests\data\bufferimg_gabor_stencil.png
Lib\site-packages\psychopy\tests\data\dots_height_local.png
Lib\site-packages\psychopy\tests\data\elarray1_cm.png
Lib\site-packages\psychopy\tests\data\elarray1_deg.png
Lib\site-packages\psychopy\tests\data\elarray1_degFlat.png
Lib\site-packages\psychopy\tests\data\elarray1_degFlatPos.png
Lib\site-packages\psychopy\tests\data\elarray1_height.png
Lib\site-packages\psychopy\tests\data\elarray1_norm.png
Lib\site-packages\psychopy\tests\data\elarray1_pix.png
Lib\site-packages\psychopy\tests\data\elarray1_stencil.png
Lib\site-packages\psychopy\tests\data\gabor1_cm.png
Lib\site-packages\psychopy\tests\data\gabor1_deg.png
Lib\site-packages\psychopy\tests\data\gabor1_degFlat.png
Lib\site-packages\psychopy\tests\data\gabor1_degFlatPos.png
Lib\site-packages\psychopy\tests\data\gabor1_height.png
Lib\site-packages\psychopy\tests\data\gabor1_norm.png
Lib\site-packages\psychopy\tests\data\gabor1_normNoShade.png
Lib\site-packages\psychopy\tests\data\gabor1_pix.png
Lib\site-packages\psychopy\tests\data\gabor1_stencil.png
Lib\site-packages\psychopy\tests\data\gabor2_cm.png
Lib\site-packages\psychopy\tests\data\gabor2_deg.png
Lib\site-packages\psychopy\tests\data\gabor2_degFlat.png
Lib\site-packages\psychopy\tests\data\gabor2_degFlatPos.png
Lib\site-packages\psychopy\tests\data\gabor2_height.png
Lib\site-packages\psychopy\tests\data\gabor2_norm.png
Lib\site-packages\psychopy\tests\data\gabor2_normNoShade.png
Lib\site-packages\psychopy\tests\data\gabor2_pix.png
Lib\site-packages\psychopy\tests\data\gabor2_stencil.png
Lib\site-packages\psychopy\tests\data\greyscale.jpg
Lib\site-packages\psychopy\tests\data\greyscale.png
Lib\site-packages\psychopy\tests\data\greyscale2.png
Lib\site-packages\psychopy\tests\data\greyscale2_cm.png
Lib\site-packages\psychopy\tests\data\greyscale2_cm_local.png
Lib\site-packages\psychopy\tests\data\greyscale2_deg.png
Lib\site-packages\psychopy\tests\data\greyscale2_degFlat.png
Lib\site-packages\psychopy\tests\data\greyscale2_degFlatPos.png
Lib\site-packages\psychopy\tests\data\greyscale2_degFlatPos_local.png
Lib\site-packages\psychopy\tests\data\greyscale2_degFlat_local.png
Lib\site-packages\psychopy\tests\data\greyscale2_deg_local.png
Lib\site-packages\psychopy\tests\data\greyscale2_height.png
Lib\site-packages\psychopy\tests\data\greyscale2_height_local.png
Lib\site-packages\psychopy\tests\data\greyscale2_norm.png
Lib\site-packages\psychopy\tests\data\greyscale2_normNoShade.png
Lib\site-packages\psychopy\tests\data\greyscale2_normNoShade_local.png
Lib\site-packages\psychopy\tests\data\greyscale2_norm_local.png
Lib\site-packages\psychopy\tests\data\greyscale2_pix.png
Lib\site-packages\psychopy\tests\data\greyscale2_pix_local.png
Lib\site-packages\psychopy\tests\data\greyscale2_stencil.png
Lib\site-packages\psychopy\tests\data\greyscale2_stencil_local.png
Lib\site-packages\psychopy\tests\data\greyscaleLowContr_cm.png
Lib\site-packages\psychopy\tests\data\greyscaleLowContr_deg.png
Lib\site-packages\psychopy\tests\data\greyscaleLowContr_degFlat.png
Lib\site-packages\psychopy\tests\data\greyscaleLowContr_degFlatPos.png
Lib\site-packages\psychopy\tests\data\greyscaleLowContr_height.png
Lib\site-packages\psychopy\tests\data\greyscaleLowContr_norm.png
Lib\site-packages\psychopy\tests\data\greyscaleLowContr_normNoShade.png
Lib\site-packages\psychopy\tests\data\greyscaleLowContr_normNoShade_local.png
Lib\site-packages\psychopy\tests\data\greyscaleLowContr_norm_local.png
Lib\site-packages\psychopy\tests\data\greyscaleLowContr_pix.png
Lib\site-packages\psychopy\tests\data\greyscaleLowContr_pix_local.png
Lib\site-packages\psychopy\tests\data\greyscaleLowContr_stencil.png
Lib\site-packages\psychopy\tests\data\greyscale_cm.png
Lib\site-packages\psychopy\tests\data\greyscale_deg.png
Lib\site-packages\psychopy\tests\data\greyscale_degFlat.png
Lib\site-packages\psychopy\tests\data\greyscale_degFlatPos.png
Lib\site-packages\psychopy\tests\data\greyscale_height.png
Lib\site-packages\psychopy\tests\data\greyscale_norm.png
Lib\site-packages\psychopy\tests\data\greyscale_normNoShade.png
Lib\site-packages\psychopy\tests\data\greyscale_pix.png
Lib\site-packages\psychopy\tests\data\greyscale_stencil.png
Lib\site-packages\psychopy\tests\data\imageAndGausscm.png
Lib\site-packages\psychopy\tests\data\imageAndGaussdeg.png
Lib\site-packages\psychopy\tests\data\imageAndGaussdegFlat.png
Lib\site-packages\psychopy\tests\data\imageAndGaussdegFlatPos.png
Lib\site-packages\psychopy\tests\data\imageAndGaussheight.png
Lib\site-packages\psychopy\tests\data\imageAndGaussnorm.png
Lib\site-packages\psychopy\tests\data\imageAndGaussnormNoShade.png
Lib\site-packages\psychopy\tests\data\imageAndGausspix.png
Lib\site-packages\psychopy\tests\data\imageAndGaussstencil.png
Lib\site-packages\psychopy\tests\data\imageAndGauss_cm.png
Lib\site-packages\psychopy\tests\data\imageAndGauss_deg.png
Lib\site-packages\psychopy\tests\data\imageAndGauss_degFlat.png
Lib\site-packages\psychopy\tests\data\imageAndGauss_degFlatPos.png
Lib\site-packages\psychopy\tests\data\imageAndGauss_height.png
Lib\site-packages\psychopy\tests\data\imageAndGauss_norm.png
Lib\site-packages\psychopy\tests\data\imageAndGauss_normNoShade.png
Lib\site-packages\psychopy\tests\data\imageAndGauss_pix.png
Lib\site-packages\psychopy\tests\data\imageAndGauss_stencil.png
Lib\site-packages\psychopy\tests\data\numpyImage_cm.png
Lib\site-packages\psychopy\tests\data\numpyImage_deg.png
Lib\site-packages\psychopy\tests\data\numpyImage_degFlat.png
Lib\site-packages\psychopy\tests\data\numpyImage_degFlatPos.png
Lib\site-packages\psychopy\tests\data\numpyImage_height.png
Lib\site-packages\psychopy\tests\data\numpyImage_norm.png
Lib\site-packages\psychopy\tests\data\numpyImage_normNoShade.png
Lib\site-packages\psychopy\tests\data\numpyImage_pix.png
Lib\site-packages\psychopy\tests\data\numpyImage_stencil.png
Lib\site-packages\psychopy\tests\data\numpyLowContr_cm.png
Lib\site-packages\psychopy\tests\data\numpyLowContr_deg.png
Lib\site-packages\psychopy\tests\data\numpyLowContr_degFlat.png
Lib\site-packages\psychopy\tests\data\numpyLowContr_degFlatPos.png
Lib\site-packages\psychopy\tests\data\numpyLowContr_height.png
Lib\site-packages\psychopy\tests\data\numpyLowContr_norm.png
Lib\site-packages\psychopy\tests\data\numpyLowContr_normNoShade.png
Lib\site-packages\psychopy\tests\data\numpyLowContr_pix.png
Lib\site-packages\psychopy\tests\data\numpyLowContr_stencil.png
Lib\site-packages\psychopy\tests\data\ratingscale1_cm.png
Lib\site-packages\psychopy\tests\data\ratingscale1_deg.png
Lib\site-packages\psychopy\tests\data\ratingscale1_degFlat.png
Lib\site-packages\psychopy\tests\data\ratingscale1_degFlatPos.png
Lib\site-packages\psychopy\tests\data\ratingscale1_height.png
Lib\site-packages\psychopy\tests\data\ratingscale1_norm.png
Lib\site-packages\psychopy\tests\data\ratingscale1_normNoShade.png
Lib\site-packages\psychopy\tests\data\ratingscale1_norm_local.png
Lib\site-packages\psychopy\tests\data\ratingscale1_pix.png
Lib\site-packages\psychopy\tests\data\ratingscale1_stencil.png
Lib\site-packages\psychopy\tests\data\shape1_cm.png
Lib\site-packages\psychopy\tests\data\shape1_deg.png
Lib\site-packages\psychopy\tests\data\shape1_degFlat.png
Lib\site-packages\psychopy\tests\data\shape1_degFlatPos.png
Lib\site-packages\psychopy\tests\data\shape1_height.png
Lib\site-packages\psychopy\tests\data\shape1_norm.png
Lib\site-packages\psychopy\tests\data\shape1_normNoShade.png
Lib\site-packages\psychopy\tests\data\shape1_pix.png
Lib\site-packages\psychopy\tests\data\shape1_stencil.png
Lib\site-packages\psychopy\tests\data\shape2_cm.png
Lib\site-packages\psychopy\tests\data\shape2_deg.png
Lib\site-packages\psychopy\tests\data\shape2_degFlat.png
Lib\site-packages\psychopy\tests\data\shape2_degFlatPos.png
Lib\site-packages\psychopy\tests\data\shape2_height.png
Lib\site-packages\psychopy\tests\data\shape2_norm.png
Lib\site-packages\psychopy\tests\data\shape2_normNoShade.png
Lib\site-packages\psychopy\tests\data\shape2_pix.png
Lib\site-packages\psychopy\tests\data\shape2_stencil.png
Lib\site-packages\psychopy\tests\data\simpleimage1_cm.png
Lib\site-packages\psychopy\tests\data\simpleimage1_deg.png
Lib\site-packages\psychopy\tests\data\simpleimage1_degFlat.png
Lib\site-packages\psychopy\tests\data\simpleimage1_degFlatPos.png
Lib\site-packages\psychopy\tests\data\simpleimage1_height.png
Lib\site-packages\psychopy\tests\data\simpleimage1_norm.png
Lib\site-packages\psychopy\tests\data\simpleimage1_normNoShade.png
Lib\site-packages\psychopy\tests\data\simpleimage1_pix.png
Lib\site-packages\psychopy\tests\data\simpleimage1_stencil.png
Lib\site-packages\psychopy\tests\data\testimage.jpg
Lib\site-packages\psychopy\tests\data\testMovie.mp4
Lib\site-packages\psychopy\tests\data\text1_cm.png
Lib\site-packages\psychopy\tests\data\text1_deg.png
Lib\site-packages\psychopy\tests\data\text1_degFlat.png
Lib\site-packages\psychopy\tests\data\text1_degFlatPos.png
Lib\site-packages\psychopy\tests\data\text1_height.png
Lib\site-packages\psychopy\tests\data\text1_norm.png
Lib\site-packages\psychopy\tests\data\text1_normNoShade.png
Lib\site-packages\psychopy\tests\data\text1_pix.png
Lib\site-packages\psychopy\tests\data\text1_stencil.png
Lib\site-packages\psychopy\tests\data\text2_cm.png
Lib\site-packages\psychopy\tests\data\text2_deg.png
Lib\site-packages\psychopy\tests\data\text2_degFlat.png
Lib\site-packages\psychopy\tests\data\text2_degFlatPos.png
Lib\site-packages\psychopy\tests\data\text2_height.png
Lib\site-packages\psychopy\tests\data\text2_norm.png
Lib\site-packages\psychopy\tests\data\text2_normNoShade.png
Lib\site-packages\psychopy\tests\data\text2_pix.png
Lib\site-packages\psychopy\tests\data\text2_stencil.png
Lib\site-packages\psychopy\tests\data\wedge1_cm.png
Lib\site-packages\psychopy\tests\data\wedge1_deg.png
Lib\site-packages\psychopy\tests\data\wedge1_degFlat.png
Lib\site-packages\psychopy\tests\data\wedge1_degFlatPos.png
Lib\site-packages\psychopy\tests\data\wedge1_height.png
Lib\site-packages\psychopy\tests\data\wedge1_norm.png
Lib\site-packages\psychopy\tests\data\wedge1_normNoShade.png
Lib\site-packages\psychopy\tests\data\wedge1_pix.png
Lib\site-packages\psychopy\tests\data\wedge1_stencil.png
Lib\site-packages\psychopy\tests\data\wedge2_cm.png
Lib\site-packages\psychopy\tests\data\wedge2_deg.png
Lib\site-packages\psychopy\tests\data\wedge2_degFlat.png
Lib\site-packages\psychopy\tests\data\wedge2_degFlatPos.png
Lib\site-packages\psychopy\tests\data\wedge2_height.png
Lib\site-packages\psychopy\tests\data\wedge2_norm.png
Lib\site-packages\psychopy\tests\data\wedge2_normNoShade.png
Lib\site-packages\psychopy\tests\data\wedge2_normNoShade_local.png
Lib\site-packages\psychopy\tests\data\wedge2_pix.png
Lib\site-packages\psychopy\tests\data\wedge2_stencil.png
Lib\site-packages\psychopy\tests\test_all_visual\test_all_stimuli.py
Lib\site-packages\psychopy\tests\test_all_visual\test_contains_overlaps.py
Lib\site-packages\psychopy\tests\test_all_visual\test_custommouse.py
Lib\site-packages\psychopy\tests\test_all_visual\test_gamma.py
Lib\site-packages\psychopy\tests\test_all_visual\test_ratingScale.py
Lib\site-packages\psychopy\tests\test_all_visual\test_textbox.py
Lib\site-packages\psychopy\tests\test_all_visual\__init__.py
Lib\site-packages\psychopy\tests\test_app\test_builder
Lib\site-packages\psychopy\tests\test_app\conftest.py
Lib\site-packages\psychopy\tests\test_app\__init__.py
Lib\site-packages\psychopy\tests\test_app\test_builder\known_py_diffs.txt
Lib\site-packages\psychopy\tests\test_app\test_builder\test_Experiment.py
Lib\site-packages\psychopy\tests\test_app\test_builder\__init__.py
Lib\site-packages\psychopy\tests\test_data\actualXlsx.txt
Lib\site-packages\psychopy\tools\arraytools.py
Lib\site-packages\psychopy\tools\attributetools.py
Lib\site-packages\psychopy\tools\colorspacetools.py
Lib\site-packages\psychopy\tools\coordinatetools.py
Lib\site-packages\psychopy\tools\fileerrortools.py
Lib\site-packages\psychopy\tools\filetools.py
Lib\site-packages\psychopy\tools\imagetools.py
Lib\site-packages\psychopy\tools\monitorunittools.py
Lib\site-packages\psychopy\tools\plottools.py
Lib\site-packages\psychopy\tools\typetools.py
Lib\site-packages\psychopy\tools\unittools.py
Lib\site-packages\psychopy\tools\__init__.py
Lib\site-packages\psychopy\visual\textbox
Lib\site-packages\psychopy\visual\aperture.py
Lib\site-packages\psychopy\visual\basevisual.py
Lib\site-packages\psychopy\visual\bufferimage.py
Lib\site-packages\psychopy\visual\circle.py
Lib\site-packages\psychopy\visual\custommouse.py
Lib\site-packages\psychopy\visual\dot.py
Lib\site-packages\psychopy\visual\elementarray.py
Lib\site-packages\psychopy\visual\glob_vars.py
Lib\site-packages\psychopy\visual\grating.py
Lib\site-packages\psychopy\visual\helpers.py
Lib\site-packages\psychopy\visual\image.py
Lib\site-packages\psychopy\visual\line.py
Lib\site-packages\psychopy\visual\movie.py
Lib\site-packages\psychopy\visual\patch.py
Lib\site-packages\psychopy\visual\pointer.png
Lib\site-packages\psychopy\visual\polygon.py
Lib\site-packages\psychopy\visual\radial.py
Lib\site-packages\psychopy\visual\ratingscale.py
Lib\site-packages\psychopy\visual\rect.py
Lib\site-packages\psychopy\visual\shape.py
Lib\site-packages\psychopy\visual\simpleimage.py
Lib\site-packages\psychopy\visual\text.py
Lib\site-packages\psychopy\visual\window.py
Lib\site-packages\psychopy\visual\_pygletLibOverload.py
Lib\site-packages\psychopy\visual\__init__.py
Lib\site-packages\psychopy\visual\textbox\freetype_bf
Lib\site-packages\psychopy\visual\textbox\fontmanager.py
Lib\site-packages\psychopy\visual\textbox\parsedtext.py
Lib\site-packages\psychopy\visual\textbox\textgrid.py
Lib\site-packages\psychopy\visual\textbox\textureatlas.py
Lib\site-packages\psychopy\visual\textbox\TODO.txt
Lib\site-packages\psychopy\visual\textbox\__init__.py
Lib\site-packages\psychopy\visual\textbox\freetype_bf\ft_enums
Lib\site-packages\psychopy\visual\textbox\freetype_bf\ft_errors.py
Lib\site-packages\psychopy\visual\textbox\freetype_bf\ft_structs.py
Lib\site-packages\psychopy\visual\textbox\freetype_bf\ft_types.py
Lib\site-packages\psychopy\visual\textbox\freetype_bf\LICENSE.txt
Lib\site-packages\psychopy\visual\textbox\freetype_bf\__init__.py
Lib\site-packages\psychopy\visual\textbox\freetype_bf\ft_enums\ft_encodings.py
Lib\site-packages\psychopy\visual\textbox\freetype_bf\ft_enums\ft_face_flags.py
Lib\site-packages\psychopy\visual\textbox\freetype_bf\ft_enums\ft_fstypes.py
Lib\site-packages\psychopy\visual\textbox\freetype_bf\ft_enums\ft_glyph_bbox_modes.py
Lib\site-packages\psychopy\visual\textbox\freetype_bf\ft_enums\ft_glyph_formats.py
Lib\site-packages\psychopy\visual\textbox\freetype_bf\ft_enums\ft_kerning_modes.py
Lib\site-packages\psychopy\visual\textbox\freetype_bf\ft_enums\ft_lcd_filters.py
Lib\site-packages\psychopy\visual\textbox\freetype_bf\ft_enums\ft_load_flags.py
Lib\site-packages\psychopy\visual\textbox\freetype_bf\ft_enums\ft_load_targets.py
Lib\site-packages\psychopy\visual\textbox\freetype_bf\ft_enums\ft_open_modes.py
Lib\site-packages\psychopy\visual\textbox\freetype_bf\ft_enums\ft_outline_flags.py
Lib\site-packages\psychopy\visual\textbox\freetype_bf\ft_enums\ft_pixel_modes.py
Lib\site-packages\psychopy\visual\textbox\freetype_bf\ft_enums\ft_render_modes.py
Lib\site-packages\psychopy\visual\textbox\freetype_bf\ft_enums\ft_stroker_borders.py
Lib\site-packages\psychopy\visual\textbox\freetype_bf\ft_enums\ft_stroker_linecaps.py
Lib\site-packages\psychopy\visual\textbox\freetype_bf\ft_enums\ft_stroker_linejoins.py
Lib\site-packages\psychopy\visual\textbox\freetype_bf\ft_enums\ft_style_flags.py
Lib\site-packages\psychopy\visual\textbox\freetype_bf\ft_enums\tt_adobe_ids.py
Lib\site-packages\psychopy\visual\textbox\freetype_bf\ft_enums\tt_apple_ids.py
Lib\site-packages\psychopy\visual\textbox\freetype_bf\ft_enums\tt_mac_ids.py
Lib\site-packages\psychopy\visual\textbox\freetype_bf\ft_enums\tt_mac_langids.py
Lib\site-packages\psychopy\visual\textbox\freetype_bf\ft_enums\tt_ms_ids.py
Lib\site-packages\psychopy\visual\textbox\freetype_bf\ft_enums\tt_ms_langids.py
Lib\site-packages\psychopy\visual\textbox\freetype_bf\ft_enums\tt_name_ids.py
Lib\site-packages\psychopy\visual\textbox\freetype_bf\ft_enums\tt_platforms.py
Lib\site-packages\psychopy\visual\textbox\freetype_bf\ft_enums\__init__.py
Lib\site-packages\PsychoPy-1.80.06-py2.7.egg-info\dependency_links.txt
Lib\site-packages\PsychoPy-1.80.06-py2.7.egg-info\PKG-INFO
Lib\site-packages\PsychoPy-1.80.06-py2.7.egg-info\SOURCES.txt
Lib\site-packages\PsychoPy-1.80.06-py2.7.egg-info\top_level.txt
Scripts\psychopyApp.py
Scripts\psychopyApp.bat
Scripts\psychopy_post_inst.py
Scripts\psychopy_post_inst.bat