# WPPM package installation log
# 
# Package: pydicom v0.9.7

Lib\site-packages\dicom
Lib\site-packages\pydicom-0.9.7-py2.5.egg-info
Lib\site-packages\dicom\contrib
Lib\site-packages\dicom\doc
Lib\site-packages\dicom\examples
Lib\site-packages\dicom\test
Lib\site-packages\dicom\testcharsetfiles
Lib\site-packages\dicom\testfiles
Lib\site-packages\dicom\util
Lib\site-packages\dicom\attribute.py
Lib\site-packages\dicom\charset.py
Lib\site-packages\dicom\config.py
Lib\site-packages\dicom\datadict.py
Lib\site-packages\dicom\dataelem.py
Lib\site-packages\dicom\dataset.py
Lib\site-packages\dicom\encaps.py
Lib\site-packages\dicom\filebase.py
Lib\site-packages\dicom\filereader.py
Lib\site-packages\dicom\fileutil.py
Lib\site-packages\dicom\filewriter.py
Lib\site-packages\dicom\misc.py
Lib\site-packages\dicom\multival.py
Lib\site-packages\dicom\sequence.py
Lib\site-packages\dicom\tag.py
Lib\site-packages\dicom\UID.py
Lib\site-packages\dicom\valuerep.py
Lib\site-packages\dicom\values.py
Lib\site-packages\dicom\_dicom_dict.py
Lib\site-packages\dicom\_private_dict.py
Lib\site-packages\dicom\_UID_dict.py
Lib\site-packages\dicom\__init__.py
Lib\site-packages\dicom\contrib\dicom_dao.py
Lib\site-packages\dicom\contrib\imViewer_Simple.py
Lib\site-packages\dicom\contrib\pydicom_PIL.py
Lib\site-packages\dicom\contrib\pydicom_series.py
Lib\site-packages\dicom\contrib\pydicom_Tkinter.py
Lib\site-packages\dicom\contrib\__init__.py
Lib\site-packages\dicom\doc\index.html
Lib\site-packages\dicom\examples\anonymize.py
Lib\site-packages\dicom\examples\DicomDiff.py
Lib\site-packages\dicom\examples\DicomInfo.py
Lib\site-packages\dicom\examples\dicomtree.py
Lib\site-packages\dicom\examples\ListBeams.py
Lib\site-packages\dicom\examples\myprint.py
Lib\site-packages\dicom\examples\show_charset_name.py
Lib\site-packages\dicom\examples\write_new.py
Lib\site-packages\dicom\examples\__init__.py
Lib\site-packages\dicom\test\performance
Lib\site-packages\dicom\test\all.bat
Lib\site-packages\dicom\test\run_tests.py
Lib\site-packages\dicom\test\shell_all
Lib\site-packages\dicom\test\test_charset.py
Lib\site-packages\dicom\test\test_dataelem.py
Lib\site-packages\dicom\test\test_dataset.py
Lib\site-packages\dicom\test\test_dictionary.py
Lib\site-packages\dicom\test\test_filereader.py
Lib\site-packages\dicom\test\test_filewriter.py
Lib\site-packages\dicom\test\test_multival.py
Lib\site-packages\dicom\test\test_rawread.py
Lib\site-packages\dicom\test\test_sequence.py
Lib\site-packages\dicom\test\test_tag.py
Lib\site-packages\dicom\test\test_UID.py
Lib\site-packages\dicom\test\test_valuerep.py
Lib\site-packages\dicom\test\version_dep.py
Lib\site-packages\dicom\test\warncheck.py
Lib\site-packages\dicom\test\_write_stds.py
Lib\site-packages\dicom\test\__init__.py
Lib\site-packages\dicom\test\performance\time_test.py
Lib\site-packages\dicom\test\performance\__init__.py
Lib\site-packages\dicom\testcharsetfiles\charlist.py
Lib\site-packages\dicom\testcharsetfiles\chrArab.dcm
Lib\site-packages\dicom\testcharsetfiles\chrFren.dcm
Lib\site-packages\dicom\testcharsetfiles\chrFrenMulti.dcm
Lib\site-packages\dicom\testcharsetfiles\chrGerm.dcm
Lib\site-packages\dicom\testcharsetfiles\chrGreek.dcm
Lib\site-packages\dicom\testcharsetfiles\chrH31.dcm
Lib\site-packages\dicom\testcharsetfiles\chrH32.dcm
Lib\site-packages\dicom\testcharsetfiles\chrHbrw.dcm
Lib\site-packages\dicom\testcharsetfiles\chrI2.dcm
Lib\site-packages\dicom\testcharsetfiles\chrJapMulti.dcm
Lib\site-packages\dicom\testcharsetfiles\chrKoreanMulti.dcm
Lib\site-packages\dicom\testcharsetfiles\chrRuss.dcm
Lib\site-packages\dicom\testcharsetfiles\chrX1.dcm
Lib\site-packages\dicom\testcharsetfiles\chrX2.dcm
Lib\site-packages\dicom\testcharsetfiles\FileInfo.txt
Lib\site-packages\dicom\testfiles\CT_small.dcm
Lib\site-packages\dicom\testfiles\ExplVR_BigEnd.dcm
Lib\site-packages\dicom\testfiles\image_dfl.dcm
Lib\site-packages\dicom\testfiles\JPEG-LL.dcm
Lib\site-packages\dicom\testfiles\JPEG-lossy.dcm
Lib\site-packages\dicom\testfiles\JPEG2000.dcm
Lib\site-packages\dicom\testfiles\MR_small.dcm
Lib\site-packages\dicom\testfiles\no_meta_group_length.dcm
Lib\site-packages\dicom\testfiles\priv_SQ.dcm
Lib\site-packages\dicom\testfiles\README.txt
Lib\site-packages\dicom\testfiles\reportsi.dcm
Lib\site-packages\dicom\testfiles\rtdose.dcm
Lib\site-packages\dicom\testfiles\rtplan.dcm
Lib\site-packages\dicom\testfiles\rtplan.dump
Lib\site-packages\dicom\testfiles\rtplan_truncated.dcm
Lib\site-packages\dicom\testfiles\rtstruct.dcm
Lib\site-packages\dicom\testfiles\rtstruct.dump
Lib\site-packages\dicom\testfiles\test-SR.dcm
Lib\site-packages\dicom\testfiles\zipMR.gz
Lib\site-packages\dicom\util\dump.py
Lib\site-packages\dicom\util\hexutil.py
Lib\site-packages\dicom\util\namedtup.py
Lib\site-packages\dicom\util\__init__.py
Lib\site-packages\pydicom-0.9.7-py2.5.egg-info\dependency_links.txt
Lib\site-packages\pydicom-0.9.7-py2.5.egg-info\not-zip-safe
Lib\site-packages\pydicom-0.9.7-py2.5.egg-info\PKG-INFO
Lib\site-packages\pydicom-0.9.7-py2.5.egg-info\SOURCES.txt
Lib\site-packages\pydicom-0.9.7-py2.5.egg-info\top_level.txt