# WPPM package installation log
# 
# Package: pygame v1.9.2pre

Lib\site-packages\pygame
Lib\site-packages\pygame-1.9.2pre-py2.7.egg-info
Lib\site-packages\pygame\docs
Lib\site-packages\pygame\examples
Lib\site-packages\pygame\gp2x
Lib\site-packages\pygame\tests
Lib\site-packages\pygame\threads
Lib\site-packages\pygame\base.pyd
Lib\site-packages\pygame\bufferproxy.pyd
Lib\site-packages\pygame\camera.py
Lib\site-packages\pygame\cdrom.pyd
Lib\site-packages\pygame\color.pyd
Lib\site-packages\pygame\colordict.py
Lib\site-packages\pygame\compat.py
Lib\site-packages\pygame\constants.pyd
Lib\site-packages\pygame\cursors.py
Lib\site-packages\pygame\display.pyd
Lib\site-packages\pygame\draw.pyd
Lib\site-packages\pygame\event.pyd
Lib\site-packages\pygame\fastevent.pyd
Lib\site-packages\pygame\font.pyd
Lib\site-packages\pygame\freesansbold.ttf
Lib\site-packages\pygame\freetype.py
Lib\site-packages\pygame\ftfont.py
Lib\site-packages\pygame\gfxdraw.pyd
Lib\site-packages\pygame\image.pyd
Lib\site-packages\pygame\imageext.pyd
Lib\site-packages\pygame\install.html
Lib\site-packages\pygame\joystick.pyd
Lib\site-packages\pygame\key.pyd
Lib\site-packages\pygame\LGPL
Lib\site-packages\pygame\libogg.dll
Lib\site-packages\pygame\libvorbis.dll
Lib\site-packages\pygame\libvorbisfile.dll
Lib\site-packages\pygame\locals.py
Lib\site-packages\pygame\macosx.py
Lib\site-packages\pygame\mask.pyd
Lib\site-packages\pygame\math.pyd
Lib\site-packages\pygame\midi.py
Lib\site-packages\pygame\mikmod.dll
Lib\site-packages\pygame\mixer.pyd
Lib\site-packages\pygame\mixer_music.pyd
Lib\site-packages\pygame\mouse.pyd
Lib\site-packages\pygame\movie.pyd
Lib\site-packages\pygame\new  1.txt
Lib\site-packages\pygame\nmovie.py
Lib\site-packages\pygame\overlay.pyd
Lib\site-packages\pygame\pixelarray.pyd
Lib\site-packages\pygame\pixelcopy.pyd
Lib\site-packages\pygame\pkgdata.py
Lib\site-packages\pygame\pygame.ico
Lib\site-packages\pygame\pygame.old.ico
Lib\site-packages\pygame\pygame_icon.bmp
Lib\site-packages\pygame\pygame_icon.icns
Lib\site-packages\pygame\pygame_icon.svg
Lib\site-packages\pygame\pygame_icon.tiff
Lib\site-packages\pygame\pypm.pyd
Lib\site-packages\pygame\readme.html
Lib\site-packages\pygame\rect.pyd
Lib\site-packages\pygame\rwobject.pyd
Lib\site-packages\pygame\scrap.pyd
Lib\site-packages\pygame\SDL.dll
Lib\site-packages\pygame\SDL_image.dll
Lib\site-packages\pygame\SDL_mixer.dll
Lib\site-packages\pygame\SDL_ttf.dll
Lib\site-packages\pygame\smpeg.dll
Lib\site-packages\pygame\sndarray.py
Lib\site-packages\pygame\sprite.py
Lib\site-packages\pygame\surface.pyd
Lib\site-packages\pygame\surfarray.py
Lib\site-packages\pygame\surflock.pyd
Lib\site-packages\pygame\sysfont.py
Lib\site-packages\pygame\time.pyd
Lib\site-packages\pygame\transform.pyd
Lib\site-packages\pygame\version.py
Lib\site-packages\pygame\vidcap.pyd
Lib\site-packages\pygame\zlib1.dll
Lib\site-packages\pygame\_camera.pyd
Lib\site-packages\pygame\_camera_opencv_highgui.py
Lib\site-packages\pygame\_camera_vidcapture.py
Lib\site-packages\pygame\_dummybackend.py
Lib\site-packages\pygame\_freetype.pyd
Lib\site-packages\pygame\_numericsndarray.pyd
Lib\site-packages\pygame\_numericsurfarray.pyd
Lib\site-packages\pygame\_numpysndarray.py
Lib\site-packages\pygame\_numpysurfarray.py
Lib\site-packages\pygame\_view.pyd
Lib\site-packages\pygame\_vlcbackend.py
Lib\site-packages\pygame\__init__.py
Lib\site-packages\pygame\docs\ref
Lib\site-packages\pygame\docs\tut
Lib\site-packages\pygame\docs\_sources
Lib\site-packages\pygame\docs\_static
Lib\site-packages\pygame\docs\filepaths.html
Lib\site-packages\pygame\docs\genindex.html
Lib\site-packages\pygame\docs\index.html
Lib\site-packages\pygame\docs\logos.html
Lib\site-packages\pygame\docs\pygame_logo.gif
Lib\site-packages\pygame\docs\pygame_powered.gif
Lib\site-packages\pygame\docs\pygame_small.gif
Lib\site-packages\pygame\docs\pygame_tiny.gif
Lib\site-packages\pygame\docs\search.html
Lib\site-packages\pygame\docs\searchindex.js
Lib\site-packages\pygame\docs\__init__.py
Lib\site-packages\pygame\docs\__main__.py
Lib\site-packages\pygame\docs\ref\camera.html
Lib\site-packages\pygame\docs\ref\cdrom.html
Lib\site-packages\pygame\docs\ref\color.html
Lib\site-packages\pygame\docs\ref\cursors.html
Lib\site-packages\pygame\docs\ref\display.html
Lib\site-packages\pygame\docs\ref\docscomments.json
Lib\site-packages\pygame\docs\ref\draw.html
Lib\site-packages\pygame\docs\ref\event.html
Lib\site-packages\pygame\docs\ref\examples.html
Lib\site-packages\pygame\docs\ref\font.html
Lib\site-packages\pygame\docs\ref\freetype.html
Lib\site-packages\pygame\docs\ref\gfxdraw.html
Lib\site-packages\pygame\docs\ref\image.html
Lib\site-packages\pygame\docs\ref\index.html
Lib\site-packages\pygame\docs\ref\joystick.html
Lib\site-packages\pygame\docs\ref\jquery.plugin.docscomments.js
Lib\site-packages\pygame\docs\ref\key.html
Lib\site-packages\pygame\docs\ref\locals.html
Lib\site-packages\pygame\docs\ref\mask.html
Lib\site-packages\pygame\docs\ref\math.html
Lib\site-packages\pygame\docs\ref\midi.html
Lib\site-packages\pygame\docs\ref\mixer.html
Lib\site-packages\pygame\docs\ref\mouse.html
Lib\site-packages\pygame\docs\ref\movie.html
Lib\site-packages\pygame\docs\ref\music.html
Lib\site-packages\pygame\docs\ref\overlay.html
Lib\site-packages\pygame\docs\ref\pixelarray.html
Lib\site-packages\pygame\docs\ref\pixelcopy.html
Lib\site-packages\pygame\docs\ref\pygame.html
Lib\site-packages\pygame\docs\ref\pygame_cursor.html
Lib\site-packages\pygame\docs\ref\rect.html
Lib\site-packages\pygame\docs\ref\scrap.html
Lib\site-packages\pygame\docs\ref\sndarray.html
Lib\site-packages\pygame\docs\ref\sprite.html
Lib\site-packages\pygame\docs\ref\surface.html
Lib\site-packages\pygame\docs\ref\surfarray.html
Lib\site-packages\pygame\docs\ref\tests.html
Lib\site-packages\pygame\docs\ref\time.html
Lib\site-packages\pygame\docs\ref\transform.html
Lib\site-packages\pygame\docs\tut\camera
Lib\site-packages\pygame\docs\tut\chimp
Lib\site-packages\pygame\docs\tut\intro
Lib\site-packages\pygame\docs\tut\surfarray
Lib\site-packages\pygame\docs\tut\tom
Lib\site-packages\pygame\docs\tut\DisplayModes.html
Lib\site-packages\pygame\docs\tut\ImportInit.html
Lib\site-packages\pygame\docs\tut\MoveIt.html
Lib\site-packages\pygame\docs\tut\newbieguide.html
Lib\site-packages\pygame\docs\tut\SpriteIntro.html
Lib\site-packages\pygame\docs\tut\camera\average.jpg
Lib\site-packages\pygame\docs\tut\camera\background.jpg
Lib\site-packages\pygame\docs\tut\camera\CameraIntro.html
Lib\site-packages\pygame\docs\tut\camera\green.jpg
Lib\site-packages\pygame\docs\tut\camera\hsv.jpg
Lib\site-packages\pygame\docs\tut\camera\mask.jpg
Lib\site-packages\pygame\docs\tut\camera\rgb.jpg
Lib\site-packages\pygame\docs\tut\camera\thresh.jpg
Lib\site-packages\pygame\docs\tut\camera\thresholded.jpg
Lib\site-packages\pygame\docs\tut\camera\yuv.jpg
Lib\site-packages\pygame\docs\tut\chimp\chimp.py.html
Lib\site-packages\pygame\docs\tut\chimp\ChimpLineByLine.html
Lib\site-packages\pygame\docs\tut\chimp\chimpshot.gif
Lib\site-packages\pygame\docs\tut\intro\ball.gif
Lib\site-packages\pygame\docs\tut\intro\blade.jpg
Lib\site-packages\pygame\docs\tut\intro\freedom.jpg
Lib\site-packages\pygame\docs\tut\intro\intro.html
Lib\site-packages\pygame\docs\tut\surfarray\allblack.jpg
Lib\site-packages\pygame\docs\tut\surfarray\flipped.jpg
Lib\site-packages\pygame\docs\tut\surfarray\imgarray.jpg
Lib\site-packages\pygame\docs\tut\surfarray\redimg.jpg
Lib\site-packages\pygame\docs\tut\surfarray\scaledown.jpg
Lib\site-packages\pygame\docs\tut\surfarray\scaleup.jpg
Lib\site-packages\pygame\docs\tut\surfarray\soften.jpg
Lib\site-packages\pygame\docs\tut\surfarray\striped.jpg
Lib\site-packages\pygame\docs\tut\surfarray\SurfarrayIntro.html
Lib\site-packages\pygame\docs\tut\surfarray\xfade.jpg
Lib\site-packages\pygame\docs\tut\tom\basic.png
Lib\site-packages\pygame\docs\tut\tom\event-flowchart.png
Lib\site-packages\pygame\docs\tut\tom\formulae.png
Lib\site-packages\pygame\docs\tut\tom\games2.html
Lib\site-packages\pygame\docs\tut\tom\games3.html
Lib\site-packages\pygame\docs\tut\tom\games4.html
Lib\site-packages\pygame\docs\tut\tom\games5.html
Lib\site-packages\pygame\docs\tut\tom\games6.html
Lib\site-packages\pygame\docs\tut\tom\MakeGames.html
Lib\site-packages\pygame\docs\tut\tom\radians.png
Lib\site-packages\pygame\docs\_sources\ref
Lib\site-packages\pygame\docs\_sources\filepaths.txt
Lib\site-packages\pygame\docs\_sources\index.txt
Lib\site-packages\pygame\docs\_sources\ref\camera.txt
Lib\site-packages\pygame\docs\_sources\ref\cdrom.txt
Lib\site-packages\pygame\docs\_sources\ref\color.txt
Lib\site-packages\pygame\docs\_sources\ref\cursors.txt
Lib\site-packages\pygame\docs\_sources\ref\display.txt
Lib\site-packages\pygame\docs\_sources\ref\draw.txt
Lib\site-packages\pygame\docs\_sources\ref\event.txt
Lib\site-packages\pygame\docs\_sources\ref\examples.txt
Lib\site-packages\pygame\docs\_sources\ref\font.txt
Lib\site-packages\pygame\docs\_sources\ref\freetype.txt
Lib\site-packages\pygame\docs\_sources\ref\gfxdraw.txt
Lib\site-packages\pygame\docs\_sources\ref\image.txt
Lib\site-packages\pygame\docs\_sources\ref\joystick.txt
Lib\site-packages\pygame\docs\_sources\ref\key.txt
Lib\site-packages\pygame\docs\_sources\ref\locals.txt
Lib\site-packages\pygame\docs\_sources\ref\mask.txt
Lib\site-packages\pygame\docs\_sources\ref\math.txt
Lib\site-packages\pygame\docs\_sources\ref\midi.txt
Lib\site-packages\pygame\docs\_sources\ref\mixer.txt
Lib\site-packages\pygame\docs\_sources\ref\mouse.txt
Lib\site-packages\pygame\docs\_sources\ref\movie.txt
Lib\site-packages\pygame\docs\_sources\ref\music.txt
Lib\site-packages\pygame\docs\_sources\ref\overlay.txt
Lib\site-packages\pygame\docs\_sources\ref\pixelarray.txt
Lib\site-packages\pygame\docs\_sources\ref\pixelcopy.txt
Lib\site-packages\pygame\docs\_sources\ref\pygame.txt
Lib\site-packages\pygame\docs\_sources\ref\rect.txt
Lib\site-packages\pygame\docs\_sources\ref\scrap.txt
Lib\site-packages\pygame\docs\_sources\ref\sndarray.txt
Lib\site-packages\pygame\docs\_sources\ref\sprite.txt
Lib\site-packages\pygame\docs\_sources\ref\surface.txt
Lib\site-packages\pygame\docs\_sources\ref\surfarray.txt
Lib\site-packages\pygame\docs\_sources\ref\tests.txt
Lib\site-packages\pygame\docs\_sources\ref\time.txt
Lib\site-packages\pygame\docs\_sources\ref\transform.txt
Lib\site-packages\pygame\docs\_static\basic.css
Lib\site-packages\pygame\docs\_static\comment-bright.png
Lib\site-packages\pygame\docs\_static\comment-close.png
Lib\site-packages\pygame\docs\_static\comment.png
Lib\site-packages\pygame\docs\_static\doctools.js
Lib\site-packages\pygame\docs\_static\down-pressed.png
Lib\site-packages\pygame\docs\_static\down.png
Lib\site-packages\pygame\docs\_static\file.png
Lib\site-packages\pygame\docs\_static\jquery.js
Lib\site-packages\pygame\docs\_static\minus.png
Lib\site-packages\pygame\docs\_static\plus.png
Lib\site-packages\pygame\docs\_static\pygame.css
Lib\site-packages\pygame\docs\_static\pygame.ico
Lib\site-packages\pygame\docs\_static\pygame_tiny.png
Lib\site-packages\pygame\docs\_static\pygments.css
Lib\site-packages\pygame\docs\_static\reset.css
Lib\site-packages\pygame\docs\_static\searchtools.js
Lib\site-packages\pygame\docs\_static\tooltip.css
Lib\site-packages\pygame\docs\_static\underscore.js
Lib\site-packages\pygame\docs\_static\up-pressed.png
Lib\site-packages\pygame\docs\_static\up.png
Lib\site-packages\pygame\docs\_static\websupport.js
Lib\site-packages\pygame\examples\data
Lib\site-packages\pygame\examples\macosx
Lib\site-packages\pygame\examples\aacircle.py
Lib\site-packages\pygame\examples\aliens.py
Lib\site-packages\pygame\examples\arraydemo.py
Lib\site-packages\pygame\examples\blend_fill.py
Lib\site-packages\pygame\examples\blit_blends.py
Lib\site-packages\pygame\examples\camera.py
Lib\site-packages\pygame\examples\chimp.py
Lib\site-packages\pygame\examples\cursors.py
Lib\site-packages\pygame\examples\eventlist.py
Lib\site-packages\pygame\examples\fastevents.py
Lib\site-packages\pygame\examples\fonty.py
Lib\site-packages\pygame\examples\freetype_misc.py
Lib\site-packages\pygame\examples\glcube.py
Lib\site-packages\pygame\examples\headless_no_windows_needed.py
Lib\site-packages\pygame\examples\liquid.py
Lib\site-packages\pygame\examples\mask.py
Lib\site-packages\pygame\examples\midi.py
Lib\site-packages\pygame\examples\moveit.py
Lib\site-packages\pygame\examples\movieplayer.py
Lib\site-packages\pygame\examples\oldalien.py
Lib\site-packages\pygame\examples\overlay.py
Lib\site-packages\pygame\examples\pixelarray.py
Lib\site-packages\pygame\examples\scaletest.py
Lib\site-packages\pygame\examples\scrap_clipboard.py
Lib\site-packages\pygame\examples\scroll.py
Lib\site-packages\pygame\examples\sound.py
Lib\site-packages\pygame\examples\sound_array_demos.py
Lib\site-packages\pygame\examples\stars.py
Lib\site-packages\pygame\examples\testsprite.py
Lib\site-packages\pygame\examples\vgrade.py
Lib\site-packages\pygame\examples\__init__.py
Lib\site-packages\pygame\examples\__movie_test.py
Lib\site-packages\pygame\examples\data\alien1.gif
Lib\site-packages\pygame\examples\data\alien1.jpg
Lib\site-packages\pygame\examples\data\alien1.png
Lib\site-packages\pygame\examples\data\alien2.gif
Lib\site-packages\pygame\examples\data\alien2.png
Lib\site-packages\pygame\examples\data\alien3.gif
Lib\site-packages\pygame\examples\data\alien3.png
Lib\site-packages\pygame\examples\data\arraydemo.bmp
Lib\site-packages\pygame\examples\data\asprite.bmp
Lib\site-packages\pygame\examples\data\background.gif
Lib\site-packages\pygame\examples\data\blue.mpg
Lib\site-packages\pygame\examples\data\bomb.gif
Lib\site-packages\pygame\examples\data\boom.wav
Lib\site-packages\pygame\examples\data\brick.png
Lib\site-packages\pygame\examples\data\car_door.wav
Lib\site-packages\pygame\examples\data\chimp.bmp
Lib\site-packages\pygame\examples\data\city.png
Lib\site-packages\pygame\examples\data\danger.gif
Lib\site-packages\pygame\examples\data\explosion1.gif
Lib\site-packages\pygame\examples\data\fist.bmp
Lib\site-packages\pygame\examples\data\house_lo.mp3
Lib\site-packages\pygame\examples\data\house_lo.ogg
Lib\site-packages\pygame\examples\data\house_lo.wav
Lib\site-packages\pygame\examples\data\liquid.bmp
Lib\site-packages\pygame\examples\data\midikeys.png
Lib\site-packages\pygame\examples\data\mix.py
Lib\site-packages\pygame\examples\data\oldplayer.gif
Lib\site-packages\pygame\examples\data\player1.gif
Lib\site-packages\pygame\examples\data\punch.wav
Lib\site-packages\pygame\examples\data\sans.ttf
Lib\site-packages\pygame\examples\data\secosmic_lo.wav
Lib\site-packages\pygame\examples\data\shot.gif
Lib\site-packages\pygame\examples\data\static.png
Lib\site-packages\pygame\examples\data\stderr.txt
Lib\site-packages\pygame\examples\data\stdout.txt
Lib\site-packages\pygame\examples\data\test.webp
Lib\site-packages\pygame\examples\data\whiff.wav
Lib\site-packages\pygame\examples\data\yuv_1.pgm
Lib\site-packages\pygame\examples\macosx\aliens_app_example
Lib\site-packages\pygame\examples\macosx\macfont.py
Lib\site-packages\pygame\examples\macosx\aliens_app_example\English.lproj
Lib\site-packages\pygame\examples\macosx\aliens_app_example\aliens.py
Lib\site-packages\pygame\examples\macosx\aliens_app_example\README.txt
Lib\site-packages\pygame\examples\macosx\aliens_app_example\setup.py
Lib\site-packages\pygame\examples\macosx\aliens_app_example\English.lproj\MainMenu.nib
Lib\site-packages\pygame\examples\macosx\aliens_app_example\English.lproj\aliens.icns
Lib\site-packages\pygame\examples\macosx\aliens_app_example\English.lproj\MainMenu.nib\classes.nib
Lib\site-packages\pygame\examples\macosx\aliens_app_example\English.lproj\MainMenu.nib\info.nib
Lib\site-packages\pygame\examples\macosx\aliens_app_example\English.lproj\MainMenu.nib\JavaCompiling.plist
Lib\site-packages\pygame\examples\macosx\aliens_app_example\English.lproj\MainMenu.nib\keyedobjects.nib
Lib\site-packages\pygame\examples\macosx\aliens_app_example\English.lproj\MainMenu.nib\_MainMenu_EOArchive_English.java
Lib\site-packages\pygame\gp2x\constants.py
Lib\site-packages\pygame\gp2x\locals.py
Lib\site-packages\pygame\gp2x\__init__.py
Lib\site-packages\pygame\tests\fixtures
Lib\site-packages\pygame\tests\run_tests__tests
Lib\site-packages\pygame\tests\test_utils
Lib\site-packages\pygame\tests\base_test.py
Lib\site-packages\pygame\tests\blit_test.py
Lib\site-packages\pygame\tests\bufferproxy_test.py
Lib\site-packages\pygame\tests\camera_test.py
Lib\site-packages\pygame\tests\cdrom_tags.py
Lib\site-packages\pygame\tests\cdrom_test.py
Lib\site-packages\pygame\tests\color_test.py
Lib\site-packages\pygame\tests\compat_test.py
Lib\site-packages\pygame\tests\cursors_test.py
Lib\site-packages\pygame\tests\display_test.py
Lib\site-packages\pygame\tests\draw_test.py
Lib\site-packages\pygame\tests\event_test.py
Lib\site-packages\pygame\tests\fastevent_test.py
Lib\site-packages\pygame\tests\font_tags.py
Lib\site-packages\pygame\tests\font_test.py
Lib\site-packages\pygame\tests\freetype_tags.py
Lib\site-packages\pygame\tests\freetype_test.py
Lib\site-packages\pygame\tests\ftfont_tags.py
Lib\site-packages\pygame\tests\ftfont_test.py
Lib\site-packages\pygame\tests\gfxdraw_test.py
Lib\site-packages\pygame\tests\imageext_tags.py
Lib\site-packages\pygame\tests\imageext_test.py
Lib\site-packages\pygame\tests\image_tags.py
Lib\site-packages\pygame\tests\image_test.py
Lib\site-packages\pygame\tests\image__save_gl_surface_test.py
Lib\site-packages\pygame\tests\joystick_test.py
Lib\site-packages\pygame\tests\key_test.py
Lib\site-packages\pygame\tests\mask_test.py
Lib\site-packages\pygame\tests\math_test.py
Lib\site-packages\pygame\tests\midi_tags.py
Lib\site-packages\pygame\tests\midi_test.py
Lib\site-packages\pygame\tests\mixer_music_tags.py
Lib\site-packages\pygame\tests\mixer_music_test.py
Lib\site-packages\pygame\tests\mixer_tags.py
Lib\site-packages\pygame\tests\mixer_test.py
Lib\site-packages\pygame\tests\mouse_test.py
Lib\site-packages\pygame\tests\movie_tags.py
Lib\site-packages\pygame\tests\movie_test.py
Lib\site-packages\pygame\tests\overlay_test.py
Lib\site-packages\pygame\tests\pixelarray_test.py
Lib\site-packages\pygame\tests\pixelcopy_test.py
Lib\site-packages\pygame\tests\rect_test.py
Lib\site-packages\pygame\tests\rwobject_test.py
Lib\site-packages\pygame\tests\scrap_tags.py
Lib\site-packages\pygame\tests\scrap_test.py
Lib\site-packages\pygame\tests\sndarray_tags.py
Lib\site-packages\pygame\tests\sndarray_test.py
Lib\site-packages\pygame\tests\sprite_test.py
Lib\site-packages\pygame\tests\surface_test.py
Lib\site-packages\pygame\tests\surfarray_tags.py
Lib\site-packages\pygame\tests\surfarray_test.py
Lib\site-packages\pygame\tests\surflock_test.py
Lib\site-packages\pygame\tests\sysfont_test.py
Lib\site-packages\pygame\tests\test_test_.py
Lib\site-packages\pygame\tests\threads_test.py
Lib\site-packages\pygame\tests\time_test.py
Lib\site-packages\pygame\tests\transform_test.py
Lib\site-packages\pygame\tests\_dummymovietest.py
Lib\site-packages\pygame\tests\_movie_tags.py
Lib\site-packages\pygame\tests\_movie_test.py
Lib\site-packages\pygame\tests\_view_test.py
Lib\site-packages\pygame\tests\_vlcmovietest.py
Lib\site-packages\pygame\tests\__init__.py
Lib\site-packages\pygame\tests\__main__.py
Lib\site-packages\pygame\tests\fixtures\fonts
Lib\site-packages\pygame\tests\fixtures\xbm_cursors
Lib\site-packages\pygame\tests\fixtures\fonts\test_fixed.otf
Lib\site-packages\pygame\tests\fixtures\fonts\test_sans.ttf
Lib\site-packages\pygame\tests\fixtures\xbm_cursors\white_sizing.xbm
Lib\site-packages\pygame\tests\fixtures\xbm_cursors\white_sizing_mask.xbm
Lib\site-packages\pygame\tests\run_tests__tests\all_ok
Lib\site-packages\pygame\tests\run_tests__tests\everything
Lib\site-packages\pygame\tests\run_tests__tests\exclude
Lib\site-packages\pygame\tests\run_tests__tests\failures1
Lib\site-packages\pygame\tests\run_tests__tests\incomplete
Lib\site-packages\pygame\tests\run_tests__tests\incomplete_todo
Lib\site-packages\pygame\tests\run_tests__tests\infinite_loop
Lib\site-packages\pygame\tests\run_tests__tests\print_stderr
Lib\site-packages\pygame\tests\run_tests__tests\print_stdout
Lib\site-packages\pygame\tests\run_tests__tests\timeout
Lib\site-packages\pygame\tests\run_tests__tests\run_tests__test.py
Lib\site-packages\pygame\tests\run_tests__tests\__init__.py
Lib\site-packages\pygame\tests\run_tests__tests\all_ok\fake_2_test.py
Lib\site-packages\pygame\tests\run_tests__tests\all_ok\fake_3_test.py
Lib\site-packages\pygame\tests\run_tests__tests\all_ok\fake_4_test.py
Lib\site-packages\pygame\tests\run_tests__tests\all_ok\fake_5_test.py
Lib\site-packages\pygame\tests\run_tests__tests\all_ok\fake_6_test.py
Lib\site-packages\pygame\tests\run_tests__tests\all_ok\no_assertions__ret_code_of_1__test.py
Lib\site-packages\pygame\tests\run_tests__tests\all_ok\zero_tests_test.py
Lib\site-packages\pygame\tests\run_tests__tests\all_ok\__init__.py
Lib\site-packages\pygame\tests\run_tests__tests\everything\fake_2_test.py
Lib\site-packages\pygame\tests\run_tests__tests\everything\incomplete_todo_test.py
Lib\site-packages\pygame\tests\run_tests__tests\everything\magic_tag_test.py
Lib\site-packages\pygame\tests\run_tests__tests\everything\sleep_test.py
Lib\site-packages\pygame\tests\run_tests__tests\everything\__init__.py
Lib\site-packages\pygame\tests\run_tests__tests\exclude\fake_2_test.py
Lib\site-packages\pygame\tests\run_tests__tests\exclude\invisible_tag_test.py
Lib\site-packages\pygame\tests\run_tests__tests\exclude\magic_tag_test.py
Lib\site-packages\pygame\tests\run_tests__tests\exclude\__init__.py
Lib\site-packages\pygame\tests\run_tests__tests\failures1\fake_2_test.py
Lib\site-packages\pygame\tests\run_tests__tests\failures1\fake_3_test.py
Lib\site-packages\pygame\tests\run_tests__tests\failures1\fake_4_test.py
Lib\site-packages\pygame\tests\run_tests__tests\failures1\__init__.py
Lib\site-packages\pygame\tests\run_tests__tests\incomplete\fake_2_test.py
Lib\site-packages\pygame\tests\run_tests__tests\incomplete\fake_3_test.py
Lib\site-packages\pygame\tests\run_tests__tests\incomplete\__init__.py
Lib\site-packages\pygame\tests\run_tests__tests\incomplete_todo\fake_2_test.py
Lib\site-packages\pygame\tests\run_tests__tests\incomplete_todo\fake_3_test.py
Lib\site-packages\pygame\tests\run_tests__tests\incomplete_todo\__init__.py
Lib\site-packages\pygame\tests\run_tests__tests\infinite_loop\fake_1_test.py
Lib\site-packages\pygame\tests\run_tests__tests\infinite_loop\fake_2_test.py
Lib\site-packages\pygame\tests\run_tests__tests\infinite_loop\__init__.py
Lib\site-packages\pygame\tests\run_tests__tests\print_stderr\fake_2_test.py
Lib\site-packages\pygame\tests\run_tests__tests\print_stderr\fake_3_test.py
Lib\site-packages\pygame\tests\run_tests__tests\print_stderr\fake_4_test.py
Lib\site-packages\pygame\tests\run_tests__tests\print_stderr\__init__.py
Lib\site-packages\pygame\tests\run_tests__tests\print_stdout\fake_2_test.py
Lib\site-packages\pygame\tests\run_tests__tests\print_stdout\fake_3_test.py
Lib\site-packages\pygame\tests\run_tests__tests\print_stdout\fake_4_test.py
Lib\site-packages\pygame\tests\run_tests__tests\print_stdout\__init__.py
Lib\site-packages\pygame\tests\run_tests__tests\timeout\fake_2_test.py
Lib\site-packages\pygame\tests\run_tests__tests\timeout\sleep_test.py
Lib\site-packages\pygame\tests\run_tests__tests\timeout\__init__.py
Lib\site-packages\pygame\tests\test_utils\arrinter.py
Lib\site-packages\pygame\tests\test_utils\async_sub.py
Lib\site-packages\pygame\tests\test_utils\png.py
Lib\site-packages\pygame\tests\test_utils\run_tests.py
Lib\site-packages\pygame\tests\test_utils\test_runner.py
Lib\site-packages\pygame\tests\test_utils\unittest.py
Lib\site-packages\pygame\tests\test_utils\unittest_patch.py
Lib\site-packages\pygame\tests\test_utils\__init__.py
Lib\site-packages\pygame\threads\Py25Queue.py
Lib\site-packages\pygame\threads\__init__.py