# WPPM package installation log
# 
# Package: pyglet v1.1.4

Lib\site-packages\pyglet
Lib\site-packages\pyglet-1.1.4-py2.7.egg-info
Lib\site-packages\pyglet\app
Lib\site-packages\pyglet\font
Lib\site-packages\pyglet\gl
Lib\site-packages\pyglet\graphics
Lib\site-packages\pyglet\image
Lib\site-packages\pyglet\media
Lib\site-packages\pyglet\text
Lib\site-packages\pyglet\window
Lib\site-packages\pyglet\clock.py
Lib\site-packages\pyglet\com.py
Lib\site-packages\pyglet\event.py
Lib\site-packages\pyglet\info.py
Lib\site-packages\pyglet\lib.py
Lib\site-packages\pyglet\resource.py
Lib\site-packages\pyglet\sprite.py
Lib\site-packages\pyglet\__init__.py
Lib\site-packages\pyglet\app\carbon.py
Lib\site-packages\pyglet\app\win32.py
Lib\site-packages\pyglet\app\xlib.py
Lib\site-packages\pyglet\app\__init__.py
Lib\site-packages\pyglet\font\base.py
Lib\site-packages\pyglet\font\carbon.py
Lib\site-packages\pyglet\font\freetype.py
Lib\site-packages\pyglet\font\freetype_lib.py
Lib\site-packages\pyglet\font\ttf.py
Lib\site-packages\pyglet\font\win32.py
Lib\site-packages\pyglet\font\__init__.py
Lib\site-packages\pyglet\gl\agl.py
Lib\site-packages\pyglet\gl\gl.py
Lib\site-packages\pyglet\gl\glext_arb.py
Lib\site-packages\pyglet\gl\glext_missing.py
Lib\site-packages\pyglet\gl\glext_nv.py
Lib\site-packages\pyglet\gl\glu.py
Lib\site-packages\pyglet\gl\glu_info.py
Lib\site-packages\pyglet\gl\glx.py
Lib\site-packages\pyglet\gl\glxext_arb.py
Lib\site-packages\pyglet\gl\glxext_mesa.py
Lib\site-packages\pyglet\gl\glxext_nv.py
Lib\site-packages\pyglet\gl\glx_info.py
Lib\site-packages\pyglet\gl\gl_info.py
Lib\site-packages\pyglet\gl\lib.py
Lib\site-packages\pyglet\gl\lib_agl.py
Lib\site-packages\pyglet\gl\lib_glx.py
Lib\site-packages\pyglet\gl\lib_wgl.py
Lib\site-packages\pyglet\gl\wgl.py
Lib\site-packages\pyglet\gl\wglext_arb.py
Lib\site-packages\pyglet\gl\wglext_nv.py
Lib\site-packages\pyglet\gl\wgl_info.py
Lib\site-packages\pyglet\gl\__init__.py
Lib\site-packages\pyglet\graphics\allocation.py
Lib\site-packages\pyglet\graphics\vertexattribute.py
Lib\site-packages\pyglet\graphics\vertexbuffer.py
Lib\site-packages\pyglet\graphics\vertexdomain.py
Lib\site-packages\pyglet\graphics\__init__.py
Lib\site-packages\pyglet\image\codecs
Lib\site-packages\pyglet\image\atlas.py
Lib\site-packages\pyglet\image\__init__.py
Lib\site-packages\pyglet\image\codecs\bmp.py
Lib\site-packages\pyglet\image\codecs\dds.py
Lib\site-packages\pyglet\image\codecs\gdiplus.py
Lib\site-packages\pyglet\image\codecs\gdkpixbuf2.py
Lib\site-packages\pyglet\image\codecs\gif.py
Lib\site-packages\pyglet\image\codecs\pil.py
Lib\site-packages\pyglet\image\codecs\png.py
Lib\site-packages\pyglet\image\codecs\pypng.py
Lib\site-packages\pyglet\image\codecs\quicktime.py
Lib\site-packages\pyglet\image\codecs\s3tc.py
Lib\site-packages\pyglet\image\codecs\__init__.py
Lib\site-packages\pyglet\media\drivers
Lib\site-packages\pyglet\media\avbin.py
Lib\site-packages\pyglet\media\procedural.py
Lib\site-packages\pyglet\media\riff.py
Lib\site-packages\pyglet\media\__init__.py
Lib\site-packages\pyglet\media\drivers\alsa
Lib\site-packages\pyglet\media\drivers\directsound
Lib\site-packages\pyglet\media\drivers\openal
Lib\site-packages\pyglet\media\drivers\silent.py
Lib\site-packages\pyglet\media\drivers\__init__.py
Lib\site-packages\pyglet\media\drivers\alsa\asound.py
Lib\site-packages\pyglet\media\drivers\alsa\__init__.py
Lib\site-packages\pyglet\media\drivers\directsound\lib_dsound.py
Lib\site-packages\pyglet\media\drivers\directsound\__init__.py
Lib\site-packages\pyglet\media\drivers\openal\lib_alc.py
Lib\site-packages\pyglet\media\drivers\openal\lib_openal.py
Lib\site-packages\pyglet\media\drivers\openal\__init__.py
Lib\site-packages\pyglet\text\formats
Lib\site-packages\pyglet\text\caret.py
Lib\site-packages\pyglet\text\document.py
Lib\site-packages\pyglet\text\layout.py
Lib\site-packages\pyglet\text\runlist.py
Lib\site-packages\pyglet\text\__init__.py
Lib\site-packages\pyglet\text\formats\attributed.py
Lib\site-packages\pyglet\text\formats\html.py
Lib\site-packages\pyglet\text\formats\plaintext.py
Lib\site-packages\pyglet\text\formats\structured.py
Lib\site-packages\pyglet\text\formats\__init__.py
Lib\site-packages\pyglet\window\carbon
Lib\site-packages\pyglet\window\win32
Lib\site-packages\pyglet\window\xlib
Lib\site-packages\pyglet\window\event.py
Lib\site-packages\pyglet\window\key.py
Lib\site-packages\pyglet\window\mouse.py
Lib\site-packages\pyglet\window\__init__.py
Lib\site-packages\pyglet\window\carbon\constants.py
Lib\site-packages\pyglet\window\carbon\quartzkey.py
Lib\site-packages\pyglet\window\carbon\types.py
Lib\site-packages\pyglet\window\carbon\__init__.py
Lib\site-packages\pyglet\window\win32\constants.py
Lib\site-packages\pyglet\window\win32\types.py
Lib\site-packages\pyglet\window\win32\winkey.py
Lib\site-packages\pyglet\window\win32\__init__.py
Lib\site-packages\pyglet\window\xlib\cursorfont.py
Lib\site-packages\pyglet\window\xlib\xinerama.py
Lib\site-packages\pyglet\window\xlib\xlib.py
Lib\site-packages\pyglet\window\xlib\xsync.py
Lib\site-packages\pyglet\window\xlib\__init__.py