# WPPM package installation log
# 
# Package: Pygments v1.5

Lib\site-packages\pygments
Lib\site-packages\Pygments-1.5-py2.7.egg-info
Lib\site-packages\pygments\filters
Lib\site-packages\pygments\formatters
Lib\site-packages\pygments\lexers
Lib\site-packages\pygments\styles
Lib\site-packages\pygments\cmdline.py
Lib\site-packages\pygments\console.py
Lib\site-packages\pygments\filter.py
Lib\site-packages\pygments\formatter.py
Lib\site-packages\pygments\lexer.py
Lib\site-packages\pygments\plugin.py
Lib\site-packages\pygments\scanner.py
Lib\site-packages\pygments\style.py
Lib\site-packages\pygments\token.py
Lib\site-packages\pygments\unistring.py
Lib\site-packages\pygments\util.py
Lib\site-packages\pygments\__init__.py
Lib\site-packages\pygments\filters\__init__.py
Lib\site-packages\pygments\formatters\bbcode.py
Lib\site-packages\pygments\formatters\html.py
Lib\site-packages\pygments\formatters\img.py
Lib\site-packages\pygments\formatters\latex.py
Lib\site-packages\pygments\formatters\other.py
Lib\site-packages\pygments\formatters\rtf.py
Lib\site-packages\pygments\formatters\svg.py
Lib\site-packages\pygments\formatters\terminal.py
Lib\site-packages\pygments\formatters\terminal256.py
Lib\site-packages\pygments\formatters\_mapping.py
Lib\site-packages\pygments\formatters\__init__.py
Lib\site-packages\pygments\lexers\agile.py
Lib\site-packages\pygments\lexers\asm.py
Lib\site-packages\pygments\lexers\compiled.py
Lib\site-packages\pygments\lexers\dotnet.py
Lib\site-packages\pygments\lexers\functional.py
Lib\site-packages\pygments\lexers\hdl.py
Lib\site-packages\pygments\lexers\jvm.py
Lib\site-packages\pygments\lexers\math.py
Lib\site-packages\pygments\lexers\other.py
Lib\site-packages\pygments\lexers\parsers.py
Lib\site-packages\pygments\lexers\shell.py
Lib\site-packages\pygments\lexers\special.py
Lib\site-packages\pygments\lexers\sql.py
Lib\site-packages\pygments\lexers\templates.py
Lib\site-packages\pygments\lexers\text.py
Lib\site-packages\pygments\lexers\web.py
Lib\site-packages\pygments\lexers\_asybuiltins.py
Lib\site-packages\pygments\lexers\_clbuiltins.py
Lib\site-packages\pygments\lexers\_luabuiltins.py
Lib\site-packages\pygments\lexers\_mapping.py
Lib\site-packages\pygments\lexers\_phpbuiltins.py
Lib\site-packages\pygments\lexers\_postgres_builtins.py
Lib\site-packages\pygments\lexers\_scilab_builtins.py
Lib\site-packages\pygments\lexers\_vimbuiltins.py
Lib\site-packages\pygments\lexers\__init__.py
Lib\site-packages\pygments\styles\autumn.py
Lib\site-packages\pygments\styles\borland.py
Lib\site-packages\pygments\styles\bw.py
Lib\site-packages\pygments\styles\colorful.py
Lib\site-packages\pygments\styles\default.py
Lib\site-packages\pygments\styles\emacs.py
Lib\site-packages\pygments\styles\friendly.py
Lib\site-packages\pygments\styles\fruity.py
Lib\site-packages\pygments\styles\manni.py
Lib\site-packages\pygments\styles\monokai.py
Lib\site-packages\pygments\styles\murphy.py
Lib\site-packages\pygments\styles\native.py
Lib\site-packages\pygments\styles\pastie.py
Lib\site-packages\pygments\styles\perldoc.py
Lib\site-packages\pygments\styles\rrt.py
Lib\site-packages\pygments\styles\tango.py
Lib\site-packages\pygments\styles\trac.py
Lib\site-packages\pygments\styles\vim.py
Lib\site-packages\pygments\styles\vs.py
Lib\site-packages\pygments\styles\__init__.py
Lib\site-packages\Pygments-1.5-py2.7.egg-info\dependency_links.txt
Lib\site-packages\Pygments-1.5-py2.7.egg-info\entry_points.txt
Lib\site-packages\Pygments-1.5-py2.7.egg-info\not-zip-safe
Lib\site-packages\Pygments-1.5-py2.7.egg-info\PKG-INFO
Lib\site-packages\Pygments-1.5-py2.7.egg-info\SOURCES.txt
Lib\site-packages\Pygments-1.5-py2.7.egg-info\top_level.txt
Scripts\pygmentize-script.py
Scripts\pygmentize-script.bat
Scripts\pygmentize.exe