# WPPM package installation log
# 
# Package: pylint v0.26.0

Lib\site-packages\pylint
Lib\site-packages\pylint-0.26.0-py2.7.egg-info
Lib\site-packages\pylint\checkers
Lib\site-packages\pylint\pyreverse
Lib\site-packages\pylint\reporters
Lib\site-packages\pylint\config.py
Lib\site-packages\pylint\epylint.py
Lib\site-packages\pylint\gui.py
Lib\site-packages\pylint\interfaces.py
Lib\site-packages\pylint\lint.py
Lib\site-packages\pylint\testutils.py
Lib\site-packages\pylint\utils.py
Lib\site-packages\pylint\__init__.py
Lib\site-packages\pylint\__pkginfo__.py
Lib\site-packages\pylint\checkers\base.py
Lib\site-packages\pylint\checkers\classes.py
Lib\site-packages\pylint\checkers\design_analysis.py
Lib\site-packages\pylint\checkers\exceptions.py
Lib\site-packages\pylint\checkers\format.py
Lib\site-packages\pylint\checkers\imports.py
Lib\site-packages\pylint\checkers\logging.py
Lib\site-packages\pylint\checkers\misc.py
Lib\site-packages\pylint\checkers\newstyle.py
Lib\site-packages\pylint\checkers\raw_metrics.py
Lib\site-packages\pylint\checkers\similar.py
Lib\site-packages\pylint\checkers\string_format.py
Lib\site-packages\pylint\checkers\typecheck.py
Lib\site-packages\pylint\checkers\utils.py
Lib\site-packages\pylint\checkers\variables.py
Lib\site-packages\pylint\checkers\__init__.py
Lib\site-packages\pylint\pyreverse\diadefslib.py
Lib\site-packages\pylint\pyreverse\diagrams.py
Lib\site-packages\pylint\pyreverse\main.py
Lib\site-packages\pylint\pyreverse\utils.py
Lib\site-packages\pylint\pyreverse\writer.py
Lib\site-packages\pylint\pyreverse\__init__.py
Lib\site-packages\pylint\reporters\guireporter.py
Lib\site-packages\pylint\reporters\html.py
Lib\site-packages\pylint\reporters\text.py
Lib\site-packages\pylint\reporters\__init__.py
Lib\site-packages\pylint-0.26.0-py2.7.egg-info\dependency_links.txt
Lib\site-packages\pylint-0.26.0-py2.7.egg-info\entry_points.txt
Lib\site-packages\pylint-0.26.0-py2.7.egg-info\PKG-INFO
Lib\site-packages\pylint-0.26.0-py2.7.egg-info\requires.txt
Lib\site-packages\pylint-0.26.0-py2.7.egg-info\SOURCES.txt
Lib\site-packages\pylint-0.26.0-py2.7.egg-info\top_level.txt
Scripts\epylint
Scripts\epylint.bat
Scripts\epylint-script.py
Scripts\epylint-script.bat
Scripts\epylint.bat
Scripts\epylint.exe
Scripts\pylint
Scripts\pylint.bat
Scripts\pylint-gui
Scripts\pylint-gui.bat
Scripts\pylint-gui-script.py
Scripts\pylint-gui-script.bat
Scripts\pylint-gui.bat
Scripts\pylint-gui.exe
Scripts\pylint-script.py
Scripts\pylint-script.bat
Scripts\pylint.bat
Scripts\pylint.exe
Scripts\pyreverse
Scripts\pyreverse.bat
Scripts\pyreverse-script.py
Scripts\pyreverse-script.bat
Scripts\pyreverse.bat
Scripts\pyreverse.exe
Scripts\symilar
Scripts\symilar.bat
Scripts\symilar-script.py
Scripts\symilar-script.bat
Scripts\symilar.bat
Scripts\symilar.exe