# WPPM package installation log
# 
# Package: PyOpenGL v3.0.2

Lib\site-packages\OpenGL
Lib\site-packages\PyOpenGL-3.0.2-py2.7.egg-info
Lib\site-packages\OpenGL\AGL
Lib\site-packages\OpenGL\arrays
Lib\site-packages\OpenGL\DLLS
Lib\site-packages\OpenGL\GL
Lib\site-packages\OpenGL\GLE
Lib\site-packages\OpenGL\GLU
Lib\site-packages\OpenGL\GLUT
Lib\site-packages\OpenGL\GLX
Lib\site-packages\OpenGL\platform
Lib\site-packages\OpenGL\raw
Lib\site-packages\OpenGL\Tk
Lib\site-packages\OpenGL\WGL
Lib\site-packages\OpenGL\acceleratesupport.py
Lib\site-packages\OpenGL\constant.py
Lib\site-packages\OpenGL\constants.py
Lib\site-packages\OpenGL\contextdata.py
Lib\site-packages\OpenGL\converters.py
Lib\site-packages\OpenGL\error.py
Lib\site-packages\OpenGL\extensions.py
Lib\site-packages\OpenGL\images.py
Lib\site-packages\OpenGL\latebind.py
Lib\site-packages\OpenGL\lazywrapper.py
Lib\site-packages\OpenGL\logs.py
Lib\site-packages\OpenGL\plugins.py
Lib\site-packages\OpenGL\version.py
Lib\site-packages\OpenGL\wrapper.py
Lib\site-packages\OpenGL\_bytes.py
Lib\site-packages\OpenGL\_configflags.py
Lib\site-packages\OpenGL\__init__.py
Lib\site-packages\OpenGL\AGL\__init__.py
Lib\site-packages\OpenGL\arrays\arraydatatype.py
Lib\site-packages\OpenGL\arrays\arrayhelpers.py
Lib\site-packages\OpenGL\arrays\buffers.py
Lib\site-packages\OpenGL\arrays\ctypesarrays.py
Lib\site-packages\OpenGL\arrays\ctypesparameters.py
Lib\site-packages\OpenGL\arrays\ctypespointers.py
Lib\site-packages\OpenGL\arrays\formathandler.py
Lib\site-packages\OpenGL\arrays\lists.py
Lib\site-packages\OpenGL\arrays\nones.py
Lib\site-packages\OpenGL\arrays\numbers.py
Lib\site-packages\OpenGL\arrays\numeric.py
Lib\site-packages\OpenGL\arrays\numericnames.py
Lib\site-packages\OpenGL\arrays\numpymodule.py
Lib\site-packages\OpenGL\arrays\strings.py
Lib\site-packages\OpenGL\arrays\vbo.py
Lib\site-packages\OpenGL\arrays\_buffers.py
Lib\site-packages\OpenGL\arrays\_numeric.py
Lib\site-packages\OpenGL\arrays\_strings.py
Lib\site-packages\OpenGL\arrays\__init__.py
Lib\site-packages\OpenGL\DLLS\freeglut32.vc9.dll
Lib\site-packages\OpenGL\DLLS\gle32.vc9.dll
Lib\site-packages\OpenGL\DLLS\gle_AUTHORS
Lib\site-packages\OpenGL\DLLS\gle_COPYING
Lib\site-packages\OpenGL\DLLS\gle_COPYING.src
Lib\site-packages\OpenGL\DLLS\GLE_WIN32_README.txt
Lib\site-packages\OpenGL\DLLS\glut32.vc9.dll
Lib\site-packages\OpenGL\DLLS\glut_README.txt
Lib\site-packages\OpenGL\GL\AMD
Lib\site-packages\OpenGL\GL\APPLE
Lib\site-packages\OpenGL\GL\ARB
Lib\site-packages\OpenGL\GL\ATI
Lib\site-packages\OpenGL\GL\DFX
Lib\site-packages\OpenGL\GL\EXT
Lib\site-packages\OpenGL\GL\GREMEDY
Lib\site-packages\OpenGL\GL\HP
Lib\site-packages\OpenGL\GL\IBM
Lib\site-packages\OpenGL\GL\INGR
Lib\site-packages\OpenGL\GL\INTEL
Lib\site-packages\OpenGL\GL\KHR
Lib\site-packages\OpenGL\GL\MESA
Lib\site-packages\OpenGL\GL\MESAX
Lib\site-packages\OpenGL\GL\NV
Lib\site-packages\OpenGL\GL\OES
Lib\site-packages\OpenGL\GL\OML
Lib\site-packages\OpenGL\GL\PGI
Lib\site-packages\OpenGL\GL\REND
Lib\site-packages\OpenGL\GL\S3
Lib\site-packages\OpenGL\GL\SGI
Lib\site-packages\OpenGL\GL\SGIS
Lib\site-packages\OpenGL\GL\SGIX
Lib\site-packages\OpenGL\GL\SUN
Lib\site-packages\OpenGL\GL\SUNX
Lib\site-packages\OpenGL\GL\VERSION
Lib\site-packages\OpenGL\GL\WIN
Lib\site-packages\OpenGL\GL\exceptional.py
Lib\site-packages\OpenGL\GL\feedback.py
Lib\site-packages\OpenGL\GL\framebufferobjects.py
Lib\site-packages\OpenGL\GL\glget.py
Lib\site-packages\OpenGL\GL\images.py
Lib\site-packages\OpenGL\GL\pointers.py
Lib\site-packages\OpenGL\GL\selection.py
Lib\site-packages\OpenGL\GL\shaders.py
Lib\site-packages\OpenGL\GL\__init__.py
Lib\site-packages\OpenGL\GL\AMD\blend_minmax_factor.py
Lib\site-packages\OpenGL\GL\AMD\conservative_depth.py
Lib\site-packages\OpenGL\GL\AMD\debug_output.py
Lib\site-packages\OpenGL\GL\AMD\depth_clamp_separate.py
Lib\site-packages\OpenGL\GL\AMD\draw_buffers_blend.py
Lib\site-packages\OpenGL\GL\AMD\multi_draw_indirect.py
Lib\site-packages\OpenGL\GL\AMD\name_gen_delete.py
Lib\site-packages\OpenGL\GL\AMD\performance_monitor.py
Lib\site-packages\OpenGL\GL\AMD\pinned_memory.py
Lib\site-packages\OpenGL\GL\AMD\query_buffer_object.py
Lib\site-packages\OpenGL\GL\AMD\sample_positions.py
Lib\site-packages\OpenGL\GL\AMD\seamless_cubemap_per_texture.py
Lib\site-packages\OpenGL\GL\AMD\shader_stencil_export.py
Lib\site-packages\OpenGL\GL\AMD\sparse_texture.py
Lib\site-packages\OpenGL\GL\AMD\stencil_operation_extended.py
Lib\site-packages\OpenGL\GL\AMD\texture_texture4.py
Lib\site-packages\OpenGL\GL\AMD\transform_feedback3_lines_triangles.py
Lib\site-packages\OpenGL\GL\AMD\vertex_shader_layer.py
Lib\site-packages\OpenGL\GL\AMD\vertex_shader_tesselator.py
Lib\site-packages\OpenGL\GL\AMD\vertex_shader_viewport_index.py
Lib\site-packages\OpenGL\GL\AMD\__init__.py
Lib\site-packages\OpenGL\GL\APPLE\aux_depth_stencil.py
Lib\site-packages\OpenGL\GL\APPLE\client_storage.py
Lib\site-packages\OpenGL\GL\APPLE\element_array.py
Lib\site-packages\OpenGL\GL\APPLE\fence.py
Lib\site-packages\OpenGL\GL\APPLE\float_pixels.py
Lib\site-packages\OpenGL\GL\APPLE\flush_buffer_range.py
Lib\site-packages\OpenGL\GL\APPLE\object_purgeable.py
Lib\site-packages\OpenGL\GL\APPLE\rgb_422.py
Lib\site-packages\OpenGL\GL\APPLE\row_bytes.py
Lib\site-packages\OpenGL\GL\APPLE\specular_vector.py
Lib\site-packages\OpenGL\GL\APPLE\texture_range.py
Lib\site-packages\OpenGL\GL\APPLE\transform_hint.py
Lib\site-packages\OpenGL\GL\APPLE\vertex_array_object.py
Lib\site-packages\OpenGL\GL\APPLE\vertex_array_range.py
Lib\site-packages\OpenGL\GL\APPLE\vertex_program_evaluators.py
Lib\site-packages\OpenGL\GL\APPLE\ycbcr_422.py
Lib\site-packages\OpenGL\GL\APPLE\__init__.py
Lib\site-packages\OpenGL\GL\ARB\arrays_of_arrays.py
Lib\site-packages\OpenGL\GL\ARB\base_instance.py
Lib\site-packages\OpenGL\GL\ARB\blend_func_extended.py
Lib\site-packages\OpenGL\GL\ARB\clear_buffer_object.py
Lib\site-packages\OpenGL\GL\ARB\cl_event.py
Lib\site-packages\OpenGL\GL\ARB\color_buffer_float.py
Lib\site-packages\OpenGL\GL\ARB\compatibility.py
Lib\site-packages\OpenGL\GL\ARB\compressed_texture_pixel_storage.py
Lib\site-packages\OpenGL\GL\ARB\compute_shader.py
Lib\site-packages\OpenGL\GL\ARB\conservative_depth.py
Lib\site-packages\OpenGL\GL\ARB\copy_buffer.py
Lib\site-packages\OpenGL\GL\ARB\copy_image.py
Lib\site-packages\OpenGL\GL\ARB\debug_group.py
Lib\site-packages\OpenGL\GL\ARB\debug_label.py
Lib\site-packages\OpenGL\GL\ARB\debug_output.py
Lib\site-packages\OpenGL\GL\ARB\debug_output2.py
Lib\site-packages\OpenGL\GL\ARB\depth_buffer_float.py
Lib\site-packages\OpenGL\GL\ARB\depth_clamp.py
Lib\site-packages\OpenGL\GL\ARB\depth_texture.py
Lib\site-packages\OpenGL\GL\ARB\draw_buffers.py
Lib\site-packages\OpenGL\GL\ARB\draw_buffers_blend.py
Lib\site-packages\OpenGL\GL\ARB\draw_elements_base_vertex.py
Lib\site-packages\OpenGL\GL\ARB\draw_indirect.py
Lib\site-packages\OpenGL\GL\ARB\draw_instanced.py
Lib\site-packages\OpenGL\GL\ARB\ES2_compatibility.py
Lib\site-packages\OpenGL\GL\ARB\ES3_compatibility.py
Lib\site-packages\OpenGL\GL\ARB\explicit_attrib_location.py
Lib\site-packages\OpenGL\GL\ARB\explicit_uniform_location.py
Lib\site-packages\OpenGL\GL\ARB\fragment_coord_conventions.py
Lib\site-packages\OpenGL\GL\ARB\fragment_layer_viewport.py
Lib\site-packages\OpenGL\GL\ARB\fragment_program.py
Lib\site-packages\OpenGL\GL\ARB\fragment_program_shadow.py
Lib\site-packages\OpenGL\GL\ARB\fragment_shader.py
Lib\site-packages\OpenGL\GL\ARB\framebuffer_no_attachments.py
Lib\site-packages\OpenGL\GL\ARB\framebuffer_object.py
Lib\site-packages\OpenGL\GL\ARB\framebuffer_object_DEPRECATED.py
Lib\site-packages\OpenGL\GL\ARB\framebuffer_sRGB.py
Lib\site-packages\OpenGL\GL\ARB\geometry_shader4.py
Lib\site-packages\OpenGL\GL\ARB\get_program_binary.py
Lib\site-packages\OpenGL\GL\ARB\gpu_shader5.py
Lib\site-packages\OpenGL\GL\ARB\gpu_shader_fp64.py
Lib\site-packages\OpenGL\GL\ARB\half_float_pixel.py
Lib\site-packages\OpenGL\GL\ARB\half_float_vertex.py
Lib\site-packages\OpenGL\GL\ARB\imaging.py
Lib\site-packages\OpenGL\GL\ARB\imaging_DEPRECATED.py
Lib\site-packages\OpenGL\GL\ARB\instanced_arrays.py
Lib\site-packages\OpenGL\GL\ARB\internalformat_query.py
Lib\site-packages\OpenGL\GL\ARB\internalformat_query2.py
Lib\site-packages\OpenGL\GL\ARB\invalidate_subdata.py
Lib\site-packages\OpenGL\GL\ARB\map_buffer_alignment.py
Lib\site-packages\OpenGL\GL\ARB\map_buffer_range.py
Lib\site-packages\OpenGL\GL\ARB\matrix_palette.py
Lib\site-packages\OpenGL\GL\ARB\multisample.py
Lib\site-packages\OpenGL\GL\ARB\multitexture.py
Lib\site-packages\OpenGL\GL\ARB\multi_draw_indirect.py
Lib\site-packages\OpenGL\GL\ARB\occlusion_query.py
Lib\site-packages\OpenGL\GL\ARB\occlusion_query2.py
Lib\site-packages\OpenGL\GL\ARB\pixel_buffer_object.py
Lib\site-packages\OpenGL\GL\ARB\point_parameters.py
Lib\site-packages\OpenGL\GL\ARB\point_sprite.py
Lib\site-packages\OpenGL\GL\ARB\program_interface_query.py
Lib\site-packages\OpenGL\GL\ARB\provoking_vertex.py
Lib\site-packages\OpenGL\GL\ARB\robustness.py
Lib\site-packages\OpenGL\GL\ARB\robustness_isolation.py
Lib\site-packages\OpenGL\GL\ARB\robust_buffer_access_behavior.py
Lib\site-packages\OpenGL\GL\ARB\sampler_objects.py
Lib\site-packages\OpenGL\GL\ARB\sample_shading.py
Lib\site-packages\OpenGL\GL\ARB\seamless_cube_map.py
Lib\site-packages\OpenGL\GL\ARB\separate_shader_objects.py
Lib\site-packages\OpenGL\GL\ARB\shader_atomic_counters.py
Lib\site-packages\OpenGL\GL\ARB\shader_bit_encoding.py
Lib\site-packages\OpenGL\GL\ARB\shader_image_load_store.py
Lib\site-packages\OpenGL\GL\ARB\shader_image_size.py
Lib\site-packages\OpenGL\GL\ARB\shader_objects.py
Lib\site-packages\OpenGL\GL\ARB\shader_precision.py
Lib\site-packages\OpenGL\GL\ARB\shader_stencil_export.py
Lib\site-packages\OpenGL\GL\ARB\shader_storage_buffer_object.py
Lib\site-packages\OpenGL\GL\ARB\shader_subroutine.py
Lib\site-packages\OpenGL\GL\ARB\shader_texture_lod.py
Lib\site-packages\OpenGL\GL\ARB\shading_language_100.py
Lib\site-packages\OpenGL\GL\ARB\shading_language_420pack.py
Lib\site-packages\OpenGL\GL\ARB\shading_language_include.py
Lib\site-packages\OpenGL\GL\ARB\shading_language_packing.py
Lib\site-packages\OpenGL\GL\ARB\shadow.py
Lib\site-packages\OpenGL\GL\ARB\shadow_ambient.py
Lib\site-packages\OpenGL\GL\ARB\stencil_texturing.py
Lib\site-packages\OpenGL\GL\ARB\sync.py
Lib\site-packages\OpenGL\GL\ARB\tessellation_shader.py
Lib\site-packages\OpenGL\GL\ARB\texture_border_clamp.py
Lib\site-packages\OpenGL\GL\ARB\texture_buffer_object.py
Lib\site-packages\OpenGL\GL\ARB\texture_buffer_object_rgb32.py
Lib\site-packages\OpenGL\GL\ARB\texture_buffer_range.py
Lib\site-packages\OpenGL\GL\ARB\texture_compression.py
Lib\site-packages\OpenGL\GL\ARB\texture_compression_bptc.py
Lib\site-packages\OpenGL\GL\ARB\texture_compression_rgtc.py
Lib\site-packages\OpenGL\GL\ARB\texture_cube_map.py
Lib\site-packages\OpenGL\GL\ARB\texture_cube_map_array.py
Lib\site-packages\OpenGL\GL\ARB\texture_env_add.py
Lib\site-packages\OpenGL\GL\ARB\texture_env_combine.py
Lib\site-packages\OpenGL\GL\ARB\texture_env_crossbar.py
Lib\site-packages\OpenGL\GL\ARB\texture_env_dot3.py
Lib\site-packages\OpenGL\GL\ARB\texture_float.py
Lib\site-packages\OpenGL\GL\ARB\texture_gather.py
Lib\site-packages\OpenGL\GL\ARB\texture_mirrored_repeat.py
Lib\site-packages\OpenGL\GL\ARB\texture_multisample.py
Lib\site-packages\OpenGL\GL\ARB\texture_non_power_of_two.py
Lib\site-packages\OpenGL\GL\ARB\texture_query_levels.py
Lib\site-packages\OpenGL\GL\ARB\texture_query_lod.py
Lib\site-packages\OpenGL\GL\ARB\texture_rectangle.py
Lib\site-packages\OpenGL\GL\ARB\texture_rg.py
Lib\site-packages\OpenGL\GL\ARB\texture_rgb10_a2ui.py
Lib\site-packages\OpenGL\GL\ARB\texture_storage.py
Lib\site-packages\OpenGL\GL\ARB\texture_storage_multisample.py
Lib\site-packages\OpenGL\GL\ARB\texture_swizzle.py
Lib\site-packages\OpenGL\GL\ARB\texture_view.py
Lib\site-packages\OpenGL\GL\ARB\timer_query.py
Lib\site-packages\OpenGL\GL\ARB\transform_feedback2.py
Lib\site-packages\OpenGL\GL\ARB\transform_feedback3.py
Lib\site-packages\OpenGL\GL\ARB\transform_feedback_instanced.py
Lib\site-packages\OpenGL\GL\ARB\transpose_matrix.py
Lib\site-packages\OpenGL\GL\ARB\uniform_buffer_object.py
Lib\site-packages\OpenGL\GL\ARB\vertex_array_bgra.py
Lib\site-packages\OpenGL\GL\ARB\vertex_array_object.py
Lib\site-packages\OpenGL\GL\ARB\vertex_attrib_64bit.py
Lib\site-packages\OpenGL\GL\ARB\vertex_attrib_binding.py
Lib\site-packages\OpenGL\GL\ARB\vertex_blend.py
Lib\site-packages\OpenGL\GL\ARB\vertex_buffer_object.py
Lib\site-packages\OpenGL\GL\ARB\vertex_program.py
Lib\site-packages\OpenGL\GL\ARB\vertex_shader.py
Lib\site-packages\OpenGL\GL\ARB\vertex_type_2_10_10_10_rev.py
Lib\site-packages\OpenGL\GL\ARB\viewport_array.py
Lib\site-packages\OpenGL\GL\ARB\window_pos.py
Lib\site-packages\OpenGL\GL\ARB\__init__.py
Lib\site-packages\OpenGL\GL\ATI\draw_buffers.py
Lib\site-packages\OpenGL\GL\ATI\element_array.py
Lib\site-packages\OpenGL\GL\ATI\envmap_bumpmap.py
Lib\site-packages\OpenGL\GL\ATI\fragment_shader.py
Lib\site-packages\OpenGL\GL\ATI\map_object_buffer.py
Lib\site-packages\OpenGL\GL\ATI\meminfo.py
Lib\site-packages\OpenGL\GL\ATI\pixel_format_float.py
Lib\site-packages\OpenGL\GL\ATI\pn_triangles.py
Lib\site-packages\OpenGL\GL\ATI\separate_stencil.py
Lib\site-packages\OpenGL\GL\ATI\texture_env_combine3.py
Lib\site-packages\OpenGL\GL\ATI\texture_float.py
Lib\site-packages\OpenGL\GL\ATI\texture_mirror_once.py
Lib\site-packages\OpenGL\GL\ATI\text_fragment_shader.py
Lib\site-packages\OpenGL\GL\ATI\vertex_array_object.py
Lib\site-packages\OpenGL\GL\ATI\vertex_attrib_array_object.py
Lib\site-packages\OpenGL\GL\ATI\vertex_streams.py
Lib\site-packages\OpenGL\GL\ATI\__init__.py
Lib\site-packages\OpenGL\GL\DFX\multisample.py
Lib\site-packages\OpenGL\GL\DFX\tbuffer.py
Lib\site-packages\OpenGL\GL\DFX\texture_compression_FXT1.py
Lib\site-packages\OpenGL\GL\DFX\__init__.py
Lib\site-packages\OpenGL\GL\EXT\422_pixels.py
Lib\site-packages\OpenGL\GL\EXT\abgr.py
Lib\site-packages\OpenGL\GL\EXT\bgra.py
Lib\site-packages\OpenGL\GL\EXT\bindable_uniform.py
Lib\site-packages\OpenGL\GL\EXT\blend_color.py
Lib\site-packages\OpenGL\GL\EXT\blend_equation_separate.py
Lib\site-packages\OpenGL\GL\EXT\blend_func_separate.py
Lib\site-packages\OpenGL\GL\EXT\blend_logic_op.py
Lib\site-packages\OpenGL\GL\EXT\blend_minmax.py
Lib\site-packages\OpenGL\GL\EXT\blend_subtract.py
Lib\site-packages\OpenGL\GL\EXT\clip_volume_hint.py
Lib\site-packages\OpenGL\GL\EXT\cmyka.py
Lib\site-packages\OpenGL\GL\EXT\color_matrix.py
Lib\site-packages\OpenGL\GL\EXT\color_subtable.py
Lib\site-packages\OpenGL\GL\EXT\compiled_vertex_array.py
Lib\site-packages\OpenGL\GL\EXT\convolution.py
Lib\site-packages\OpenGL\GL\EXT\coordinate_frame.py
Lib\site-packages\OpenGL\GL\EXT\copy_texture.py
Lib\site-packages\OpenGL\GL\EXT\cull_vertex.py
Lib\site-packages\OpenGL\GL\EXT\depth_bounds_test.py
Lib\site-packages\OpenGL\GL\EXT\direct_state_access.py
Lib\site-packages\OpenGL\GL\EXT\draw_buffers2.py
Lib\site-packages\OpenGL\GL\EXT\draw_instanced.py
Lib\site-packages\OpenGL\GL\EXT\draw_range_elements.py
Lib\site-packages\OpenGL\GL\EXT\fog_coord.py
Lib\site-packages\OpenGL\GL\EXT\framebuffer_blit.py
Lib\site-packages\OpenGL\GL\EXT\framebuffer_multisample.py
Lib\site-packages\OpenGL\GL\EXT\framebuffer_multisample_blit_scaled.py
Lib\site-packages\OpenGL\GL\EXT\framebuffer_object.py
Lib\site-packages\OpenGL\GL\EXT\framebuffer_sRGB.py
Lib\site-packages\OpenGL\GL\EXT\geometry_shader4.py
Lib\site-packages\OpenGL\GL\EXT\GL_422_pixels.py
Lib\site-packages\OpenGL\GL\EXT\gpu_program_parameters.py
Lib\site-packages\OpenGL\GL\EXT\gpu_shader4.py
Lib\site-packages\OpenGL\GL\EXT\histogram.py
Lib\site-packages\OpenGL\GL\EXT\index_array_formats.py
Lib\site-packages\OpenGL\GL\EXT\index_func.py
Lib\site-packages\OpenGL\GL\EXT\index_material.py
Lib\site-packages\OpenGL\GL\EXT\index_texture.py
Lib\site-packages\OpenGL\GL\EXT\light_texture.py
Lib\site-packages\OpenGL\GL\EXT\misc_attribute.py
Lib\site-packages\OpenGL\GL\EXT\multisample.py
Lib\site-packages\OpenGL\GL\EXT\multi_draw_arrays.py
Lib\site-packages\OpenGL\GL\EXT\packed_depth_stencil.py
Lib\site-packages\OpenGL\GL\EXT\packed_float.py
Lib\site-packages\OpenGL\GL\EXT\packed_pixels.py
Lib\site-packages\OpenGL\GL\EXT\paletted_texture.py
Lib\site-packages\OpenGL\GL\EXT\pixel_buffer_object.py
Lib\site-packages\OpenGL\GL\EXT\pixel_transform.py
Lib\site-packages\OpenGL\GL\EXT\pixel_transform_color_table.py
Lib\site-packages\OpenGL\GL\EXT\point_parameters.py
Lib\site-packages\OpenGL\GL\EXT\polygon_offset.py
Lib\site-packages\OpenGL\GL\EXT\provoking_vertex.py
Lib\site-packages\OpenGL\GL\EXT\rescale_normal.py
Lib\site-packages\OpenGL\GL\EXT\secondary_color.py
Lib\site-packages\OpenGL\GL\EXT\separate_shader_objects.py
Lib\site-packages\OpenGL\GL\EXT\separate_specular_color.py
Lib\site-packages\OpenGL\GL\EXT\shader_image_load_store.py
Lib\site-packages\OpenGL\GL\EXT\shadow_funcs.py
Lib\site-packages\OpenGL\GL\EXT\shared_texture_palette.py
Lib\site-packages\OpenGL\GL\EXT\stencil_clear_tag.py
Lib\site-packages\OpenGL\GL\EXT\stencil_two_side.py
Lib\site-packages\OpenGL\GL\EXT\stencil_wrap.py
Lib\site-packages\OpenGL\GL\EXT\subtexture.py
Lib\site-packages\OpenGL\GL\EXT\texture.py
Lib\site-packages\OpenGL\GL\EXT\texture3D.py
Lib\site-packages\OpenGL\GL\EXT\texture_array.py
Lib\site-packages\OpenGL\GL\EXT\texture_buffer_object.py
Lib\site-packages\OpenGL\GL\EXT\texture_compression_latc.py
Lib\site-packages\OpenGL\GL\EXT\texture_compression_rgtc.py
Lib\site-packages\OpenGL\GL\EXT\texture_compression_s3tc.py
Lib\site-packages\OpenGL\GL\EXT\texture_cube_map.py
Lib\site-packages\OpenGL\GL\EXT\texture_env_add.py
Lib\site-packages\OpenGL\GL\EXT\texture_env_combine.py
Lib\site-packages\OpenGL\GL\EXT\texture_env_dot3.py
Lib\site-packages\OpenGL\GL\EXT\texture_filter_anisotropic.py
Lib\site-packages\OpenGL\GL\EXT\texture_integer.py
Lib\site-packages\OpenGL\GL\EXT\texture_lod_bias.py
Lib\site-packages\OpenGL\GL\EXT\texture_mirror_clamp.py
Lib\site-packages\OpenGL\GL\EXT\texture_object.py
Lib\site-packages\OpenGL\GL\EXT\texture_perturb_normal.py
Lib\site-packages\OpenGL\GL\EXT\texture_shared_exponent.py
Lib\site-packages\OpenGL\GL\EXT\texture_snorm.py
Lib\site-packages\OpenGL\GL\EXT\texture_sRGB.py
Lib\site-packages\OpenGL\GL\EXT\texture_sRGB_decode.py
Lib\site-packages\OpenGL\GL\EXT\texture_swizzle.py
Lib\site-packages\OpenGL\GL\EXT\timer_query.py
Lib\site-packages\OpenGL\GL\EXT\transform_feedback.py
Lib\site-packages\OpenGL\GL\EXT\vertex_array.py
Lib\site-packages\OpenGL\GL\EXT\vertex_array_bgra.py
Lib\site-packages\OpenGL\GL\EXT\vertex_attrib_64bit.py
Lib\site-packages\OpenGL\GL\EXT\vertex_shader.py
Lib\site-packages\OpenGL\GL\EXT\vertex_weighting.py
Lib\site-packages\OpenGL\GL\EXT\x11_sync_object.py
Lib\site-packages\OpenGL\GL\EXT\__init__.py
Lib\site-packages\OpenGL\GL\GREMEDY\frame_terminator.py
Lib\site-packages\OpenGL\GL\GREMEDY\string_marker.py
Lib\site-packages\OpenGL\GL\GREMEDY\__init__.py
Lib\site-packages\OpenGL\GL\HP\convolution_border_modes.py
Lib\site-packages\OpenGL\GL\HP\image_transform.py
Lib\site-packages\OpenGL\GL\HP\occlusion_test.py
Lib\site-packages\OpenGL\GL\HP\texture_lighting.py
Lib\site-packages\OpenGL\GL\HP\__init__.py
Lib\site-packages\OpenGL\GL\IBM\cull_vertex.py
Lib\site-packages\OpenGL\GL\IBM\multimode_draw_arrays.py
Lib\site-packages\OpenGL\GL\IBM\rasterpos_clip.py
Lib\site-packages\OpenGL\GL\IBM\texture_mirrored_repeat.py
Lib\site-packages\OpenGL\GL\IBM\vertex_array_lists.py
Lib\site-packages\OpenGL\GL\IBM\__init__.py
Lib\site-packages\OpenGL\GL\INGR\blend_func_separate.py
Lib\site-packages\OpenGL\GL\INGR\color_clamp.py
Lib\site-packages\OpenGL\GL\INGR\interlace_read.py
Lib\site-packages\OpenGL\GL\INGR\palette_buffer.py
Lib\site-packages\OpenGL\GL\INGR\__init__.py
Lib\site-packages\OpenGL\GL\INTEL\parallel_arrays.py
Lib\site-packages\OpenGL\GL\INTEL\texture_scissor.py
Lib\site-packages\OpenGL\GL\INTEL\__init__.py
Lib\site-packages\OpenGL\GL\KHR\debug.py
Lib\site-packages\OpenGL\GL\KHR\texture_compression_astc_ldr.py
Lib\site-packages\OpenGL\GL\KHR\__init__.py
Lib\site-packages\OpenGL\GL\MESA\pack_invert.py
Lib\site-packages\OpenGL\GL\MESA\resize_buffers.py
Lib\site-packages\OpenGL\GL\MESA\window_pos.py
Lib\site-packages\OpenGL\GL\MESA\ycbcr_texture.py
Lib\site-packages\OpenGL\GL\MESA\__init__.py
Lib\site-packages\OpenGL\GL\MESAX\texture_stack.py
Lib\site-packages\OpenGL\GL\MESAX\__init__.py
Lib\site-packages\OpenGL\GL\NV\bindless_texture.py
Lib\site-packages\OpenGL\GL\NV\blend_square.py
Lib\site-packages\OpenGL\GL\NV\conditional_render.py
Lib\site-packages\OpenGL\GL\NV\copy_depth_to_color.py
Lib\site-packages\OpenGL\GL\NV\copy_image.py
Lib\site-packages\OpenGL\GL\NV\depth_buffer_float.py
Lib\site-packages\OpenGL\GL\NV\depth_clamp.py
Lib\site-packages\OpenGL\GL\NV\evaluators.py
Lib\site-packages\OpenGL\GL\NV\explicit_multisample.py
Lib\site-packages\OpenGL\GL\NV\fence.py
Lib\site-packages\OpenGL\GL\NV\float_buffer.py
Lib\site-packages\OpenGL\GL\NV\fog_distance.py
Lib\site-packages\OpenGL\GL\NV\fragment_program.py
Lib\site-packages\OpenGL\GL\NV\fragment_program2.py
Lib\site-packages\OpenGL\GL\NV\fragment_program4.py
Lib\site-packages\OpenGL\GL\NV\fragment_program_option.py
Lib\site-packages\OpenGL\GL\NV\framebuffer_multisample_coverage.py
Lib\site-packages\OpenGL\GL\NV\geometry_program4.py
Lib\site-packages\OpenGL\GL\NV\geometry_shader4.py
Lib\site-packages\OpenGL\GL\NV\gpu_program4.py
Lib\site-packages\OpenGL\GL\NV\gpu_program5.py
Lib\site-packages\OpenGL\GL\NV\gpu_shader5.py
Lib\site-packages\OpenGL\GL\NV\half_float.py
Lib\site-packages\OpenGL\GL\NV\light_max_exponent.py
Lib\site-packages\OpenGL\GL\NV\multisample_coverage.py
Lib\site-packages\OpenGL\GL\NV\multisample_filter_hint.py
Lib\site-packages\OpenGL\GL\NV\occlusion_query.py
Lib\site-packages\OpenGL\GL\NV\packed_depth_stencil.py
Lib\site-packages\OpenGL\GL\NV\parameter_buffer_object.py
Lib\site-packages\OpenGL\GL\NV\parameter_buffer_object2.py
Lib\site-packages\OpenGL\GL\NV\path_rendering.py
Lib\site-packages\OpenGL\GL\NV\pixel_data_range.py
Lib\site-packages\OpenGL\GL\NV\point_sprite.py
Lib\site-packages\OpenGL\GL\NV\present_video.py
Lib\site-packages\OpenGL\GL\NV\primitive_restart.py
Lib\site-packages\OpenGL\GL\NV\register_combiners.py
Lib\site-packages\OpenGL\GL\NV\register_combiners2.py
Lib\site-packages\OpenGL\GL\NV\shader_atomic_float.py
Lib\site-packages\OpenGL\GL\NV\shader_buffer_load.py
Lib\site-packages\OpenGL\GL\NV\shader_buffer_store.py
Lib\site-packages\OpenGL\GL\NV\tessellation_program5.py
Lib\site-packages\OpenGL\GL\NV\texgen_emboss.py
Lib\site-packages\OpenGL\GL\NV\texgen_reflection.py
Lib\site-packages\OpenGL\GL\NV\texture_barrier.py
Lib\site-packages\OpenGL\GL\NV\texture_compression_vtc.py
Lib\site-packages\OpenGL\GL\NV\texture_env_combine4.py
Lib\site-packages\OpenGL\GL\NV\texture_expand_normal.py
Lib\site-packages\OpenGL\GL\NV\texture_multisample.py
Lib\site-packages\OpenGL\GL\NV\texture_rectangle.py
Lib\site-packages\OpenGL\GL\NV\texture_shader.py
Lib\site-packages\OpenGL\GL\NV\texture_shader2.py
Lib\site-packages\OpenGL\GL\NV\texture_shader3.py
Lib\site-packages\OpenGL\GL\NV\transform_feedback.py
Lib\site-packages\OpenGL\GL\NV\transform_feedback2.py
Lib\site-packages\OpenGL\GL\NV\vdpau_interop.py
Lib\site-packages\OpenGL\GL\NV\vertex_array_range.py
Lib\site-packages\OpenGL\GL\NV\vertex_array_range2.py
Lib\site-packages\OpenGL\GL\NV\vertex_attrib_integer_64bit.py
Lib\site-packages\OpenGL\GL\NV\vertex_buffer_unified_memory.py
Lib\site-packages\OpenGL\GL\NV\vertex_program.py
Lib\site-packages\OpenGL\GL\NV\vertex_program1_1.py
Lib\site-packages\OpenGL\GL\NV\vertex_program2.py
Lib\site-packages\OpenGL\GL\NV\vertex_program2_option.py
Lib\site-packages\OpenGL\GL\NV\vertex_program3.py
Lib\site-packages\OpenGL\GL\NV\vertex_program4.py
Lib\site-packages\OpenGL\GL\NV\video_capture.py
Lib\site-packages\OpenGL\GL\NV\__init__.py
Lib\site-packages\OpenGL\GL\OES\read_format.py
Lib\site-packages\OpenGL\GL\OES\__init__.py
Lib\site-packages\OpenGL\GL\OML\interlace.py
Lib\site-packages\OpenGL\GL\OML\resample.py
Lib\site-packages\OpenGL\GL\OML\subsample.py
Lib\site-packages\OpenGL\GL\OML\__init__.py
Lib\site-packages\OpenGL\GL\PGI\misc_hints.py
Lib\site-packages\OpenGL\GL\PGI\vertex_hints.py
Lib\site-packages\OpenGL\GL\PGI\__init__.py
Lib\site-packages\OpenGL\GL\REND\screen_coordinates.py
Lib\site-packages\OpenGL\GL\REND\__init__.py
Lib\site-packages\OpenGL\GL\S3\s3tc.py
Lib\site-packages\OpenGL\GL\S3\__init__.py
Lib\site-packages\OpenGL\GL\SGI\color_matrix.py
Lib\site-packages\OpenGL\GL\SGI\color_table.py
Lib\site-packages\OpenGL\GL\SGI\depth_pass_instrument.py
Lib\site-packages\OpenGL\GL\SGI\texture_color_table.py
Lib\site-packages\OpenGL\GL\SGI\__init__.py
Lib\site-packages\OpenGL\GL\SGIS\detail_texture.py
Lib\site-packages\OpenGL\GL\SGIS\fog_function.py
Lib\site-packages\OpenGL\GL\SGIS\generate_mipmap.py
Lib\site-packages\OpenGL\GL\SGIS\multisample.py
Lib\site-packages\OpenGL\GL\SGIS\pixel_texture.py
Lib\site-packages\OpenGL\GL\SGIS\point_line_texgen.py
Lib\site-packages\OpenGL\GL\SGIS\point_parameters.py
Lib\site-packages\OpenGL\GL\SGIS\sharpen_texture.py
Lib\site-packages\OpenGL\GL\SGIS\texture4D.py
Lib\site-packages\OpenGL\GL\SGIS\texture_border_clamp.py
Lib\site-packages\OpenGL\GL\SGIS\texture_color_mask.py
Lib\site-packages\OpenGL\GL\SGIS\texture_edge_clamp.py
Lib\site-packages\OpenGL\GL\SGIS\texture_filter4.py
Lib\site-packages\OpenGL\GL\SGIS\texture_lod.py
Lib\site-packages\OpenGL\GL\SGIS\texture_select.py
Lib\site-packages\OpenGL\GL\SGIS\__init__.py
Lib\site-packages\OpenGL\GL\SGIX\async.py
Lib\site-packages\OpenGL\GL\SGIX\async_histogram.py
Lib\site-packages\OpenGL\GL\SGIX\async_pixel.py
Lib\site-packages\OpenGL\GL\SGIX\blend_alpha_minmax.py
Lib\site-packages\OpenGL\GL\SGIX\calligraphic_fragment.py
Lib\site-packages\OpenGL\GL\SGIX\clipmap.py
Lib\site-packages\OpenGL\GL\SGIX\convolution_accuracy.py
Lib\site-packages\OpenGL\GL\SGIX\depth_pass_instrument.py
Lib\site-packages\OpenGL\GL\SGIX\depth_texture.py
Lib\site-packages\OpenGL\GL\SGIX\FfdMask.py
Lib\site-packages\OpenGL\GL\SGIX\flush_raster.py
Lib\site-packages\OpenGL\GL\SGIX\fog_offset.py
Lib\site-packages\OpenGL\GL\SGIX\fog_scale.py
Lib\site-packages\OpenGL\GL\SGIX\fragment_lighting.py
Lib\site-packages\OpenGL\GL\SGIX\framezoom.py
Lib\site-packages\OpenGL\GL\SGIX\igloo_interface.py
Lib\site-packages\OpenGL\GL\SGIX\impact_pixel_texture.py
Lib\site-packages\OpenGL\GL\SGIX\instruments.py
Lib\site-packages\OpenGL\GL\SGIX\interlace.py
Lib\site-packages\OpenGL\GL\SGIX\ir_instrument1.py
Lib\site-packages\OpenGL\GL\SGIX\list_priority.py
Lib\site-packages\OpenGL\GL\SGIX\pixel_texture.py
Lib\site-packages\OpenGL\GL\SGIX\pixel_tiles.py
Lib\site-packages\OpenGL\GL\SGIX\polynomial_ffd.py
Lib\site-packages\OpenGL\GL\SGIX\reference_plane.py
Lib\site-packages\OpenGL\GL\SGIX\resample.py
Lib\site-packages\OpenGL\GL\SGIX\scalebias_hint.py
Lib\site-packages\OpenGL\GL\SGIX\shadow.py
Lib\site-packages\OpenGL\GL\SGIX\shadow_ambient.py
Lib\site-packages\OpenGL\GL\SGIX\sprite.py
Lib\site-packages\OpenGL\GL\SGIX\subsample.py
Lib\site-packages\OpenGL\GL\SGIX\tag_sample_buffer.py
Lib\site-packages\OpenGL\GL\SGIX\texture_add_env.py
Lib\site-packages\OpenGL\GL\SGIX\texture_coordinate_clamp.py
Lib\site-packages\OpenGL\GL\SGIX\texture_lod_bias.py
Lib\site-packages\OpenGL\GL\SGIX\texture_multi_buffer.py
Lib\site-packages\OpenGL\GL\SGIX\texture_scale_bias.py
Lib\site-packages\OpenGL\GL\SGIX\texture_select.py
Lib\site-packages\OpenGL\GL\SGIX\vertex_preclip.py
Lib\site-packages\OpenGL\GL\SGIX\ycrcb.py
Lib\site-packages\OpenGL\GL\SGIX\ycrcba.py
Lib\site-packages\OpenGL\GL\SGIX\ycrcb_subsample.py
Lib\site-packages\OpenGL\GL\SGIX\__init__.py
Lib\site-packages\OpenGL\GL\SUN\convolution_border_modes.py
Lib\site-packages\OpenGL\GL\SUN\global_alpha.py
Lib\site-packages\OpenGL\GL\SUN\mesh_array.py
Lib\site-packages\OpenGL\GL\SUN\slice_accum.py
Lib\site-packages\OpenGL\GL\SUN\triangle_list.py
Lib\site-packages\OpenGL\GL\SUN\vertex.py
Lib\site-packages\OpenGL\GL\SUN\__init__.py
Lib\site-packages\OpenGL\GL\SUNX\constant_data.py
Lib\site-packages\OpenGL\GL\SUNX\__init__.py
Lib\site-packages\OpenGL\GL\VERSION\GL_1_1.py
Lib\site-packages\OpenGL\GL\VERSION\GL_1_2.py
Lib\site-packages\OpenGL\GL\VERSION\GL_1_2_DEPRECATED.py
Lib\site-packages\OpenGL\GL\VERSION\GL_1_2_images.py
Lib\site-packages\OpenGL\GL\VERSION\GL_1_3.py
Lib\site-packages\OpenGL\GL\VERSION\GL_1_3_DEPRECATED.py
Lib\site-packages\OpenGL\GL\VERSION\GL_1_3_images.py
Lib\site-packages\OpenGL\GL\VERSION\GL_1_4.py
Lib\site-packages\OpenGL\GL\VERSION\GL_1_4_DEPRECATED.py
Lib\site-packages\OpenGL\GL\VERSION\GL_1_5.py
Lib\site-packages\OpenGL\GL\VERSION\GL_1_5_DEPRECATED.py
Lib\site-packages\OpenGL\GL\VERSION\GL_2_0.py
Lib\site-packages\OpenGL\GL\VERSION\GL_2_0_DEPRECATED.py
Lib\site-packages\OpenGL\GL\VERSION\GL_2_1.py
Lib\site-packages\OpenGL\GL\VERSION\GL_2_1_DEPRECATED.py
Lib\site-packages\OpenGL\GL\VERSION\GL_3_0.py
Lib\site-packages\OpenGL\GL\VERSION\GL_3_0_DEPRECATED.py
Lib\site-packages\OpenGL\GL\VERSION\GL_3_1.py
Lib\site-packages\OpenGL\GL\VERSION\GL_3_2.py
Lib\site-packages\OpenGL\GL\VERSION\GL_3_3.py
Lib\site-packages\OpenGL\GL\VERSION\GL_4_0.py
Lib\site-packages\OpenGL\GL\VERSION\GL_4_1.py
Lib\site-packages\OpenGL\GL\VERSION\GL_4_2.py
Lib\site-packages\OpenGL\GL\VERSION\GL_4_3.py
Lib\site-packages\OpenGL\GL\VERSION\__init__.py
Lib\site-packages\OpenGL\GL\WIN\phong_shading.py
Lib\site-packages\OpenGL\GL\WIN\specular_fog.py
Lib\site-packages\OpenGL\GL\WIN\__init__.py
Lib\site-packages\OpenGL\GLE\exceptional.py
Lib\site-packages\OpenGL\GLE\__init__.py
Lib\site-packages\OpenGL\GLU\EXT
Lib\site-packages\OpenGL\GLU\glunurbs.py
Lib\site-packages\OpenGL\GLU\glustruct.py
Lib\site-packages\OpenGL\GLU\projection.py
Lib\site-packages\OpenGL\GLU\quadrics.py
Lib\site-packages\OpenGL\GLU\tess.py
Lib\site-packages\OpenGL\GLU\__init__.py
Lib\site-packages\OpenGL\GLU\EXT\nurbs_tessellator.py
Lib\site-packages\OpenGL\GLU\EXT\object_space_tess.py
Lib\site-packages\OpenGL\GLU\EXT\__init__.py
Lib\site-packages\OpenGL\GLUT\fonts.py
Lib\site-packages\OpenGL\GLUT\freeglut.py
Lib\site-packages\OpenGL\GLUT\osx.py
Lib\site-packages\OpenGL\GLUT\special.py
Lib\site-packages\OpenGL\GLUT\__init__.py
Lib\site-packages\OpenGL\GLX\__init__.py
Lib\site-packages\OpenGL\platform\baseplatform.py
Lib\site-packages\OpenGL\platform\ctypesloader.py
Lib\site-packages\OpenGL\platform\darwin.py
Lib\site-packages\OpenGL\platform\entrypoint31.py
Lib\site-packages\OpenGL\platform\glx.py
Lib\site-packages\OpenGL\platform\osmesa.py
Lib\site-packages\OpenGL\platform\win32.py
Lib\site-packages\OpenGL\platform\__init__.py
Lib\site-packages\OpenGL\raw\GL
Lib\site-packages\OpenGL\raw\GLE
Lib\site-packages\OpenGL\raw\GLU
Lib\site-packages\OpenGL\raw\GLUT
Lib\site-packages\OpenGL\raw\GLX.py
Lib\site-packages\OpenGL\raw\WGL.py
Lib\site-packages\OpenGL\raw\_GLX.py
Lib\site-packages\OpenGL\raw\_GLX_ARB.py
Lib\site-packages\OpenGL\raw\_GLX_NV.py
Lib\site-packages\OpenGL\raw\_WGL.py
Lib\site-packages\OpenGL\raw\_WGL_ARB.py
Lib\site-packages\OpenGL\raw\_WGL_NV.py
Lib\site-packages\OpenGL\raw\__init__.py
Lib\site-packages\OpenGL\raw\GL\AMD
Lib\site-packages\OpenGL\raw\GL\APPLE
Lib\site-packages\OpenGL\raw\GL\ARB
Lib\site-packages\OpenGL\raw\GL\ATI
Lib\site-packages\OpenGL\raw\GL\DFX
Lib\site-packages\OpenGL\raw\GL\EXT
Lib\site-packages\OpenGL\raw\GL\GREMEDY
Lib\site-packages\OpenGL\raw\GL\HP
Lib\site-packages\OpenGL\raw\GL\IBM
Lib\site-packages\OpenGL\raw\GL\INGR
Lib\site-packages\OpenGL\raw\GL\INTEL
Lib\site-packages\OpenGL\raw\GL\KHR
Lib\site-packages\OpenGL\raw\GL\MESA
Lib\site-packages\OpenGL\raw\GL\MESAX
Lib\site-packages\OpenGL\raw\GL\NV
Lib\site-packages\OpenGL\raw\GL\OES
Lib\site-packages\OpenGL\raw\GL\OML
Lib\site-packages\OpenGL\raw\GL\PGI
Lib\site-packages\OpenGL\raw\GL\REND
Lib\site-packages\OpenGL\raw\GL\S3
Lib\site-packages\OpenGL\raw\GL\SGI
Lib\site-packages\OpenGL\raw\GL\SGIS
Lib\site-packages\OpenGL\raw\GL\SGIX
Lib\site-packages\OpenGL\raw\GL\SUN
Lib\site-packages\OpenGL\raw\GL\SUNX
Lib\site-packages\OpenGL\raw\GL\VERSION
Lib\site-packages\OpenGL\raw\GL\WIN
Lib\site-packages\OpenGL\raw\GL\__init__.py
Lib\site-packages\OpenGL\raw\GL\AMD\blend_minmax_factor.py
Lib\site-packages\OpenGL\raw\GL\AMD\conservative_depth.py
Lib\site-packages\OpenGL\raw\GL\AMD\debug_output.py
Lib\site-packages\OpenGL\raw\GL\AMD\depth_clamp_separate.py
Lib\site-packages\OpenGL\raw\GL\AMD\draw_buffers_blend.py
Lib\site-packages\OpenGL\raw\GL\AMD\multi_draw_indirect.py
Lib\site-packages\OpenGL\raw\GL\AMD\name_gen_delete.py
Lib\site-packages\OpenGL\raw\GL\AMD\performance_monitor.py
Lib\site-packages\OpenGL\raw\GL\AMD\pinned_memory.py
Lib\site-packages\OpenGL\raw\GL\AMD\query_buffer_object.py
Lib\site-packages\OpenGL\raw\GL\AMD\sample_positions.py
Lib\site-packages\OpenGL\raw\GL\AMD\seamless_cubemap_per_texture.py
Lib\site-packages\OpenGL\raw\GL\AMD\shader_stencil_export.py
Lib\site-packages\OpenGL\raw\GL\AMD\sparse_texture.py
Lib\site-packages\OpenGL\raw\GL\AMD\stencil_operation_extended.py
Lib\site-packages\OpenGL\raw\GL\AMD\texture_texture4.py
Lib\site-packages\OpenGL\raw\GL\AMD\transform_feedback3_lines_triangles.py
Lib\site-packages\OpenGL\raw\GL\AMD\vertex_shader_layer.py
Lib\site-packages\OpenGL\raw\GL\AMD\vertex_shader_tesselator.py
Lib\site-packages\OpenGL\raw\GL\AMD\vertex_shader_viewport_index.py
Lib\site-packages\OpenGL\raw\GL\AMD\__init__.py
Lib\site-packages\OpenGL\raw\GL\APPLE\aux_depth_stencil.py
Lib\site-packages\OpenGL\raw\GL\APPLE\client_storage.py
Lib\site-packages\OpenGL\raw\GL\APPLE\element_array.py
Lib\site-packages\OpenGL\raw\GL\APPLE\fence.py
Lib\site-packages\OpenGL\raw\GL\APPLE\float_pixels.py
Lib\site-packages\OpenGL\raw\GL\APPLE\flush_buffer_range.py
Lib\site-packages\OpenGL\raw\GL\APPLE\object_purgeable.py
Lib\site-packages\OpenGL\raw\GL\APPLE\rgb_422.py
Lib\site-packages\OpenGL\raw\GL\APPLE\row_bytes.py
Lib\site-packages\OpenGL\raw\GL\APPLE\specular_vector.py
Lib\site-packages\OpenGL\raw\GL\APPLE\texture_range.py
Lib\site-packages\OpenGL\raw\GL\APPLE\transform_hint.py
Lib\site-packages\OpenGL\raw\GL\APPLE\vertex_array_object.py
Lib\site-packages\OpenGL\raw\GL\APPLE\vertex_array_range.py
Lib\site-packages\OpenGL\raw\GL\APPLE\vertex_program_evaluators.py
Lib\site-packages\OpenGL\raw\GL\APPLE\ycbcr_422.py
Lib\site-packages\OpenGL\raw\GL\APPLE\__init__.py
Lib\site-packages\OpenGL\raw\GL\ARB\arrays_of_arrays.py
Lib\site-packages\OpenGL\raw\GL\ARB\base_instance.py
Lib\site-packages\OpenGL\raw\GL\ARB\blend_func_extended.py
Lib\site-packages\OpenGL\raw\GL\ARB\clear_buffer_object.py
Lib\site-packages\OpenGL\raw\GL\ARB\cl_event.py
Lib\site-packages\OpenGL\raw\GL\ARB\color_buffer_float.py
Lib\site-packages\OpenGL\raw\GL\ARB\compatibility.py
Lib\site-packages\OpenGL\raw\GL\ARB\compressed_texture_pixel_storage.py
Lib\site-packages\OpenGL\raw\GL\ARB\compute_shader.py
Lib\site-packages\OpenGL\raw\GL\ARB\conservative_depth.py
Lib\site-packages\OpenGL\raw\GL\ARB\copy_buffer.py
Lib\site-packages\OpenGL\raw\GL\ARB\copy_image.py
Lib\site-packages\OpenGL\raw\GL\ARB\debug_group.py
Lib\site-packages\OpenGL\raw\GL\ARB\debug_label.py
Lib\site-packages\OpenGL\raw\GL\ARB\debug_output.py
Lib\site-packages\OpenGL\raw\GL\ARB\debug_output2.py
Lib\site-packages\OpenGL\raw\GL\ARB\depth_buffer_float.py
Lib\site-packages\OpenGL\raw\GL\ARB\depth_clamp.py
Lib\site-packages\OpenGL\raw\GL\ARB\depth_texture.py
Lib\site-packages\OpenGL\raw\GL\ARB\draw_buffers.py
Lib\site-packages\OpenGL\raw\GL\ARB\draw_buffers_blend.py
Lib\site-packages\OpenGL\raw\GL\ARB\draw_elements_base_vertex.py
Lib\site-packages\OpenGL\raw\GL\ARB\draw_indirect.py
Lib\site-packages\OpenGL\raw\GL\ARB\draw_instanced.py
Lib\site-packages\OpenGL\raw\GL\ARB\ES2_compatibility.py
Lib\site-packages\OpenGL\raw\GL\ARB\ES3_compatibility.py
Lib\site-packages\OpenGL\raw\GL\ARB\explicit_attrib_location.py
Lib\site-packages\OpenGL\raw\GL\ARB\explicit_uniform_location.py
Lib\site-packages\OpenGL\raw\GL\ARB\fragment_coord_conventions.py
Lib\site-packages\OpenGL\raw\GL\ARB\fragment_layer_viewport.py
Lib\site-packages\OpenGL\raw\GL\ARB\fragment_program.py
Lib\site-packages\OpenGL\raw\GL\ARB\fragment_program_shadow.py
Lib\site-packages\OpenGL\raw\GL\ARB\fragment_shader.py
Lib\site-packages\OpenGL\raw\GL\ARB\framebuffer_no_attachments.py
Lib\site-packages\OpenGL\raw\GL\ARB\framebuffer_object.py
Lib\site-packages\OpenGL\raw\GL\ARB\framebuffer_object_DEPRECATED.py
Lib\site-packages\OpenGL\raw\GL\ARB\framebuffer_sRGB.py
Lib\site-packages\OpenGL\raw\GL\ARB\geometry_shader4.py
Lib\site-packages\OpenGL\raw\GL\ARB\get_program_binary.py
Lib\site-packages\OpenGL\raw\GL\ARB\gpu_shader5.py
Lib\site-packages\OpenGL\raw\GL\ARB\gpu_shader_fp64.py
Lib\site-packages\OpenGL\raw\GL\ARB\half_float_pixel.py
Lib\site-packages\OpenGL\raw\GL\ARB\half_float_vertex.py
Lib\site-packages\OpenGL\raw\GL\ARB\imaging.py
Lib\site-packages\OpenGL\raw\GL\ARB\imaging_DEPRECATED.py
Lib\site-packages\OpenGL\raw\GL\ARB\instanced_arrays.py
Lib\site-packages\OpenGL\raw\GL\ARB\internalformat_query.py
Lib\site-packages\OpenGL\raw\GL\ARB\internalformat_query2.py
Lib\site-packages\OpenGL\raw\GL\ARB\invalidate_subdata.py
Lib\site-packages\OpenGL\raw\GL\ARB\map_buffer_alignment.py
Lib\site-packages\OpenGL\raw\GL\ARB\map_buffer_range.py
Lib\site-packages\OpenGL\raw\GL\ARB\matrix_palette.py
Lib\site-packages\OpenGL\raw\GL\ARB\multisample.py
Lib\site-packages\OpenGL\raw\GL\ARB\multitexture.py
Lib\site-packages\OpenGL\raw\GL\ARB\multi_draw_indirect.py
Lib\site-packages\OpenGL\raw\GL\ARB\occlusion_query.py
Lib\site-packages\OpenGL\raw\GL\ARB\occlusion_query2.py
Lib\site-packages\OpenGL\raw\GL\ARB\pixel_buffer_object.py
Lib\site-packages\OpenGL\raw\GL\ARB\point_parameters.py
Lib\site-packages\OpenGL\raw\GL\ARB\point_sprite.py
Lib\site-packages\OpenGL\raw\GL\ARB\program_interface_query.py
Lib\site-packages\OpenGL\raw\GL\ARB\provoking_vertex.py
Lib\site-packages\OpenGL\raw\GL\ARB\robustness.py
Lib\site-packages\OpenGL\raw\GL\ARB\robustness_isolation.py
Lib\site-packages\OpenGL\raw\GL\ARB\robust_buffer_access_behavior.py
Lib\site-packages\OpenGL\raw\GL\ARB\sampler_objects.py
Lib\site-packages\OpenGL\raw\GL\ARB\sample_shading.py
Lib\site-packages\OpenGL\raw\GL\ARB\seamless_cube_map.py
Lib\site-packages\OpenGL\raw\GL\ARB\separate_shader_objects.py
Lib\site-packages\OpenGL\raw\GL\ARB\shader_atomic_counters.py
Lib\site-packages\OpenGL\raw\GL\ARB\shader_bit_encoding.py
Lib\site-packages\OpenGL\raw\GL\ARB\shader_image_load_store.py
Lib\site-packages\OpenGL\raw\GL\ARB\shader_image_size.py
Lib\site-packages\OpenGL\raw\GL\ARB\shader_objects.py
Lib\site-packages\OpenGL\raw\GL\ARB\shader_precision.py
Lib\site-packages\OpenGL\raw\GL\ARB\shader_stencil_export.py
Lib\site-packages\OpenGL\raw\GL\ARB\shader_storage_buffer_object.py
Lib\site-packages\OpenGL\raw\GL\ARB\shader_subroutine.py
Lib\site-packages\OpenGL\raw\GL\ARB\shader_texture_lod.py
Lib\site-packages\OpenGL\raw\GL\ARB\shading_language_100.py
Lib\site-packages\OpenGL\raw\GL\ARB\shading_language_420pack.py
Lib\site-packages\OpenGL\raw\GL\ARB\shading_language_include.py
Lib\site-packages\OpenGL\raw\GL\ARB\shading_language_packing.py
Lib\site-packages\OpenGL\raw\GL\ARB\shadow.py
Lib\site-packages\OpenGL\raw\GL\ARB\shadow_ambient.py
Lib\site-packages\OpenGL\raw\GL\ARB\stencil_texturing.py
Lib\site-packages\OpenGL\raw\GL\ARB\sync.py
Lib\site-packages\OpenGL\raw\GL\ARB\tessellation_shader.py
Lib\site-packages\OpenGL\raw\GL\ARB\texture_border_clamp.py
Lib\site-packages\OpenGL\raw\GL\ARB\texture_buffer_object.py
Lib\site-packages\OpenGL\raw\GL\ARB\texture_buffer_object_rgb32.py
Lib\site-packages\OpenGL\raw\GL\ARB\texture_buffer_range.py
Lib\site-packages\OpenGL\raw\GL\ARB\texture_compression.py
Lib\site-packages\OpenGL\raw\GL\ARB\texture_compression_bptc.py
Lib\site-packages\OpenGL\raw\GL\ARB\texture_compression_rgtc.py
Lib\site-packages\OpenGL\raw\GL\ARB\texture_cube_map.py
Lib\site-packages\OpenGL\raw\GL\ARB\texture_cube_map_array.py
Lib\site-packages\OpenGL\raw\GL\ARB\texture_env_add.py
Lib\site-packages\OpenGL\raw\GL\ARB\texture_env_combine.py
Lib\site-packages\OpenGL\raw\GL\ARB\texture_env_crossbar.py
Lib\site-packages\OpenGL\raw\GL\ARB\texture_env_dot3.py
Lib\site-packages\OpenGL\raw\GL\ARB\texture_float.py
Lib\site-packages\OpenGL\raw\GL\ARB\texture_gather.py
Lib\site-packages\OpenGL\raw\GL\ARB\texture_mirrored_repeat.py
Lib\site-packages\OpenGL\raw\GL\ARB\texture_multisample.py
Lib\site-packages\OpenGL\raw\GL\ARB\texture_non_power_of_two.py
Lib\site-packages\OpenGL\raw\GL\ARB\texture_query_levels.py
Lib\site-packages\OpenGL\raw\GL\ARB\texture_query_lod.py
Lib\site-packages\OpenGL\raw\GL\ARB\texture_rectangle.py
Lib\site-packages\OpenGL\raw\GL\ARB\texture_rg.py
Lib\site-packages\OpenGL\raw\GL\ARB\texture_rgb10_a2ui.py
Lib\site-packages\OpenGL\raw\GL\ARB\texture_storage.py
Lib\site-packages\OpenGL\raw\GL\ARB\texture_storage_multisample.py
Lib\site-packages\OpenGL\raw\GL\ARB\texture_swizzle.py
Lib\site-packages\OpenGL\raw\GL\ARB\texture_view.py
Lib\site-packages\OpenGL\raw\GL\ARB\timer_query.py
Lib\site-packages\OpenGL\raw\GL\ARB\transform_feedback2.py
Lib\site-packages\OpenGL\raw\GL\ARB\transform_feedback3.py
Lib\site-packages\OpenGL\raw\GL\ARB\transform_feedback_instanced.py
Lib\site-packages\OpenGL\raw\GL\ARB\transpose_matrix.py
Lib\site-packages\OpenGL\raw\GL\ARB\uniform_buffer_object.py
Lib\site-packages\OpenGL\raw\GL\ARB\vertex_array_bgra.py
Lib\site-packages\OpenGL\raw\GL\ARB\vertex_array_object.py
Lib\site-packages\OpenGL\raw\GL\ARB\vertex_attrib_64bit.py
Lib\site-packages\OpenGL\raw\GL\ARB\vertex_attrib_binding.py
Lib\site-packages\OpenGL\raw\GL\ARB\vertex_blend.py
Lib\site-packages\OpenGL\raw\GL\ARB\vertex_buffer_object.py
Lib\site-packages\OpenGL\raw\GL\ARB\vertex_program.py
Lib\site-packages\OpenGL\raw\GL\ARB\vertex_shader.py
Lib\site-packages\OpenGL\raw\GL\ARB\vertex_type_2_10_10_10_rev.py
Lib\site-packages\OpenGL\raw\GL\ARB\viewport_array.py
Lib\site-packages\OpenGL\raw\GL\ARB\window_pos.py
Lib\site-packages\OpenGL\raw\GL\ARB\__init__.py
Lib\site-packages\OpenGL\raw\GL\ATI\draw_buffers.py
Lib\site-packages\OpenGL\raw\GL\ATI\element_array.py
Lib\site-packages\OpenGL\raw\GL\ATI\envmap_bumpmap.py
Lib\site-packages\OpenGL\raw\GL\ATI\fragment_shader.py
Lib\site-packages\OpenGL\raw\GL\ATI\map_object_buffer.py
Lib\site-packages\OpenGL\raw\GL\ATI\meminfo.py
Lib\site-packages\OpenGL\raw\GL\ATI\pixel_format_float.py
Lib\site-packages\OpenGL\raw\GL\ATI\pn_triangles.py
Lib\site-packages\OpenGL\raw\GL\ATI\separate_stencil.py
Lib\site-packages\OpenGL\raw\GL\ATI\texture_env_combine3.py
Lib\site-packages\OpenGL\raw\GL\ATI\texture_float.py
Lib\site-packages\OpenGL\raw\GL\ATI\texture_mirror_once.py
Lib\site-packages\OpenGL\raw\GL\ATI\text_fragment_shader.py
Lib\site-packages\OpenGL\raw\GL\ATI\vertex_array_object.py
Lib\site-packages\OpenGL\raw\GL\ATI\vertex_attrib_array_object.py
Lib\site-packages\OpenGL\raw\GL\ATI\vertex_streams.py
Lib\site-packages\OpenGL\raw\GL\ATI\__init__.py
Lib\site-packages\OpenGL\raw\GL\DFX\multisample.py
Lib\site-packages\OpenGL\raw\GL\DFX\tbuffer.py
Lib\site-packages\OpenGL\raw\GL\DFX\texture_compression_FXT1.py
Lib\site-packages\OpenGL\raw\GL\DFX\__init__.py
Lib\site-packages\OpenGL\raw\GL\EXT\422_pixels.py
Lib\site-packages\OpenGL\raw\GL\EXT\abgr.py
Lib\site-packages\OpenGL\raw\GL\EXT\bgra.py
Lib\site-packages\OpenGL\raw\GL\EXT\bindable_uniform.py
Lib\site-packages\OpenGL\raw\GL\EXT\blend_color.py
Lib\site-packages\OpenGL\raw\GL\EXT\blend_equation_separate.py
Lib\site-packages\OpenGL\raw\GL\EXT\blend_func_separate.py
Lib\site-packages\OpenGL\raw\GL\EXT\blend_logic_op.py
Lib\site-packages\OpenGL\raw\GL\EXT\blend_minmax.py
Lib\site-packages\OpenGL\raw\GL\EXT\blend_subtract.py
Lib\site-packages\OpenGL\raw\GL\EXT\clip_volume_hint.py
Lib\site-packages\OpenGL\raw\GL\EXT\cmyka.py
Lib\site-packages\OpenGL\raw\GL\EXT\color_matrix.py
Lib\site-packages\OpenGL\raw\GL\EXT\color_subtable.py
Lib\site-packages\OpenGL\raw\GL\EXT\compiled_vertex_array.py
Lib\site-packages\OpenGL\raw\GL\EXT\convolution.py
Lib\site-packages\OpenGL\raw\GL\EXT\coordinate_frame.py
Lib\site-packages\OpenGL\raw\GL\EXT\copy_texture.py
Lib\site-packages\OpenGL\raw\GL\EXT\cull_vertex.py
Lib\site-packages\OpenGL\raw\GL\EXT\depth_bounds_test.py
Lib\site-packages\OpenGL\raw\GL\EXT\direct_state_access.py
Lib\site-packages\OpenGL\raw\GL\EXT\draw_buffers2.py
Lib\site-packages\OpenGL\raw\GL\EXT\draw_instanced.py
Lib\site-packages\OpenGL\raw\GL\EXT\draw_range_elements.py
Lib\site-packages\OpenGL\raw\GL\EXT\fog_coord.py
Lib\site-packages\OpenGL\raw\GL\EXT\framebuffer_blit.py
Lib\site-packages\OpenGL\raw\GL\EXT\framebuffer_multisample.py
Lib\site-packages\OpenGL\raw\GL\EXT\framebuffer_multisample_blit_scaled.py
Lib\site-packages\OpenGL\raw\GL\EXT\framebuffer_object.py
Lib\site-packages\OpenGL\raw\GL\EXT\framebuffer_sRGB.py
Lib\site-packages\OpenGL\raw\GL\EXT\geometry_shader4.py
Lib\site-packages\OpenGL\raw\GL\EXT\GL_422_pixels.py
Lib\site-packages\OpenGL\raw\GL\EXT\gpu_program_parameters.py
Lib\site-packages\OpenGL\raw\GL\EXT\gpu_shader4.py
Lib\site-packages\OpenGL\raw\GL\EXT\histogram.py
Lib\site-packages\OpenGL\raw\GL\EXT\index_array_formats.py
Lib\site-packages\OpenGL\raw\GL\EXT\index_func.py
Lib\site-packages\OpenGL\raw\GL\EXT\index_material.py
Lib\site-packages\OpenGL\raw\GL\EXT\index_texture.py
Lib\site-packages\OpenGL\raw\GL\EXT\light_texture.py
Lib\site-packages\OpenGL\raw\GL\EXT\misc_attribute.py
Lib\site-packages\OpenGL\raw\GL\EXT\multisample.py
Lib\site-packages\OpenGL\raw\GL\EXT\multi_draw_arrays.py
Lib\site-packages\OpenGL\raw\GL\EXT\packed_depth_stencil.py
Lib\site-packages\OpenGL\raw\GL\EXT\packed_float.py
Lib\site-packages\OpenGL\raw\GL\EXT\packed_pixels.py
Lib\site-packages\OpenGL\raw\GL\EXT\paletted_texture.py
Lib\site-packages\OpenGL\raw\GL\EXT\pixel_buffer_object.py
Lib\site-packages\OpenGL\raw\GL\EXT\pixel_transform.py
Lib\site-packages\OpenGL\raw\GL\EXT\pixel_transform_color_table.py
Lib\site-packages\OpenGL\raw\GL\EXT\point_parameters.py
Lib\site-packages\OpenGL\raw\GL\EXT\polygon_offset.py
Lib\site-packages\OpenGL\raw\GL\EXT\provoking_vertex.py
Lib\site-packages\OpenGL\raw\GL\EXT\rescale_normal.py
Lib\site-packages\OpenGL\raw\GL\EXT\secondary_color.py
Lib\site-packages\OpenGL\raw\GL\EXT\separate_shader_objects.py
Lib\site-packages\OpenGL\raw\GL\EXT\separate_specular_color.py
Lib\site-packages\OpenGL\raw\GL\EXT\shader_image_load_store.py
Lib\site-packages\OpenGL\raw\GL\EXT\shadow_funcs.py
Lib\site-packages\OpenGL\raw\GL\EXT\shared_texture_palette.py
Lib\site-packages\OpenGL\raw\GL\EXT\stencil_clear_tag.py
Lib\site-packages\OpenGL\raw\GL\EXT\stencil_two_side.py
Lib\site-packages\OpenGL\raw\GL\EXT\stencil_wrap.py
Lib\site-packages\OpenGL\raw\GL\EXT\subtexture.py
Lib\site-packages\OpenGL\raw\GL\EXT\texture.py
Lib\site-packages\OpenGL\raw\GL\EXT\texture3D.py
Lib\site-packages\OpenGL\raw\GL\EXT\texture_array.py
Lib\site-packages\OpenGL\raw\GL\EXT\texture_buffer_object.py
Lib\site-packages\OpenGL\raw\GL\EXT\texture_compression_latc.py
Lib\site-packages\OpenGL\raw\GL\EXT\texture_compression_rgtc.py
Lib\site-packages\OpenGL\raw\GL\EXT\texture_compression_s3tc.py
Lib\site-packages\OpenGL\raw\GL\EXT\texture_cube_map.py
Lib\site-packages\OpenGL\raw\GL\EXT\texture_env_add.py
Lib\site-packages\OpenGL\raw\GL\EXT\texture_env_combine.py
Lib\site-packages\OpenGL\raw\GL\EXT\texture_env_dot3.py
Lib\site-packages\OpenGL\raw\GL\EXT\texture_filter_anisotropic.py
Lib\site-packages\OpenGL\raw\GL\EXT\texture_integer.py
Lib\site-packages\OpenGL\raw\GL\EXT\texture_lod_bias.py
Lib\site-packages\OpenGL\raw\GL\EXT\texture_mirror_clamp.py
Lib\site-packages\OpenGL\raw\GL\EXT\texture_object.py
Lib\site-packages\OpenGL\raw\GL\EXT\texture_perturb_normal.py
Lib\site-packages\OpenGL\raw\GL\EXT\texture_shared_exponent.py
Lib\site-packages\OpenGL\raw\GL\EXT\texture_snorm.py
Lib\site-packages\OpenGL\raw\GL\EXT\texture_sRGB.py
Lib\site-packages\OpenGL\raw\GL\EXT\texture_sRGB_decode.py
Lib\site-packages\OpenGL\raw\GL\EXT\texture_swizzle.py
Lib\site-packages\OpenGL\raw\GL\EXT\timer_query.py
Lib\site-packages\OpenGL\raw\GL\EXT\transform_feedback.py
Lib\site-packages\OpenGL\raw\GL\EXT\vertex_array.py
Lib\site-packages\OpenGL\raw\GL\EXT\vertex_array_bgra.py
Lib\site-packages\OpenGL\raw\GL\EXT\vertex_attrib_64bit.py
Lib\site-packages\OpenGL\raw\GL\EXT\vertex_shader.py
Lib\site-packages\OpenGL\raw\GL\EXT\vertex_weighting.py
Lib\site-packages\OpenGL\raw\GL\EXT\x11_sync_object.py
Lib\site-packages\OpenGL\raw\GL\EXT\__init__.py
Lib\site-packages\OpenGL\raw\GL\GREMEDY\frame_terminator.py
Lib\site-packages\OpenGL\raw\GL\GREMEDY\string_marker.py
Lib\site-packages\OpenGL\raw\GL\GREMEDY\__init__.py
Lib\site-packages\OpenGL\raw\GL\HP\convolution_border_modes.py
Lib\site-packages\OpenGL\raw\GL\HP\image_transform.py
Lib\site-packages\OpenGL\raw\GL\HP\occlusion_test.py
Lib\site-packages\OpenGL\raw\GL\HP\texture_lighting.py
Lib\site-packages\OpenGL\raw\GL\HP\__init__.py
Lib\site-packages\OpenGL\raw\GL\IBM\cull_vertex.py
Lib\site-packages\OpenGL\raw\GL\IBM\multimode_draw_arrays.py
Lib\site-packages\OpenGL\raw\GL\IBM\rasterpos_clip.py
Lib\site-packages\OpenGL\raw\GL\IBM\texture_mirrored_repeat.py
Lib\site-packages\OpenGL\raw\GL\IBM\vertex_array_lists.py
Lib\site-packages\OpenGL\raw\GL\IBM\__init__.py
Lib\site-packages\OpenGL\raw\GL\INGR\blend_func_separate.py
Lib\site-packages\OpenGL\raw\GL\INGR\color_clamp.py
Lib\site-packages\OpenGL\raw\GL\INGR\interlace_read.py
Lib\site-packages\OpenGL\raw\GL\INGR\palette_buffer.py
Lib\site-packages\OpenGL\raw\GL\INGR\__init__.py
Lib\site-packages\OpenGL\raw\GL\INTEL\parallel_arrays.py
Lib\site-packages\OpenGL\raw\GL\INTEL\texture_scissor.py
Lib\site-packages\OpenGL\raw\GL\INTEL\__init__.py
Lib\site-packages\OpenGL\raw\GL\KHR\debug.py
Lib\site-packages\OpenGL\raw\GL\KHR\texture_compression_astc_ldr.py
Lib\site-packages\OpenGL\raw\GL\KHR\__init__.py
Lib\site-packages\OpenGL\raw\GL\MESA\pack_invert.py
Lib\site-packages\OpenGL\raw\GL\MESA\resize_buffers.py
Lib\site-packages\OpenGL\raw\GL\MESA\window_pos.py
Lib\site-packages\OpenGL\raw\GL\MESA\ycbcr_texture.py
Lib\site-packages\OpenGL\raw\GL\MESA\__init__.py
Lib\site-packages\OpenGL\raw\GL\MESAX\texture_stack.py
Lib\site-packages\OpenGL\raw\GL\MESAX\__init__.py
Lib\site-packages\OpenGL\raw\GL\NV\bindless_texture.py
Lib\site-packages\OpenGL\raw\GL\NV\blend_square.py
Lib\site-packages\OpenGL\raw\GL\NV\conditional_render.py
Lib\site-packages\OpenGL\raw\GL\NV\copy_depth_to_color.py
Lib\site-packages\OpenGL\raw\GL\NV\copy_image.py
Lib\site-packages\OpenGL\raw\GL\NV\depth_buffer_float.py
Lib\site-packages\OpenGL\raw\GL\NV\depth_clamp.py
Lib\site-packages\OpenGL\raw\GL\NV\evaluators.py
Lib\site-packages\OpenGL\raw\GL\NV\explicit_multisample.py
Lib\site-packages\OpenGL\raw\GL\NV\fence.py
Lib\site-packages\OpenGL\raw\GL\NV\float_buffer.py
Lib\site-packages\OpenGL\raw\GL\NV\fog_distance.py
Lib\site-packages\OpenGL\raw\GL\NV\fragment_program.py
Lib\site-packages\OpenGL\raw\GL\NV\fragment_program2.py
Lib\site-packages\OpenGL\raw\GL\NV\fragment_program4.py
Lib\site-packages\OpenGL\raw\GL\NV\fragment_program_option.py
Lib\site-packages\OpenGL\raw\GL\NV\framebuffer_multisample_coverage.py
Lib\site-packages\OpenGL\raw\GL\NV\geometry_program4.py
Lib\site-packages\OpenGL\raw\GL\NV\geometry_shader4.py
Lib\site-packages\OpenGL\raw\GL\NV\gpu_program4.py
Lib\site-packages\OpenGL\raw\GL\NV\gpu_program5.py
Lib\site-packages\OpenGL\raw\GL\NV\gpu_shader5.py
Lib\site-packages\OpenGL\raw\GL\NV\half_float.py
Lib\site-packages\OpenGL\raw\GL\NV\light_max_exponent.py
Lib\site-packages\OpenGL\raw\GL\NV\multisample_coverage.py
Lib\site-packages\OpenGL\raw\GL\NV\multisample_filter_hint.py
Lib\site-packages\OpenGL\raw\GL\NV\occlusion_query.py
Lib\site-packages\OpenGL\raw\GL\NV\packed_depth_stencil.py
Lib\site-packages\OpenGL\raw\GL\NV\parameter_buffer_object.py
Lib\site-packages\OpenGL\raw\GL\NV\parameter_buffer_object2.py
Lib\site-packages\OpenGL\raw\GL\NV\path_rendering.py
Lib\site-packages\OpenGL\raw\GL\NV\pixel_data_range.py
Lib\site-packages\OpenGL\raw\GL\NV\point_sprite.py
Lib\site-packages\OpenGL\raw\GL\NV\present_video.py
Lib\site-packages\OpenGL\raw\GL\NV\primitive_restart.py
Lib\site-packages\OpenGL\raw\GL\NV\register_combiners.py
Lib\site-packages\OpenGL\raw\GL\NV\register_combiners2.py
Lib\site-packages\OpenGL\raw\GL\NV\shader_atomic_float.py
Lib\site-packages\OpenGL\raw\GL\NV\shader_buffer_load.py
Lib\site-packages\OpenGL\raw\GL\NV\shader_buffer_store.py
Lib\site-packages\OpenGL\raw\GL\NV\tessellation_program5.py
Lib\site-packages\OpenGL\raw\GL\NV\texgen_emboss.py
Lib\site-packages\OpenGL\raw\GL\NV\texgen_reflection.py
Lib\site-packages\OpenGL\raw\GL\NV\texture_barrier.py
Lib\site-packages\OpenGL\raw\GL\NV\texture_compression_vtc.py
Lib\site-packages\OpenGL\raw\GL\NV\texture_env_combine4.py
Lib\site-packages\OpenGL\raw\GL\NV\texture_expand_normal.py
Lib\site-packages\OpenGL\raw\GL\NV\texture_multisample.py
Lib\site-packages\OpenGL\raw\GL\NV\texture_rectangle.py
Lib\site-packages\OpenGL\raw\GL\NV\texture_shader.py
Lib\site-packages\OpenGL\raw\GL\NV\texture_shader2.py
Lib\site-packages\OpenGL\raw\GL\NV\texture_shader3.py
Lib\site-packages\OpenGL\raw\GL\NV\transform_feedback.py
Lib\site-packages\OpenGL\raw\GL\NV\transform_feedback2.py
Lib\site-packages\OpenGL\raw\GL\NV\vdpau_interop.py
Lib\site-packages\OpenGL\raw\GL\NV\vertex_array_range.py
Lib\site-packages\OpenGL\raw\GL\NV\vertex_array_range2.py
Lib\site-packages\OpenGL\raw\GL\NV\vertex_attrib_integer_64bit.py
Lib\site-packages\OpenGL\raw\GL\NV\vertex_buffer_unified_memory.py
Lib\site-packages\OpenGL\raw\GL\NV\vertex_program.py
Lib\site-packages\OpenGL\raw\GL\NV\vertex_program1_1.py
Lib\site-packages\OpenGL\raw\GL\NV\vertex_program2.py
Lib\site-packages\OpenGL\raw\GL\NV\vertex_program2_option.py
Lib\site-packages\OpenGL\raw\GL\NV\vertex_program3.py
Lib\site-packages\OpenGL\raw\GL\NV\vertex_program4.py
Lib\site-packages\OpenGL\raw\GL\NV\video_capture.py
Lib\site-packages\OpenGL\raw\GL\NV\__init__.py
Lib\site-packages\OpenGL\raw\GL\OES\read_format.py
Lib\site-packages\OpenGL\raw\GL\OES\__init__.py
Lib\site-packages\OpenGL\raw\GL\OML\interlace.py
Lib\site-packages\OpenGL\raw\GL\OML\resample.py
Lib\site-packages\OpenGL\raw\GL\OML\subsample.py
Lib\site-packages\OpenGL\raw\GL\OML\__init__.py
Lib\site-packages\OpenGL\raw\GL\PGI\misc_hints.py
Lib\site-packages\OpenGL\raw\GL\PGI\vertex_hints.py
Lib\site-packages\OpenGL\raw\GL\PGI\__init__.py
Lib\site-packages\OpenGL\raw\GL\REND\screen_coordinates.py
Lib\site-packages\OpenGL\raw\GL\REND\__init__.py
Lib\site-packages\OpenGL\raw\GL\S3\s3tc.py
Lib\site-packages\OpenGL\raw\GL\S3\__init__.py
Lib\site-packages\OpenGL\raw\GL\SGI\color_matrix.py
Lib\site-packages\OpenGL\raw\GL\SGI\color_table.py
Lib\site-packages\OpenGL\raw\GL\SGI\depth_pass_instrument.py
Lib\site-packages\OpenGL\raw\GL\SGI\texture_color_table.py
Lib\site-packages\OpenGL\raw\GL\SGI\__init__.py
Lib\site-packages\OpenGL\raw\GL\SGIS\detail_texture.py
Lib\site-packages\OpenGL\raw\GL\SGIS\fog_function.py
Lib\site-packages\OpenGL\raw\GL\SGIS\generate_mipmap.py
Lib\site-packages\OpenGL\raw\GL\SGIS\multisample.py
Lib\site-packages\OpenGL\raw\GL\SGIS\pixel_texture.py
Lib\site-packages\OpenGL\raw\GL\SGIS\point_line_texgen.py
Lib\site-packages\OpenGL\raw\GL\SGIS\point_parameters.py
Lib\site-packages\OpenGL\raw\GL\SGIS\sharpen_texture.py
Lib\site-packages\OpenGL\raw\GL\SGIS\texture4D.py
Lib\site-packages\OpenGL\raw\GL\SGIS\texture_border_clamp.py
Lib\site-packages\OpenGL\raw\GL\SGIS\texture_color_mask.py
Lib\site-packages\OpenGL\raw\GL\SGIS\texture_edge_clamp.py
Lib\site-packages\OpenGL\raw\GL\SGIS\texture_filter4.py
Lib\site-packages\OpenGL\raw\GL\SGIS\texture_lod.py
Lib\site-packages\OpenGL\raw\GL\SGIS\texture_select.py
Lib\site-packages\OpenGL\raw\GL\SGIS\__init__.py
Lib\site-packages\OpenGL\raw\GL\SGIX\async.py
Lib\site-packages\OpenGL\raw\GL\SGIX\async_histogram.py
Lib\site-packages\OpenGL\raw\GL\SGIX\async_pixel.py
Lib\site-packages\OpenGL\raw\GL\SGIX\blend_alpha_minmax.py
Lib\site-packages\OpenGL\raw\GL\SGIX\calligraphic_fragment.py
Lib\site-packages\OpenGL\raw\GL\SGIX\clipmap.py
Lib\site-packages\OpenGL\raw\GL\SGIX\convolution_accuracy.py
Lib\site-packages\OpenGL\raw\GL\SGIX\depth_pass_instrument.py
Lib\site-packages\OpenGL\raw\GL\SGIX\depth_texture.py
Lib\site-packages\OpenGL\raw\GL\SGIX\FfdMask.py
Lib\site-packages\OpenGL\raw\GL\SGIX\flush_raster.py
Lib\site-packages\OpenGL\raw\GL\SGIX\fog_offset.py
Lib\site-packages\OpenGL\raw\GL\SGIX\fog_scale.py
Lib\site-packages\OpenGL\raw\GL\SGIX\fragment_lighting.py
Lib\site-packages\OpenGL\raw\GL\SGIX\framezoom.py
Lib\site-packages\OpenGL\raw\GL\SGIX\igloo_interface.py
Lib\site-packages\OpenGL\raw\GL\SGIX\impact_pixel_texture.py
Lib\site-packages\OpenGL\raw\GL\SGIX\instruments.py
Lib\site-packages\OpenGL\raw\GL\SGIX\interlace.py
Lib\site-packages\OpenGL\raw\GL\SGIX\ir_instrument1.py
Lib\site-packages\OpenGL\raw\GL\SGIX\list_priority.py
Lib\site-packages\OpenGL\raw\GL\SGIX\pixel_texture.py
Lib\site-packages\OpenGL\raw\GL\SGIX\pixel_tiles.py
Lib\site-packages\OpenGL\raw\GL\SGIX\polynomial_ffd.py
Lib\site-packages\OpenGL\raw\GL\SGIX\reference_plane.py
Lib\site-packages\OpenGL\raw\GL\SGIX\resample.py
Lib\site-packages\OpenGL\raw\GL\SGIX\scalebias_hint.py
Lib\site-packages\OpenGL\raw\GL\SGIX\shadow.py
Lib\site-packages\OpenGL\raw\GL\SGIX\shadow_ambient.py
Lib\site-packages\OpenGL\raw\GL\SGIX\sprite.py
Lib\site-packages\OpenGL\raw\GL\SGIX\subsample.py
Lib\site-packages\OpenGL\raw\GL\SGIX\tag_sample_buffer.py
Lib\site-packages\OpenGL\raw\GL\SGIX\texture_add_env.py
Lib\site-packages\OpenGL\raw\GL\SGIX\texture_coordinate_clamp.py
Lib\site-packages\OpenGL\raw\GL\SGIX\texture_lod_bias.py
Lib\site-packages\OpenGL\raw\GL\SGIX\texture_multi_buffer.py
Lib\site-packages\OpenGL\raw\GL\SGIX\texture_scale_bias.py
Lib\site-packages\OpenGL\raw\GL\SGIX\texture_select.py
Lib\site-packages\OpenGL\raw\GL\SGIX\vertex_preclip.py
Lib\site-packages\OpenGL\raw\GL\SGIX\ycrcb.py
Lib\site-packages\OpenGL\raw\GL\SGIX\ycrcba.py
Lib\site-packages\OpenGL\raw\GL\SGIX\ycrcb_subsample.py
Lib\site-packages\OpenGL\raw\GL\SGIX\__init__.py
Lib\site-packages\OpenGL\raw\GL\SUN\convolution_border_modes.py
Lib\site-packages\OpenGL\raw\GL\SUN\global_alpha.py
Lib\site-packages\OpenGL\raw\GL\SUN\mesh_array.py
Lib\site-packages\OpenGL\raw\GL\SUN\slice_accum.py
Lib\site-packages\OpenGL\raw\GL\SUN\triangle_list.py
Lib\site-packages\OpenGL\raw\GL\SUN\vertex.py
Lib\site-packages\OpenGL\raw\GL\SUN\__init__.py
Lib\site-packages\OpenGL\raw\GL\SUNX\constant_data.py
Lib\site-packages\OpenGL\raw\GL\SUNX\__init__.py
Lib\site-packages\OpenGL\raw\GL\VERSION\GL_1_1.py
Lib\site-packages\OpenGL\raw\GL\VERSION\GL_1_2.py
Lib\site-packages\OpenGL\raw\GL\VERSION\GL_1_2_DEPRECATED.py
Lib\site-packages\OpenGL\raw\GL\VERSION\GL_1_3.py
Lib\site-packages\OpenGL\raw\GL\VERSION\GL_1_3_DEPRECATED.py
Lib\site-packages\OpenGL\raw\GL\VERSION\GL_1_4.py
Lib\site-packages\OpenGL\raw\GL\VERSION\GL_1_4_DEPRECATED.py
Lib\site-packages\OpenGL\raw\GL\VERSION\GL_1_5.py
Lib\site-packages\OpenGL\raw\GL\VERSION\GL_1_5_DEPRECATED.py
Lib\site-packages\OpenGL\raw\GL\VERSION\GL_2_0.py
Lib\site-packages\OpenGL\raw\GL\VERSION\GL_2_0_DEPRECATED.py
Lib\site-packages\OpenGL\raw\GL\VERSION\GL_2_1.py
Lib\site-packages\OpenGL\raw\GL\VERSION\GL_2_1_DEPRECATED.py
Lib\site-packages\OpenGL\raw\GL\VERSION\GL_3_0.py
Lib\site-packages\OpenGL\raw\GL\VERSION\GL_3_0_DEPRECATED.py
Lib\site-packages\OpenGL\raw\GL\VERSION\GL_3_1.py
Lib\site-packages\OpenGL\raw\GL\VERSION\GL_3_2.py
Lib\site-packages\OpenGL\raw\GL\VERSION\GL_3_3.py
Lib\site-packages\OpenGL\raw\GL\VERSION\GL_4_0.py
Lib\site-packages\OpenGL\raw\GL\VERSION\GL_4_1.py
Lib\site-packages\OpenGL\raw\GL\VERSION\GL_4_2.py
Lib\site-packages\OpenGL\raw\GL\VERSION\GL_4_3.py
Lib\site-packages\OpenGL\raw\GL\VERSION\__init__.py
Lib\site-packages\OpenGL\raw\GL\WIN\phong_shading.py
Lib\site-packages\OpenGL\raw\GL\WIN\specular_fog.py
Lib\site-packages\OpenGL\raw\GL\WIN\__init__.py
Lib\site-packages\OpenGL\raw\GLE\annotations.py
Lib\site-packages\OpenGL\raw\GLE\constants.py
Lib\site-packages\OpenGL\raw\GLE\__init__.py
Lib\site-packages\OpenGL\raw\GLU\annotations.py
Lib\site-packages\OpenGL\raw\GLU\constants.py
Lib\site-packages\OpenGL\raw\GLU\__init__.py
Lib\site-packages\OpenGL\raw\GLUT\annotations.py
Lib\site-packages\OpenGL\raw\GLUT\constants.py
Lib\site-packages\OpenGL\raw\GLUT\__init__.py
Lib\site-packages\OpenGL\Tk\__init__.py
Lib\site-packages\OpenGL\WGL\__init__.py
Lib\site-packages\PyOpenGL-3.0.2-py2.7.egg-info\dependency_links.txt
Lib\site-packages\PyOpenGL-3.0.2-py2.7.egg-info\PKG-INFO
Lib\site-packages\PyOpenGL-3.0.2-py2.7.egg-info\SOURCES.txt
Lib\site-packages\PyOpenGL-3.0.2-py2.7.egg-info\top_level.txt