# WPPM package installation log
# 
# Package: PyQwt v5.2.1

Lib\site-packages
Lib\site-packages\PyQt4
Lib\site-packages\PyQt4\plugins
Lib\site-packages\PyQt4\Qwt5
Lib\site-packages\PyQt4\uic
Lib\site-packages\PyQt4\plugins\designer
Lib\site-packages\PyQt4\plugins\designer\qwt_designer_plugin5.dll
Lib\site-packages\PyQt4\Qwt5\anynumpy.py
Lib\site-packages\PyQt4\Qwt5\grace.py
Lib\site-packages\PyQt4\Qwt5\iqt.py
Lib\site-packages\PyQt4\Qwt5\qplt.py
Lib\site-packages\PyQt4\Qwt5\Qwt.pyd
Lib\site-packages\PyQt4\Qwt5\_iqt.pyd
Lib\site-packages\PyQt4\Qwt5\__init__.py
Lib\site-packages\PyQt4\uic\widget-plugins
Lib\site-packages\PyQt4\uic\widget-plugins\qwt.py
Lib\site-packages\PyQt4\Qwt5\qt4examples
Lib\site-packages\PyQt4\Qwt5\qt4examples\CVS
Lib\site-packages\PyQt4\Qwt5\qt4examples\.cvsignore
Lib\site-packages\PyQt4\Qwt5\qt4examples\BarPlotDemo.py
Lib\site-packages\PyQt4\Qwt5\qt4examples\BarPlotDemo.pyc
Lib\site-packages\PyQt4\Qwt5\qt4examples\BodeDemo.py
Lib\site-packages\PyQt4\Qwt5\qt4examples\BodeDemo.pyc
Lib\site-packages\PyQt4\Qwt5\qt4examples\CartesianDemo.py
Lib\site-packages\PyQt4\Qwt5\qt4examples\CartesianDemo.pyc
Lib\site-packages\PyQt4\Qwt5\qt4examples\CliDemo.py
Lib\site-packages\PyQt4\Qwt5\qt4examples\CliDemo.pyc
Lib\site-packages\PyQt4\Qwt5\qt4examples\CPUplot.py
Lib\site-packages\PyQt4\Qwt5\qt4examples\CPUplot.pyc
Lib\site-packages\PyQt4\Qwt5\qt4examples\CurveDemo1.py
Lib\site-packages\PyQt4\Qwt5\qt4examples\CurveDemo1.pyc
Lib\site-packages\PyQt4\Qwt5\qt4examples\CurveDemo2.py
Lib\site-packages\PyQt4\Qwt5\qt4examples\CurveDemo2.pyc
Lib\site-packages\PyQt4\Qwt5\qt4examples\CurveDemo3.py
Lib\site-packages\PyQt4\Qwt5\qt4examples\CurveDemo3.pyc
Lib\site-packages\PyQt4\Qwt5\qt4examples\DataDemo.py
Lib\site-packages\PyQt4\Qwt5\qt4examples\DataDemo.pyc
Lib\site-packages\PyQt4\Qwt5\qt4examples\DialDemo.py
Lib\site-packages\PyQt4\Qwt5\qt4examples\DialDemo.pyc
Lib\site-packages\PyQt4\Qwt5\qt4examples\ErrorBarDemo.py
Lib\site-packages\PyQt4\Qwt5\qt4examples\ErrorBarDemo.pyc
Lib\site-packages\PyQt4\Qwt5\qt4examples\EventFilterDemo.py
Lib\site-packages\PyQt4\Qwt5\qt4examples\EventFilterDemo.pyc
Lib\site-packages\PyQt4\Qwt5\qt4examples\Grab.py
Lib\site-packages\PyQt4\Qwt5\qt4examples\HistogramDemo.py
Lib\site-packages\PyQt4\Qwt5\qt4examples\HistogramDemo.pyc
Lib\site-packages\PyQt4\Qwt5\qt4examples\ImagePlotDemo.py
Lib\site-packages\PyQt4\Qwt5\qt4examples\ImagePlotDemo.pyc
Lib\site-packages\PyQt4\Qwt5\qt4examples\MapDemo.py
Lib\site-packages\PyQt4\Qwt5\qt4examples\MapDemo.pyc
Lib\site-packages\PyQt4\Qwt5\qt4examples\MaskedDataDemo.py
Lib\site-packages\PyQt4\Qwt5\qt4examples\MaskedDataDemo.pyc
Lib\site-packages\PyQt4\Qwt5\qt4examples\MultiDemo.py
Lib\site-packages\PyQt4\Qwt5\qt4examples\MultiDemo.pyc
Lib\site-packages\PyQt4\Qwt5\qt4examples\PickerDemo.py
Lib\site-packages\PyQt4\Qwt5\qt4examples\PickerDemo.pyc
Lib\site-packages\PyQt4\Qwt5\qt4examples\py2html.py
Lib\site-packages\PyQt4\Qwt5\qt4examples\PyFontify.py
Lib\site-packages\PyQt4\Qwt5\qt4examples\RadioDemo.py
Lib\site-packages\PyQt4\Qwt5\qt4examples\RadioDemo.pyc
Lib\site-packages\PyQt4\Qwt5\qt4examples\ReallySimpleDemo.py
Lib\site-packages\PyQt4\Qwt5\qt4examples\ReallySimpleDemo.pyc
Lib\site-packages\PyQt4\Qwt5\qt4examples\SimpleDemo.py
Lib\site-packages\PyQt4\Qwt5\qt4examples\SimpleDemo.pyc
Lib\site-packages\PyQt4\Qwt5\qt4examples\SliderDemo.py
Lib\site-packages\PyQt4\Qwt5\qt4examples\SliderDemo.pyc
Lib\site-packages\PyQt4\Qwt5\qt4examples\SpectrogramDemo.py
Lib\site-packages\PyQt4\Qwt5\qt4examples\SpectrogramDemo.pyc
Lib\site-packages\PyQt4\Qwt5\qt4examples\CVS\Entries
Lib\site-packages\PyQt4\Qwt5\qt4examples\CVS\Repository
Lib\site-packages\PyQt4\Qwt5\qt4examples\CVS\Root