# WPPM package installation log
# 
# Package: PyVISA v1.3

Lib\site-packages\pyvisa
Lib\site-packages\PyVISA-1.3-py2.7.egg-info
Lib\site-packages\visa.py
Lib\site-packages\pyvisa\visa.py
Lib\site-packages\pyvisa\visa_attributes.py
Lib\site-packages\pyvisa\visa_exceptions.py
Lib\site-packages\pyvisa\visa_messages.py
Lib\site-packages\pyvisa\visa_study.py
Lib\site-packages\pyvisa\vpp43.py
Lib\site-packages\pyvisa\vpp43_attributes.py
Lib\site-packages\pyvisa\vpp43_constants.py
Lib\site-packages\pyvisa\vpp43_types.py
Lib\site-packages\pyvisa\__init__.py
Lib\site-packages\PyVISA-1.3-py2.7.egg-info\dependency_links.txt
Lib\site-packages\PyVISA-1.3-py2.7.egg-info\depends.txt
Lib\site-packages\PyVISA-1.3-py2.7.egg-info\PKG-INFO
Lib\site-packages\PyVISA-1.3-py2.7.egg-info\SOURCES.txt
Lib\site-packages\PyVISA-1.3-py2.7.egg-info\top_level.txt