# WPPM package installation log
# 
# Package: pyzmq v2.2.0.1

Lib\site-packages\zmq
Lib\site-packages\pyzmq-2.2.0.1-py2.7.egg-info
Lib\site-packages\zmq\core
Lib\site-packages\zmq\devices
Lib\site-packages\zmq\eventloop
Lib\site-packages\zmq\green
Lib\site-packages\zmq\log
Lib\site-packages\zmq\ssh
Lib\site-packages\zmq\tests
Lib\site-packages\zmq\utils
Lib\site-packages\zmq\web
Lib\site-packages\zmq\libzmq.dll
Lib\site-packages\zmq\__init__.py
Lib\site-packages\zmq\core\constants.pyd
Lib\site-packages\zmq\core\context.pxd
Lib\site-packages\zmq\core\context.pyd
Lib\site-packages\zmq\core\device.pyd
Lib\site-packages\zmq\core\error.pyd
Lib\site-packages\zmq\core\libzmq.pxd
Lib\site-packages\zmq\core\message.pxd
Lib\site-packages\zmq\core\message.pyd
Lib\site-packages\zmq\core\poll.py
Lib\site-packages\zmq\core\pysocket.py
Lib\site-packages\zmq\core\socket.pxd
Lib\site-packages\zmq\core\socket.pyd
Lib\site-packages\zmq\core\stopwatch.pxd
Lib\site-packages\zmq\core\stopwatch.pyd
Lib\site-packages\zmq\core\version.py
Lib\site-packages\zmq\core\_poll.pyd
Lib\site-packages\zmq\core\_version.pyd
Lib\site-packages\zmq\core\__init__.py
Lib\site-packages\zmq\devices\basedevice.py
Lib\site-packages\zmq\devices\monitoredqueue.pxd
Lib\site-packages\zmq\devices\monitoredqueue.pyd
Lib\site-packages\zmq\devices\monitoredqueuedevice.py
Lib\site-packages\zmq\devices\__init__.py
Lib\site-packages\zmq\eventloop\platform
Lib\site-packages\zmq\eventloop\ioloop.py
Lib\site-packages\zmq\eventloop\stack_context.py
Lib\site-packages\zmq\eventloop\zmqstream.py
Lib\site-packages\zmq\eventloop\__init__.py
Lib\site-packages\zmq\eventloop\platform\auto.py
Lib\site-packages\zmq\eventloop\platform\posix.py
Lib\site-packages\zmq\eventloop\platform\windows.py
Lib\site-packages\zmq\eventloop\platform\__init__.py
Lib\site-packages\zmq\green\core.py
Lib\site-packages\zmq\green\poll.py
Lib\site-packages\zmq\green\__init__.py
Lib\site-packages\zmq\log\handlers.py
Lib\site-packages\zmq\log\__init__.py
Lib\site-packages\zmq\ssh\forward.py
Lib\site-packages\zmq\ssh\tunnel.py
Lib\site-packages\zmq\ssh\__init__.py
Lib\site-packages\zmq\tests\test_context.py
Lib\site-packages\zmq\tests\test_device.py
Lib\site-packages\zmq\tests\test_error.py
Lib\site-packages\zmq\tests\test_imports.py
Lib\site-packages\zmq\tests\test_ioloop.py
Lib\site-packages\zmq\tests\test_log.py
Lib\site-packages\zmq\tests\test_message.py
Lib\site-packages\zmq\tests\test_monqueue.py
Lib\site-packages\zmq\tests\test_multipart.py
Lib\site-packages\zmq\tests\test_pair.py
Lib\site-packages\zmq\tests\test_poll.py
Lib\site-packages\zmq\tests\test_pubsub.py
Lib\site-packages\zmq\tests\test_reqrep.py
Lib\site-packages\zmq\tests\test_socket.py
Lib\site-packages\zmq\tests\test_stopwatch.py
Lib\site-packages\zmq\tests\test_version.py
Lib\site-packages\zmq\tests\test_web.py
Lib\site-packages\zmq\tests\test_zmqstream.py
Lib\site-packages\zmq\tests\__init__.py
Lib\site-packages\zmq\utils\allocate.h
Lib\site-packages\zmq\utils\buffers.pxd
Lib\site-packages\zmq\utils\initthreads.pyd
Lib\site-packages\zmq\utils\ipcmaxlen.h
Lib\site-packages\zmq\utils\jsonapi.py
Lib\site-packages\zmq\utils\pyversion_compat.h
Lib\site-packages\zmq\utils\rebuffer.pyd
Lib\site-packages\zmq\utils\strtypes.py
Lib\site-packages\zmq\utils\zmq_compat.h
Lib\site-packages\zmq\utils\__init__.py
Lib\site-packages\zmq\web\proxy.py
Lib\site-packages\zmq\web\zmqweb.py
Lib\site-packages\zmq\web\__init__.py