# WPPM package installation log
# 
# Package: reportlab v2.6

Lib\site-packages\reportlab
Lib\site-packages\pyHnj.pyd
Lib\site-packages\reportlab-2.6-py2.7.egg-info
Lib\site-packages\sgmlop.pyd
Lib\site-packages\_renderPM.pyd
Lib\site-packages\_rl_accel.pyd
Lib\site-packages\reportlab\fonts
Lib\site-packages\reportlab\graphics
Lib\site-packages\reportlab\lib
Lib\site-packages\reportlab\pdfbase
Lib\site-packages\reportlab\pdfgen
Lib\site-packages\reportlab\platypus
Lib\site-packages\reportlab\rl_config.py
Lib\site-packages\reportlab\__init__.py
Lib\site-packages\reportlab\fonts\00readme.txt
Lib\site-packages\reportlab\fonts\bitstream-vera-license.txt
Lib\site-packages\reportlab\fonts\cobo____.pfb
Lib\site-packages\reportlab\fonts\cob_____.pfb
Lib\site-packages\reportlab\fonts\com_____.pfb
Lib\site-packages\reportlab\fonts\coo_____.pfb
Lib\site-packages\reportlab\fonts\DarkGarden-copying-gpl.txt
Lib\site-packages\reportlab\fonts\DarkGarden-copying.txt
Lib\site-packages\reportlab\fonts\DarkGarden-readme.txt
Lib\site-packages\reportlab\fonts\DarkGarden.sfd
Lib\site-packages\reportlab\fonts\DarkGardenMK.afm
Lib\site-packages\reportlab\fonts\DarkGardenMK.pfb
Lib\site-packages\reportlab\fonts\sy______.pfb
Lib\site-packages\reportlab\fonts\Vera.ttf
Lib\site-packages\reportlab\fonts\VeraBd.ttf
Lib\site-packages\reportlab\fonts\VeraBI.ttf
Lib\site-packages\reportlab\fonts\VeraIt.ttf
Lib\site-packages\reportlab\fonts\zd______.pfb
Lib\site-packages\reportlab\fonts\zx______.pfb
Lib\site-packages\reportlab\fonts\zy______.pfb
Lib\site-packages\reportlab\fonts\_abi____.pfb
Lib\site-packages\reportlab\fonts\_ab_____.pfb
Lib\site-packages\reportlab\fonts\_ai_____.pfb
Lib\site-packages\reportlab\fonts\_a______.pfb
Lib\site-packages\reportlab\fonts\_ebi____.pfb
Lib\site-packages\reportlab\fonts\_eb_____.pfb
Lib\site-packages\reportlab\fonts\_ei_____.pfb
Lib\site-packages\reportlab\fonts\_er_____.pfb
Lib\site-packages\reportlab\graphics\barcode
Lib\site-packages\reportlab\graphics\charts
Lib\site-packages\reportlab\graphics\samples
Lib\site-packages\reportlab\graphics\widgets
Lib\site-packages\reportlab\graphics\renderbase.py
Lib\site-packages\reportlab\graphics\renderPDF.py
Lib\site-packages\reportlab\graphics\renderPM.py
Lib\site-packages\reportlab\graphics\renderPS.py
Lib\site-packages\reportlab\graphics\renderSVG.py
Lib\site-packages\reportlab\graphics\shapes.py
Lib\site-packages\reportlab\graphics\testdrawings.py
Lib\site-packages\reportlab\graphics\testshapes.py
Lib\site-packages\reportlab\graphics\widgetbase.py
Lib\site-packages\reportlab\graphics\__init__.py
Lib\site-packages\reportlab\graphics\barcode\code128.py
Lib\site-packages\reportlab\graphics\barcode\code39.py
Lib\site-packages\reportlab\graphics\barcode\code93.py
Lib\site-packages\reportlab\graphics\barcode\common.py
Lib\site-packages\reportlab\graphics\barcode\eanbc.py
Lib\site-packages\reportlab\graphics\barcode\fourstate.py
Lib\site-packages\reportlab\graphics\barcode\lto.py
Lib\site-packages\reportlab\graphics\barcode\qr.py
Lib\site-packages\reportlab\graphics\barcode\test.py
Lib\site-packages\reportlab\graphics\barcode\usps.py
Lib\site-packages\reportlab\graphics\barcode\usps4s.py
Lib\site-packages\reportlab\graphics\barcode\widgets.py
Lib\site-packages\reportlab\graphics\barcode\__init__.py
Lib\site-packages\reportlab\graphics\charts\areas.py
Lib\site-packages\reportlab\graphics\charts\axes.py
Lib\site-packages\reportlab\graphics\charts\barcharts.py
Lib\site-packages\reportlab\graphics\charts\dotbox.py
Lib\site-packages\reportlab\graphics\charts\doughnut.py
Lib\site-packages\reportlab\graphics\charts\legends.py
Lib\site-packages\reportlab\graphics\charts\linecharts.py
Lib\site-packages\reportlab\graphics\charts\lineplots.py
Lib\site-packages\reportlab\graphics\charts\markers.py
Lib\site-packages\reportlab\graphics\charts\piecharts.py
Lib\site-packages\reportlab\graphics\charts\slidebox.py
Lib\site-packages\reportlab\graphics\charts\spider.py
Lib\site-packages\reportlab\graphics\charts\textlabels.py
Lib\site-packages\reportlab\graphics\charts\utils.py
Lib\site-packages\reportlab\graphics\charts\utils3d.py
Lib\site-packages\reportlab\graphics\charts\__init__.py
Lib\site-packages\reportlab\graphics\samples\bubble.py
Lib\site-packages\reportlab\graphics\samples\clustered_bar.py
Lib\site-packages\reportlab\graphics\samples\clustered_column.py
Lib\site-packages\reportlab\graphics\samples\excelcolors.py
Lib\site-packages\reportlab\graphics\samples\exploded_pie.py
Lib\site-packages\reportlab\graphics\samples\filled_radar.py
Lib\site-packages\reportlab\graphics\samples\linechart_with_markers.py
Lib\site-packages\reportlab\graphics\samples\line_chart.py
Lib\site-packages\reportlab\graphics\samples\radar.py
Lib\site-packages\reportlab\graphics\samples\runall.py
Lib\site-packages\reportlab\graphics\samples\scatter.py
Lib\site-packages\reportlab\graphics\samples\scatter_lines.py
Lib\site-packages\reportlab\graphics\samples\scatter_lines_markers.py
Lib\site-packages\reportlab\graphics\samples\simple_pie.py
Lib\site-packages\reportlab\graphics\samples\stacked_bar.py
Lib\site-packages\reportlab\graphics\samples\stacked_column.py
Lib\site-packages\reportlab\graphics\samples\__init__.py
Lib\site-packages\reportlab\graphics\widgets\eventcal.py
Lib\site-packages\reportlab\graphics\widgets\flags.py
Lib\site-packages\reportlab\graphics\widgets\grids.py
Lib\site-packages\reportlab\graphics\widgets\markers.py
Lib\site-packages\reportlab\graphics\widgets\signsandsymbols.py
Lib\site-packages\reportlab\graphics\widgets\table.py
Lib\site-packages\reportlab\graphics\widgets\__init__.py
Lib\site-packages\reportlab\lib\abag.py
Lib\site-packages\reportlab\lib\arciv.py
Lib\site-packages\reportlab\lib\attrmap.py
Lib\site-packages\reportlab\lib\boxstuff.py
Lib\site-packages\reportlab\lib\codecharts.py
Lib\site-packages\reportlab\lib\colors.py
Lib\site-packages\reportlab\lib\corp.py
Lib\site-packages\reportlab\lib\enums.py
Lib\site-packages\reportlab\lib\extformat.py
Lib\site-packages\reportlab\lib\fontfinder.py
Lib\site-packages\reportlab\lib\fonts.py
Lib\site-packages\reportlab\lib\formatters.py
Lib\site-packages\reportlab\lib\geomutils.py
Lib\site-packages\reportlab\lib\hyphen.mashed
Lib\site-packages\reportlab\lib\logger.py
Lib\site-packages\reportlab\lib\normalDate.py
Lib\site-packages\reportlab\lib\pagesizes.py
Lib\site-packages\reportlab\lib\pdfencrypt.py
Lib\site-packages\reportlab\lib\PyFontify.py
Lib\site-packages\reportlab\lib\pygments2xpre.py
Lib\site-packages\reportlab\lib\randomtext.py
Lib\site-packages\reportlab\lib\rltempfile.py
Lib\site-packages\reportlab\lib\rparsexml.py
Lib\site-packages\reportlab\lib\sequencer.py
Lib\site-packages\reportlab\lib\set_ops.py
Lib\site-packages\reportlab\lib\styles.py
Lib\site-packages\reportlab\lib\testutils.py
Lib\site-packages\reportlab\lib\textsplit.py
Lib\site-packages\reportlab\lib\units.py
Lib\site-packages\reportlab\lib\utils.py
Lib\site-packages\reportlab\lib\validators.py
Lib\site-packages\reportlab\lib\xmllib.py
Lib\site-packages\reportlab\lib\yaml.py
Lib\site-packages\reportlab\lib\__init__.py
Lib\site-packages\reportlab\pdfbase\cidfonts.py
Lib\site-packages\reportlab\pdfbase\pdfdoc.py
Lib\site-packages\reportlab\pdfbase\pdfform.py
Lib\site-packages\reportlab\pdfbase\pdfmetrics.py
Lib\site-packages\reportlab\pdfbase\pdfpattern.py
Lib\site-packages\reportlab\pdfbase\pdfutils.py
Lib\site-packages\reportlab\pdfbase\rl_codecs.py
Lib\site-packages\reportlab\pdfbase\ttfonts.py
Lib\site-packages\reportlab\pdfbase\_can_cmap_data.py
Lib\site-packages\reportlab\pdfbase\_cidfontdata.py
Lib\site-packages\reportlab\pdfbase\_fontdata.py
Lib\site-packages\reportlab\pdfbase\_fontdata_enc_macexpert.py
Lib\site-packages\reportlab\pdfbase\_fontdata_enc_macroman.py
Lib\site-packages\reportlab\pdfbase\_fontdata_enc_pdfdoc.py
Lib\site-packages\reportlab\pdfbase\_fontdata_enc_standard.py
Lib\site-packages\reportlab\pdfbase\_fontdata_enc_symbol.py
Lib\site-packages\reportlab\pdfbase\_fontdata_enc_winansi.py
Lib\site-packages\reportlab\pdfbase\_fontdata_enc_zapfdingbats.py
Lib\site-packages\reportlab\pdfbase\_fontdata_widths_courier.py
Lib\site-packages\reportlab\pdfbase\_fontdata_widths_courierbold.py
Lib\site-packages\reportlab\pdfbase\_fontdata_widths_courierboldoblique.py
Lib\site-packages\reportlab\pdfbase\_fontdata_widths_courieroblique.py
Lib\site-packages\reportlab\pdfbase\_fontdata_widths_helvetica.py
Lib\site-packages\reportlab\pdfbase\_fontdata_widths_helveticabold.py
Lib\site-packages\reportlab\pdfbase\_fontdata_widths_helveticaboldoblique.py
Lib\site-packages\reportlab\pdfbase\_fontdata_widths_helveticaoblique.py
Lib\site-packages\reportlab\pdfbase\_fontdata_widths_symbol.py
Lib\site-packages\reportlab\pdfbase\_fontdata_widths_timesbold.py
Lib\site-packages\reportlab\pdfbase\_fontdata_widths_timesbolditalic.py
Lib\site-packages\reportlab\pdfbase\_fontdata_widths_timesitalic.py
Lib\site-packages\reportlab\pdfbase\_fontdata_widths_timesroman.py
Lib\site-packages\reportlab\pdfbase\_fontdata_widths_zapfdingbats.py
Lib\site-packages\reportlab\pdfbase\__init__.py
Lib\site-packages\reportlab\pdfgen\canvas.py
Lib\site-packages\reportlab\pdfgen\pathobject.py
Lib\site-packages\reportlab\pdfgen\pdfgeom.py
Lib\site-packages\reportlab\pdfgen\pdfimages.py
Lib\site-packages\reportlab\pdfgen\pycanvas.py
Lib\site-packages\reportlab\pdfgen\textobject.py
Lib\site-packages\reportlab\pdfgen\__init__.py
Lib\site-packages\reportlab\platypus\doctemplate.py
Lib\site-packages\reportlab\platypus\figures.py
Lib\site-packages\reportlab\platypus\flowables.py
Lib\site-packages\reportlab\platypus\frames.py
Lib\site-packages\reportlab\platypus\para.py
Lib\site-packages\reportlab\platypus\paragraph.py
Lib\site-packages\reportlab\platypus\paraparser.py
Lib\site-packages\reportlab\platypus\tableofcontents.py
Lib\site-packages\reportlab\platypus\tables.py
Lib\site-packages\reportlab\platypus\xpreformatted.py
Lib\site-packages\reportlab\platypus\__init__.py