# WPPM package installation log
# 
# Package: rst2pdf v0.92

Lib\site-packages\rst2pdf
Lib\site-packages\rst2pdf-0.92-py2.7.egg-info
Lib\site-packages\rst2pdf\extensions
Lib\site-packages\rst2pdf\images
Lib\site-packages\rst2pdf\styles
Lib\site-packages\rst2pdf\templates
Lib\site-packages\rst2pdf\tests
Lib\site-packages\rst2pdf\aafigure_directive.py
Lib\site-packages\rst2pdf\basenodehandler.py
Lib\site-packages\rst2pdf\config.py
Lib\site-packages\rst2pdf\counter_role.py
Lib\site-packages\rst2pdf\createpdf.py
Lib\site-packages\rst2pdf\dumpstyle.py
Lib\site-packages\rst2pdf\findfonts.py
Lib\site-packages\rst2pdf\flowables.py
Lib\site-packages\rst2pdf\genelements.py
Lib\site-packages\rst2pdf\genpdftext.py
Lib\site-packages\rst2pdf\image.py
Lib\site-packages\rst2pdf\languages.py
Lib\site-packages\rst2pdf\log.py
Lib\site-packages\rst2pdf\math_directive.py
Lib\site-packages\rst2pdf\math_flowable.py
Lib\site-packages\rst2pdf\nodehandlers.py
Lib\site-packages\rst2pdf\oddeven_directive.py
Lib\site-packages\rst2pdf\opt_imports.py
Lib\site-packages\rst2pdf\pdfbuilder.py
Lib\site-packages\rst2pdf\pygments2json.py
Lib\site-packages\rst2pdf\pygments2style.py
Lib\site-packages\rst2pdf\pygments_code_block_directive.py
Lib\site-packages\rst2pdf\rson.py
Lib\site-packages\rst2pdf\sectnumlinks.py
Lib\site-packages\rst2pdf\sinker.py
Lib\site-packages\rst2pdf\smartypants.py
Lib\site-packages\rst2pdf\sphinxnodes.py
Lib\site-packages\rst2pdf\styles.py
Lib\site-packages\rst2pdf\svgimage.py
Lib\site-packages\rst2pdf\tenjin.py
Lib\site-packages\rst2pdf\uniconvsaver.py
Lib\site-packages\rst2pdf\utils.py
Lib\site-packages\rst2pdf\writer.py
Lib\site-packages\rst2pdf\__init__.py
Lib\site-packages\rst2pdf\extensions\vectorpdf
Lib\site-packages\rst2pdf\extensions\dotted_toc.py
Lib\site-packages\rst2pdf\extensions\fancytitles.py
Lib\site-packages\rst2pdf\extensions\inkscape_r2p.py
Lib\site-packages\rst2pdf\extensions\plantuml.py
Lib\site-packages\rst2pdf\extensions\preprocess_r2p.py
Lib\site-packages\rst2pdf\extensions\sample.py
Lib\site-packages\rst2pdf\extensions\__init__.py
Lib\site-packages\rst2pdf\extensions\vectorpdf\pdfrw
Lib\site-packages\rst2pdf\extensions\vectorpdf\__init__.py
Lib\site-packages\rst2pdf\extensions\vectorpdf\pdfrw\buildxobj.py
Lib\site-packages\rst2pdf\extensions\vectorpdf\pdfrw\pdfcompress.py
Lib\site-packages\rst2pdf\extensions\vectorpdf\pdfrw\pdfobjects.py
Lib\site-packages\rst2pdf\extensions\vectorpdf\pdfrw\pdfreader.py
Lib\site-packages\rst2pdf\extensions\vectorpdf\pdfrw\pdftokens.py
Lib\site-packages\rst2pdf\extensions\vectorpdf\pdfrw\pdfwriter.py
Lib\site-packages\rst2pdf\extensions\vectorpdf\pdfrw\toreportlab.py
Lib\site-packages\rst2pdf\extensions\vectorpdf\pdfrw\__init__.py
Lib\site-packages\rst2pdf\images\image-missing.jpg
Lib\site-packages\rst2pdf\images\image-missing.png
Lib\site-packages\rst2pdf\styles\11x17.style
Lib\site-packages\rst2pdf\styles\a0.style
Lib\site-packages\rst2pdf\styles\a1-landscape.style
Lib\site-packages\rst2pdf\styles\a1.style
Lib\site-packages\rst2pdf\styles\a2-landscape.style
Lib\site-packages\rst2pdf\styles\a2.style
Lib\site-packages\rst2pdf\styles\a3-landscape.style
Lib\site-packages\rst2pdf\styles\a3.style
Lib\site-packages\rst2pdf\styles\a4-landscape.style
Lib\site-packages\rst2pdf\styles\a4.style
Lib\site-packages\rst2pdf\styles\a5-landscape.style
Lib\site-packages\rst2pdf\styles\a5.style
Lib\site-packages\rst2pdf\styles\a6-landscape.style
Lib\site-packages\rst2pdf\styles\a6.style
Lib\site-packages\rst2pdf\styles\autumn.style
Lib\site-packages\rst2pdf\styles\b0.style
Lib\site-packages\rst2pdf\styles\b1-landscape.style
Lib\site-packages\rst2pdf\styles\b1.style
Lib\site-packages\rst2pdf\styles\b2-landscape.style
Lib\site-packages\rst2pdf\styles\b2.style
Lib\site-packages\rst2pdf\styles\b3-landscape.style
Lib\site-packages\rst2pdf\styles\b3.style
Lib\site-packages\rst2pdf\styles\b4-landscape.style
Lib\site-packages\rst2pdf\styles\b4.style
Lib\site-packages\rst2pdf\styles\b5-landscape.style
Lib\site-packages\rst2pdf\styles\b5.style
Lib\site-packages\rst2pdf\styles\b6-landscape.style
Lib\site-packages\rst2pdf\styles\b6.style
Lib\site-packages\rst2pdf\styles\borland.style
Lib\site-packages\rst2pdf\styles\bw.style
Lib\site-packages\rst2pdf\styles\colorful.style
Lib\site-packages\rst2pdf\styles\debugtables.style
Lib\site-packages\rst2pdf\styles\default.style
Lib\site-packages\rst2pdf\styles\dejavu.style
Lib\site-packages\rst2pdf\styles\double-sided.style
Lib\site-packages\rst2pdf\styles\eightpoint.style
Lib\site-packages\rst2pdf\styles\emacs.style
Lib\site-packages\rst2pdf\styles\freetype-sans.style
Lib\site-packages\rst2pdf\styles\freetype-serif.style
Lib\site-packages\rst2pdf\styles\friendly.style
Lib\site-packages\rst2pdf\styles\fruity.style
Lib\site-packages\rst2pdf\styles\kerning.style
Lib\site-packages\rst2pdf\styles\legal.style
Lib\site-packages\rst2pdf\styles\letter-landscape.style
Lib\site-packages\rst2pdf\styles\letter.style
Lib\site-packages\rst2pdf\styles\manni.style
Lib\site-packages\rst2pdf\styles\monokai.style
Lib\site-packages\rst2pdf\styles\murphy.style
Lib\site-packages\rst2pdf\styles\native.style
Lib\site-packages\rst2pdf\styles\no-compact-lists.style
Lib\site-packages\rst2pdf\styles\pastie.style
Lib\site-packages\rst2pdf\styles\perldoc.style
Lib\site-packages\rst2pdf\styles\serif.style
Lib\site-packages\rst2pdf\styles\sphinx.style
Lib\site-packages\rst2pdf\styles\styles.style
Lib\site-packages\rst2pdf\styles\tango.style
Lib\site-packages\rst2pdf\styles\tenpoint.style
Lib\site-packages\rst2pdf\styles\trac.style
Lib\site-packages\rst2pdf\styles\twelvepoint.style
Lib\site-packages\rst2pdf\styles\twocolumn.style
Lib\site-packages\rst2pdf\styles\vs.style
Lib\site-packages\rst2pdf\templates\cover.tmpl
Lib\site-packages\rst2pdf\templates\sphinxcover.tmpl
Lib\site-packages\rst2pdf\tests\autotest.py
Lib\site-packages\rst2pdf\tests\execmgr.py
Lib\site-packages\rst2pdf\tests\htmllog.py
Lib\site-packages\rst2pdf\tests\local_rl_config.py
Lib\site-packages\rst2pdf\tests\migrate_checksums.py
Lib\site-packages\rst2pdf\tests\parselogs.py
Lib\site-packages\rst2pdf\tests\profilerun.py
Lib\site-packages\rst2pdf\tests\pythonpaths.py
Lib\site-packages\rst2pdf\tests\setmd5.py
Lib\site-packages\rst2pdf\tests\test.py
Lib\site-packages\rst2pdf\tests\zinspector12.py
Lib\site-packages\rst2pdf\tests\__init__.py
Lib\site-packages\rst2pdf-0.92-py2.7.egg-info\dependency_links.txt
Lib\site-packages\rst2pdf-0.92-py2.7.egg-info\entry_points.txt
Lib\site-packages\rst2pdf-0.92-py2.7.egg-info\PKG-INFO
Lib\site-packages\rst2pdf-0.92-py2.7.egg-info\requires.txt
Lib\site-packages\rst2pdf-0.92-py2.7.egg-info\SOURCES.txt
Lib\site-packages\rst2pdf-0.92-py2.7.egg-info\top_level.txt
Scripts\rst2pdf-script.py
Scripts\rst2pdf-script.bat
Scripts\rst2pdf.exe