# WPPM package installation log
# 
# Package: scikits.audiolab v0.11.0

Lib\site-packages\scikits
Lib\site-packages\scikits.audiolab-0.11.0-py2.7.egg-info
Lib\site-packages\scikits.audiolab-0.11.0-py2.7-nspkg.pth
Lib\site-packages\scikits\audiolab
Lib\site-packages\scikits\__init__.py
Lib\site-packages\scikits\audiolab\pysndfile
Lib\site-packages\scikits\audiolab\soundio
Lib\site-packages\scikits\audiolab\tests
Lib\site-packages\scikits\audiolab\test_data
Lib\site-packages\scikits\audiolab\info.py
Lib\site-packages\scikits\audiolab\setup.py
Lib\site-packages\scikits\audiolab\version.py
Lib\site-packages\scikits\audiolab\__init__.py
Lib\site-packages\scikits\audiolab\pysndfile\compat.py
Lib\site-packages\scikits\audiolab\pysndfile\libsndfile-1.dll
Lib\site-packages\scikits\audiolab\pysndfile\libsndfile-license.txt
Lib\site-packages\scikits\audiolab\pysndfile\matapi.py
Lib\site-packages\scikits\audiolab\pysndfile\setup.py
Lib\site-packages\scikits\audiolab\pysndfile\setuphelp.py
Lib\site-packages\scikits\audiolab\pysndfile\sndfile.py
Lib\site-packages\scikits\audiolab\pysndfile\_sndfile.pyd
Lib\site-packages\scikits\audiolab\pysndfile\__init__.py
Lib\site-packages\scikits\audiolab\soundio\play.py
Lib\site-packages\scikits\audiolab\soundio\setup.py
Lib\site-packages\scikits\audiolab\soundio\setuphelp.py
Lib\site-packages\scikits\audiolab\soundio\__init__.py
Lib\site-packages\scikits\audiolab\tests\testcommon.py
Lib\site-packages\scikits\audiolab\tests\test_matapi.py
Lib\site-packages\scikits\audiolab\tests\test_pysndfile.py
Lib\site-packages\scikits\audiolab\tests\test_sndfile.py
Lib\site-packages\scikits\audiolab\tests\__init__.py
Lib\site-packages\scikits\audiolab\test_data\test.au
Lib\site-packages\scikits\audiolab\test_data\test.flac
Lib\site-packages\scikits\audiolab\test_data\test.raw
Lib\site-packages\scikits\audiolab\test_data\test.sdif
Lib\site-packages\scikits\audiolab\test_data\test.wav
Lib\site-packages\scikits.audiolab-0.11.0-py2.7.egg-info\dependency_links.txt
Lib\site-packages\scikits.audiolab-0.11.0-py2.7.egg-info\namespace_packages.txt
Lib\site-packages\scikits.audiolab-0.11.0-py2.7.egg-info\not-zip-safe
Lib\site-packages\scikits.audiolab-0.11.0-py2.7.egg-info\PKG-INFO
Lib\site-packages\scikits.audiolab-0.11.0-py2.7.egg-info\requires.txt
Lib\site-packages\scikits.audiolab-0.11.0-py2.7.egg-info\SOURCES.txt
Lib\site-packages\scikits.audiolab-0.11.0-py2.7.egg-info\top_level.txt