# WPPM package installation log
# 
# Package: scikit-learn v0.13

Lib\site-packages\scikit_learn-0.13-py2.7.egg-info
Lib\site-packages\sklearn
Lib\site-packages\scikit_learn-0.13-py2.7.egg-info\dependency_links.txt
Lib\site-packages\scikit_learn-0.13-py2.7.egg-info\not-zip-safe
Lib\site-packages\scikit_learn-0.13-py2.7.egg-info\PKG-INFO
Lib\site-packages\scikit_learn-0.13-py2.7.egg-info\SOURCES.txt
Lib\site-packages\scikit_learn-0.13-py2.7.egg-info\top_level.txt
Lib\site-packages\sklearn\cluster
Lib\site-packages\sklearn\covariance
Lib\site-packages\sklearn\datasets
Lib\site-packages\sklearn\decomposition
Lib\site-packages\sklearn\ensemble
Lib\site-packages\sklearn\externals
Lib\site-packages\sklearn\feature_extraction
Lib\site-packages\sklearn\feature_selection
Lib\site-packages\sklearn\gaussian_process
Lib\site-packages\sklearn\linear_model
Lib\site-packages\sklearn\manifold
Lib\site-packages\sklearn\metrics
Lib\site-packages\sklearn\mixture
Lib\site-packages\sklearn\neighbors
Lib\site-packages\sklearn\semi_supervised
Lib\site-packages\sklearn\svm
Lib\site-packages\sklearn\tests
Lib\site-packages\sklearn\tree
Lib\site-packages\sklearn\utils
Lib\site-packages\sklearn\__check_build
Lib\site-packages\sklearn\base.py
Lib\site-packages\sklearn\cross_validation.py
Lib\site-packages\sklearn\dummy.py
Lib\site-packages\sklearn\grid_search.py
Lib\site-packages\sklearn\hmm.py
Lib\site-packages\sklearn\isotonic.py
Lib\site-packages\sklearn\kernel_approximation.py
Lib\site-packages\sklearn\lda.py
Lib\site-packages\sklearn\multiclass.py
Lib\site-packages\sklearn\naive_bayes.py
Lib\site-packages\sklearn\pipeline.py
Lib\site-packages\sklearn\pls.py
Lib\site-packages\sklearn\preprocessing.py
Lib\site-packages\sklearn\qda.py
Lib\site-packages\sklearn\random_projection.py
Lib\site-packages\sklearn\setup.py
Lib\site-packages\sklearn\test_setup.py
Lib\site-packages\sklearn\_build_utils.py
Lib\site-packages\sklearn\_hmmc.pyd
Lib\site-packages\sklearn\__init__.py
Lib\site-packages\sklearn\cluster\tests
Lib\site-packages\sklearn\cluster\affinity_propagation_.py
Lib\site-packages\sklearn\cluster\dbscan_.py
Lib\site-packages\sklearn\cluster\hierarchical.py
Lib\site-packages\sklearn\cluster\k_means_.py
Lib\site-packages\sklearn\cluster\mean_shift_.py
Lib\site-packages\sklearn\cluster\setup.py
Lib\site-packages\sklearn\cluster\spectral.py
Lib\site-packages\sklearn\cluster\_feature_agglomeration.py
Lib\site-packages\sklearn\cluster\_hierarchical.pyd
Lib\site-packages\sklearn\cluster\_k_means.pyd
Lib\site-packages\sklearn\cluster\__init__.py
Lib\site-packages\sklearn\cluster\tests\common.py
Lib\site-packages\sklearn\cluster\tests\test_affinity_propagation.py
Lib\site-packages\sklearn\cluster\tests\test_dbscan.py
Lib\site-packages\sklearn\cluster\tests\test_hierarchical.py
Lib\site-packages\sklearn\cluster\tests\test_k_means.py
Lib\site-packages\sklearn\cluster\tests\test_mean_shift.py
Lib\site-packages\sklearn\cluster\tests\test_spectral.py
Lib\site-packages\sklearn\cluster\tests\__init__.py
Lib\site-packages\sklearn\covariance\tests
Lib\site-packages\sklearn\covariance\empirical_covariance_.py
Lib\site-packages\sklearn\covariance\graph_lasso_.py
Lib\site-packages\sklearn\covariance\outlier_detection.py
Lib\site-packages\sklearn\covariance\robust_covariance.py
Lib\site-packages\sklearn\covariance\shrunk_covariance_.py
Lib\site-packages\sklearn\covariance\__init__.py
Lib\site-packages\sklearn\covariance\tests\test_covariance.py
Lib\site-packages\sklearn\covariance\tests\test_graph_lasso.py
Lib\site-packages\sklearn\covariance\tests\test_robust_covariance.py
Lib\site-packages\sklearn\covariance\tests\__init__.py
Lib\site-packages\sklearn\datasets\data
Lib\site-packages\sklearn\datasets\descr
Lib\site-packages\sklearn\datasets\images
Lib\site-packages\sklearn\datasets\tests
Lib\site-packages\sklearn\datasets\base.py
Lib\site-packages\sklearn\datasets\california_housing.py
Lib\site-packages\sklearn\datasets\lfw.py
Lib\site-packages\sklearn\datasets\mlcomp.py
Lib\site-packages\sklearn\datasets\mldata.py
Lib\site-packages\sklearn\datasets\olivetti_faces.py
Lib\site-packages\sklearn\datasets\samples_generator.py
Lib\site-packages\sklearn\datasets\setup.py
Lib\site-packages\sklearn\datasets\species_distributions.py
Lib\site-packages\sklearn\datasets\svmlight_format.py
Lib\site-packages\sklearn\datasets\twenty_newsgroups.py
Lib\site-packages\sklearn\datasets\_svmlight_format.pyd
Lib\site-packages\sklearn\datasets\__init__.py
Lib\site-packages\sklearn\datasets\data\boston_house_prices.csv
Lib\site-packages\sklearn\datasets\data\diabetes_data.csv.gz
Lib\site-packages\sklearn\datasets\data\diabetes_target.csv.gz
Lib\site-packages\sklearn\datasets\data\digits.csv.gz
Lib\site-packages\sklearn\datasets\data\iris.csv
Lib\site-packages\sklearn\datasets\data\linnerud_exercise.csv
Lib\site-packages\sklearn\datasets\data\linnerud_physiological.csv
Lib\site-packages\sklearn\datasets\descr\boston_house_prices.rst
Lib\site-packages\sklearn\datasets\descr\diabetes.rst
Lib\site-packages\sklearn\datasets\descr\digits.rst
Lib\site-packages\sklearn\datasets\descr\iris.rst
Lib\site-packages\sklearn\datasets\descr\linnerud.rst
Lib\site-packages\sklearn\datasets\images\china.jpg
Lib\site-packages\sklearn\datasets\images\flower.jpg
Lib\site-packages\sklearn\datasets\images\README.txt
Lib\site-packages\sklearn\datasets\tests\data
Lib\site-packages\sklearn\datasets\tests\test_20news.py
Lib\site-packages\sklearn\datasets\tests\test_base.py
Lib\site-packages\sklearn\datasets\tests\test_lfw.py
Lib\site-packages\sklearn\datasets\tests\test_mldata.py
Lib\site-packages\sklearn\datasets\tests\test_samples_generator.py
Lib\site-packages\sklearn\datasets\tests\test_svmlight_format.py
Lib\site-packages\sklearn\datasets\tests\__init__.py
Lib\site-packages\sklearn\datasets\tests\data\svmlight_classification.txt
Lib\site-packages\sklearn\datasets\tests\data\svmlight_invalid.txt
Lib\site-packages\sklearn\datasets\tests\data\svmlight_invalid_order.txt
Lib\site-packages\sklearn\datasets\tests\data\svmlight_multilabel.txt
Lib\site-packages\sklearn\decomposition\tests
Lib\site-packages\sklearn\decomposition\dict_learning.py
Lib\site-packages\sklearn\decomposition\factor_analysis.py
Lib\site-packages\sklearn\decomposition\fastica_.py
Lib\site-packages\sklearn\decomposition\kernel_pca.py
Lib\site-packages\sklearn\decomposition\nmf.py
Lib\site-packages\sklearn\decomposition\pca.py
Lib\site-packages\sklearn\decomposition\sparse_pca.py
Lib\site-packages\sklearn\decomposition\__init__.py
Lib\site-packages\sklearn\decomposition\tests\test_dict_learning.py
Lib\site-packages\sklearn\decomposition\tests\test_factor_analysis.py
Lib\site-packages\sklearn\decomposition\tests\test_fastica.py
Lib\site-packages\sklearn\decomposition\tests\test_kernel_pca.py
Lib\site-packages\sklearn\decomposition\tests\test_nmf.py
Lib\site-packages\sklearn\decomposition\tests\test_pca.py
Lib\site-packages\sklearn\decomposition\tests\test_sparse_pca.py
Lib\site-packages\sklearn\decomposition\tests\__init__.py
Lib\site-packages\sklearn\ensemble\tests
Lib\site-packages\sklearn\ensemble\base.py
Lib\site-packages\sklearn\ensemble\forest.py
Lib\site-packages\sklearn\ensemble\gradient_boosting.py
Lib\site-packages\sklearn\ensemble\partial_dependence.py
Lib\site-packages\sklearn\ensemble\setup.py
Lib\site-packages\sklearn\ensemble\_gradient_boosting.pyd
Lib\site-packages\sklearn\ensemble\__init__.py
Lib\site-packages\sklearn\ensemble\tests\test_base.py
Lib\site-packages\sklearn\ensemble\tests\test_forest.py
Lib\site-packages\sklearn\ensemble\tests\test_gradient_boosting.py
Lib\site-packages\sklearn\ensemble\tests\test_partial_dependence.py
Lib\site-packages\sklearn\ensemble\tests\__init__.py
Lib\site-packages\sklearn\externals\joblib
Lib\site-packages\sklearn\externals\setup.py
Lib\site-packages\sklearn\externals\test_externals_setup.py
Lib\site-packages\sklearn\externals\__init__.py
Lib\site-packages\sklearn\externals\joblib\test
Lib\site-packages\sklearn\externals\joblib\disk.py
Lib\site-packages\sklearn\externals\joblib\format_stack.py
Lib\site-packages\sklearn\externals\joblib\func_inspect.py
Lib\site-packages\sklearn\externals\joblib\hashing.py
Lib\site-packages\sklearn\externals\joblib\logger.py
Lib\site-packages\sklearn\externals\joblib\memory.py
Lib\site-packages\sklearn\externals\joblib\my_exceptions.py
Lib\site-packages\sklearn\externals\joblib\numpy_pickle.py
Lib\site-packages\sklearn\externals\joblib\parallel.py
Lib\site-packages\sklearn\externals\joblib\testing.py
Lib\site-packages\sklearn\externals\joblib\_compat.py
Lib\site-packages\sklearn\externals\joblib\__init__.py
Lib\site-packages\sklearn\externals\joblib\test\common.py
Lib\site-packages\sklearn\externals\joblib\test\test_disk.py
Lib\site-packages\sklearn\externals\joblib\test\test_format_stack.py
Lib\site-packages\sklearn\externals\joblib\test\test_func_inspect.py
Lib\site-packages\sklearn\externals\joblib\test\test_hashing.py
Lib\site-packages\sklearn\externals\joblib\test\test_logger.py
Lib\site-packages\sklearn\externals\joblib\test\test_memory.py
Lib\site-packages\sklearn\externals\joblib\test\test_my_exceptions.py
Lib\site-packages\sklearn\externals\joblib\test\test_numpy_pickle.py
Lib\site-packages\sklearn\externals\joblib\test\test_parallel.py
Lib\site-packages\sklearn\externals\joblib\test\__init__.py
Lib\site-packages\sklearn\feature_extraction\tests
Lib\site-packages\sklearn\feature_extraction\dict_vectorizer.py
Lib\site-packages\sklearn\feature_extraction\hashing.py
Lib\site-packages\sklearn\feature_extraction\image.py
Lib\site-packages\sklearn\feature_extraction\setup.py
Lib\site-packages\sklearn\feature_extraction\stop_words.py
Lib\site-packages\sklearn\feature_extraction\text.py
Lib\site-packages\sklearn\feature_extraction\_hashing.pyd
Lib\site-packages\sklearn\feature_extraction\__init__.py
Lib\site-packages\sklearn\feature_extraction\tests\test_dict_vectorizer.py
Lib\site-packages\sklearn\feature_extraction\tests\test_feature_hasher.py
Lib\site-packages\sklearn\feature_extraction\tests\test_image.py
Lib\site-packages\sklearn\feature_extraction\tests\test_text.py
Lib\site-packages\sklearn\feature_extraction\tests\__init__.py
Lib\site-packages\sklearn\feature_selection\tests
Lib\site-packages\sklearn\feature_selection\rfe.py
Lib\site-packages\sklearn\feature_selection\selector_mixin.py
Lib\site-packages\sklearn\feature_selection\univariate_selection.py
Lib\site-packages\sklearn\feature_selection\__init__.py
Lib\site-packages\sklearn\feature_selection\tests\test_chi2.py
Lib\site-packages\sklearn\feature_selection\tests\test_feature_select.py
Lib\site-packages\sklearn\feature_selection\tests\test_rfe.py
Lib\site-packages\sklearn\feature_selection\tests\test_selector_mixin.py
Lib\site-packages\sklearn\feature_selection\tests\__init__.py
Lib\site-packages\sklearn\gaussian_process\tests
Lib\site-packages\sklearn\gaussian_process\correlation_models.py
Lib\site-packages\sklearn\gaussian_process\gaussian_process.py
Lib\site-packages\sklearn\gaussian_process\regression_models.py
Lib\site-packages\sklearn\gaussian_process\__init__.py
Lib\site-packages\sklearn\gaussian_process\tests\test_gaussian_process.py
Lib\site-packages\sklearn\gaussian_process\tests\__init__.py
Lib\site-packages\sklearn\linear_model\tests
Lib\site-packages\sklearn\linear_model\base.py
Lib\site-packages\sklearn\linear_model\bayes.py
Lib\site-packages\sklearn\linear_model\cd_fast.pyd
Lib\site-packages\sklearn\linear_model\coordinate_descent.py
Lib\site-packages\sklearn\linear_model\least_angle.py
Lib\site-packages\sklearn\linear_model\logistic.py
Lib\site-packages\sklearn\linear_model\omp.py
Lib\site-packages\sklearn\linear_model\passive_aggressive.py
Lib\site-packages\sklearn\linear_model\perceptron.py
Lib\site-packages\sklearn\linear_model\randomized_l1.py
Lib\site-packages\sklearn\linear_model\ridge.py
Lib\site-packages\sklearn\linear_model\setup.py
Lib\site-packages\sklearn\linear_model\sgd_fast.pyd
Lib\site-packages\sklearn\linear_model\stochastic_gradient.py
Lib\site-packages\sklearn\linear_model\__init__.py
Lib\site-packages\sklearn\linear_model\tests\test_base.py
Lib\site-packages\sklearn\linear_model\tests\test_bayes.py
Lib\site-packages\sklearn\linear_model\tests\test_coordinate_descent.py
Lib\site-packages\sklearn\linear_model\tests\test_least_angle.py
Lib\site-packages\sklearn\linear_model\tests\test_logistic.py
Lib\site-packages\sklearn\linear_model\tests\test_omp.py
Lib\site-packages\sklearn\linear_model\tests\test_passive_aggressive.py
Lib\site-packages\sklearn\linear_model\tests\test_perceptron.py
Lib\site-packages\sklearn\linear_model\tests\test_randomized_l1.py
Lib\site-packages\sklearn\linear_model\tests\test_ridge.py
Lib\site-packages\sklearn\linear_model\tests\test_sgd.py
Lib\site-packages\sklearn\linear_model\tests\test_sparse_coordinate_descent.py
Lib\site-packages\sklearn\linear_model\tests\__init__.py
Lib\site-packages\sklearn\manifold\isomap.py
Lib\site-packages\sklearn\manifold\locally_linear.py
Lib\site-packages\sklearn\manifold\mds.py
Lib\site-packages\sklearn\manifold\spectral_embedding.py
Lib\site-packages\sklearn\manifold\__init__.py
Lib\site-packages\sklearn\metrics\cluster
Lib\site-packages\sklearn\metrics\tests
Lib\site-packages\sklearn\metrics\metrics.py
Lib\site-packages\sklearn\metrics\pairwise.py
Lib\site-packages\sklearn\metrics\pairwise_fast.pyd
Lib\site-packages\sklearn\metrics\setup.py
Lib\site-packages\sklearn\metrics\__init__.py
Lib\site-packages\sklearn\metrics\cluster\tests
Lib\site-packages\sklearn\metrics\cluster\expected_mutual_info_fast.pyd
Lib\site-packages\sklearn\metrics\cluster\setup.py
Lib\site-packages\sklearn\metrics\cluster\supervised.py
Lib\site-packages\sklearn\metrics\cluster\unsupervised.py
Lib\site-packages\sklearn\metrics\cluster\__init__.py
Lib\site-packages\sklearn\metrics\cluster\tests\test_supervised.py
Lib\site-packages\sklearn\metrics\cluster\tests\test_unsupervised.py
Lib\site-packages\sklearn\metrics\cluster\tests\__init__.py
Lib\site-packages\sklearn\metrics\tests\test_metrics.py
Lib\site-packages\sklearn\metrics\tests\test_pairwise.py
Lib\site-packages\sklearn\metrics\tests\__init__.py
Lib\site-packages\sklearn\mixture\tests
Lib\site-packages\sklearn\mixture\dpgmm.py
Lib\site-packages\sklearn\mixture\gmm.py
Lib\site-packages\sklearn\mixture\__init__.py
Lib\site-packages\sklearn\mixture\tests\test_dpgmm.py
Lib\site-packages\sklearn\mixture\tests\test_gmm.py
Lib\site-packages\sklearn\mixture\tests\__init__.py
Lib\site-packages\sklearn\neighbors\ball_tree.pyd
Lib\site-packages\sklearn\neighbors\base.py
Lib\site-packages\sklearn\neighbors\classification.py
Lib\site-packages\sklearn\neighbors\graph.py
Lib\site-packages\sklearn\neighbors\nearest_centroid.py
Lib\site-packages\sklearn\neighbors\regression.py
Lib\site-packages\sklearn\neighbors\setup.py
Lib\site-packages\sklearn\neighbors\unsupervised.py
Lib\site-packages\sklearn\neighbors\__init__.py
Lib\site-packages\sklearn\semi_supervised\label_propagation.py
Lib\site-packages\sklearn\semi_supervised\__init__.py
Lib\site-packages\sklearn\svm\sparse
Lib\site-packages\sklearn\svm\tests
Lib\site-packages\sklearn\svm\base.py
Lib\site-packages\sklearn\svm\bounds.py
Lib\site-packages\sklearn\svm\classes.py
Lib\site-packages\sklearn\svm\liblinear.pyd
Lib\site-packages\sklearn\svm\libsvm.pyd
Lib\site-packages\sklearn\svm\libsvm_sparse.pyd
Lib\site-packages\sklearn\svm\setup.py
Lib\site-packages\sklearn\svm\__init__.py
Lib\site-packages\sklearn\svm\sparse\base.py
Lib\site-packages\sklearn\svm\sparse\classes.py
Lib\site-packages\sklearn\svm\sparse\__init__.py
Lib\site-packages\sklearn\svm\tests\test_bounds.py
Lib\site-packages\sklearn\svm\tests\test_sparse.py
Lib\site-packages\sklearn\svm\tests\test_svm.py
Lib\site-packages\sklearn\svm\tests\__init__.py
Lib\site-packages\sklearn\tests\test_base.py
Lib\site-packages\sklearn\tests\test_check_build.py
Lib\site-packages\sklearn\tests\test_common.py
Lib\site-packages\sklearn\tests\test_cross_validation.py
Lib\site-packages\sklearn\tests\test_dummy.py
Lib\site-packages\sklearn\tests\test_grid_search.py
Lib\site-packages\sklearn\tests\test_hmm.py
Lib\site-packages\sklearn\tests\test_init.py
Lib\site-packages\sklearn\tests\test_isotonic.py
Lib\site-packages\sklearn\tests\test_kernel_approximation.py
Lib\site-packages\sklearn\tests\test_lda.py
Lib\site-packages\sklearn\tests\test_multiclass.py
Lib\site-packages\sklearn\tests\test_naive_bayes.py
Lib\site-packages\sklearn\tests\test_pipeline.py
Lib\site-packages\sklearn\tests\test_pls.py
Lib\site-packages\sklearn\tests\test_preprocessing.py
Lib\site-packages\sklearn\tests\test_qda.py
Lib\site-packages\sklearn\tests\test_random_projection.py
Lib\site-packages\sklearn\tests\__init__.py
Lib\site-packages\sklearn\tree\tests
Lib\site-packages\sklearn\tree\setup.py
Lib\site-packages\sklearn\tree\tree.py
Lib\site-packages\sklearn\tree\_tree.pyd
Lib\site-packages\sklearn\tree\__init__.py
Lib\site-packages\sklearn\tree\tests\test_tree.py
Lib\site-packages\sklearn\tree\tests\__init__.py
Lib\site-packages\sklearn\utils\sparsetools
Lib\site-packages\sklearn\utils\tests
Lib\site-packages\sklearn\utils\arpack.py
Lib\site-packages\sklearn\utils\arraybuilder.pyd
Lib\site-packages\sklearn\utils\arrayfuncs.pyd
Lib\site-packages\sklearn\utils\bench.py
Lib\site-packages\sklearn\utils\class_weight.py
Lib\site-packages\sklearn\utils\extmath.py
Lib\site-packages\sklearn\utils\fixes.py
Lib\site-packages\sklearn\utils\graph.py
Lib\site-packages\sklearn\utils\graph_shortest_path.pyd
Lib\site-packages\sklearn\utils\lgamma.pyd
Lib\site-packages\sklearn\utils\murmurhash.pyd
Lib\site-packages\sklearn\utils\random.pyd
Lib\site-packages\sklearn\utils\seq_dataset.pyd
Lib\site-packages\sklearn\utils\setup.py
Lib\site-packages\sklearn\utils\sparsefuncs.pyd
Lib\site-packages\sklearn\utils\testing.py
Lib\site-packages\sklearn\utils\validation.py
Lib\site-packages\sklearn\utils\weight_vector.pyd
Lib\site-packages\sklearn\utils\_csgraph.py
Lib\site-packages\sklearn\utils\__init__.py
Lib\site-packages\sklearn\utils\sparsetools\csgraph.py
Lib\site-packages\sklearn\utils\sparsetools\setup.py
Lib\site-packages\sklearn\utils\sparsetools\_csgraph.pyd
Lib\site-packages\sklearn\utils\sparsetools\__init__.py
Lib\site-packages\sklearn\utils\tests\test_bench.py
Lib\site-packages\sklearn\utils\tests\test_extmath.py
Lib\site-packages\sklearn\utils\tests\test_fixes.py
Lib\site-packages\sklearn\utils\tests\test_graph.py
Lib\site-packages\sklearn\utils\tests\test_murmurhash.py
Lib\site-packages\sklearn\utils\tests\test_random.py
Lib\site-packages\sklearn\utils\tests\test_shortest_path.py
Lib\site-packages\sklearn\utils\tests\test_sparsefuncs.py
Lib\site-packages\sklearn\utils\tests\test_testing.py
Lib\site-packages\sklearn\utils\tests\test_utils.py
Lib\site-packages\sklearn\utils\tests\test_validation.py
Lib\site-packages\sklearn\utils\tests\__init__.py
Lib\site-packages\sklearn\__check_build\setup.py
Lib\site-packages\sklearn\__check_build\_check_build.pyd
Lib\site-packages\sklearn\__check_build\__init__.py