# WPPM package installation log
# 
# Package: scipy v0.11.0

Lib\site-packages\scipy
Lib\site-packages\scipy-0.11.0-py2.7.egg-info
Lib\site-packages\scipy\cluster
Lib\site-packages\scipy\constants
Lib\site-packages\scipy\fftpack
Lib\site-packages\scipy\integrate
Lib\site-packages\scipy\interpolate
Lib\site-packages\scipy\io
Lib\site-packages\scipy\lib
Lib\site-packages\scipy\linalg
Lib\site-packages\scipy\misc
Lib\site-packages\scipy\ndimage
Lib\site-packages\scipy\odr
Lib\site-packages\scipy\optimize
Lib\site-packages\scipy\signal
Lib\site-packages\scipy\sparse
Lib\site-packages\scipy\spatial
Lib\site-packages\scipy\special
Lib\site-packages\scipy\stats
Lib\site-packages\scipy\weave
Lib\site-packages\scipy\BENTO_BUILD.txt
Lib\site-packages\scipy\HACKING.rst.txt
Lib\site-packages\scipy\INSTALL.txt
Lib\site-packages\scipy\LATEST.txt
Lib\site-packages\scipy\LICENSE.txt
Lib\site-packages\scipy\README.txt
Lib\site-packages\scipy\setup.py
Lib\site-packages\scipy\setupscons.py
Lib\site-packages\scipy\THANKS.txt
Lib\site-packages\scipy\TOCHANGE.txt
Lib\site-packages\scipy\version.py
Lib\site-packages\scipy\__config__.py
Lib\site-packages\scipy\__init__.py
Lib\site-packages\scipy\cluster\tests
Lib\site-packages\scipy\cluster\hierarchy.py
Lib\site-packages\scipy\cluster\setup.py
Lib\site-packages\scipy\cluster\setupscons.py
Lib\site-packages\scipy\cluster\vq.py
Lib\site-packages\scipy\cluster\_hierarchy_wrap.pyd
Lib\site-packages\scipy\cluster\_vq.pyd
Lib\site-packages\scipy\cluster\__init__.py
Lib\site-packages\scipy\cluster\tests\data.txt
Lib\site-packages\scipy\cluster\tests\fclusterdata-maxclusts-2.txt
Lib\site-packages\scipy\cluster\tests\fclusterdata-maxclusts-3.txt
Lib\site-packages\scipy\cluster\tests\fclusterdata-maxclusts-4.txt
Lib\site-packages\scipy\cluster\tests\inconsistent-complete-tdist-depth-1.txt
Lib\site-packages\scipy\cluster\tests\inconsistent-complete-tdist-depth-2.txt
Lib\site-packages\scipy\cluster\tests\inconsistent-complete-tdist-depth-3.txt
Lib\site-packages\scipy\cluster\tests\inconsistent-complete-tdist-depth-4.txt
Lib\site-packages\scipy\cluster\tests\inconsistent-Q-single-1.txt
Lib\site-packages\scipy\cluster\tests\inconsistent-Q-single-2.txt
Lib\site-packages\scipy\cluster\tests\inconsistent-Q-single-3.txt
Lib\site-packages\scipy\cluster\tests\inconsistent-Q-single-4.txt
Lib\site-packages\scipy\cluster\tests\inconsistent-Q-single-5.txt
Lib\site-packages\scipy\cluster\tests\inconsistent-Q-single-6.txt
Lib\site-packages\scipy\cluster\tests\inconsistent-single-tdist-depth-0.txt
Lib\site-packages\scipy\cluster\tests\inconsistent-single-tdist-depth-1.txt
Lib\site-packages\scipy\cluster\tests\inconsistent-single-tdist-depth-2.txt
Lib\site-packages\scipy\cluster\tests\inconsistent-single-tdist-depth-3.txt
Lib\site-packages\scipy\cluster\tests\inconsistent-single-tdist-depth-4.txt
Lib\site-packages\scipy\cluster\tests\inconsistent-single-tdist-depth-5.txt
Lib\site-packages\scipy\cluster\tests\inconsistent-single-tdist.txt
Lib\site-packages\scipy\cluster\tests\inconsistent-weighted-tdist-depth-1.txt
Lib\site-packages\scipy\cluster\tests\inconsistent-weighted-tdist-depth-2.txt
Lib\site-packages\scipy\cluster\tests\inconsistent-weighted-tdist-depth-3.txt
Lib\site-packages\scipy\cluster\tests\inconsistent-weighted-tdist-depth-4.txt
Lib\site-packages\scipy\cluster\tests\iris.txt
Lib\site-packages\scipy\cluster\tests\linkage-average-tdist.txt
Lib\site-packages\scipy\cluster\tests\linkage-complete-tdist.txt
Lib\site-packages\scipy\cluster\tests\linkage-Q-average.txt
Lib\site-packages\scipy\cluster\tests\linkage-Q-centroid.txt
Lib\site-packages\scipy\cluster\tests\linkage-Q-complete.txt
Lib\site-packages\scipy\cluster\tests\linkage-Q-median.txt
Lib\site-packages\scipy\cluster\tests\linkage-Q-single.txt
Lib\site-packages\scipy\cluster\tests\linkage-Q-ward.txt
Lib\site-packages\scipy\cluster\tests\linkage-Q-weighted.txt
Lib\site-packages\scipy\cluster\tests\linkage-single-tdist.txt
Lib\site-packages\scipy\cluster\tests\linkage-weighted-tdist.txt
Lib\site-packages\scipy\cluster\tests\linkage-X.txt
Lib\site-packages\scipy\cluster\tests\Q-X.txt
Lib\site-packages\scipy\cluster\tests\test_hierarchy.py
Lib\site-packages\scipy\cluster\tests\test_vq.py
Lib\site-packages\scipy\cluster\tests\vq_test.py
Lib\site-packages\scipy\constants\tests
Lib\site-packages\scipy\constants\codata.py
Lib\site-packages\scipy\constants\constants.py
Lib\site-packages\scipy\constants\setup.py
Lib\site-packages\scipy\constants\__init__.py
Lib\site-packages\scipy\constants\tests\test_codata.py
Lib\site-packages\scipy\constants\tests\test_constants.py
Lib\site-packages\scipy\fftpack\benchmarks
Lib\site-packages\scipy\fftpack\tests
Lib\site-packages\scipy\fftpack\basic.py
Lib\site-packages\scipy\fftpack\convolve.pyd
Lib\site-packages\scipy\fftpack\fftpack_version.py
Lib\site-packages\scipy\fftpack\helper.py
Lib\site-packages\scipy\fftpack\pseudo_diffs.py
Lib\site-packages\scipy\fftpack\realtransforms.py
Lib\site-packages\scipy\fftpack\setup.py
Lib\site-packages\scipy\fftpack\setupscons.py
Lib\site-packages\scipy\fftpack\_fftpack.pyd
Lib\site-packages\scipy\fftpack\__init__.py
Lib\site-packages\scipy\fftpack\benchmarks\bench_basic.py
Lib\site-packages\scipy\fftpack\benchmarks\bench_pseudo_diffs.py
Lib\site-packages\scipy\fftpack\tests\fftw_dct.c
Lib\site-packages\scipy\fftpack\tests\fftw_double_ref.npz
Lib\site-packages\scipy\fftpack\tests\fftw_single_ref.npz
Lib\site-packages\scipy\fftpack\tests\gendata.m
Lib\site-packages\scipy\fftpack\tests\gendata.py
Lib\site-packages\scipy\fftpack\tests\gen_fftw_ref.py
Lib\site-packages\scipy\fftpack\tests\Makefile
Lib\site-packages\scipy\fftpack\tests\test.npz
Lib\site-packages\scipy\fftpack\tests\test_basic.py
Lib\site-packages\scipy\fftpack\tests\test_helper.py
Lib\site-packages\scipy\fftpack\tests\test_pseudo_diffs.py
Lib\site-packages\scipy\fftpack\tests\test_real_transforms.py
Lib\site-packages\scipy\integrate\tests
Lib\site-packages\scipy\integrate\odepack.py
Lib\site-packages\scipy\integrate\quadpack.py
Lib\site-packages\scipy\integrate\quadrature.py
Lib\site-packages\scipy\integrate\setup.py
Lib\site-packages\scipy\integrate\setupscons.py
Lib\site-packages\scipy\integrate\vode.pyd
Lib\site-packages\scipy\integrate\_dop.pyd
Lib\site-packages\scipy\integrate\_ode.py
Lib\site-packages\scipy\integrate\_odepack.pyd
Lib\site-packages\scipy\integrate\_quadpack.pyd
Lib\site-packages\scipy\integrate\__init__.py
Lib\site-packages\scipy\integrate\tests\test_integrate.py
Lib\site-packages\scipy\integrate\tests\test_quadpack.py
Lib\site-packages\scipy\integrate\tests\test_quadrature.py
Lib\site-packages\scipy\interpolate\tests
Lib\site-packages\scipy\interpolate\dfitpack.pyd
Lib\site-packages\scipy\interpolate\fitpack.py
Lib\site-packages\scipy\interpolate\fitpack2.py
Lib\site-packages\scipy\interpolate\generate_interpnd.py
Lib\site-packages\scipy\interpolate\interpnd.pyd
Lib\site-packages\scipy\interpolate\interpnd_info.py
Lib\site-packages\scipy\interpolate\interpolate.py
Lib\site-packages\scipy\interpolate\interpolate_wrapper.py
Lib\site-packages\scipy\interpolate\ndgriddata.py
Lib\site-packages\scipy\interpolate\polyint.py
Lib\site-packages\scipy\interpolate\rbf.py
Lib\site-packages\scipy\interpolate\setup.py
Lib\site-packages\scipy\interpolate\setupscons.py
Lib\site-packages\scipy\interpolate\_fitpack.pyd
Lib\site-packages\scipy\interpolate\_interpolate.pyd
Lib\site-packages\scipy\interpolate\__init__.py
Lib\site-packages\scipy\interpolate\tests\test_fitpack.py
Lib\site-packages\scipy\interpolate\tests\test_fitpack2.py
Lib\site-packages\scipy\interpolate\tests\test_interpnd.py
Lib\site-packages\scipy\interpolate\tests\test_interpolate.py
Lib\site-packages\scipy\interpolate\tests\test_interpolate_wrapper.py
Lib\site-packages\scipy\interpolate\tests\test_ndgriddata.py
Lib\site-packages\scipy\interpolate\tests\test_polyint.py
Lib\site-packages\scipy\interpolate\tests\test_rbf.py
Lib\site-packages\scipy\interpolate\tests\test_regression.py
Lib\site-packages\scipy\io\arff
Lib\site-packages\scipy\io\harwell_boeing
Lib\site-packages\scipy\io\matlab
Lib\site-packages\scipy\io\tests
Lib\site-packages\scipy\io\data_store.py
Lib\site-packages\scipy\io\dumbdbm_patched.py
Lib\site-packages\scipy\io\dumb_shelve.py
Lib\site-packages\scipy\io\idl.py
Lib\site-packages\scipy\io\mmio.py
Lib\site-packages\scipy\io\netcdf.py
Lib\site-packages\scipy\io\setup.py
Lib\site-packages\scipy\io\setupscons.py
Lib\site-packages\scipy\io\wavfile.py
Lib\site-packages\scipy\io\__init__.py
Lib\site-packages\scipy\io\arff\tests
Lib\site-packages\scipy\io\arff\arffread.py
Lib\site-packages\scipy\io\arff\myfunctools.py
Lib\site-packages\scipy\io\arff\setup.py
Lib\site-packages\scipy\io\arff\utils.py
Lib\site-packages\scipy\io\arff\__init__.py
Lib\site-packages\scipy\io\arff\tests\data
Lib\site-packages\scipy\io\arff\tests\test_arffread.py
Lib\site-packages\scipy\io\arff\tests\data\iris.arff
Lib\site-packages\scipy\io\arff\tests\data\missing.arff
Lib\site-packages\scipy\io\arff\tests\data\test1.arff
Lib\site-packages\scipy\io\arff\tests\data\test2.arff
Lib\site-packages\scipy\io\arff\tests\data\test3.arff
Lib\site-packages\scipy\io\arff\tests\data\test4.arff
Lib\site-packages\scipy\io\arff\tests\data\test5.arff
Lib\site-packages\scipy\io\harwell_boeing\tests
Lib\site-packages\scipy\io\harwell_boeing\hb.py
Lib\site-packages\scipy\io\harwell_boeing\setup.py
Lib\site-packages\scipy\io\harwell_boeing\setupscons.py
Lib\site-packages\scipy\io\harwell_boeing\_fortran_format_parser.py
Lib\site-packages\scipy\io\harwell_boeing\__init__.py
Lib\site-packages\scipy\io\harwell_boeing\tests\test_fortran_format.py
Lib\site-packages\scipy\io\harwell_boeing\tests\test_hb.py
Lib\site-packages\scipy\io\matlab\benchmarks
Lib\site-packages\scipy\io\matlab\tests
Lib\site-packages\scipy\io\matlab\byteordercodes.py
Lib\site-packages\scipy\io\matlab\mio.py
Lib\site-packages\scipy\io\matlab\mio4.py
Lib\site-packages\scipy\io\matlab\mio5.py
Lib\site-packages\scipy\io\matlab\mio5_params.py
Lib\site-packages\scipy\io\matlab\mio5_utils.pyd
Lib\site-packages\scipy\io\matlab\miobase.py
Lib\site-packages\scipy\io\matlab\mio_utils.pyd
Lib\site-packages\scipy\io\matlab\setup.py
Lib\site-packages\scipy\io\matlab\setupscons.py
Lib\site-packages\scipy\io\matlab\streams.pyd
Lib\site-packages\scipy\io\matlab\__init__.py
Lib\site-packages\scipy\io\matlab\benchmarks\bench_structarr.py
Lib\site-packages\scipy\io\matlab\tests\data
Lib\site-packages\scipy\io\matlab\tests\afunc.m
Lib\site-packages\scipy\io\matlab\tests\gen_mat4files.m
Lib\site-packages\scipy\io\matlab\tests\gen_mat5files.m
Lib\site-packages\scipy\io\matlab\tests\save_matfile.m
Lib\site-packages\scipy\io\matlab\tests\test_byteordercodes.py
Lib\site-packages\scipy\io\matlab\tests\test_mio.py
Lib\site-packages\scipy\io\matlab\tests\test_mio5_utils.py
Lib\site-packages\scipy\io\matlab\tests\test_mio_funcs.py
Lib\site-packages\scipy\io\matlab\tests\test_mio_utils.py
Lib\site-packages\scipy\io\matlab\tests\test_pathological.py
Lib\site-packages\scipy\io\matlab\tests\test_streams.py
Lib\site-packages\scipy\io\matlab\tests\data\japanese_utf8.txt
Lib\site-packages\scipy\io\matlab\tests\data\nasty_duplicate_fieldnames.mat
Lib\site-packages\scipy\io\matlab\tests\data\one_by_zero_char.mat
Lib\site-packages\scipy\io\matlab\tests\data\parabola.mat
Lib\site-packages\scipy\io\matlab\tests\data\single_empty_string.mat
Lib\site-packages\scipy\io\matlab\tests\data\some_functions.mat
Lib\site-packages\scipy\io\matlab\tests\data\sqr.mat
Lib\site-packages\scipy\io\matlab\tests\data\test3dmatrix_6.1_SOL2.mat
Lib\site-packages\scipy\io\matlab\tests\data\test3dmatrix_6.5.1_GLNX86.mat
Lib\site-packages\scipy\io\matlab\tests\data\test3dmatrix_7.1_GLNX86.mat
Lib\site-packages\scipy\io\matlab\tests\data\test3dmatrix_7.4_GLNX86.mat
Lib\site-packages\scipy\io\matlab\tests\data\testcellnest_6.1_SOL2.mat
Lib\site-packages\scipy\io\matlab\tests\data\testcellnest_6.5.1_GLNX86.mat
Lib\site-packages\scipy\io\matlab\tests\data\testcellnest_7.1_GLNX86.mat
Lib\site-packages\scipy\io\matlab\tests\data\testcellnest_7.4_GLNX86.mat
Lib\site-packages\scipy\io\matlab\tests\data\testcell_6.1_SOL2.mat
Lib\site-packages\scipy\io\matlab\tests\data\testcell_6.5.1_GLNX86.mat
Lib\site-packages\scipy\io\matlab\tests\data\testcell_7.1_GLNX86.mat
Lib\site-packages\scipy\io\matlab\tests\data\testcell_7.4_GLNX86.mat
Lib\site-packages\scipy\io\matlab\tests\data\testcomplex_4.2c_SOL2.mat
Lib\site-packages\scipy\io\matlab\tests\data\testcomplex_6.1_SOL2.mat
Lib\site-packages\scipy\io\matlab\tests\data\testcomplex_6.5.1_GLNX86.mat
Lib\site-packages\scipy\io\matlab\tests\data\testcomplex_7.1_GLNX86.mat
Lib\site-packages\scipy\io\matlab\tests\data\testcomplex_7.4_GLNX86.mat
Lib\site-packages\scipy\io\matlab\tests\data\testdouble_4.2c_SOL2.mat
Lib\site-packages\scipy\io\matlab\tests\data\testdouble_6.1_SOL2.mat
Lib\site-packages\scipy\io\matlab\tests\data\testdouble_6.5.1_GLNX86.mat
Lib\site-packages\scipy\io\matlab\tests\data\testdouble_7.1_GLNX86.mat
Lib\site-packages\scipy\io\matlab\tests\data\testdouble_7.4_GLNX86.mat
Lib\site-packages\scipy\io\matlab\tests\data\testemptycell_5.3_SOL2.mat
Lib\site-packages\scipy\io\matlab\tests\data\testemptycell_6.5.1_GLNX86.mat
Lib\site-packages\scipy\io\matlab\tests\data\testemptycell_7.1_GLNX86.mat
Lib\site-packages\scipy\io\matlab\tests\data\testemptycell_7.4_GLNX86.mat
Lib\site-packages\scipy\io\matlab\tests\data\testfunc_7.4_GLNX86.mat
Lib\site-packages\scipy\io\matlab\tests\data\testhdf5_7.4_GLNX86.mat
Lib\site-packages\scipy\io\matlab\tests\data\testmatrix_4.2c_SOL2.mat
Lib\site-packages\scipy\io\matlab\tests\data\testmatrix_6.1_SOL2.mat
Lib\site-packages\scipy\io\matlab\tests\data\testmatrix_6.5.1_GLNX86.mat
Lib\site-packages\scipy\io\matlab\tests\data\testmatrix_7.1_GLNX86.mat
Lib\site-packages\scipy\io\matlab\tests\data\testmatrix_7.4_GLNX86.mat
Lib\site-packages\scipy\io\matlab\tests\data\testminus_4.2c_SOL2.mat
Lib\site-packages\scipy\io\matlab\tests\data\testminus_6.1_SOL2.mat
Lib\site-packages\scipy\io\matlab\tests\data\testminus_6.5.1_GLNX86.mat
Lib\site-packages\scipy\io\matlab\tests\data\testminus_7.1_GLNX86.mat
Lib\site-packages\scipy\io\matlab\tests\data\testminus_7.4_GLNX86.mat
Lib\site-packages\scipy\io\matlab\tests\data\testmulti_4.2c_SOL2.mat
Lib\site-packages\scipy\io\matlab\tests\data\testmulti_7.1_GLNX86.mat
Lib\site-packages\scipy\io\matlab\tests\data\testmulti_7.4_GLNX86.mat
Lib\site-packages\scipy\io\matlab\tests\data\testobject_6.1_SOL2.mat
Lib\site-packages\scipy\io\matlab\tests\data\testobject_6.5.1_GLNX86.mat
Lib\site-packages\scipy\io\matlab\tests\data\testobject_7.1_GLNX86.mat
Lib\site-packages\scipy\io\matlab\tests\data\testobject_7.4_GLNX86.mat
Lib\site-packages\scipy\io\matlab\tests\data\testonechar_4.2c_SOL2.mat
Lib\site-packages\scipy\io\matlab\tests\data\testonechar_6.1_SOL2.mat
Lib\site-packages\scipy\io\matlab\tests\data\testonechar_6.5.1_GLNX86.mat
Lib\site-packages\scipy\io\matlab\tests\data\testonechar_7.1_GLNX86.mat
Lib\site-packages\scipy\io\matlab\tests\data\testonechar_7.4_GLNX86.mat
Lib\site-packages\scipy\io\matlab\tests\data\testscalarcell_7.4_GLNX86.mat
Lib\site-packages\scipy\io\matlab\tests\data\testsparsecomplex_4.2c_SOL2.mat
Lib\site-packages\scipy\io\matlab\tests\data\testsparsecomplex_6.1_SOL2.mat
Lib\site-packages\scipy\io\matlab\tests\data\testsparsecomplex_6.5.1_GLNX86.mat
Lib\site-packages\scipy\io\matlab\tests\data\testsparsecomplex_7.1_GLNX86.mat
Lib\site-packages\scipy\io\matlab\tests\data\testsparsecomplex_7.4_GLNX86.mat
Lib\site-packages\scipy\io\matlab\tests\data\testsparsefloat_7.4_GLNX86.mat
Lib\site-packages\scipy\io\matlab\tests\data\testsparse_4.2c_SOL2.mat
Lib\site-packages\scipy\io\matlab\tests\data\testsparse_6.1_SOL2.mat
Lib\site-packages\scipy\io\matlab\tests\data\testsparse_6.5.1_GLNX86.mat
Lib\site-packages\scipy\io\matlab\tests\data\testsparse_7.1_GLNX86.mat
Lib\site-packages\scipy\io\matlab\tests\data\testsparse_7.4_GLNX86.mat
Lib\site-packages\scipy\io\matlab\tests\data\teststringarray_4.2c_SOL2.mat
Lib\site-packages\scipy\io\matlab\tests\data\teststringarray_6.1_SOL2.mat
Lib\site-packages\scipy\io\matlab\tests\data\teststringarray_6.5.1_GLNX86.mat
Lib\site-packages\scipy\io\matlab\tests\data\teststringarray_7.1_GLNX86.mat
Lib\site-packages\scipy\io\matlab\tests\data\teststringarray_7.4_GLNX86.mat
Lib\site-packages\scipy\io\matlab\tests\data\teststring_4.2c_SOL2.mat
Lib\site-packages\scipy\io\matlab\tests\data\teststring_6.1_SOL2.mat
Lib\site-packages\scipy\io\matlab\tests\data\teststring_6.5.1_GLNX86.mat
Lib\site-packages\scipy\io\matlab\tests\data\teststring_7.1_GLNX86.mat
Lib\site-packages\scipy\io\matlab\tests\data\teststring_7.4_GLNX86.mat
Lib\site-packages\scipy\io\matlab\tests\data\teststructarr_6.1_SOL2.mat
Lib\site-packages\scipy\io\matlab\tests\data\teststructarr_6.5.1_GLNX86.mat
Lib\site-packages\scipy\io\matlab\tests\data\teststructarr_7.1_GLNX86.mat
Lib\site-packages\scipy\io\matlab\tests\data\teststructarr_7.4_GLNX86.mat
Lib\site-packages\scipy\io\matlab\tests\data\teststructnest_6.1_SOL2.mat
Lib\site-packages\scipy\io\matlab\tests\data\teststructnest_6.5.1_GLNX86.mat
Lib\site-packages\scipy\io\matlab\tests\data\teststructnest_7.1_GLNX86.mat
Lib\site-packages\scipy\io\matlab\tests\data\teststructnest_7.4_GLNX86.mat
Lib\site-packages\scipy\io\matlab\tests\data\teststruct_6.1_SOL2.mat
Lib\site-packages\scipy\io\matlab\tests\data\teststruct_6.5.1_GLNX86.mat
Lib\site-packages\scipy\io\matlab\tests\data\teststruct_7.1_GLNX86.mat
Lib\site-packages\scipy\io\matlab\tests\data\teststruct_7.4_GLNX86.mat
Lib\site-packages\scipy\io\matlab\tests\data\testunicode_7.1_GLNX86.mat
Lib\site-packages\scipy\io\matlab\tests\data\testunicode_7.4_GLNX86.mat
Lib\site-packages\scipy\io\matlab\tests\data\testvec_4_GLNX86.mat
Lib\site-packages\scipy\io\matlab\tests\data\test_empty_struct.mat
Lib\site-packages\scipy\io\matlab\tests\data\test_mat4_le_floats.mat
Lib\site-packages\scipy\io\matlab\tests\data\test_skip_variable.mat
Lib\site-packages\scipy\io\tests\data
Lib\site-packages\scipy\io\tests\test_idl.py
Lib\site-packages\scipy\io\tests\test_mmio.py
Lib\site-packages\scipy\io\tests\test_netcdf.py
Lib\site-packages\scipy\io\tests\test_wavfile.py
Lib\site-packages\scipy\io\tests\data\array_float32_1d.sav
Lib\site-packages\scipy\io\tests\data\array_float32_2d.sav
Lib\site-packages\scipy\io\tests\data\array_float32_3d.sav
Lib\site-packages\scipy\io\tests\data\array_float32_4d.sav
Lib\site-packages\scipy\io\tests\data\array_float32_5d.sav
Lib\site-packages\scipy\io\tests\data\array_float32_6d.sav
Lib\site-packages\scipy\io\tests\data\array_float32_7d.sav
Lib\site-packages\scipy\io\tests\data\array_float32_8d.sav
Lib\site-packages\scipy\io\tests\data\array_float32_pointer_1d.sav
Lib\site-packages\scipy\io\tests\data\array_float32_pointer_2d.sav
Lib\site-packages\scipy\io\tests\data\array_float32_pointer_3d.sav
Lib\site-packages\scipy\io\tests\data\array_float32_pointer_4d.sav
Lib\site-packages\scipy\io\tests\data\array_float32_pointer_5d.sav
Lib\site-packages\scipy\io\tests\data\array_float32_pointer_6d.sav
Lib\site-packages\scipy\io\tests\data\array_float32_pointer_7d.sav
Lib\site-packages\scipy\io\tests\data\array_float32_pointer_8d.sav
Lib\site-packages\scipy\io\tests\data\example_1.nc
Lib\site-packages\scipy\io\tests\data\scalar_byte.sav
Lib\site-packages\scipy\io\tests\data\scalar_complex32.sav
Lib\site-packages\scipy\io\tests\data\scalar_complex64.sav
Lib\site-packages\scipy\io\tests\data\scalar_float32.sav
Lib\site-packages\scipy\io\tests\data\scalar_float64.sav
Lib\site-packages\scipy\io\tests\data\scalar_heap_pointer.sav
Lib\site-packages\scipy\io\tests\data\scalar_int16.sav
Lib\site-packages\scipy\io\tests\data\scalar_int32.sav
Lib\site-packages\scipy\io\tests\data\scalar_int64.sav
Lib\site-packages\scipy\io\tests\data\scalar_string.sav
Lib\site-packages\scipy\io\tests\data\scalar_uint16.sav
Lib\site-packages\scipy\io\tests\data\scalar_uint32.sav
Lib\site-packages\scipy\io\tests\data\scalar_uint64.sav
Lib\site-packages\scipy\io\tests\data\struct_arrays.sav
Lib\site-packages\scipy\io\tests\data\struct_arrays_replicated.sav
Lib\site-packages\scipy\io\tests\data\struct_arrays_replicated_3d.sav
Lib\site-packages\scipy\io\tests\data\struct_inherit.sav
Lib\site-packages\scipy\io\tests\data\struct_pointers.sav
Lib\site-packages\scipy\io\tests\data\struct_pointers_replicated.sav
Lib\site-packages\scipy\io\tests\data\struct_pointers_replicated_3d.sav
Lib\site-packages\scipy\io\tests\data\struct_pointer_arrays.sav
Lib\site-packages\scipy\io\tests\data\struct_pointer_arrays_replicated.sav
Lib\site-packages\scipy\io\tests\data\struct_pointer_arrays_replicated_3d.sav
Lib\site-packages\scipy\io\tests\data\struct_scalars.sav
Lib\site-packages\scipy\io\tests\data\struct_scalars_replicated.sav
Lib\site-packages\scipy\io\tests\data\struct_scalars_replicated_3d.sav
Lib\site-packages\scipy\io\tests\data\test-44100-le-1ch-4bytes.wav
Lib\site-packages\scipy\io\tests\data\test-8000-le-2ch-1byteu.wav
Lib\site-packages\scipy\io\tests\data\various_compressed.sav
Lib\site-packages\scipy\lib\blas
Lib\site-packages\scipy\lib\lapack
Lib\site-packages\scipy\lib\decorator.py
Lib\site-packages\scipy\lib\setup.py
Lib\site-packages\scipy\lib\setupscons.py
Lib\site-packages\scipy\lib\__init__.py
Lib\site-packages\scipy\lib\blas\tests
Lib\site-packages\scipy\lib\blas\cblas.pyd
Lib\site-packages\scipy\lib\blas\fblas.pyd
Lib\site-packages\scipy\lib\blas\scons_support.py
Lib\site-packages\scipy\lib\blas\setup.py
Lib\site-packages\scipy\lib\blas\setupscons.py
Lib\site-packages\scipy\lib\blas\__init__.py
Lib\site-packages\scipy\lib\blas\tests\test_blas.py
Lib\site-packages\scipy\lib\blas\tests\test_fblas.py
Lib\site-packages\scipy\lib\lapack\tests
Lib\site-packages\scipy\lib\lapack\atlas_version.pyd
Lib\site-packages\scipy\lib\lapack\calc_lwork.pyd
Lib\site-packages\scipy\lib\lapack\clapack.pyd
Lib\site-packages\scipy\lib\lapack\flapack.pyd
Lib\site-packages\scipy\lib\lapack\scons_support.py
Lib\site-packages\scipy\lib\lapack\setup.py
Lib\site-packages\scipy\lib\lapack\setupscons.py
Lib\site-packages\scipy\lib\lapack\__init__.py
Lib\site-packages\scipy\lib\lapack\tests\common.py
Lib\site-packages\scipy\lib\lapack\tests\test_esv.py
Lib\site-packages\scipy\lib\lapack\tests\test_gesv.py
Lib\site-packages\scipy\lib\lapack\tests\test_lapack.py
Lib\site-packages\scipy\linalg\benchmarks
Lib\site-packages\scipy\linalg\tests
Lib\site-packages\scipy\linalg\atlas_version.pyd
Lib\site-packages\scipy\linalg\basic.py
Lib\site-packages\scipy\linalg\blas.py
Lib\site-packages\scipy\linalg\calc_lwork.pyd
Lib\site-packages\scipy\linalg\cblas.pyd
Lib\site-packages\scipy\linalg\clapack.pyd
Lib\site-packages\scipy\linalg\decomp.py
Lib\site-packages\scipy\linalg\decomp_cholesky.py
Lib\site-packages\scipy\linalg\decomp_lu.py
Lib\site-packages\scipy\linalg\decomp_qr.py
Lib\site-packages\scipy\linalg\decomp_schur.py
Lib\site-packages\scipy\linalg\decomp_svd.py
Lib\site-packages\scipy\linalg\fblas.pyd
Lib\site-packages\scipy\linalg\flapack.pyd
Lib\site-packages\scipy\linalg\flinalg.py
Lib\site-packages\scipy\linalg\interface_gen.py
Lib\site-packages\scipy\linalg\lapack.py
Lib\site-packages\scipy\linalg\linalg_version.py
Lib\site-packages\scipy\linalg\matfuncs.py
Lib\site-packages\scipy\linalg\misc.py
Lib\site-packages\scipy\linalg\scons_support.py
Lib\site-packages\scipy\linalg\setup.py
Lib\site-packages\scipy\linalg\setupscons.py
Lib\site-packages\scipy\linalg\setup_atlas_version.py
Lib\site-packages\scipy\linalg\special_matrices.py
Lib\site-packages\scipy\linalg\_decomp_qz.py
Lib\site-packages\scipy\linalg\_flinalg.pyd
Lib\site-packages\scipy\linalg\_solvers.py
Lib\site-packages\scipy\linalg\_testutils.py
Lib\site-packages\scipy\linalg\__init__.py
Lib\site-packages\scipy\linalg\benchmarks\bench_basic.py
Lib\site-packages\scipy\linalg\benchmarks\bench_decom.py
Lib\site-packages\scipy\linalg\tests\test_atlas_version.py
Lib\site-packages\scipy\linalg\tests\test_basic.py
Lib\site-packages\scipy\linalg\tests\test_blas.py
Lib\site-packages\scipy\linalg\tests\test_build.py
Lib\site-packages\scipy\linalg\tests\test_decomp.py
Lib\site-packages\scipy\linalg\tests\test_decomp_cholesky.py
Lib\site-packages\scipy\linalg\tests\test_fblas.py
Lib\site-packages\scipy\linalg\tests\test_lapack.py
Lib\site-packages\scipy\linalg\tests\test_matfuncs.py
Lib\site-packages\scipy\linalg\tests\test_solvers.py
Lib\site-packages\scipy\linalg\tests\test_special_matrices.py
Lib\site-packages\scipy\misc\tests
Lib\site-packages\scipy\misc\common.py
Lib\site-packages\scipy\misc\doccer.py
Lib\site-packages\scipy\misc\lena.dat
Lib\site-packages\scipy\misc\pilutil.py
Lib\site-packages\scipy\misc\setup.py
Lib\site-packages\scipy\misc\setupscons.py
Lib\site-packages\scipy\misc\__init__.py
Lib\site-packages\scipy\misc\tests\data
Lib\site-packages\scipy\misc\tests\test_common.py
Lib\site-packages\scipy\misc\tests\test_doccer.py
Lib\site-packages\scipy\misc\tests\test_pilutil.py
Lib\site-packages\scipy\misc\tests\data\icon.png
Lib\site-packages\scipy\misc\tests\data\icon_mono.png
Lib\site-packages\scipy\misc\tests\data\icon_mono_flat.png
Lib\site-packages\scipy\ndimage\tests
Lib\site-packages\scipy\ndimage\filters.py
Lib\site-packages\scipy\ndimage\fourier.py
Lib\site-packages\scipy\ndimage\interpolation.py
Lib\site-packages\scipy\ndimage\io.py
Lib\site-packages\scipy\ndimage\measurements.py
Lib\site-packages\scipy\ndimage\morphology.py
Lib\site-packages\scipy\ndimage\setup.py
Lib\site-packages\scipy\ndimage\setupscons.py
Lib\site-packages\scipy\ndimage\_nd_image.pyd
Lib\site-packages\scipy\ndimage\_ni_support.py
Lib\site-packages\scipy\ndimage\__init__.py
Lib\site-packages\scipy\ndimage\tests\dots.png
Lib\site-packages\scipy\ndimage\tests\test_datatypes.py
Lib\site-packages\scipy\ndimage\tests\test_filters.py
Lib\site-packages\scipy\ndimage\tests\test_io.py
Lib\site-packages\scipy\ndimage\tests\test_measurements.py
Lib\site-packages\scipy\ndimage\tests\test_ndimage.py
Lib\site-packages\scipy\ndimage\tests\test_regression.py
Lib\site-packages\scipy\odr\tests
Lib\site-packages\scipy\odr\models.py
Lib\site-packages\scipy\odr\odrpack.py
Lib\site-packages\scipy\odr\setup.py
Lib\site-packages\scipy\odr\setupscons.py
Lib\site-packages\scipy\odr\__init__.py
Lib\site-packages\scipy\odr\__odrpack.pyd
Lib\site-packages\scipy\odr\tests\test_odr.py
Lib\site-packages\scipy\optimize\benchmarks
Lib\site-packages\scipy\optimize\tests
Lib\site-packages\scipy\optimize\anneal.py
Lib\site-packages\scipy\optimize\cobyla.py
Lib\site-packages\scipy\optimize\lbfgsb.py
Lib\site-packages\scipy\optimize\linesearch.py
Lib\site-packages\scipy\optimize\minpack.py
Lib\site-packages\scipy\optimize\minpack2.pyd
Lib\site-packages\scipy\optimize\moduleTNC.pyd
Lib\site-packages\scipy\optimize\nnls.py
Lib\site-packages\scipy\optimize\nonlin.py
Lib\site-packages\scipy\optimize\optimize.py
Lib\site-packages\scipy\optimize\setup.py
Lib\site-packages\scipy\optimize\setupscons.py
Lib\site-packages\scipy\optimize\slsqp.py
Lib\site-packages\scipy\optimize\tnc.py
Lib\site-packages\scipy\optimize\zeros.py
Lib\site-packages\scipy\optimize\_cobyla.pyd
Lib\site-packages\scipy\optimize\_lbfgsb.pyd
Lib\site-packages\scipy\optimize\_minimize.py
Lib\site-packages\scipy\optimize\_minpack.pyd
Lib\site-packages\scipy\optimize\_nnls.pyd
Lib\site-packages\scipy\optimize\_root.py
Lib\site-packages\scipy\optimize\_slsqp.pyd
Lib\site-packages\scipy\optimize\_tstutils.py
Lib\site-packages\scipy\optimize\_zeros.pyd
Lib\site-packages\scipy\optimize\__init__.py
Lib\site-packages\scipy\optimize\benchmarks\bench_zeros.py
Lib\site-packages\scipy\optimize\tests\test_anneal.py
Lib\site-packages\scipy\optimize\tests\test_cobyla.py
Lib\site-packages\scipy\optimize\tests\test_linesearch.py
Lib\site-packages\scipy\optimize\tests\test_minpack.py
Lib\site-packages\scipy\optimize\tests\test_nnls.py
Lib\site-packages\scipy\optimize\tests\test_nonlin.py
Lib\site-packages\scipy\optimize\tests\test_optimize.py
Lib\site-packages\scipy\optimize\tests\test_regression.py
Lib\site-packages\scipy\optimize\tests\test_slsqp.py
Lib\site-packages\scipy\optimize\tests\test_zeros.py
Lib\site-packages\scipy\optimize\tests\test__root.py
Lib\site-packages\scipy\signal\tests
Lib\site-packages\scipy\signal\bsplines.py
Lib\site-packages\scipy\signal\cont2discrete.py
Lib\site-packages\scipy\signal\dltisys.py
Lib\site-packages\scipy\signal\filter_design.py
Lib\site-packages\scipy\signal\fir_filter_design.py
Lib\site-packages\scipy\signal\ltisys.py
Lib\site-packages\scipy\signal\setup.py
Lib\site-packages\scipy\signal\setupscons.py
Lib\site-packages\scipy\signal\signaltools.py
Lib\site-packages\scipy\signal\sigtools.pyd
Lib\site-packages\scipy\signal\spectral.pyd
Lib\site-packages\scipy\signal\spline.pyd
Lib\site-packages\scipy\signal\waveforms.py
Lib\site-packages\scipy\signal\wavelets.py
Lib\site-packages\scipy\signal\windows.py
Lib\site-packages\scipy\signal\_arraytools.py
Lib\site-packages\scipy\signal\_peak_finding.py
Lib\site-packages\scipy\signal\__init__.py
Lib\site-packages\scipy\signal\tests\test_array_tools.py
Lib\site-packages\scipy\signal\tests\test_cont2discrete.py
Lib\site-packages\scipy\signal\tests\test_dltisys.py
Lib\site-packages\scipy\signal\tests\test_filter_design.py
Lib\site-packages\scipy\signal\tests\test_fir_filter_design.py
Lib\site-packages\scipy\signal\tests\test_ltisys.py
Lib\site-packages\scipy\signal\tests\test_peak_finding.py
Lib\site-packages\scipy\signal\tests\test_signaltools.py
Lib\site-packages\scipy\signal\tests\test_spectral.py
Lib\site-packages\scipy\signal\tests\test_waveforms.py
Lib\site-packages\scipy\signal\tests\test_wavelets.py
Lib\site-packages\scipy\signal\tests\test_windows.py
Lib\site-packages\scipy\sparse\benchmarks
Lib\site-packages\scipy\sparse\csgraph
Lib\site-packages\scipy\sparse\linalg
Lib\site-packages\scipy\sparse\sparsetools
Lib\site-packages\scipy\sparse\tests
Lib\site-packages\scipy\sparse\base.py
Lib\site-packages\scipy\sparse\bsr.py
Lib\site-packages\scipy\sparse\compressed.py
Lib\site-packages\scipy\sparse\construct.py
Lib\site-packages\scipy\sparse\coo.py
Lib\site-packages\scipy\sparse\csc.py
Lib\site-packages\scipy\sparse\csr.py
Lib\site-packages\scipy\sparse\data.py
Lib\site-packages\scipy\sparse\dia.py
Lib\site-packages\scipy\sparse\dok.py
Lib\site-packages\scipy\sparse\extract.py
Lib\site-packages\scipy\sparse\lil.py
Lib\site-packages\scipy\sparse\setup.py
Lib\site-packages\scipy\sparse\setupscons.py
Lib\site-packages\scipy\sparse\spfuncs.py
Lib\site-packages\scipy\sparse\sputils.py
Lib\site-packages\scipy\sparse\__init__.py
Lib\site-packages\scipy\sparse\benchmarks\bench_sparse.py
Lib\site-packages\scipy\sparse\csgraph\tests
Lib\site-packages\scipy\sparse\csgraph\setup.py
Lib\site-packages\scipy\sparse\csgraph\setupscons.py
Lib\site-packages\scipy\sparse\csgraph\_components.py
Lib\site-packages\scipy\sparse\csgraph\_laplacian.py
Lib\site-packages\scipy\sparse\csgraph\_min_spanning_tree.pyd
Lib\site-packages\scipy\sparse\csgraph\_shortest_path.pyd
Lib\site-packages\scipy\sparse\csgraph\_tools.pyd
Lib\site-packages\scipy\sparse\csgraph\_traversal.pyd
Lib\site-packages\scipy\sparse\csgraph\_validation.py
Lib\site-packages\scipy\sparse\csgraph\__init__.py
Lib\site-packages\scipy\sparse\csgraph\tests\test_connected_components.py
Lib\site-packages\scipy\sparse\csgraph\tests\test_conversions.py
Lib\site-packages\scipy\sparse\csgraph\tests\test_graph_components.py
Lib\site-packages\scipy\sparse\csgraph\tests\test_graph_laplacian.py
Lib\site-packages\scipy\sparse\csgraph\tests\test_shortest_path.py
Lib\site-packages\scipy\sparse\csgraph\tests\test_spanning_tree.py
Lib\site-packages\scipy\sparse\csgraph\tests\test_traversal.py
Lib\site-packages\scipy\sparse\linalg\dsolve
Lib\site-packages\scipy\sparse\linalg\eigen
Lib\site-packages\scipy\sparse\linalg\isolve
Lib\site-packages\scipy\sparse\linalg\tests
Lib\site-packages\scipy\sparse\linalg\interface.py
Lib\site-packages\scipy\sparse\linalg\setup.py
Lib\site-packages\scipy\sparse\linalg\setupscons.py
Lib\site-packages\scipy\sparse\linalg\__init__.py
Lib\site-packages\scipy\sparse\linalg\dsolve\tests
Lib\site-packages\scipy\sparse\linalg\dsolve\umfpack
Lib\site-packages\scipy\sparse\linalg\dsolve\linsolve.py
Lib\site-packages\scipy\sparse\linalg\dsolve\setup.py
Lib\site-packages\scipy\sparse\linalg\dsolve\setupscons.py
Lib\site-packages\scipy\sparse\linalg\dsolve\_superlu.pyd
Lib\site-packages\scipy\sparse\linalg\dsolve\__init__.py
Lib\site-packages\scipy\sparse\linalg\dsolve\tests\test_linsolve.py
Lib\site-packages\scipy\sparse\linalg\dsolve\umfpack\tests
Lib\site-packages\scipy\sparse\linalg\dsolve\umfpack\setup.py
Lib\site-packages\scipy\sparse\linalg\dsolve\umfpack\setupscons.py
Lib\site-packages\scipy\sparse\linalg\dsolve\umfpack\umfpack.py
Lib\site-packages\scipy\sparse\linalg\dsolve\umfpack\_umfpack.py
Lib\site-packages\scipy\sparse\linalg\dsolve\umfpack\__init__.py
Lib\site-packages\scipy\sparse\linalg\dsolve\umfpack\__umfpack.pyd
Lib\site-packages\scipy\sparse\linalg\dsolve\umfpack\tests\test_umfpack.py
Lib\site-packages\scipy\sparse\linalg\dsolve\umfpack\tests\try_umfpack.py
Lib\site-packages\scipy\sparse\linalg\eigen\arpack
Lib\site-packages\scipy\sparse\linalg\eigen\lobpcg
Lib\site-packages\scipy\sparse\linalg\eigen\setup.py
Lib\site-packages\scipy\sparse\linalg\eigen\setupscons.py
Lib\site-packages\scipy\sparse\linalg\eigen\__init__.py
Lib\site-packages\scipy\sparse\linalg\eigen\arpack\tests
Lib\site-packages\scipy\sparse\linalg\eigen\arpack\arpack.py
Lib\site-packages\scipy\sparse\linalg\eigen\arpack\setup.py
Lib\site-packages\scipy\sparse\linalg\eigen\arpack\setupscons.py
Lib\site-packages\scipy\sparse\linalg\eigen\arpack\_arpack.pyd
Lib\site-packages\scipy\sparse\linalg\eigen\arpack\__init__.py
Lib\site-packages\scipy\sparse\linalg\eigen\arpack\tests\test_arpack.py
Lib\site-packages\scipy\sparse\linalg\eigen\lobpcg\tests
Lib\site-packages\scipy\sparse\linalg\eigen\lobpcg\lobpcg.py
Lib\site-packages\scipy\sparse\linalg\eigen\lobpcg\setup.py
Lib\site-packages\scipy\sparse\linalg\eigen\lobpcg\setupscons.py
Lib\site-packages\scipy\sparse\linalg\eigen\lobpcg\__init__.py
Lib\site-packages\scipy\sparse\linalg\eigen\lobpcg\tests\benchmark.py
Lib\site-packages\scipy\sparse\linalg\eigen\lobpcg\tests\large_scale.py
Lib\site-packages\scipy\sparse\linalg\eigen\lobpcg\tests\test_lobpcg.py
Lib\site-packages\scipy\sparse\linalg\isolve\tests
Lib\site-packages\scipy\sparse\linalg\isolve\iterative.py
Lib\site-packages\scipy\sparse\linalg\isolve\lgmres.py
Lib\site-packages\scipy\sparse\linalg\isolve\lsmr.py
Lib\site-packages\scipy\sparse\linalg\isolve\lsqr.py
Lib\site-packages\scipy\sparse\linalg\isolve\minres.py
Lib\site-packages\scipy\sparse\linalg\isolve\setup.py
Lib\site-packages\scipy\sparse\linalg\isolve\setupscons.py
Lib\site-packages\scipy\sparse\linalg\isolve\utils.py
Lib\site-packages\scipy\sparse\linalg\isolve\_iterative.pyd
Lib\site-packages\scipy\sparse\linalg\isolve\__init__.py
Lib\site-packages\scipy\sparse\linalg\isolve\tests\demo_lgmres.py
Lib\site-packages\scipy\sparse\linalg\isolve\tests\test_iterative.py
Lib\site-packages\scipy\sparse\linalg\isolve\tests\test_lgmres.py
Lib\site-packages\scipy\sparse\linalg\isolve\tests\test_lsmr.py
Lib\site-packages\scipy\sparse\linalg\isolve\tests\test_lsqr.py
Lib\site-packages\scipy\sparse\linalg\isolve\tests\test_utils.py
Lib\site-packages\scipy\sparse\linalg\tests\test_interface.py
Lib\site-packages\scipy\sparse\sparsetools\bsr.py
Lib\site-packages\scipy\sparse\sparsetools\coo.py
Lib\site-packages\scipy\sparse\sparsetools\csc.py
Lib\site-packages\scipy\sparse\sparsetools\csgraph.py
Lib\site-packages\scipy\sparse\sparsetools\csr.py
Lib\site-packages\scipy\sparse\sparsetools\dia.py
Lib\site-packages\scipy\sparse\sparsetools\setup.py
Lib\site-packages\scipy\sparse\sparsetools\setupscons.py
Lib\site-packages\scipy\sparse\sparsetools\_bsr.pyd
Lib\site-packages\scipy\sparse\sparsetools\_coo.pyd
Lib\site-packages\scipy\sparse\sparsetools\_csc.pyd
Lib\site-packages\scipy\sparse\sparsetools\_csgraph.pyd
Lib\site-packages\scipy\sparse\sparsetools\_csr.pyd
Lib\site-packages\scipy\sparse\sparsetools\_dia.pyd
Lib\site-packages\scipy\sparse\sparsetools\__init__.py
Lib\site-packages\scipy\sparse\tests\test_base.py
Lib\site-packages\scipy\sparse\tests\test_construct.py
Lib\site-packages\scipy\sparse\tests\test_extract.py
Lib\site-packages\scipy\sparse\tests\test_spfuncs.py
Lib\site-packages\scipy\sparse\tests\test_sputils.py
Lib\site-packages\scipy\spatial\tests
Lib\site-packages\scipy\spatial\ckdtree.pyd
Lib\site-packages\scipy\spatial\distance.py
Lib\site-packages\scipy\spatial\generate_qhull.py
Lib\site-packages\scipy\spatial\kdtree.py
Lib\site-packages\scipy\spatial\qhull.pyd
Lib\site-packages\scipy\spatial\setup.py
Lib\site-packages\scipy\spatial\setupscons.py
Lib\site-packages\scipy\spatial\_distance_wrap.pyd
Lib\site-packages\scipy\spatial\__init__.py
Lib\site-packages\scipy\spatial\tests\data
Lib\site-packages\scipy\spatial\tests\test_distance.py
Lib\site-packages\scipy\spatial\tests\test_kdtree.py
Lib\site-packages\scipy\spatial\tests\test_qhull.py
Lib\site-packages\scipy\spatial\tests\data\cdist-X1.txt
Lib\site-packages\scipy\spatial\tests\data\cdist-X2.txt
Lib\site-packages\scipy\spatial\tests\data\degenerate_pointset.npz
Lib\site-packages\scipy\spatial\tests\data\iris.txt
Lib\site-packages\scipy\spatial\tests\data\pdist-boolean-inp.txt
Lib\site-packages\scipy\spatial\tests\data\pdist-chebychev-ml-iris.txt
Lib\site-packages\scipy\spatial\tests\data\pdist-chebychev-ml.txt
Lib\site-packages\scipy\spatial\tests\data\pdist-cityblock-ml-iris.txt
Lib\site-packages\scipy\spatial\tests\data\pdist-cityblock-ml.txt
Lib\site-packages\scipy\spatial\tests\data\pdist-correlation-ml-iris.txt
Lib\site-packages\scipy\spatial\tests\data\pdist-correlation-ml.txt
Lib\site-packages\scipy\spatial\tests\data\pdist-cosine-ml-iris.txt
Lib\site-packages\scipy\spatial\tests\data\pdist-cosine-ml.txt
Lib\site-packages\scipy\spatial\tests\data\pdist-double-inp.txt
Lib\site-packages\scipy\spatial\tests\data\pdist-euclidean-ml-iris.txt
Lib\site-packages\scipy\spatial\tests\data\pdist-euclidean-ml.txt
Lib\site-packages\scipy\spatial\tests\data\pdist-hamming-ml.txt
Lib\site-packages\scipy\spatial\tests\data\pdist-jaccard-ml.txt
Lib\site-packages\scipy\spatial\tests\data\pdist-minkowski-3.2-ml-iris.txt
Lib\site-packages\scipy\spatial\tests\data\pdist-minkowski-3.2-ml.txt
Lib\site-packages\scipy\spatial\tests\data\pdist-minkowski-5.8-ml-iris.txt
Lib\site-packages\scipy\spatial\tests\data\pdist-seuclidean-ml-iris.txt
Lib\site-packages\scipy\spatial\tests\data\pdist-seuclidean-ml.txt
Lib\site-packages\scipy\spatial\tests\data\pdist-spearman-ml.txt
Lib\site-packages\scipy\spatial\tests\data\random-bool-data.txt
Lib\site-packages\scipy\special\tests
Lib\site-packages\scipy\special\add_newdocs.py
Lib\site-packages\scipy\special\basic.py
Lib\site-packages\scipy\special\gendoc.py
Lib\site-packages\scipy\special\lambertw.pyd
Lib\site-packages\scipy\special\orthogonal.py
Lib\site-packages\scipy\special\orthogonal_eval.pyd
Lib\site-packages\scipy\special\setup.py
Lib\site-packages\scipy\special\setupscons.py
Lib\site-packages\scipy\special\specfun.pyd
Lib\site-packages\scipy\special\special_version.py
Lib\site-packages\scipy\special\spfun_stats.py
Lib\site-packages\scipy\special\_cephes.pyd
Lib\site-packages\scipy\special\_logit.pyd
Lib\site-packages\scipy\special\_testutils.py
Lib\site-packages\scipy\special\__init__.py
Lib\site-packages\scipy\special\tests\data
Lib\site-packages\scipy\special\tests\test_basic.py
Lib\site-packages\scipy\special\tests\test_data.py
Lib\site-packages\scipy\special\tests\test_lambertw.py
Lib\site-packages\scipy\special\tests\test_logit.py
Lib\site-packages\scipy\special\tests\test_mpmath.py
Lib\site-packages\scipy\special\tests\test_orthogonal.py
Lib\site-packages\scipy\special\tests\test_orthogonal_eval.py
Lib\site-packages\scipy\special\tests\test_spfun_stats.py
Lib\site-packages\scipy\special\tests\data\boost.npz
Lib\site-packages\scipy\special\tests\data\README
Lib\site-packages\scipy\stats\tests
Lib\site-packages\scipy\stats\contingency.py
Lib\site-packages\scipy\stats\distributions.py
Lib\site-packages\scipy\stats\futil.pyd
Lib\site-packages\scipy\stats\kde.py
Lib\site-packages\scipy\stats\morestats.py
Lib\site-packages\scipy\stats\mstats.py
Lib\site-packages\scipy\stats\mstats_basic.py
Lib\site-packages\scipy\stats\mstats_extras.py
Lib\site-packages\scipy\stats\mvn.pyd
Lib\site-packages\scipy\stats\rv.py
Lib\site-packages\scipy\stats\setup.py
Lib\site-packages\scipy\stats\setupscons.py
Lib\site-packages\scipy\stats\statlib.pyd
Lib\site-packages\scipy\stats\stats.py
Lib\site-packages\scipy\stats\vonmises.py
Lib\site-packages\scipy\stats\vonmises_cython.pyd
Lib\site-packages\scipy\stats\_binned_statistic.py
Lib\site-packages\scipy\stats\_rank.pyd
Lib\site-packages\scipy\stats\_support.py
Lib\site-packages\scipy\stats\_tukeylambda_stats.py
Lib\site-packages\scipy\stats\__init__.py
Lib\site-packages\scipy\stats\tests\test_binned_statistic.py
Lib\site-packages\scipy\stats\tests\test_contingency.py
Lib\site-packages\scipy\stats\tests\test_continuous_basic.py
Lib\site-packages\scipy\stats\tests\test_continuous_extra.py
Lib\site-packages\scipy\stats\tests\test_discrete_basic.py
Lib\site-packages\scipy\stats\tests\test_distributions.py
Lib\site-packages\scipy\stats\tests\test_fit.py
Lib\site-packages\scipy\stats\tests\test_kdeoth.py
Lib\site-packages\scipy\stats\tests\test_morestats.py
Lib\site-packages\scipy\stats\tests\test_mstats_basic.py
Lib\site-packages\scipy\stats\tests\test_mstats_extras.py
Lib\site-packages\scipy\stats\tests\test_rank.py
Lib\site-packages\scipy\stats\tests\test_stats.py
Lib\site-packages\scipy\stats\tests\test_tukeylambda_stats.py
Lib\site-packages\scipy\weave\blitz
Lib\site-packages\scipy\weave\doc
Lib\site-packages\scipy\weave\examples
Lib\site-packages\scipy\weave\scxx
Lib\site-packages\scipy\weave\tests
Lib\site-packages\scipy\weave\accelerate_tools.py
Lib\site-packages\scipy\weave\ast_tools.py
Lib\site-packages\scipy\weave\base_info.py
Lib\site-packages\scipy\weave\base_spec.py
Lib\site-packages\scipy\weave\blitz_spec.py
Lib\site-packages\scipy\weave\blitz_tools.py
Lib\site-packages\scipy\weave\build_tools.py
Lib\site-packages\scipy\weave\bytecodecompiler.py
Lib\site-packages\scipy\weave\catalog.py
Lib\site-packages\scipy\weave\common_info.py
Lib\site-packages\scipy\weave\converters.py
Lib\site-packages\scipy\weave\cpp_namespace_spec.py
Lib\site-packages\scipy\weave\c_spec.py
Lib\site-packages\scipy\weave\ext_tools.py
Lib\site-packages\scipy\weave\inline_tools.py
Lib\site-packages\scipy\weave\md5_load.py
Lib\site-packages\scipy\weave\numpy_scalar_spec.py
Lib\site-packages\scipy\weave\platform_info.py
Lib\site-packages\scipy\weave\setup.py
Lib\site-packages\scipy\weave\setupscons.py
Lib\site-packages\scipy\weave\size_check.py
Lib\site-packages\scipy\weave\slice_handler.py
Lib\site-packages\scipy\weave\standard_array_spec.py
Lib\site-packages\scipy\weave\swig2_spec.py
Lib\site-packages\scipy\weave\swigptr.py
Lib\site-packages\scipy\weave\swigptr2.py
Lib\site-packages\scipy\weave\vtk_spec.py
Lib\site-packages\scipy\weave\weave_version.py
Lib\site-packages\scipy\weave\__init__.py
Lib\site-packages\scipy\weave\blitz\blitz
Lib\site-packages\scipy\weave\blitz\blitz\array
Lib\site-packages\scipy\weave\blitz\blitz\generate
Lib\site-packages\scipy\weave\blitz\blitz\gnu
Lib\site-packages\scipy\weave\blitz\blitz\meta
Lib\site-packages\scipy\weave\blitz\blitz\applics.h
Lib\site-packages\scipy\weave\blitz\blitz\array-impl.h
Lib\site-packages\scipy\weave\blitz\blitz\array-old.h
Lib\site-packages\scipy\weave\blitz\blitz\array.h
Lib\site-packages\scipy\weave\blitz\blitz\bench.cc
Lib\site-packages\scipy\weave\blitz\blitz\bench.h
Lib\site-packages\scipy\weave\blitz\blitz\benchext.cc
Lib\site-packages\scipy\weave\blitz\blitz\benchext.h
Lib\site-packages\scipy\weave\blitz\blitz\blitz.h
Lib\site-packages\scipy\weave\blitz\blitz\bzconfig.h
Lib\site-packages\scipy\weave\blitz\blitz\bzdebug.h
Lib\site-packages\scipy\weave\blitz\blitz\compiler.h
Lib\site-packages\scipy\weave\blitz\blitz\config.h.in
Lib\site-packages\scipy\weave\blitz\blitz\etbase.h
Lib\site-packages\scipy\weave\blitz\blitz\extremum.h
Lib\site-packages\scipy\weave\blitz\blitz\funcs.h
Lib\site-packages\scipy\weave\blitz\blitz\indexexpr.h
Lib\site-packages\scipy\weave\blitz\blitz\limits-hack.h
Lib\site-packages\scipy\weave\blitz\blitz\listinit.h
Lib\site-packages\scipy\weave\blitz\blitz\Makefile.am
Lib\site-packages\scipy\weave\blitz\blitz\Makefile.in
Lib\site-packages\scipy\weave\blitz\blitz\matbops.h
Lib\site-packages\scipy\weave\blitz\blitz\matdiag.h
Lib\site-packages\scipy\weave\blitz\blitz\matexpr.h
Lib\site-packages\scipy\weave\blitz\blitz\matgen.h
Lib\site-packages\scipy\weave\blitz\blitz\mathf2.h
Lib\site-packages\scipy\weave\blitz\blitz\mathfunc.h
Lib\site-packages\scipy\weave\blitz\blitz\matltri.h
Lib\site-packages\scipy\weave\blitz\blitz\matref.h
Lib\site-packages\scipy\weave\blitz\blitz\matrix.cc
Lib\site-packages\scipy\weave\blitz\blitz\matrix.h
Lib\site-packages\scipy\weave\blitz\blitz\matsymm.h
Lib\site-packages\scipy\weave\blitz\blitz\mattoep.h
Lib\site-packages\scipy\weave\blitz\blitz\matuops.h
Lib\site-packages\scipy\weave\blitz\blitz\matutri.h
Lib\site-packages\scipy\weave\blitz\blitz\memblock.cc
Lib\site-packages\scipy\weave\blitz\blitz\memblock.h
Lib\site-packages\scipy\weave\blitz\blitz\minmax.h
Lib\site-packages\scipy\weave\blitz\blitz\mstruct.h
Lib\site-packages\scipy\weave\blitz\blitz\numinquire.h
Lib\site-packages\scipy\weave\blitz\blitz\numtrait.h
Lib\site-packages\scipy\weave\blitz\blitz\ops.h
Lib\site-packages\scipy\weave\blitz\blitz\prettyprint.h
Lib\site-packages\scipy\weave\blitz\blitz\promote-old.h
Lib\site-packages\scipy\weave\blitz\blitz\promote.h
Lib\site-packages\scipy\weave\blitz\blitz\rand-dunif.h
Lib\site-packages\scipy\weave\blitz\blitz\rand-normal.h
Lib\site-packages\scipy\weave\blitz\blitz\rand-tt800.h
Lib\site-packages\scipy\weave\blitz\blitz\rand-uniform.h
Lib\site-packages\scipy\weave\blitz\blitz\random.h
Lib\site-packages\scipy\weave\blitz\blitz\randref.h
Lib\site-packages\scipy\weave\blitz\blitz\range.h
Lib\site-packages\scipy\weave\blitz\blitz\README
Lib\site-packages\scipy\weave\blitz\blitz\reduce.h
Lib\site-packages\scipy\weave\blitz\blitz\shapecheck.h
Lib\site-packages\scipy\weave\blitz\blitz\tau.h
Lib\site-packages\scipy\weave\blitz\blitz\timer.h
Lib\site-packages\scipy\weave\blitz\blitz\tiny.h
Lib\site-packages\scipy\weave\blitz\blitz\tinymat.h
Lib\site-packages\scipy\weave\blitz\blitz\tinymatexpr.h
Lib\site-packages\scipy\weave\blitz\blitz\tinymatio.cc
Lib\site-packages\scipy\weave\blitz\blitz\tinyvec-et.h
Lib\site-packages\scipy\weave\blitz\blitz\tinyvec.cc
Lib\site-packages\scipy\weave\blitz\blitz\tinyvec.h
Lib\site-packages\scipy\weave\blitz\blitz\tinyvecio.cc
Lib\site-packages\scipy\weave\blitz\blitz\tinyveciter.h
Lib\site-packages\scipy\weave\blitz\blitz\traversal.cc
Lib\site-packages\scipy\weave\blitz\blitz\traversal.h
Lib\site-packages\scipy\weave\blitz\blitz\tuning.h
Lib\site-packages\scipy\weave\blitz\blitz\tvcross.h
Lib\site-packages\scipy\weave\blitz\blitz\tvecglobs.h
Lib\site-packages\scipy\weave\blitz\blitz\update.h
Lib\site-packages\scipy\weave\blitz\blitz\vecaccum.cc
Lib\site-packages\scipy\weave\blitz\blitz\vecall.cc
Lib\site-packages\scipy\weave\blitz\blitz\vecany.cc
Lib\site-packages\scipy\weave\blitz\blitz\vecbfn.cc
Lib\site-packages\scipy\weave\blitz\blitz\vecbops.cc
Lib\site-packages\scipy\weave\blitz\blitz\veccount.cc
Lib\site-packages\scipy\weave\blitz\blitz\vecdelta.cc
Lib\site-packages\scipy\weave\blitz\blitz\vecdot.cc
Lib\site-packages\scipy\weave\blitz\blitz\vecexpr.h
Lib\site-packages\scipy\weave\blitz\blitz\vecexprwrap.h
Lib\site-packages\scipy\weave\blitz\blitz\vecglobs.cc
Lib\site-packages\scipy\weave\blitz\blitz\vecglobs.h
Lib\site-packages\scipy\weave\blitz\blitz\vecio.cc
Lib\site-packages\scipy\weave\blitz\blitz\veciter.h
Lib\site-packages\scipy\weave\blitz\blitz\vecmax.cc
Lib\site-packages\scipy\weave\blitz\blitz\vecmin.cc
Lib\site-packages\scipy\weave\blitz\blitz\vecnorm.cc
Lib\site-packages\scipy\weave\blitz\blitz\vecnorm1.cc
Lib\site-packages\scipy\weave\blitz\blitz\vecpick.cc
Lib\site-packages\scipy\weave\blitz\blitz\vecpick.h
Lib\site-packages\scipy\weave\blitz\blitz\vecpickio.cc
Lib\site-packages\scipy\weave\blitz\blitz\vecpickiter.h
Lib\site-packages\scipy\weave\blitz\blitz\vecsum.cc
Lib\site-packages\scipy\weave\blitz\blitz\vector-et.h
Lib\site-packages\scipy\weave\blitz\blitz\vector.cc
Lib\site-packages\scipy\weave\blitz\blitz\vector.h
Lib\site-packages\scipy\weave\blitz\blitz\vecuops.cc
Lib\site-packages\scipy\weave\blitz\blitz\vecwhere.cc
Lib\site-packages\scipy\weave\blitz\blitz\vecwhere.h
Lib\site-packages\scipy\weave\blitz\blitz\wrap-climits.h
Lib\site-packages\scipy\weave\blitz\blitz\zero.cc
Lib\site-packages\scipy\weave\blitz\blitz\zero.h
Lib\site-packages\scipy\weave\blitz\blitz\array\asexpr.h
Lib\site-packages\scipy\weave\blitz\blitz\array\bops.cc
Lib\site-packages\scipy\weave\blitz\blitz\array\cartesian.h
Lib\site-packages\scipy\weave\blitz\blitz\array\cgsolve.h
Lib\site-packages\scipy\weave\blitz\blitz\array\complex.cc
Lib\site-packages\scipy\weave\blitz\blitz\array\convolve.cc
Lib\site-packages\scipy\weave\blitz\blitz\array\convolve.h
Lib\site-packages\scipy\weave\blitz\blitz\array\cycle.cc
Lib\site-packages\scipy\weave\blitz\blitz\array\domain.h
Lib\site-packages\scipy\weave\blitz\blitz\array\et.h
Lib\site-packages\scipy\weave\blitz\blitz\array\eval.cc
Lib\site-packages\scipy\weave\blitz\blitz\array\expr.h
Lib\site-packages\scipy\weave\blitz\blitz\array\fastiter.h
Lib\site-packages\scipy\weave\blitz\blitz\array\funcs.h
Lib\site-packages\scipy\weave\blitz\blitz\array\functorExpr.h
Lib\site-packages\scipy\weave\blitz\blitz\array\geometry.h
Lib\site-packages\scipy\weave\blitz\blitz\array\indirect.h
Lib\site-packages\scipy\weave\blitz\blitz\array\interlace.cc
Lib\site-packages\scipy\weave\blitz\blitz\array\io.cc
Lib\site-packages\scipy\weave\blitz\blitz\array\iter.h
Lib\site-packages\scipy\weave\blitz\blitz\array\Makefile.am
Lib\site-packages\scipy\weave\blitz\blitz\array\Makefile.in
Lib\site-packages\scipy\weave\blitz\blitz\array\map.h
Lib\site-packages\scipy\weave\blitz\blitz\array\methods.cc
Lib\site-packages\scipy\weave\blitz\blitz\array\misc.cc
Lib\site-packages\scipy\weave\blitz\blitz\array\multi.h
Lib\site-packages\scipy\weave\blitz\blitz\array\newbops.cc
Lib\site-packages\scipy\weave\blitz\blitz\array\newet-macros.h
Lib\site-packages\scipy\weave\blitz\blitz\array\newet.h
Lib\site-packages\scipy\weave\blitz\blitz\array\ops.cc
Lib\site-packages\scipy\weave\blitz\blitz\array\ops.h
Lib\site-packages\scipy\weave\blitz\blitz\array\reduce.cc
Lib\site-packages\scipy\weave\blitz\blitz\array\reduce.h
Lib\site-packages\scipy\weave\blitz\blitz\array\resize.cc
Lib\site-packages\scipy\weave\blitz\blitz\array\shape.h
Lib\site-packages\scipy\weave\blitz\blitz\array\slice.h
Lib\site-packages\scipy\weave\blitz\blitz\array\slicing.cc
Lib\site-packages\scipy\weave\blitz\blitz\array\stencil-et.h
Lib\site-packages\scipy\weave\blitz\blitz\array\stencil.cc
Lib\site-packages\scipy\weave\blitz\blitz\array\stencil.h
Lib\site-packages\scipy\weave\blitz\blitz\array\stencilops.h
Lib\site-packages\scipy\weave\blitz\blitz\array\stencils.cc
Lib\site-packages\scipy\weave\blitz\blitz\array\stencils.h
Lib\site-packages\scipy\weave\blitz\blitz\array\storage.h
Lib\site-packages\scipy\weave\blitz\blitz\array\uops.cc
Lib\site-packages\scipy\weave\blitz\blitz\array\where.h
Lib\site-packages\scipy\weave\blitz\blitz\array\zip.h
Lib\site-packages\scipy\weave\blitz\blitz\generate\arroperands.h
Lib\site-packages\scipy\weave\blitz\blitz\generate\arroptuple.h
Lib\site-packages\scipy\weave\blitz\blitz\generate\bzfstream.h
Lib\site-packages\scipy\weave\blitz\blitz\generate\genarrbops.cpp
Lib\site-packages\scipy\weave\blitz\blitz\generate\genarruops.cpp
Lib\site-packages\scipy\weave\blitz\blitz\generate\genmatbops.cpp
Lib\site-packages\scipy\weave\blitz\blitz\generate\genmathfunc.cpp
Lib\site-packages\scipy\weave\blitz\blitz\generate\genmatuops.cpp
Lib\site-packages\scipy\weave\blitz\blitz\generate\genpromote.cpp
Lib\site-packages\scipy\weave\blitz\blitz\generate\genvecbfn.cpp
Lib\site-packages\scipy\weave\blitz\blitz\generate\genvecbops.cpp
Lib\site-packages\scipy\weave\blitz\blitz\generate\genvecuops.cpp
Lib\site-packages\scipy\weave\blitz\blitz\generate\genvecwhere.cpp
Lib\site-packages\scipy\weave\blitz\blitz\generate\Makefile.am
Lib\site-packages\scipy\weave\blitz\blitz\generate\Makefile.in
Lib\site-packages\scipy\weave\blitz\blitz\generate\operands.h
Lib\site-packages\scipy\weave\blitz\blitz\generate\operands2.h
Lib\site-packages\scipy\weave\blitz\blitz\generate\optuple.h
Lib\site-packages\scipy\weave\blitz\blitz\generate\optuple2.h
Lib\site-packages\scipy\weave\blitz\blitz\gnu\bzconfig.h
Lib\site-packages\scipy\weave\blitz\blitz\meta\dot.h
Lib\site-packages\scipy\weave\blitz\blitz\meta\Makefile.am
Lib\site-packages\scipy\weave\blitz\blitz\meta\Makefile.in
Lib\site-packages\scipy\weave\blitz\blitz\meta\matassign.h
Lib\site-packages\scipy\weave\blitz\blitz\meta\matmat.h
Lib\site-packages\scipy\weave\blitz\blitz\meta\matvec.h
Lib\site-packages\scipy\weave\blitz\blitz\meta\metaprog.h
Lib\site-packages\scipy\weave\blitz\blitz\meta\product.h
Lib\site-packages\scipy\weave\blitz\blitz\meta\sum.h
Lib\site-packages\scipy\weave\blitz\blitz\meta\vecassign.h
Lib\site-packages\scipy\weave\doc\tutorial.txt
Lib\site-packages\scipy\weave\doc\tutorial_original.html
Lib\site-packages\scipy\weave\examples\array3d.py
Lib\site-packages\scipy\weave\examples\binary_search.py
Lib\site-packages\scipy\weave\examples\cast_copy_transpose.py
Lib\site-packages\scipy\weave\examples\dict_sort.py
Lib\site-packages\scipy\weave\examples\fibonacci.py
Lib\site-packages\scipy\weave\examples\functional.py
Lib\site-packages\scipy\weave\examples\increment_example.py
Lib\site-packages\scipy\weave\examples\md5_speed.py
Lib\site-packages\scipy\weave\examples\object.py
Lib\site-packages\scipy\weave\examples\print_example.py
Lib\site-packages\scipy\weave\examples\py_none.py
Lib\site-packages\scipy\weave\examples\ramp.c
Lib\site-packages\scipy\weave\examples\ramp.py
Lib\site-packages\scipy\weave\examples\ramp2.py
Lib\site-packages\scipy\weave\examples\support_code_example.py
Lib\site-packages\scipy\weave\examples\swig2_example.py
Lib\site-packages\scipy\weave\examples\swig2_ext.h
Lib\site-packages\scipy\weave\examples\swig2_ext.i
Lib\site-packages\scipy\weave\examples\tuple_return.py
Lib\site-packages\scipy\weave\examples\vq.py
Lib\site-packages\scipy\weave\examples\vtk_example.py
Lib\site-packages\scipy\weave\examples\wx_example.py
Lib\site-packages\scipy\weave\examples\wx_speed.py
Lib\site-packages\scipy\weave\scxx\dict.h
Lib\site-packages\scipy\weave\scxx\list.h
Lib\site-packages\scipy\weave\scxx\notes.txt
Lib\site-packages\scipy\weave\scxx\number.h
Lib\site-packages\scipy\weave\scxx\object.h
Lib\site-packages\scipy\weave\scxx\README.txt
Lib\site-packages\scipy\weave\scxx\scxx.h
Lib\site-packages\scipy\weave\scxx\sequence.h
Lib\site-packages\scipy\weave\scxx\str.h
Lib\site-packages\scipy\weave\scxx\tuple.h
Lib\site-packages\scipy\weave\scxx\weave_imp.cpp
Lib\site-packages\scipy\weave\tests\scxx_timings.py
Lib\site-packages\scipy\weave\tests\test_ast_tools.py
Lib\site-packages\scipy\weave\tests\test_blitz_tools.py
Lib\site-packages\scipy\weave\tests\test_build_tools.py
Lib\site-packages\scipy\weave\tests\test_catalog.py
Lib\site-packages\scipy\weave\tests\test_c_spec.py
Lib\site-packages\scipy\weave\tests\test_ext_tools.py
Lib\site-packages\scipy\weave\tests\test_inline_tools.py
Lib\site-packages\scipy\weave\tests\test_numpy_scalar_spec.py
Lib\site-packages\scipy\weave\tests\test_scxx_dict.py
Lib\site-packages\scipy\weave\tests\test_scxx_object.py
Lib\site-packages\scipy\weave\tests\test_scxx_sequence.py
Lib\site-packages\scipy\weave\tests\test_size_check.py
Lib\site-packages\scipy\weave\tests\test_slice_handler.py
Lib\site-packages\scipy\weave\tests\test_standard_array_spec.py
Lib\site-packages\scipy\weave\tests\weave_test_utils.py