# WPPM package installation log
# 
# Package: spyder v2.1.12

Lib\site-packages\pyflakes
Lib\site-packages\rope
Lib\site-packages\spyderlib
Lib\site-packages\spyderplugins
Lib\site-packages\spyder-2.1.12-py2.7.egg-info
Lib\site-packages\pyflakes\scripts
Lib\site-packages\pyflakes\test
Lib\site-packages\pyflakes\checker.py
Lib\site-packages\pyflakes\messages.py
Lib\site-packages\pyflakes\__init__.py
Lib\site-packages\pyflakes\scripts\pyflakes.py
Lib\site-packages\pyflakes\scripts\__init__.py
Lib\site-packages\pyflakes\test\harness.py
Lib\site-packages\pyflakes\test\test_imports.py
Lib\site-packages\pyflakes\test\test_other.py
Lib\site-packages\pyflakes\test\test_script.py
Lib\site-packages\pyflakes\test\test_undefined_names.py
Lib\site-packages\pyflakes\test\__init__.py
Lib\site-packages\rope\base
Lib\site-packages\rope\contrib
Lib\site-packages\rope\refactor
Lib\site-packages\rope\__init__.py
Lib\site-packages\rope\base\oi
Lib\site-packages\rope\base\arguments.py
Lib\site-packages\rope\base\ast.py
Lib\site-packages\rope\base\astutils.py
Lib\site-packages\rope\base\builtins.py
Lib\site-packages\rope\base\change.py
Lib\site-packages\rope\base\codeanalyze.py
Lib\site-packages\rope\base\default_config.py
Lib\site-packages\rope\base\evaluate.py
Lib\site-packages\rope\base\exceptions.py
Lib\site-packages\rope\base\fscommands.py
Lib\site-packages\rope\base\history.py
Lib\site-packages\rope\base\libutils.py
Lib\site-packages\rope\base\prefs.py
Lib\site-packages\rope\base\project.py
Lib\site-packages\rope\base\pycore.py
Lib\site-packages\rope\base\pynames.py
Lib\site-packages\rope\base\pynamesdef.py
Lib\site-packages\rope\base\pyobjects.py
Lib\site-packages\rope\base\pyobjectsdef.py
Lib\site-packages\rope\base\pyscopes.py
Lib\site-packages\rope\base\resourceobserver.py
Lib\site-packages\rope\base\resources.py
Lib\site-packages\rope\base\simplify.py
Lib\site-packages\rope\base\stdmods.py
Lib\site-packages\rope\base\taskhandle.py
Lib\site-packages\rope\base\utils.py
Lib\site-packages\rope\base\worder.py
Lib\site-packages\rope\base\__init__.py
Lib\site-packages\rope\base\oi\doa.py
Lib\site-packages\rope\base\oi\memorydb.py
Lib\site-packages\rope\base\oi\objectdb.py
Lib\site-packages\rope\base\oi\objectinfo.py
Lib\site-packages\rope\base\oi\runmod.py
Lib\site-packages\rope\base\oi\soa.py
Lib\site-packages\rope\base\oi\soi.py
Lib\site-packages\rope\base\oi\transform.py
Lib\site-packages\rope\base\oi\__init__.py
Lib\site-packages\rope\contrib\autoimport.py
Lib\site-packages\rope\contrib\changestack.py
Lib\site-packages\rope\contrib\codeassist.py
Lib\site-packages\rope\contrib\finderrors.py
Lib\site-packages\rope\contrib\findit.py
Lib\site-packages\rope\contrib\fixmodnames.py
Lib\site-packages\rope\contrib\fixsyntax.py
Lib\site-packages\rope\contrib\generate.py
Lib\site-packages\rope\contrib\__init__.py
Lib\site-packages\rope\refactor\importutils
Lib\site-packages\rope\refactor\change_signature.py
Lib\site-packages\rope\refactor\encapsulate_field.py
Lib\site-packages\rope\refactor\extract.py
Lib\site-packages\rope\refactor\functionutils.py
Lib\site-packages\rope\refactor\inline.py
Lib\site-packages\rope\refactor\introduce_factory.py
Lib\site-packages\rope\refactor\introduce_parameter.py
Lib\site-packages\rope\refactor\localtofield.py
Lib\site-packages\rope\refactor\method_object.py
Lib\site-packages\rope\refactor\move.py
Lib\site-packages\rope\refactor\multiproject.py
Lib\site-packages\rope\refactor\occurrences.py
Lib\site-packages\rope\refactor\patchedast.py
Lib\site-packages\rope\refactor\rename.py
Lib\site-packages\rope\refactor\restructure.py
Lib\site-packages\rope\refactor\similarfinder.py
Lib\site-packages\rope\refactor\sourceutils.py
Lib\site-packages\rope\refactor\suites.py
Lib\site-packages\rope\refactor\topackage.py
Lib\site-packages\rope\refactor\usefunction.py
Lib\site-packages\rope\refactor\wildcards.py
Lib\site-packages\rope\refactor\__init__.py
Lib\site-packages\rope\refactor\importutils\actions.py
Lib\site-packages\rope\refactor\importutils\importinfo.py
Lib\site-packages\rope\refactor\importutils\module_imports.py
Lib\site-packages\rope\refactor\importutils\__init__.py
Lib\site-packages\spyderlib\doc
Lib\site-packages\spyderlib\images
Lib\site-packages\spyderlib\locale
Lib\site-packages\spyderlib\plugins
Lib\site-packages\spyderlib\qt
Lib\site-packages\spyderlib\utils
Lib\site-packages\spyderlib\widgets
Lib\site-packages\spyderlib\baseconfig.py
Lib\site-packages\spyderlib\config.py
Lib\site-packages\spyderlib\interpreter.py
Lib\site-packages\spyderlib\mpl_patch.py
Lib\site-packages\spyderlib\otherplugins.py
Lib\site-packages\spyderlib\pil_patch.py
Lib\site-packages\spyderlib\pyplot.py
Lib\site-packages\spyderlib\requirements.py
Lib\site-packages\spyderlib\rope_patch.py
Lib\site-packages\spyderlib\scientific_startup.py
Lib\site-packages\spyderlib\spyder.py
Lib\site-packages\spyderlib\userconfig.py
Lib\site-packages\spyderlib\__init__.py
Lib\site-packages\spyderlib\doc\_images
Lib\site-packages\spyderlib\doc\_sources
Lib\site-packages\spyderlib\doc\_static
Lib\site-packages\spyderlib\doc\.buildinfo
Lib\site-packages\spyderlib\doc\console.html
Lib\site-packages\spyderlib\doc\debugging.html
Lib\site-packages\spyderlib\doc\editor.html
Lib\site-packages\spyderlib\doc\explorer.html
Lib\site-packages\spyderlib\doc\findinfiles.html
Lib\site-packages\spyderlib\doc\genindex.html
Lib\site-packages\spyderlib\doc\historylog.html
Lib\site-packages\spyderlib\doc\index.html
Lib\site-packages\spyderlib\doc\inspector.html
Lib\site-packages\spyderlib\doc\installation.html
Lib\site-packages\spyderlib\doc\internalconsole.html
Lib\site-packages\spyderlib\doc\lightmode.html
Lib\site-packages\spyderlib\doc\objects.inv
Lib\site-packages\spyderlib\doc\onlinehelp.html
Lib\site-packages\spyderlib\doc\options.html
Lib\site-packages\spyderlib\doc\overview.html
Lib\site-packages\spyderlib\doc\projectexplorer.html
Lib\site-packages\spyderlib\doc\pylint.html
Lib\site-packages\spyderlib\doc\search.html
Lib\site-packages\spyderlib\doc\searchindex.js
Lib\site-packages\spyderlib\doc\variableexplorer.html
Lib\site-packages\spyderlib\doc\_images\arrayeditor.png
Lib\site-packages\spyderlib\doc\_images\console.png
Lib\site-packages\spyderlib\doc\_images\dicteditor.png
Lib\site-packages\spyderlib\doc\_images\editor1.png
Lib\site-packages\spyderlib\doc\_images\editor2.png
Lib\site-packages\spyderlib\doc\_images\editor3.png
Lib\site-packages\spyderlib\doc\_images\explorer.png
Lib\site-packages\spyderlib\doc\_images\explorer_menu1.png
Lib\site-packages\spyderlib\doc\_images\explorer_menu2.png
Lib\site-packages\spyderlib\doc\_images\findinfiles.png
Lib\site-packages\spyderlib\doc\_images\historylog.png
Lib\site-packages\spyderlib\doc\_images\inspector_plain.png
Lib\site-packages\spyderlib\doc\_images\inspector_rich.png
Lib\site-packages\spyderlib\doc\_images\inspector_source.png
Lib\site-packages\spyderlib\doc\_images\internalconsole.png
Lib\site-packages\spyderlib\doc\_images\lightmode.png
Lib\site-packages\spyderlib\doc\_images\listeditor.png
Lib\site-packages\spyderlib\doc\_images\onlinehelp.png
Lib\site-packages\spyderlib\doc\_images\projectexplorer.png
Lib\site-packages\spyderlib\doc\_images\projectexplorer2.png
Lib\site-packages\spyderlib\doc\_images\pylint.png
Lib\site-packages\spyderlib\doc\_images\texteditor.png
Lib\site-packages\spyderlib\doc\_images\variableexplorer-imshow.png
Lib\site-packages\spyderlib\doc\_images\variableexplorer-plot.png
Lib\site-packages\spyderlib\doc\_images\variableexplorer1.png
Lib\site-packages\spyderlib\doc\_images\variableexplorer2.png
Lib\site-packages\spyderlib\doc\_sources\console.txt
Lib\site-packages\spyderlib\doc\_sources\debugging.txt
Lib\site-packages\spyderlib\doc\_sources\editor.txt
Lib\site-packages\spyderlib\doc\_sources\explorer.txt
Lib\site-packages\spyderlib\doc\_sources\findinfiles.txt
Lib\site-packages\spyderlib\doc\_sources\historylog.txt
Lib\site-packages\spyderlib\doc\_sources\index.txt
Lib\site-packages\spyderlib\doc\_sources\inspector.txt
Lib\site-packages\spyderlib\doc\_sources\installation.txt
Lib\site-packages\spyderlib\doc\_sources\internalconsole.txt
Lib\site-packages\spyderlib\doc\_sources\lightmode.txt
Lib\site-packages\spyderlib\doc\_sources\onlinehelp.txt
Lib\site-packages\spyderlib\doc\_sources\options.txt
Lib\site-packages\spyderlib\doc\_sources\overview.txt
Lib\site-packages\spyderlib\doc\_sources\projectexplorer.txt
Lib\site-packages\spyderlib\doc\_sources\pylint.txt
Lib\site-packages\spyderlib\doc\_sources\variableexplorer.txt
Lib\site-packages\spyderlib\doc\_static\basic.css
Lib\site-packages\spyderlib\doc\_static\contents.png
Lib\site-packages\spyderlib\doc\_static\doctools.js
Lib\site-packages\spyderlib\doc\_static\favicon.ico
Lib\site-packages\spyderlib\doc\_static\file.png
Lib\site-packages\spyderlib\doc\_static\jquery.js
Lib\site-packages\spyderlib\doc\_static\minus.png
Lib\site-packages\spyderlib\doc\_static\navigation.png
Lib\site-packages\spyderlib\doc\_static\plus.png
Lib\site-packages\spyderlib\doc\_static\pygments.css
Lib\site-packages\spyderlib\doc\_static\searchtools.js
Lib\site-packages\spyderlib\doc\_static\sphinxdoc.css
Lib\site-packages\spyderlib\doc\_static\spyder_bbg.png
Lib\site-packages\spyderlib\doc\_static\underscore.js
Lib\site-packages\spyderlib\images\actions
Lib\site-packages\spyderlib\images\console
Lib\site-packages\spyderlib\images\editor
Lib\site-packages\spyderlib\images\file
Lib\site-packages\spyderlib\images\filetypes
Lib\site-packages\spyderlib\images\projects
Lib\site-packages\spyderlib\images\advanced.png
Lib\site-packages\spyderlib\images\arredit.png
Lib\site-packages\spyderlib\images\arrow.png
Lib\site-packages\spyderlib\images\bold.png
Lib\site-packages\spyderlib\images\browser.png
Lib\site-packages\spyderlib\images\dictedit.png
Lib\site-packages\spyderlib\images\ext_tools.png
Lib\site-packages\spyderlib\images\font.png
Lib\site-packages\spyderlib\images\genprefs.png
Lib\site-packages\spyderlib\images\inspector.png
Lib\site-packages\spyderlib\images\italic.png
Lib\site-packages\spyderlib\images\matplotlib.png
Lib\site-packages\spyderlib\images\none.png
Lib\site-packages\spyderlib\images\not_found.png
Lib\site-packages\spyderlib\images\options.svg
Lib\site-packages\spyderlib\images\pythonpath_mgr.png
Lib\site-packages\spyderlib\images\pythonxy.png
Lib\site-packages\spyderlib\images\qt.png
Lib\site-packages\spyderlib\images\qtassistant.png
Lib\site-packages\spyderlib\images\qtdesigner.png
Lib\site-packages\spyderlib\images\qtlinguist.png
Lib\site-packages\spyderlib\images\scipy.png
Lib\site-packages\spyderlib\images\scm_browse.png
Lib\site-packages\spyderlib\images\scm_commit.png
Lib\site-packages\spyderlib\images\set_workdir.png
Lib\site-packages\spyderlib\images\splash.png
Lib\site-packages\spyderlib\images\spyder.svg
Lib\site-packages\spyderlib\images\spyder_light.svg
Lib\site-packages\spyderlib\images\upper_lower.png
Lib\site-packages\spyderlib\images\vitables.png
Lib\site-packages\spyderlib\images\whole_words.png
Lib\site-packages\spyderlib\images\win_env.png
Lib\site-packages\spyderlib\images\actions\1downarrow.png
Lib\site-packages\spyderlib\images\actions\1uparrow.png
Lib\site-packages\spyderlib\images\actions\2downarrow.png
Lib\site-packages\spyderlib\images\actions\2uparrow.png
Lib\site-packages\spyderlib\images\actions\auto_reload.png
Lib\site-packages\spyderlib\images\actions\browse_tab.png
Lib\site-packages\spyderlib\images\actions\check.png
Lib\site-packages\spyderlib\images\actions\cmdprompt.png
Lib\site-packages\spyderlib\images\actions\collapse.png
Lib\site-packages\spyderlib\images\actions\collapse_selection.png
Lib\site-packages\spyderlib\images\actions\configure.png
Lib\site-packages\spyderlib\images\actions\copywop.png
Lib\site-packages\spyderlib\images\actions\delete.png
Lib\site-packages\spyderlib\images\actions\edit.png
Lib\site-packages\spyderlib\images\actions\editcopy.png
Lib\site-packages\spyderlib\images\actions\editcut.png
Lib\site-packages\spyderlib\images\actions\editdelete.png
Lib\site-packages\spyderlib\images\actions\editpaste.png
Lib\site-packages\spyderlib\images\actions\edit_add.png
Lib\site-packages\spyderlib\images\actions\edit_remove.png
Lib\site-packages\spyderlib\images\actions\eraser.png
Lib\site-packages\spyderlib\images\actions\exit.png
Lib\site-packages\spyderlib\images\actions\expand.png
Lib\site-packages\spyderlib\images\actions\expand_selection.png
Lib\site-packages\spyderlib\images\actions\filter.png
Lib\site-packages\spyderlib\images\actions\find.png
Lib\site-packages\spyderlib\images\actions\findf.png
Lib\site-packages\spyderlib\images\actions\findnext.png
Lib\site-packages\spyderlib\images\actions\findprevious.png
Lib\site-packages\spyderlib\images\actions\folder_new.png
Lib\site-packages\spyderlib\images\actions\hide.png
Lib\site-packages\spyderlib\images\actions\hist.png
Lib\site-packages\spyderlib\images\actions\home.png
Lib\site-packages\spyderlib\images\actions\imshow.png
Lib\site-packages\spyderlib\images\actions\insert.png
Lib\site-packages\spyderlib\images\actions\lock.png
Lib\site-packages\spyderlib\images\actions\lock_open.png
Lib\site-packages\spyderlib\images\actions\magnifier.png
Lib\site-packages\spyderlib\images\actions\maximize.png
Lib\site-packages\spyderlib\images\actions\next.png
Lib\site-packages\spyderlib\images\actions\options_less.png
Lib\site-packages\spyderlib\images\actions\options_more.png
Lib\site-packages\spyderlib\images\actions\plot.png
Lib\site-packages\spyderlib\images\actions\previous.png
Lib\site-packages\spyderlib\images\actions\redo.png
Lib\site-packages\spyderlib\images\actions\reload.png
Lib\site-packages\spyderlib\images\actions\rename.png
Lib\site-packages\spyderlib\images\actions\replace.png
Lib\site-packages\spyderlib\images\actions\restore.png
Lib\site-packages\spyderlib\images\actions\show.png
Lib\site-packages\spyderlib\images\actions\special_paste.png
Lib\site-packages\spyderlib\images\actions\stop.png
Lib\site-packages\spyderlib\images\actions\synchronize.png
Lib\site-packages\spyderlib\images\actions\tooloptions.png
Lib\site-packages\spyderlib\images\actions\undo.png
Lib\site-packages\spyderlib\images\actions\unmaximize.png
Lib\site-packages\spyderlib\images\actions\up.png
Lib\site-packages\spyderlib\images\actions\window_fullscreen.png
Lib\site-packages\spyderlib\images\actions\window_nofullscreen.png
Lib\site-packages\spyderlib\images\actions\zoom_in.png
Lib\site-packages\spyderlib\images\actions\zoom_out.png
Lib\site-packages\spyderlib\images\console\clear.png
Lib\site-packages\spyderlib\images\console\cmdprompt_t.png
Lib\site-packages\spyderlib\images\console\console.png
Lib\site-packages\spyderlib\images\console\environ.png
Lib\site-packages\spyderlib\images\console\history.png
Lib\site-packages\spyderlib\images\console\ipython.png
Lib\site-packages\spyderlib\images\console\ipython_t.png
Lib\site-packages\spyderlib\images\console\kill.png
Lib\site-packages\spyderlib\images\console\prompt.png
Lib\site-packages\spyderlib\images\console\python.png
Lib\site-packages\spyderlib\images\console\python_t.png
Lib\site-packages\spyderlib\images\console\restart.png
Lib\site-packages\spyderlib\images\console\run_small.png
Lib\site-packages\spyderlib\images\console\syspath.png
Lib\site-packages\spyderlib\images\console\terminate.png
Lib\site-packages\spyderlib\images\console\terminated.png
Lib\site-packages\spyderlib\images\editor\breakpoint.png
Lib\site-packages\spyderlib\images\editor\breakpoint_cond.png
Lib\site-packages\spyderlib\images\editor\bug.png
Lib\site-packages\spyderlib\images\editor\class.png
Lib\site-packages\spyderlib\images\editor\close_panel.png
Lib\site-packages\spyderlib\images\editor\comment.png
Lib\site-packages\spyderlib\images\editor\convention.png
Lib\site-packages\spyderlib\images\editor\error.png
Lib\site-packages\spyderlib\images\editor\file.png
Lib\site-packages\spyderlib\images\editor\filelist.png
Lib\site-packages\spyderlib\images\editor\fromcursor.png
Lib\site-packages\spyderlib\images\editor\function.png
Lib\site-packages\spyderlib\images\editor\gotoline.png
Lib\site-packages\spyderlib\images\editor\highlight.png
Lib\site-packages\spyderlib\images\editor\horsplit.png
Lib\site-packages\spyderlib\images\editor\indent.png
Lib\site-packages\spyderlib\images\editor\last_edit_location.png
Lib\site-packages\spyderlib\images\editor\method.png
Lib\site-packages\spyderlib\images\editor\newwindow.png
Lib\site-packages\spyderlib\images\editor\next_cursor.png
Lib\site-packages\spyderlib\images\editor\next_wng.png
Lib\site-packages\spyderlib\images\editor\outline_explorer.png
Lib\site-packages\spyderlib\images\editor\outline_explorer_vis.png
Lib\site-packages\spyderlib\images\editor\prev_cursor.png
Lib\site-packages\spyderlib\images\editor\prev_wng.png
Lib\site-packages\spyderlib\images\editor\private1.png
Lib\site-packages\spyderlib\images\editor\private2.png
Lib\site-packages\spyderlib\images\editor\refactor.png
Lib\site-packages\spyderlib\images\editor\run.png
Lib\site-packages\spyderlib\images\editor\run_again.png
Lib\site-packages\spyderlib\images\editor\run_args.png
Lib\site-packages\spyderlib\images\editor\run_interact.png
Lib\site-packages\spyderlib\images\editor\run_new.png
Lib\site-packages\spyderlib\images\editor\run_selection.png
Lib\site-packages\spyderlib\images\editor\select.png
Lib\site-packages\spyderlib\images\editor\selectall.png
Lib\site-packages\spyderlib\images\editor\todo.png
Lib\site-packages\spyderlib\images\editor\todo_list.png
Lib\site-packages\spyderlib\images\editor\uncomment.png
Lib\site-packages\spyderlib\images\editor\unindent.png
Lib\site-packages\spyderlib\images\editor\versplit.png
Lib\site-packages\spyderlib\images\editor\warning.png
Lib\site-packages\spyderlib\images\editor\wng_list.png
Lib\site-packages\spyderlib\images\file\fileclose.png
Lib\site-packages\spyderlib\images\file\filecloseall.png
Lib\site-packages\spyderlib\images\file\fileimport.png
Lib\site-packages\spyderlib\images\file\filenew.png
Lib\site-packages\spyderlib\images\file\fileopen.png
Lib\site-packages\spyderlib\images\file\filesave.png
Lib\site-packages\spyderlib\images\file\filesaveas.png
Lib\site-packages\spyderlib\images\file\print.png
Lib\site-packages\spyderlib\images\file\save_all.png
Lib\site-packages\spyderlib\images\filetypes\bat.png
Lib\site-packages\spyderlib\images\filetypes\bmp.png
Lib\site-packages\spyderlib\images\filetypes\c.png
Lib\site-packages\spyderlib\images\filetypes\cc.png
Lib\site-packages\spyderlib\images\filetypes\cfg.png
Lib\site-packages\spyderlib\images\filetypes\chm.png
Lib\site-packages\spyderlib\images\filetypes\cl.png
Lib\site-packages\spyderlib\images\filetypes\cmd.png
Lib\site-packages\spyderlib\images\filetypes\cpp.png
Lib\site-packages\spyderlib\images\filetypes\css.png
Lib\site-packages\spyderlib\images\filetypes\cxx.png
Lib\site-packages\spyderlib\images\filetypes\diff.png
Lib\site-packages\spyderlib\images\filetypes\doc.png
Lib\site-packages\spyderlib\images\filetypes\exe.png
Lib\site-packages\spyderlib\images\filetypes\f.png
Lib\site-packages\spyderlib\images\filetypes\f77.png
Lib\site-packages\spyderlib\images\filetypes\f90.png
Lib\site-packages\spyderlib\images\filetypes\gif.png
Lib\site-packages\spyderlib\images\filetypes\h.png
Lib\site-packages\spyderlib\images\filetypes\hh.png
Lib\site-packages\spyderlib\images\filetypes\hpp.png
Lib\site-packages\spyderlib\images\filetypes\htm.png
Lib\site-packages\spyderlib\images\filetypes\html.png
Lib\site-packages\spyderlib\images\filetypes\hxx.png
Lib\site-packages\spyderlib\images\filetypes\inf.png
Lib\site-packages\spyderlib\images\filetypes\ini.png
Lib\site-packages\spyderlib\images\filetypes\jpeg.png
Lib\site-packages\spyderlib\images\filetypes\jpg.png
Lib\site-packages\spyderlib\images\filetypes\log.png
Lib\site-packages\spyderlib\images\filetypes\nt.png
Lib\site-packages\spyderlib\images\filetypes\patch.png
Lib\site-packages\spyderlib\images\filetypes\pdf.png
Lib\site-packages\spyderlib\images\filetypes\png.png
Lib\site-packages\spyderlib\images\filetypes\po.png
Lib\site-packages\spyderlib\images\filetypes\pot.png
Lib\site-packages\spyderlib\images\filetypes\pps.png
Lib\site-packages\spyderlib\images\filetypes\properties.png
Lib\site-packages\spyderlib\images\filetypes\ps.png
Lib\site-packages\spyderlib\images\filetypes\pxd.png
Lib\site-packages\spyderlib\images\filetypes\pxi.png
Lib\site-packages\spyderlib\images\filetypes\py.png
Lib\site-packages\spyderlib\images\filetypes\pyc.png
Lib\site-packages\spyderlib\images\filetypes\pyw.png
Lib\site-packages\spyderlib\images\filetypes\pyx.png
Lib\site-packages\spyderlib\images\filetypes\rar.png
Lib\site-packages\spyderlib\images\filetypes\readme.png
Lib\site-packages\spyderlib\images\filetypes\reg.png
Lib\site-packages\spyderlib\images\filetypes\rej.png
Lib\site-packages\spyderlib\images\filetypes\session.png
Lib\site-packages\spyderlib\images\filetypes\tar.png
Lib\site-packages\spyderlib\images\filetypes\tex.png
Lib\site-packages\spyderlib\images\filetypes\tgz.png
Lib\site-packages\spyderlib\images\filetypes\tif.png
Lib\site-packages\spyderlib\images\filetypes\tiff.png
Lib\site-packages\spyderlib\images\filetypes\ts.png
Lib\site-packages\spyderlib\images\filetypes\txt.png
Lib\site-packages\spyderlib\images\filetypes\ui.png
Lib\site-packages\spyderlib\images\filetypes\xls.png
Lib\site-packages\spyderlib\images\filetypes\zip.png
Lib\site-packages\spyderlib\images\projects\add_to_path.png
Lib\site-packages\spyderlib\images\projects\folder.png
Lib\site-packages\spyderlib\images\projects\package.png
Lib\site-packages\spyderlib\images\projects\pp_folder.png
Lib\site-packages\spyderlib\images\projects\pp_package.png
Lib\site-packages\spyderlib\images\projects\pp_project.png
Lib\site-packages\spyderlib\images\projects\project.png
Lib\site-packages\spyderlib\images\projects\project_closed.png
Lib\site-packages\spyderlib\images\projects\pydev.png
Lib\site-packages\spyderlib\images\projects\pythonpath.png
Lib\site-packages\spyderlib\images\projects\remove_from_path.png
Lib\site-packages\spyderlib\images\projects\show_all.png
Lib\site-packages\spyderlib\locale\fr
Lib\site-packages\spyderlib\locale\fr\LC_MESSAGES
Lib\site-packages\spyderlib\locale\fr\LC_MESSAGES\spyderlib.mo
Lib\site-packages\spyderlib\plugins\configdialog.py
Lib\site-packages\spyderlib\plugins\console.py
Lib\site-packages\spyderlib\plugins\editor.py
Lib\site-packages\spyderlib\plugins\explorer.py
Lib\site-packages\spyderlib\plugins\externalconsole.py
Lib\site-packages\spyderlib\plugins\findinfiles.py
Lib\site-packages\spyderlib\plugins\history.py
Lib\site-packages\spyderlib\plugins\inspector.py
Lib\site-packages\spyderlib\plugins\ipython.py
Lib\site-packages\spyderlib\plugins\onlinehelp.py
Lib\site-packages\spyderlib\plugins\outlineexplorer.py
Lib\site-packages\spyderlib\plugins\projectexplorer.py
Lib\site-packages\spyderlib\plugins\runconfig.py
Lib\site-packages\spyderlib\plugins\shortcuts.py
Lib\site-packages\spyderlib\plugins\variableexplorer.py
Lib\site-packages\spyderlib\plugins\workingdirectory.py
Lib\site-packages\spyderlib\plugins\__init__.py
Lib\site-packages\spyderlib\qt\compat.py
Lib\site-packages\spyderlib\qt\QtCore.py
Lib\site-packages\spyderlib\qt\QtGui.py
Lib\site-packages\spyderlib\qt\QtSvg.py
Lib\site-packages\spyderlib\qt\QtWebKit.py
Lib\site-packages\spyderlib\qt\__init__.py
Lib\site-packages\spyderlib\utils\css
Lib\site-packages\spyderlib\utils\external
Lib\site-packages\spyderlib\utils\bsdsocket.py
Lib\site-packages\spyderlib\utils\classparser.py
Lib\site-packages\spyderlib\utils\codeanalysis.py
Lib\site-packages\spyderlib\utils\debug.py
Lib\site-packages\spyderlib\utils\dochelpers.py
Lib\site-packages\spyderlib\utils\encoding.py
Lib\site-packages\spyderlib\utils\environ.py
Lib\site-packages\spyderlib\utils\iofuncs.py
Lib\site-packages\spyderlib\utils\misc.py
Lib\site-packages\spyderlib\utils\module_completion.py
Lib\site-packages\spyderlib\utils\programs.py
Lib\site-packages\spyderlib\utils\qthelpers.py
Lib\site-packages\spyderlib\utils\scm.py
Lib\site-packages\spyderlib\utils\sourcecode.py
Lib\site-packages\spyderlib\utils\sphinxify.py
Lib\site-packages\spyderlib\utils\windows.py
Lib\site-packages\spyderlib\utils\__init__.py
Lib\site-packages\spyderlib\utils\css\default.css
Lib\site-packages\spyderlib\utils\css\pygments.css
Lib\site-packages\spyderlib\utils\external\path.py
Lib\site-packages\spyderlib\utils\external\pickleshare.py
Lib\site-packages\spyderlib\utils\external\__init__.py
Lib\site-packages\spyderlib\widgets\externalshell
Lib\site-packages\spyderlib\widgets\sourcecode
Lib\site-packages\spyderlib\widgets\arrayeditor.py
Lib\site-packages\spyderlib\widgets\browser.py
Lib\site-packages\spyderlib\widgets\colors.py
Lib\site-packages\spyderlib\widgets\comboboxes.py
Lib\site-packages\spyderlib\widgets\dicteditor.py
Lib\site-packages\spyderlib\widgets\dicteditorutils.py
Lib\site-packages\spyderlib\widgets\editor.py
Lib\site-packages\spyderlib\widgets\editortools.py
Lib\site-packages\spyderlib\widgets\explorer.py
Lib\site-packages\spyderlib\widgets\figureoptions.py
Lib\site-packages\spyderlib\widgets\findinfiles.py
Lib\site-packages\spyderlib\widgets\findreplace.py
Lib\site-packages\spyderlib\widgets\formlayout.py
Lib\site-packages\spyderlib\widgets\importwizard.py
Lib\site-packages\spyderlib\widgets\internalshell.py
Lib\site-packages\spyderlib\widgets\ipython.py
Lib\site-packages\spyderlib\widgets\objecteditor.py
Lib\site-packages\spyderlib\widgets\onecolumntree.py
Lib\site-packages\spyderlib\widgets\outlineexplorer.py
Lib\site-packages\spyderlib\widgets\pathmanager.py
Lib\site-packages\spyderlib\widgets\projectexplorer.py
Lib\site-packages\spyderlib\widgets\pydocgui.py
Lib\site-packages\spyderlib\widgets\shell.py
Lib\site-packages\spyderlib\widgets\tabs.py
Lib\site-packages\spyderlib\widgets\texteditor.py
Lib\site-packages\spyderlib\widgets\__init__.py
Lib\site-packages\spyderlib\widgets\externalshell\baseshell.py
Lib\site-packages\spyderlib\widgets\externalshell\introspection.py
Lib\site-packages\spyderlib\widgets\externalshell\monitor.py
Lib\site-packages\spyderlib\widgets\externalshell\namespacebrowser.py
Lib\site-packages\spyderlib\widgets\externalshell\pythonshell.py
Lib\site-packages\spyderlib\widgets\externalshell\sitecustomize.py
Lib\site-packages\spyderlib\widgets\externalshell\startup.py
Lib\site-packages\spyderlib\widgets\externalshell\systemshell.py
Lib\site-packages\spyderlib\widgets\externalshell\__init__.py
Lib\site-packages\spyderlib\widgets\sourcecode\base.py
Lib\site-packages\spyderlib\widgets\sourcecode\codeeditor.py
Lib\site-packages\spyderlib\widgets\sourcecode\syntaxhighlighters.py
Lib\site-packages\spyderlib\widgets\sourcecode\terminal.py
Lib\site-packages\spyderlib\widgets\sourcecode\__init__.py
Lib\site-packages\spyderplugins\images
Lib\site-packages\spyderplugins\locale
Lib\site-packages\spyderplugins\widgets
Lib\site-packages\spyderplugins\io_dicom.py
Lib\site-packages\spyderplugins\io_hdf5.py
Lib\site-packages\spyderplugins\p_profiler.py
Lib\site-packages\spyderplugins\p_pylint.py
Lib\site-packages\spyderplugins\__init__.py
Lib\site-packages\spyderplugins\images\profiler.png
Lib\site-packages\spyderplugins\images\pylint.png
Lib\site-packages\spyderplugins\locale\fr
Lib\site-packages\spyderplugins\locale\fr\LC_MESSAGES
Lib\site-packages\spyderplugins\locale\fr\LC_MESSAGES\p_profiler.mo
Lib\site-packages\spyderplugins\locale\fr\LC_MESSAGES\p_pylint.mo
Lib\site-packages\spyderplugins\widgets\profilergui.py
Lib\site-packages\spyderplugins\widgets\pylintgui.py
Lib\site-packages\spyderplugins\widgets\__init__.py
Scripts\spyder
Scripts\spyder.bat
Scripts\spyder.bat
Scripts\spyder.ico
Scripts\spyder_light.ico
Scripts\spyder_win_post_install.py
Scripts\spyder_win_post_install.bat