# WPPM package installation log
# 
# Package: SQLAlchemy v0.7.9

Lib\site-packages\sqlalchemy
Lib\site-packages\SQLAlchemy-0.7.9-py2.7.egg-info
Lib\site-packages\sqlalchemy\connectors
Lib\site-packages\sqlalchemy\databases
Lib\site-packages\sqlalchemy\dialects
Lib\site-packages\sqlalchemy\engine
Lib\site-packages\sqlalchemy\ext
Lib\site-packages\sqlalchemy\orm
Lib\site-packages\sqlalchemy\sql
Lib\site-packages\sqlalchemy\util
Lib\site-packages\sqlalchemy\cprocessors.pyd
Lib\site-packages\sqlalchemy\cresultproxy.pyd
Lib\site-packages\sqlalchemy\event.py
Lib\site-packages\sqlalchemy\events.py
Lib\site-packages\sqlalchemy\exc.py
Lib\site-packages\sqlalchemy\interfaces.py
Lib\site-packages\sqlalchemy\log.py
Lib\site-packages\sqlalchemy\pool.py
Lib\site-packages\sqlalchemy\processors.py
Lib\site-packages\sqlalchemy\schema.py
Lib\site-packages\sqlalchemy\types.py
Lib\site-packages\sqlalchemy\__init__.py
Lib\site-packages\sqlalchemy\connectors\mxodbc.py
Lib\site-packages\sqlalchemy\connectors\mysqldb.py
Lib\site-packages\sqlalchemy\connectors\pyodbc.py
Lib\site-packages\sqlalchemy\connectors\zxJDBC.py
Lib\site-packages\sqlalchemy\connectors\__init__.py
Lib\site-packages\sqlalchemy\databases\__init__.py
Lib\site-packages\sqlalchemy\dialects\access
Lib\site-packages\sqlalchemy\dialects\drizzle
Lib\site-packages\sqlalchemy\dialects\firebird
Lib\site-packages\sqlalchemy\dialects\informix
Lib\site-packages\sqlalchemy\dialects\maxdb
Lib\site-packages\sqlalchemy\dialects\mssql
Lib\site-packages\sqlalchemy\dialects\mysql
Lib\site-packages\sqlalchemy\dialects\oracle
Lib\site-packages\sqlalchemy\dialects\postgresql
Lib\site-packages\sqlalchemy\dialects\sqlite
Lib\site-packages\sqlalchemy\dialects\sybase
Lib\site-packages\sqlalchemy\dialects\postgres.py
Lib\site-packages\sqlalchemy\dialects\__init__.py
Lib\site-packages\sqlalchemy\dialects\access\base.py
Lib\site-packages\sqlalchemy\dialects\access\__init__.py
Lib\site-packages\sqlalchemy\dialects\drizzle\base.py
Lib\site-packages\sqlalchemy\dialects\drizzle\mysqldb.py
Lib\site-packages\sqlalchemy\dialects\drizzle\__init__.py
Lib\site-packages\sqlalchemy\dialects\firebird\base.py
Lib\site-packages\sqlalchemy\dialects\firebird\kinterbasdb.py
Lib\site-packages\sqlalchemy\dialects\firebird\__init__.py
Lib\site-packages\sqlalchemy\dialects\informix\base.py
Lib\site-packages\sqlalchemy\dialects\informix\informixdb.py
Lib\site-packages\sqlalchemy\dialects\informix\__init__.py
Lib\site-packages\sqlalchemy\dialects\maxdb\base.py
Lib\site-packages\sqlalchemy\dialects\maxdb\sapdb.py
Lib\site-packages\sqlalchemy\dialects\maxdb\__init__.py
Lib\site-packages\sqlalchemy\dialects\mssql\adodbapi.py
Lib\site-packages\sqlalchemy\dialects\mssql\base.py
Lib\site-packages\sqlalchemy\dialects\mssql\information_schema.py
Lib\site-packages\sqlalchemy\dialects\mssql\mxodbc.py
Lib\site-packages\sqlalchemy\dialects\mssql\pymssql.py
Lib\site-packages\sqlalchemy\dialects\mssql\pyodbc.py
Lib\site-packages\sqlalchemy\dialects\mssql\zxjdbc.py
Lib\site-packages\sqlalchemy\dialects\mssql\__init__.py
Lib\site-packages\sqlalchemy\dialects\mysql\base.py
Lib\site-packages\sqlalchemy\dialects\mysql\gaerdbms.py
Lib\site-packages\sqlalchemy\dialects\mysql\mysqlconnector.py
Lib\site-packages\sqlalchemy\dialects\mysql\mysqldb.py
Lib\site-packages\sqlalchemy\dialects\mysql\oursql.py
Lib\site-packages\sqlalchemy\dialects\mysql\pymysql.py
Lib\site-packages\sqlalchemy\dialects\mysql\pyodbc.py
Lib\site-packages\sqlalchemy\dialects\mysql\zxjdbc.py
Lib\site-packages\sqlalchemy\dialects\mysql\__init__.py
Lib\site-packages\sqlalchemy\dialects\oracle\base.py
Lib\site-packages\sqlalchemy\dialects\oracle\cx_oracle.py
Lib\site-packages\sqlalchemy\dialects\oracle\zxjdbc.py
Lib\site-packages\sqlalchemy\dialects\oracle\__init__.py
Lib\site-packages\sqlalchemy\dialects\postgresql\base.py
Lib\site-packages\sqlalchemy\dialects\postgresql\pg8000.py
Lib\site-packages\sqlalchemy\dialects\postgresql\psycopg2.py
Lib\site-packages\sqlalchemy\dialects\postgresql\pypostgresql.py
Lib\site-packages\sqlalchemy\dialects\postgresql\zxjdbc.py
Lib\site-packages\sqlalchemy\dialects\postgresql\__init__.py
Lib\site-packages\sqlalchemy\dialects\sqlite\base.py
Lib\site-packages\sqlalchemy\dialects\sqlite\pysqlite.py
Lib\site-packages\sqlalchemy\dialects\sqlite\__init__.py
Lib\site-packages\sqlalchemy\dialects\sybase\base.py
Lib\site-packages\sqlalchemy\dialects\sybase\mxodbc.py
Lib\site-packages\sqlalchemy\dialects\sybase\pyodbc.py
Lib\site-packages\sqlalchemy\dialects\sybase\pysybase.py
Lib\site-packages\sqlalchemy\dialects\sybase\__init__.py
Lib\site-packages\sqlalchemy\engine\base.py
Lib\site-packages\sqlalchemy\engine\ddl.py
Lib\site-packages\sqlalchemy\engine\default.py
Lib\site-packages\sqlalchemy\engine\reflection.py
Lib\site-packages\sqlalchemy\engine\strategies.py
Lib\site-packages\sqlalchemy\engine\threadlocal.py
Lib\site-packages\sqlalchemy\engine\url.py
Lib\site-packages\sqlalchemy\engine\__init__.py
Lib\site-packages\sqlalchemy\ext\associationproxy.py
Lib\site-packages\sqlalchemy\ext\compiler.py
Lib\site-packages\sqlalchemy\ext\declarative.py
Lib\site-packages\sqlalchemy\ext\horizontal_shard.py
Lib\site-packages\sqlalchemy\ext\hybrid.py
Lib\site-packages\sqlalchemy\ext\mutable.py
Lib\site-packages\sqlalchemy\ext\orderinglist.py
Lib\site-packages\sqlalchemy\ext\serializer.py
Lib\site-packages\sqlalchemy\ext\sqlsoup.py
Lib\site-packages\sqlalchemy\ext\__init__.py
Lib\site-packages\sqlalchemy\orm\attributes.py
Lib\site-packages\sqlalchemy\orm\collections.py
Lib\site-packages\sqlalchemy\orm\dependency.py
Lib\site-packages\sqlalchemy\orm\deprecated_interfaces.py
Lib\site-packages\sqlalchemy\orm\descriptor_props.py
Lib\site-packages\sqlalchemy\orm\dynamic.py
Lib\site-packages\sqlalchemy\orm\evaluator.py
Lib\site-packages\sqlalchemy\orm\events.py
Lib\site-packages\sqlalchemy\orm\exc.py
Lib\site-packages\sqlalchemy\orm\identity.py
Lib\site-packages\sqlalchemy\orm\instrumentation.py
Lib\site-packages\sqlalchemy\orm\interfaces.py
Lib\site-packages\sqlalchemy\orm\mapper.py
Lib\site-packages\sqlalchemy\orm\persistence.py
Lib\site-packages\sqlalchemy\orm\properties.py
Lib\site-packages\sqlalchemy\orm\query.py
Lib\site-packages\sqlalchemy\orm\scoping.py
Lib\site-packages\sqlalchemy\orm\session.py
Lib\site-packages\sqlalchemy\orm\shard.py
Lib\site-packages\sqlalchemy\orm\state.py
Lib\site-packages\sqlalchemy\orm\strategies.py
Lib\site-packages\sqlalchemy\orm\sync.py
Lib\site-packages\sqlalchemy\orm\unitofwork.py
Lib\site-packages\sqlalchemy\orm\util.py
Lib\site-packages\sqlalchemy\orm\__init__.py
Lib\site-packages\sqlalchemy\sql\compiler.py
Lib\site-packages\sqlalchemy\sql\expression.py
Lib\site-packages\sqlalchemy\sql\functions.py
Lib\site-packages\sqlalchemy\sql\operators.py
Lib\site-packages\sqlalchemy\sql\util.py
Lib\site-packages\sqlalchemy\sql\visitors.py
Lib\site-packages\sqlalchemy\sql\__init__.py
Lib\site-packages\sqlalchemy\util\compat.py
Lib\site-packages\sqlalchemy\util\deprecations.py
Lib\site-packages\sqlalchemy\util\langhelpers.py
Lib\site-packages\sqlalchemy\util\queue.py
Lib\site-packages\sqlalchemy\util\topological.py
Lib\site-packages\sqlalchemy\util\_collections.py
Lib\site-packages\sqlalchemy\util\__init__.py
Lib\site-packages\SQLAlchemy-0.7.9-py2.7.egg-info\dependency_links.txt
Lib\site-packages\SQLAlchemy-0.7.9-py2.7.egg-info\PKG-INFO
Lib\site-packages\SQLAlchemy-0.7.9-py2.7.egg-info\SOURCES.txt
Lib\site-packages\SQLAlchemy-0.7.9-py2.7.egg-info\top_level.txt