# WPPM package installation log
# 
# Package: sympy v0.7.2

Lib\site-packages\sympy
Lib\site-packages\sympy-0.7.2-py2.7.egg-info
Lib\site-packages\sympy\assumptions
Lib\site-packages\sympy\categories
Lib\site-packages\sympy\combinatorics
Lib\site-packages\sympy\concrete
Lib\site-packages\sympy\core
Lib\site-packages\sympy\diffgeom
Lib\site-packages\sympy\external
Lib\site-packages\sympy\functions
Lib\site-packages\sympy\galgebra
Lib\site-packages\sympy\geometry
Lib\site-packages\sympy\integrals
Lib\site-packages\sympy\interactive
Lib\site-packages\sympy\logic
Lib\site-packages\sympy\matrices
Lib\site-packages\sympy\mpmath
Lib\site-packages\sympy\ntheory
Lib\site-packages\sympy\parsing
Lib\site-packages\sympy\physics
Lib\site-packages\sympy\plotting
Lib\site-packages\sympy\polys
Lib\site-packages\sympy\printing
Lib\site-packages\sympy\series
Lib\site-packages\sympy\sets
Lib\site-packages\sympy\simplify
Lib\site-packages\sympy\solvers
Lib\site-packages\sympy\statistics
Lib\site-packages\sympy\stats
Lib\site-packages\sympy\tensor
Lib\site-packages\sympy\utilities
Lib\site-packages\sympy\abc.py
Lib\site-packages\sympy\conftest.py
Lib\site-packages\sympy\__init__.py
Lib\site-packages\sympy\assumptions\handlers
Lib\site-packages\sympy\assumptions\tests
Lib\site-packages\sympy\assumptions\ask.py
Lib\site-packages\sympy\assumptions\assume.py
Lib\site-packages\sympy\assumptions\refine.py
Lib\site-packages\sympy\assumptions\__init__.py
Lib\site-packages\sympy\assumptions\handlers\calculus.py
Lib\site-packages\sympy\assumptions\handlers\ntheory.py
Lib\site-packages\sympy\assumptions\handlers\order.py
Lib\site-packages\sympy\assumptions\handlers\sets.py
Lib\site-packages\sympy\assumptions\handlers\__init__.py
Lib\site-packages\sympy\assumptions\tests\test_assumptions_2.py
Lib\site-packages\sympy\assumptions\tests\test_query.py
Lib\site-packages\sympy\assumptions\tests\test_refine.py
Lib\site-packages\sympy\assumptions\tests\__init__.py
Lib\site-packages\sympy\categories\tests
Lib\site-packages\sympy\categories\baseclasses.py
Lib\site-packages\sympy\categories\diagram_drawing.py
Lib\site-packages\sympy\categories\__init__.py
Lib\site-packages\sympy\categories\tests\test_baseclasses.py
Lib\site-packages\sympy\categories\tests\test_drawing.py
Lib\site-packages\sympy\combinatorics\tests
Lib\site-packages\sympy\combinatorics\generators.py
Lib\site-packages\sympy\combinatorics\graycode.py
Lib\site-packages\sympy\combinatorics\group_constructs.py
Lib\site-packages\sympy\combinatorics\named_groups.py
Lib\site-packages\sympy\combinatorics\partitions.py
Lib\site-packages\sympy\combinatorics\permutations.py
Lib\site-packages\sympy\combinatorics\perm_groups.py
Lib\site-packages\sympy\combinatorics\polyhedron.py
Lib\site-packages\sympy\combinatorics\prufer.py
Lib\site-packages\sympy\combinatorics\subsets.py
Lib\site-packages\sympy\combinatorics\testutil.py
Lib\site-packages\sympy\combinatorics\util.py
Lib\site-packages\sympy\combinatorics\__init__.py
Lib\site-packages\sympy\combinatorics\tests\test_generators.py
Lib\site-packages\sympy\combinatorics\tests\test_graycode.py
Lib\site-packages\sympy\combinatorics\tests\test_group_constructs.py
Lib\site-packages\sympy\combinatorics\tests\test_named_groups.py
Lib\site-packages\sympy\combinatorics\tests\test_partitions.py
Lib\site-packages\sympy\combinatorics\tests\test_permutations.py
Lib\site-packages\sympy\combinatorics\tests\test_perm_groups.py
Lib\site-packages\sympy\combinatorics\tests\test_polyhedron.py
Lib\site-packages\sympy\combinatorics\tests\test_prufer.py
Lib\site-packages\sympy\combinatorics\tests\test_subsets.py
Lib\site-packages\sympy\combinatorics\tests\test_testutil.py
Lib\site-packages\sympy\combinatorics\tests\test_util.py
Lib\site-packages\sympy\combinatorics\tests\__init__.py
Lib\site-packages\sympy\concrete\tests
Lib\site-packages\sympy\concrete\gosper.py
Lib\site-packages\sympy\concrete\products.py
Lib\site-packages\sympy\concrete\summations.py
Lib\site-packages\sympy\concrete\__init__.py
Lib\site-packages\sympy\concrete\tests\test_gosper.py
Lib\site-packages\sympy\concrete\tests\test_products.py
Lib\site-packages\sympy\concrete\tests\test_sums_products.py
Lib\site-packages\sympy\concrete\tests\__init__.py
Lib\site-packages\sympy\core\tests
Lib\site-packages\sympy\core\add.py
Lib\site-packages\sympy\core\assumptions.py
Lib\site-packages\sympy\core\basic.py
Lib\site-packages\sympy\core\cache.py
Lib\site-packages\sympy\core\compatibility.py
Lib\site-packages\sympy\core\containers.py
Lib\site-packages\sympy\core\core.py
Lib\site-packages\sympy\core\coreerrors.py
Lib\site-packages\sympy\core\decorators.py
Lib\site-packages\sympy\core\evalf.py
Lib\site-packages\sympy\core\expr.py
Lib\site-packages\sympy\core\exprtools.py
Lib\site-packages\sympy\core\facts.py
Lib\site-packages\sympy\core\function.py
Lib\site-packages\sympy\core\logic.py
Lib\site-packages\sympy\core\mod.py
Lib\site-packages\sympy\core\mul.py
Lib\site-packages\sympy\core\multidimensional.py
Lib\site-packages\sympy\core\numbers.py
Lib\site-packages\sympy\core\operations.py
Lib\site-packages\sympy\core\power.py
Lib\site-packages\sympy\core\relational.py
Lib\site-packages\sympy\core\rules.py
Lib\site-packages\sympy\core\sets.py
Lib\site-packages\sympy\core\singleton.py
Lib\site-packages\sympy\core\symbol.py
Lib\site-packages\sympy\core\sympify.py
Lib\site-packages\sympy\core\trace.py
Lib\site-packages\sympy\core\__init__.py
Lib\site-packages\sympy\core\tests\test_args.py
Lib\site-packages\sympy\core\tests\test_arit.py
Lib\site-packages\sympy\core\tests\test_assumptions.py
Lib\site-packages\sympy\core\tests\test_basic.py
Lib\site-packages\sympy\core\tests\test_cache.py
Lib\site-packages\sympy\core\tests\test_complex.py
Lib\site-packages\sympy\core\tests\test_containers.py
Lib\site-packages\sympy\core\tests\test_count_ops.py
Lib\site-packages\sympy\core\tests\test_diff.py
Lib\site-packages\sympy\core\tests\test_equal.py
Lib\site-packages\sympy\core\tests\test_eval.py
Lib\site-packages\sympy\core\tests\test_evalf.py
Lib\site-packages\sympy\core\tests\test_eval_power.py
Lib\site-packages\sympy\core\tests\test_expand.py
Lib\site-packages\sympy\core\tests\test_expr.py
Lib\site-packages\sympy\core\tests\test_exprtools.py
Lib\site-packages\sympy\core\tests\test_facts.py
Lib\site-packages\sympy\core\tests\test_function.py
Lib\site-packages\sympy\core\tests\test_logic.py
Lib\site-packages\sympy\core\tests\test_match.py
Lib\site-packages\sympy\core\tests\test_noncommutative.py
Lib\site-packages\sympy\core\tests\test_numbers.py
Lib\site-packages\sympy\core\tests\test_operations.py
Lib\site-packages\sympy\core\tests\test_priority.py
Lib\site-packages\sympy\core\tests\test_relational.py
Lib\site-packages\sympy\core\tests\test_rules.py
Lib\site-packages\sympy\core\tests\test_sets.py
Lib\site-packages\sympy\core\tests\test_subs.py
Lib\site-packages\sympy\core\tests\test_symbol.py
Lib\site-packages\sympy\core\tests\test_sympify.py
Lib\site-packages\sympy\core\tests\test_trace.py
Lib\site-packages\sympy\core\tests\test_truediv.py
Lib\site-packages\sympy\core\tests\test_var.py
Lib\site-packages\sympy\core\tests\__init__.py
Lib\site-packages\sympy\diffgeom\tests
Lib\site-packages\sympy\diffgeom\diffgeom.py
Lib\site-packages\sympy\diffgeom\rn.py
Lib\site-packages\sympy\diffgeom\__init__.py
Lib\site-packages\sympy\diffgeom\tests\test_class_structure.py
Lib\site-packages\sympy\diffgeom\tests\test_diffgeom.py
Lib\site-packages\sympy\diffgeom\tests\test_function_diffgeom_book.py
Lib\site-packages\sympy\diffgeom\tests\__init__.py
Lib\site-packages\sympy\external\tests
Lib\site-packages\sympy\external\importtools.py
Lib\site-packages\sympy\external\__init__.py
Lib\site-packages\sympy\external\tests\test_autowrap.py
Lib\site-packages\sympy\external\tests\test_codegen.py
Lib\site-packages\sympy\external\tests\test_numpy.py
Lib\site-packages\sympy\external\tests\test_sage.py
Lib\site-packages\sympy\external\tests\test_scipy.py
Lib\site-packages\sympy\external\tests\__init__.py
Lib\site-packages\sympy\functions\combinatorial
Lib\site-packages\sympy\functions\elementary
Lib\site-packages\sympy\functions\special
Lib\site-packages\sympy\functions\__init__.py
Lib\site-packages\sympy\functions\combinatorial\tests
Lib\site-packages\sympy\functions\combinatorial\factorials.py
Lib\site-packages\sympy\functions\combinatorial\numbers.py
Lib\site-packages\sympy\functions\combinatorial\__init__.py
Lib\site-packages\sympy\functions\combinatorial\tests\test_comb_factorials.py
Lib\site-packages\sympy\functions\combinatorial\tests\test_comb_numbers.py
Lib\site-packages\sympy\functions\combinatorial\tests\__init__.py
Lib\site-packages\sympy\functions\elementary\tests
Lib\site-packages\sympy\functions\elementary\complexes.py
Lib\site-packages\sympy\functions\elementary\exponential.py
Lib\site-packages\sympy\functions\elementary\hyperbolic.py
Lib\site-packages\sympy\functions\elementary\integers.py
Lib\site-packages\sympy\functions\elementary\miscellaneous.py
Lib\site-packages\sympy\functions\elementary\piecewise.py
Lib\site-packages\sympy\functions\elementary\trigonometric.py
Lib\site-packages\sympy\functions\elementary\__init__.py
Lib\site-packages\sympy\functions\elementary\tests\test_complexes.py
Lib\site-packages\sympy\functions\elementary\tests\test_exponential.py
Lib\site-packages\sympy\functions\elementary\tests\test_hyperbolic.py
Lib\site-packages\sympy\functions\elementary\tests\test_integers.py
Lib\site-packages\sympy\functions\elementary\tests\test_interface.py
Lib\site-packages\sympy\functions\elementary\tests\test_miscellaneous.py
Lib\site-packages\sympy\functions\elementary\tests\test_piecewise.py
Lib\site-packages\sympy\functions\elementary\tests\test_trigonometric.py
Lib\site-packages\sympy\functions\elementary\tests\__init__.py
Lib\site-packages\sympy\functions\special\tests
Lib\site-packages\sympy\functions\special\bessel.py
Lib\site-packages\sympy\functions\special\bsplines.py
Lib\site-packages\sympy\functions\special\delta_functions.py
Lib\site-packages\sympy\functions\special\error_functions.py
Lib\site-packages\sympy\functions\special\gamma_functions.py
Lib\site-packages\sympy\functions\special\hyper.py
Lib\site-packages\sympy\functions\special\polynomials.py
Lib\site-packages\sympy\functions\special\spherical_harmonics.py
Lib\site-packages\sympy\functions\special\tensor_functions.py
Lib\site-packages\sympy\functions\special\zeta_functions.py
Lib\site-packages\sympy\functions\special\__init__.py
Lib\site-packages\sympy\functions\special\tests\test_bessel.py
Lib\site-packages\sympy\functions\special\tests\test_bsplines.py
Lib\site-packages\sympy\functions\special\tests\test_delta_functions.py
Lib\site-packages\sympy\functions\special\tests\test_error_functions.py
Lib\site-packages\sympy\functions\special\tests\test_gamma_functions.py
Lib\site-packages\sympy\functions\special\tests\test_hyper.py
Lib\site-packages\sympy\functions\special\tests\test_spec_polynomials.py
Lib\site-packages\sympy\functions\special\tests\test_spherical_harmonics.py
Lib\site-packages\sympy\functions\special\tests\test_tensor_functions.py
Lib\site-packages\sympy\functions\special\tests\test_zeta_functions.py
Lib\site-packages\sympy\functions\special\tests\__init__.py
Lib\site-packages\sympy\galgebra\tests
Lib\site-packages\sympy\galgebra\GA.py
Lib\site-packages\sympy\galgebra\latex_ex.py
Lib\site-packages\sympy\galgebra\__init__.py
Lib\site-packages\sympy\galgebra\tests\test_GA.py
Lib\site-packages\sympy\galgebra\tests\__init__.py
Lib\site-packages\sympy\geometry\tests
Lib\site-packages\sympy\geometry\curve.py
Lib\site-packages\sympy\geometry\ellipse.py
Lib\site-packages\sympy\geometry\entity.py
Lib\site-packages\sympy\geometry\exceptions.py
Lib\site-packages\sympy\geometry\line.py
Lib\site-packages\sympy\geometry\point.py
Lib\site-packages\sympy\geometry\polygon.py
Lib\site-packages\sympy\geometry\util.py
Lib\site-packages\sympy\geometry\__init__.py
Lib\site-packages\sympy\geometry\tests\test_geometry.py
Lib\site-packages\sympy\geometry\tests\__init__.py
Lib\site-packages\sympy\integrals\tests
Lib\site-packages\sympy\integrals\deltafunctions.py
Lib\site-packages\sympy\integrals\integrals.py
Lib\site-packages\sympy\integrals\master_risch.py
Lib\site-packages\sympy\integrals\master_test_risch.py
Lib\site-packages\sympy\integrals\meijerint.py
Lib\site-packages\sympy\integrals\meijerint_doc.py
Lib\site-packages\sympy\integrals\rationaltools.py
Lib\site-packages\sympy\integrals\risch.py
Lib\site-packages\sympy\integrals\transforms.py
Lib\site-packages\sympy\integrals\trigonometry.py
Lib\site-packages\sympy\integrals\__init__.py
Lib\site-packages\sympy\integrals\tests\test_integrals.py
Lib\site-packages\sympy\integrals\tests\test_lineintegrals.py
Lib\site-packages\sympy\integrals\tests\test_meijerint.py
Lib\site-packages\sympy\integrals\tests\test_rationaltools.py
Lib\site-packages\sympy\integrals\tests\test_risch.py
Lib\site-packages\sympy\integrals\tests\test_transforms.py
Lib\site-packages\sympy\integrals\tests\test_trigonometry.py
Lib\site-packages\sympy\integrals\tests\__init__.py
Lib\site-packages\sympy\interactive\tests
Lib\site-packages\sympy\interactive\ipythonprinting.py
Lib\site-packages\sympy\interactive\printing.py
Lib\site-packages\sympy\interactive\session.py
Lib\site-packages\sympy\interactive\__init__.py
Lib\site-packages\sympy\interactive\tests\test_interactive.py
Lib\site-packages\sympy\interactive\tests\test_ipython.py
Lib\site-packages\sympy\logic\algorithms
Lib\site-packages\sympy\logic\tests
Lib\site-packages\sympy\logic\utilities
Lib\site-packages\sympy\logic\boolalg.py
Lib\site-packages\sympy\logic\inference.py
Lib\site-packages\sympy\logic\__init__.py
Lib\site-packages\sympy\logic\algorithms\dpll.py
Lib\site-packages\sympy\logic\algorithms\dpll2.py
Lib\site-packages\sympy\logic\algorithms\__init__.py
Lib\site-packages\sympy\logic\tests\test_boolalg.py
Lib\site-packages\sympy\logic\tests\test_dimacs.py
Lib\site-packages\sympy\logic\tests\test_inference.py
Lib\site-packages\sympy\logic\tests\__init__.py
Lib\site-packages\sympy\logic\utilities\dimacs.py
Lib\site-packages\sympy\logic\utilities\__init__.py
Lib\site-packages\sympy\matrices\expressions
Lib\site-packages\sympy\matrices\tests
Lib\site-packages\sympy\matrices\immutable_matrix.py
Lib\site-packages\sympy\matrices\matrices.py
Lib\site-packages\sympy\matrices\__init__.py
Lib\site-packages\sympy\matrices\expressions\tests
Lib\site-packages\sympy\matrices\expressions\blockmatrix.py
Lib\site-packages\sympy\matrices\expressions\funcmatrix.py
Lib\site-packages\sympy\matrices\expressions\inverse.py
Lib\site-packages\sympy\matrices\expressions\matadd.py
Lib\site-packages\sympy\matrices\expressions\matexpr.py
Lib\site-packages\sympy\matrices\expressions\matmul.py
Lib\site-packages\sympy\matrices\expressions\matpow.py
Lib\site-packages\sympy\matrices\expressions\trace.py
Lib\site-packages\sympy\matrices\expressions\transpose.py
Lib\site-packages\sympy\matrices\expressions\__init__.py
Lib\site-packages\sympy\matrices\expressions\tests\test_funcmatrix.py
Lib\site-packages\sympy\matrices\expressions\tests\test_indexing.py
Lib\site-packages\sympy\matrices\expressions\tests\test_matrix_exprs.py
Lib\site-packages\sympy\matrices\expressions\tests\__init__.py
Lib\site-packages\sympy\matrices\tests\test_immutable.py
Lib\site-packages\sympy\matrices\tests\test_interactions.py
Lib\site-packages\sympy\matrices\tests\test_matrices.py
Lib\site-packages\sympy\matrices\tests\__init__.py
Lib\site-packages\sympy\mpmath\calculus
Lib\site-packages\sympy\mpmath\functions
Lib\site-packages\sympy\mpmath\libmp
Lib\site-packages\sympy\mpmath\matrices
Lib\site-packages\sympy\mpmath\tests
Lib\site-packages\sympy\mpmath\ctx_base.py
Lib\site-packages\sympy\mpmath\ctx_fp.py
Lib\site-packages\sympy\mpmath\ctx_iv.py
Lib\site-packages\sympy\mpmath\ctx_mp.py
Lib\site-packages\sympy\mpmath\ctx_mp_python.py
Lib\site-packages\sympy\mpmath\function_docs.py
Lib\site-packages\sympy\mpmath\identification.py
Lib\site-packages\sympy\mpmath\math2.py
Lib\site-packages\sympy\mpmath\rational.py
Lib\site-packages\sympy\mpmath\usertools.py
Lib\site-packages\sympy\mpmath\visualization.py
Lib\site-packages\sympy\mpmath\__init__.py
Lib\site-packages\sympy\mpmath\calculus\approximation.py
Lib\site-packages\sympy\mpmath\calculus\calculus.py
Lib\site-packages\sympy\mpmath\calculus\differentiation.py
Lib\site-packages\sympy\mpmath\calculus\extrapolation.py
Lib\site-packages\sympy\mpmath\calculus\odes.py
Lib\site-packages\sympy\mpmath\calculus\optimization.py
Lib\site-packages\sympy\mpmath\calculus\polynomials.py
Lib\site-packages\sympy\mpmath\calculus\quadrature.py
Lib\site-packages\sympy\mpmath\calculus\__init__.py
Lib\site-packages\sympy\mpmath\functions\bessel.py
Lib\site-packages\sympy\mpmath\functions\elliptic.py
Lib\site-packages\sympy\mpmath\functions\expintegrals.py
Lib\site-packages\sympy\mpmath\functions\factorials.py
Lib\site-packages\sympy\mpmath\functions\functions.py
Lib\site-packages\sympy\mpmath\functions\hypergeometric.py
Lib\site-packages\sympy\mpmath\functions\orthogonal.py
Lib\site-packages\sympy\mpmath\functions\qfunctions.py
Lib\site-packages\sympy\mpmath\functions\rszeta.py
Lib\site-packages\sympy\mpmath\functions\theta.py
Lib\site-packages\sympy\mpmath\functions\zeta.py
Lib\site-packages\sympy\mpmath\functions\zetazeros.py
Lib\site-packages\sympy\mpmath\functions\__init__.py
Lib\site-packages\sympy\mpmath\libmp\backend.py
Lib\site-packages\sympy\mpmath\libmp\exec_py2.py
Lib\site-packages\sympy\mpmath\libmp\exec_py3.py
Lib\site-packages\sympy\mpmath\libmp\gammazeta.py
Lib\site-packages\sympy\mpmath\libmp\libelefun.py
Lib\site-packages\sympy\mpmath\libmp\libhyper.py
Lib\site-packages\sympy\mpmath\libmp\libintmath.py
Lib\site-packages\sympy\mpmath\libmp\libmpc.py
Lib\site-packages\sympy\mpmath\libmp\libmpf.py
Lib\site-packages\sympy\mpmath\libmp\libmpi.py
Lib\site-packages\sympy\mpmath\libmp\__init__.py
Lib\site-packages\sympy\mpmath\matrices\calculus.py
Lib\site-packages\sympy\mpmath\matrices\linalg.py
Lib\site-packages\sympy\mpmath\matrices\matrices.py
Lib\site-packages\sympy\mpmath\matrices\__init__.py
Lib\site-packages\sympy\mpmath\tests\extratest_bessel.py
Lib\site-packages\sympy\mpmath\tests\extratest_gamma.py
Lib\site-packages\sympy\mpmath\tests\extratest_zeta.py
Lib\site-packages\sympy\mpmath\tests\runtests.py
Lib\site-packages\sympy\mpmath\tests\test_basic_ops.py
Lib\site-packages\sympy\mpmath\tests\test_bitwise.py
Lib\site-packages\sympy\mpmath\tests\test_calculus.py
Lib\site-packages\sympy\mpmath\tests\test_compatibility.py
Lib\site-packages\sympy\mpmath\tests\test_convert.py
Lib\site-packages\sympy\mpmath\tests\test_diff.py
Lib\site-packages\sympy\mpmath\tests\test_division.py
Lib\site-packages\sympy\mpmath\tests\test_elliptic.py
Lib\site-packages\sympy\mpmath\tests\test_fp.py
Lib\site-packages\sympy\mpmath\tests\test_functions.py
Lib\site-packages\sympy\mpmath\tests\test_functions2.py
Lib\site-packages\sympy\mpmath\tests\test_gammazeta.py
Lib\site-packages\sympy\mpmath\tests\test_hp.py
Lib\site-packages\sympy\mpmath\tests\test_identify.py
Lib\site-packages\sympy\mpmath\tests\test_interval.py
Lib\site-packages\sympy\mpmath\tests\test_linalg.py
Lib\site-packages\sympy\mpmath\tests\test_matrices.py
Lib\site-packages\sympy\mpmath\tests\test_mpmath.py
Lib\site-packages\sympy\mpmath\tests\test_ode.py
Lib\site-packages\sympy\mpmath\tests\test_pickle.py
Lib\site-packages\sympy\mpmath\tests\test_power.py
Lib\site-packages\sympy\mpmath\tests\test_quad.py
Lib\site-packages\sympy\mpmath\tests\test_rootfinding.py
Lib\site-packages\sympy\mpmath\tests\test_special.py
Lib\site-packages\sympy\mpmath\tests\test_str.py
Lib\site-packages\sympy\mpmath\tests\test_summation.py
Lib\site-packages\sympy\mpmath\tests\test_trig.py
Lib\site-packages\sympy\mpmath\tests\test_visualization.py
Lib\site-packages\sympy\mpmath\tests\torture.py
Lib\site-packages\sympy\mpmath\tests\__init__.py
Lib\site-packages\sympy\ntheory\tests
Lib\site-packages\sympy\ntheory\bbp_pi.py
Lib\site-packages\sympy\ntheory\factor_.py
Lib\site-packages\sympy\ntheory\generate.py
Lib\site-packages\sympy\ntheory\modular.py
Lib\site-packages\sympy\ntheory\multinomial.py
Lib\site-packages\sympy\ntheory\partitions_.py
Lib\site-packages\sympy\ntheory\primetest.py
Lib\site-packages\sympy\ntheory\residue_ntheory.py
Lib\site-packages\sympy\ntheory\__init__.py
Lib\site-packages\sympy\ntheory\tests\test_ntheory.py
Lib\site-packages\sympy\ntheory\tests\__init__.py
Lib\site-packages\sympy\parsing\tests
Lib\site-packages\sympy\parsing\ast_parser.py
Lib\site-packages\sympy\parsing\ast_parser_python25.py
Lib\site-packages\sympy\parsing\mathematica.py
Lib\site-packages\sympy\parsing\maxima.py
Lib\site-packages\sympy\parsing\sympy_parser.py
Lib\site-packages\sympy\parsing\sympy_tokenize.py
Lib\site-packages\sympy\parsing\__init__.py
Lib\site-packages\sympy\parsing\tests\test_mathematica.py
Lib\site-packages\sympy\parsing\tests\test_maxima.py
Lib\site-packages\sympy\parsing\tests\__init__.py
Lib\site-packages\sympy\physics\mechanics
Lib\site-packages\sympy\physics\quantum
Lib\site-packages\sympy\physics\tests
Lib\site-packages\sympy\physics\gaussopt.py
Lib\site-packages\sympy\physics\hydrogen.py
Lib\site-packages\sympy\physics\matrices.py
Lib\site-packages\sympy\physics\paulialgebra.py
Lib\site-packages\sympy\physics\qho_1d.py
Lib\site-packages\sympy\physics\secondquant.py
Lib\site-packages\sympy\physics\sho.py
Lib\site-packages\sympy\physics\units.py
Lib\site-packages\sympy\physics\wigner.py
Lib\site-packages\sympy\physics\__init__.py
Lib\site-packages\sympy\physics\mechanics\tests
Lib\site-packages\sympy\physics\mechanics\essential.py
Lib\site-packages\sympy\physics\mechanics\functions.py
Lib\site-packages\sympy\physics\mechanics\kane.py
Lib\site-packages\sympy\physics\mechanics\lagrange.py
Lib\site-packages\sympy\physics\mechanics\particle.py
Lib\site-packages\sympy\physics\mechanics\point.py
Lib\site-packages\sympy\physics\mechanics\rigidbody.py
Lib\site-packages\sympy\physics\mechanics\__init__.py
Lib\site-packages\sympy\physics\mechanics\tests\test_essential.py
Lib\site-packages\sympy\physics\mechanics\tests\test_functions.py
Lib\site-packages\sympy\physics\mechanics\tests\test_kane.py
Lib\site-packages\sympy\physics\mechanics\tests\test_lagrange.py
Lib\site-packages\sympy\physics\mechanics\tests\test_particle.py
Lib\site-packages\sympy\physics\mechanics\tests\test_point.py
Lib\site-packages\sympy\physics\mechanics\tests\test_rigidbody.py
Lib\site-packages\sympy\physics\mechanics\tests\__init__.py
Lib\site-packages\sympy\physics\quantum\tests
Lib\site-packages\sympy\physics\quantum\anticommutator.py
Lib\site-packages\sympy\physics\quantum\cartesian.py
Lib\site-packages\sympy\physics\quantum\cg.py
Lib\site-packages\sympy\physics\quantum\circuitplot.py
Lib\site-packages\sympy\physics\quantum\circuitutils.py
Lib\site-packages\sympy\physics\quantum\commutator.py
Lib\site-packages\sympy\physics\quantum\constants.py
Lib\site-packages\sympy\physics\quantum\dagger.py
Lib\site-packages\sympy\physics\quantum\density.py
Lib\site-packages\sympy\physics\quantum\gate.py
Lib\site-packages\sympy\physics\quantum\grover.py
Lib\site-packages\sympy\physics\quantum\hilbert.py
Lib\site-packages\sympy\physics\quantum\identitysearch.py
Lib\site-packages\sympy\physics\quantum\innerproduct.py
Lib\site-packages\sympy\physics\quantum\matrixcache.py
Lib\site-packages\sympy\physics\quantum\matrixutils.py
Lib\site-packages\sympy\physics\quantum\operator.py
Lib\site-packages\sympy\physics\quantum\operatorset.py
Lib\site-packages\sympy\physics\quantum\piab.py
Lib\site-packages\sympy\physics\quantum\qapply.py
Lib\site-packages\sympy\physics\quantum\qexpr.py
Lib\site-packages\sympy\physics\quantum\qft.py
Lib\site-packages\sympy\physics\quantum\qubit.py
Lib\site-packages\sympy\physics\quantum\represent.py
Lib\site-packages\sympy\physics\quantum\shor.py
Lib\site-packages\sympy\physics\quantum\spin.py
Lib\site-packages\sympy\physics\quantum\state.py
Lib\site-packages\sympy\physics\quantum\tensorproduct.py
Lib\site-packages\sympy\physics\quantum\__init__.py
Lib\site-packages\sympy\physics\quantum\tests\test_anticommutator.py
Lib\site-packages\sympy\physics\quantum\tests\test_cartesian.py
Lib\site-packages\sympy\physics\quantum\tests\test_cg.py
Lib\site-packages\sympy\physics\quantum\tests\test_circuitutils.py
Lib\site-packages\sympy\physics\quantum\tests\test_commutator.py
Lib\site-packages\sympy\physics\quantum\tests\test_constants.py
Lib\site-packages\sympy\physics\quantum\tests\test_dagger.py
Lib\site-packages\sympy\physics\quantum\tests\test_density.py
Lib\site-packages\sympy\physics\quantum\tests\test_gate.py
Lib\site-packages\sympy\physics\quantum\tests\test_grover.py
Lib\site-packages\sympy\physics\quantum\tests\test_hilbert.py
Lib\site-packages\sympy\physics\quantum\tests\test_identitysearch.py
Lib\site-packages\sympy\physics\quantum\tests\test_innerproduct.py
Lib\site-packages\sympy\physics\quantum\tests\test_matrixutils.py
Lib\site-packages\sympy\physics\quantum\tests\test_operator.py
Lib\site-packages\sympy\physics\quantum\tests\test_operatorset.py
Lib\site-packages\sympy\physics\quantum\tests\test_piab.py
Lib\site-packages\sympy\physics\quantum\tests\test_printing.py
Lib\site-packages\sympy\physics\quantum\tests\test_qapply.py
Lib\site-packages\sympy\physics\quantum\tests\test_qexpr.py
Lib\site-packages\sympy\physics\quantum\tests\test_qft.py
Lib\site-packages\sympy\physics\quantum\tests\test_qubit.py
Lib\site-packages\sympy\physics\quantum\tests\test_represent.py
Lib\site-packages\sympy\physics\quantum\tests\test_shor.py
Lib\site-packages\sympy\physics\quantum\tests\test_spin.py
Lib\site-packages\sympy\physics\quantum\tests\test_state.py
Lib\site-packages\sympy\physics\quantum\tests\test_tensorproduct.py
Lib\site-packages\sympy\physics\quantum\tests\__init__.py
Lib\site-packages\sympy\physics\tests\test_clebsch_gordan.py
Lib\site-packages\sympy\physics\tests\test_gaussopt.py
Lib\site-packages\sympy\physics\tests\test_hydrogen.py
Lib\site-packages\sympy\physics\tests\test_paulialgebra.py
Lib\site-packages\sympy\physics\tests\test_physics_matrices.py
Lib\site-packages\sympy\physics\tests\test_qho_1d.py
Lib\site-packages\sympy\physics\tests\test_secondquant.py
Lib\site-packages\sympy\physics\tests\test_sho.py
Lib\site-packages\sympy\physics\tests\test_units.py
Lib\site-packages\sympy\physics\tests\__init__.py
Lib\site-packages\sympy\plotting\intervalmath
Lib\site-packages\sympy\plotting\pygletplot
Lib\site-packages\sympy\plotting\tests
Lib\site-packages\sympy\plotting\experimental_lambdify.py
Lib\site-packages\sympy\plotting\plot.py
Lib\site-packages\sympy\plotting\plot_implicit.py
Lib\site-packages\sympy\plotting\proxy_pyglet.py
Lib\site-packages\sympy\plotting\textplot.py
Lib\site-packages\sympy\plotting\__init__.py
Lib\site-packages\sympy\plotting\intervalmath\tests
Lib\site-packages\sympy\plotting\intervalmath\interval_arithmetic.py
Lib\site-packages\sympy\plotting\intervalmath\lib_interval.py
Lib\site-packages\sympy\plotting\intervalmath\__init__.py
Lib\site-packages\sympy\plotting\intervalmath\tests\test_intervalmath.py
Lib\site-packages\sympy\plotting\intervalmath\tests\test_interval_functions.py
Lib\site-packages\sympy\plotting\pygletplot\tests
Lib\site-packages\sympy\plotting\pygletplot\color_scheme.py
Lib\site-packages\sympy\plotting\pygletplot\managed_window.py
Lib\site-packages\sympy\plotting\pygletplot\plot.py
Lib\site-packages\sympy\plotting\pygletplot\plot_axes.py
Lib\site-packages\sympy\plotting\pygletplot\plot_camera.py
Lib\site-packages\sympy\plotting\pygletplot\plot_controller.py
Lib\site-packages\sympy\plotting\pygletplot\plot_curve.py
Lib\site-packages\sympy\plotting\pygletplot\plot_interval.py
Lib\site-packages\sympy\plotting\pygletplot\plot_mode.py
Lib\site-packages\sympy\plotting\pygletplot\plot_modes.py
Lib\site-packages\sympy\plotting\pygletplot\plot_mode_base.py
Lib\site-packages\sympy\plotting\pygletplot\plot_object.py
Lib\site-packages\sympy\plotting\pygletplot\plot_rotation.py
Lib\site-packages\sympy\plotting\pygletplot\plot_surface.py
Lib\site-packages\sympy\plotting\pygletplot\plot_window.py
Lib\site-packages\sympy\plotting\pygletplot\util.py
Lib\site-packages\sympy\plotting\pygletplot\__init__.py
Lib\site-packages\sympy\plotting\pygletplot\tests\test_plotting.py
Lib\site-packages\sympy\plotting\tests\test_plot.py
Lib\site-packages\sympy\plotting\tests\test_plot_implicit.py
Lib\site-packages\sympy\plotting\tests\__init__.py
Lib\site-packages\sympy\polys\agca
Lib\site-packages\sympy\polys\domains
Lib\site-packages\sympy\polys\tests
Lib\site-packages\sympy\polys\constructor.py
Lib\site-packages\sympy\polys\densearith.py
Lib\site-packages\sympy\polys\densebasic.py
Lib\site-packages\sympy\polys\densetools.py
Lib\site-packages\sympy\polys\distributedmodules.py
Lib\site-packages\sympy\polys\distributedpolys.py
Lib\site-packages\sympy\polys\euclidtools.py
Lib\site-packages\sympy\polys\factortools.py
Lib\site-packages\sympy\polys\galoistools.py
Lib\site-packages\sympy\polys\groebnertools.py
Lib\site-packages\sympy\polys\monomialtools.py
Lib\site-packages\sympy\polys\numberfields.py
Lib\site-packages\sympy\polys\orthopolys.py
Lib\site-packages\sympy\polys\partfrac.py
Lib\site-packages\sympy\polys\polyclasses.py
Lib\site-packages\sympy\polys\polyconfig.py
Lib\site-packages\sympy\polys\polycontext.py
Lib\site-packages\sympy\polys\polyerrors.py
Lib\site-packages\sympy\polys\polyfuncs.py
Lib\site-packages\sympy\polys\polyoptions.py
Lib\site-packages\sympy\polys\polyroots.py
Lib\site-packages\sympy\polys\polytools.py
Lib\site-packages\sympy\polys\polyutils.py
Lib\site-packages\sympy\polys\rationaltools.py
Lib\site-packages\sympy\polys\rootisolation.py
Lib\site-packages\sympy\polys\rootoftools.py
Lib\site-packages\sympy\polys\specialpolys.py
Lib\site-packages\sympy\polys\sqfreetools.py
Lib\site-packages\sympy\polys\__init__.py
Lib\site-packages\sympy\polys\agca\tests
Lib\site-packages\sympy\polys\agca\homomorphisms.py
Lib\site-packages\sympy\polys\agca\ideals.py
Lib\site-packages\sympy\polys\agca\modules.py
Lib\site-packages\sympy\polys\agca\__init__.py
Lib\site-packages\sympy\polys\agca\tests\test_homomorphisms.py
Lib\site-packages\sympy\polys\agca\tests\test_ideals.py
Lib\site-packages\sympy\polys\agca\tests\test_modules.py
Lib\site-packages\sympy\polys\domains\algebraicfield.py
Lib\site-packages\sympy\polys\domains\characteristiczero.py
Lib\site-packages\sympy\polys\domains\compositedomain.py
Lib\site-packages\sympy\polys\domains\domain.py
Lib\site-packages\sympy\polys\domains\expressiondomain.py
Lib\site-packages\sympy\polys\domains\field.py
Lib\site-packages\sympy\polys\domains\finitefield.py
Lib\site-packages\sympy\polys\domains\fractionfield.py
Lib\site-packages\sympy\polys\domains\gmpyfinitefield.py
Lib\site-packages\sympy\polys\domains\gmpyintegerring.py
Lib\site-packages\sympy\polys\domains\gmpyrationalfield.py
Lib\site-packages\sympy\polys\domains\groundtypes.py
Lib\site-packages\sympy\polys\domains\integerring.py
Lib\site-packages\sympy\polys\domains\modularinteger.py
Lib\site-packages\sympy\polys\domains\mpmathcomplexdomain.py
Lib\site-packages\sympy\polys\domains\mpmathrealdomain.py
Lib\site-packages\sympy\polys\domains\polynomialring.py
Lib\site-packages\sympy\polys\domains\pythoncomplexdomain.py
Lib\site-packages\sympy\polys\domains\pythonfinitefield.py
Lib\site-packages\sympy\polys\domains\pythonintegerring.py
Lib\site-packages\sympy\polys\domains\pythonrationalfield.py
Lib\site-packages\sympy\polys\domains\pythonrationaltype.py
Lib\site-packages\sympy\polys\domains\pythonrealdomain.py
Lib\site-packages\sympy\polys\domains\quotientring.py
Lib\site-packages\sympy\polys\domains\rationalfield.py
Lib\site-packages\sympy\polys\domains\realdomain.py
Lib\site-packages\sympy\polys\domains\ring.py
Lib\site-packages\sympy\polys\domains\simpledomain.py
Lib\site-packages\sympy\polys\domains\sympyfinitefield.py
Lib\site-packages\sympy\polys\domains\sympyintegerring.py
Lib\site-packages\sympy\polys\domains\sympyrationalfield.py
Lib\site-packages\sympy\polys\domains\sympyrealdomain.py
Lib\site-packages\sympy\polys\domains\__init__.py
Lib\site-packages\sympy\polys\tests\test_constructor.py
Lib\site-packages\sympy\polys\tests\test_densearith.py
Lib\site-packages\sympy\polys\tests\test_densebasic.py
Lib\site-packages\sympy\polys\tests\test_densetools.py
Lib\site-packages\sympy\polys\tests\test_distributedmodules.py
Lib\site-packages\sympy\polys\tests\test_distributedpolys.py
Lib\site-packages\sympy\polys\tests\test_domains.py
Lib\site-packages\sympy\polys\tests\test_euclidtools.py
Lib\site-packages\sympy\polys\tests\test_factortools.py
Lib\site-packages\sympy\polys\tests\test_galoistools.py
Lib\site-packages\sympy\polys\tests\test_groebnertools.py
Lib\site-packages\sympy\polys\tests\test_monomialtools.py
Lib\site-packages\sympy\polys\tests\test_numberfields.py
Lib\site-packages\sympy\polys\tests\test_orthopolys.py
Lib\site-packages\sympy\polys\tests\test_partfrac.py
Lib\site-packages\sympy\polys\tests\test_polyclasses.py
Lib\site-packages\sympy\polys\tests\test_polyfuncs.py
Lib\site-packages\sympy\polys\tests\test_polynomialring.py
Lib\site-packages\sympy\polys\tests\test_polyoptions.py
Lib\site-packages\sympy\polys\tests\test_polyroots.py
Lib\site-packages\sympy\polys\tests\test_polytools.py
Lib\site-packages\sympy\polys\tests\test_polyutils.py
Lib\site-packages\sympy\polys\tests\test_quotientring.py
Lib\site-packages\sympy\polys\tests\test_rationaltools.py
Lib\site-packages\sympy\polys\tests\test_rootisolation.py
Lib\site-packages\sympy\polys\tests\test_rootoftools.py
Lib\site-packages\sympy\polys\tests\test_specialpolys.py
Lib\site-packages\sympy\polys\tests\test_sqfreetools.py
Lib\site-packages\sympy\polys\tests\__init__.py
Lib\site-packages\sympy\printing\pretty
Lib\site-packages\sympy\printing\tests
Lib\site-packages\sympy\printing\ccode.py
Lib\site-packages\sympy\printing\codeprinter.py
Lib\site-packages\sympy\printing\conventions.py
Lib\site-packages\sympy\printing\fcode.py
Lib\site-packages\sympy\printing\gtk.py
Lib\site-packages\sympy\printing\jscode.py
Lib\site-packages\sympy\printing\lambdarepr.py
Lib\site-packages\sympy\printing\latex.py
Lib\site-packages\sympy\printing\mathml.py
Lib\site-packages\sympy\printing\precedence.py
Lib\site-packages\sympy\printing\preview.py
Lib\site-packages\sympy\printing\printer.py
Lib\site-packages\sympy\printing\python.py
Lib\site-packages\sympy\printing\repr.py
Lib\site-packages\sympy\printing\str.py
Lib\site-packages\sympy\printing\tableform.py
Lib\site-packages\sympy\printing\tree.py
Lib\site-packages\sympy\printing\__init__.py
Lib\site-packages\sympy\printing\pretty\tests
Lib\site-packages\sympy\printing\pretty\pretty.py
Lib\site-packages\sympy\printing\pretty\pretty_symbology.py
Lib\site-packages\sympy\printing\pretty\stringpict.py
Lib\site-packages\sympy\printing\pretty\__init__.py
Lib\site-packages\sympy\printing\pretty\tests\test_pretty.py
Lib\site-packages\sympy\printing\pretty\tests\__init__.py
Lib\site-packages\sympy\printing\tests\test_ccode.py
Lib\site-packages\sympy\printing\tests\test_codeprinter.py
Lib\site-packages\sympy\printing\tests\test_conventions.py
Lib\site-packages\sympy\printing\tests\test_fcode.py
Lib\site-packages\sympy\printing\tests\test_gtk.py
Lib\site-packages\sympy\printing\tests\test_jscode.py
Lib\site-packages\sympy\printing\tests\test_lambdarepr.py
Lib\site-packages\sympy\printing\tests\test_latex.py
Lib\site-packages\sympy\printing\tests\test_mathml.py
Lib\site-packages\sympy\printing\tests\test_precedence.py
Lib\site-packages\sympy\printing\tests\test_python.py
Lib\site-packages\sympy\printing\tests\test_repr.py
Lib\site-packages\sympy\printing\tests\test_str.py
Lib\site-packages\sympy\printing\tests\test_tableform.py
Lib\site-packages\sympy\printing\tests\__init__.py
Lib\site-packages\sympy\series\tests
Lib\site-packages\sympy\series\acceleration.py
Lib\site-packages\sympy\series\gruntz.py
Lib\site-packages\sympy\series\kauers.py
Lib\site-packages\sympy\series\limits.py
Lib\site-packages\sympy\series\order.py
Lib\site-packages\sympy\series\residues.py
Lib\site-packages\sympy\series\series.py
Lib\site-packages\sympy\series\__init__.py
Lib\site-packages\sympy\series\tests\test_demidovich.py
Lib\site-packages\sympy\series\tests\test_gruntz.py
Lib\site-packages\sympy\series\tests\test_kauers.py
Lib\site-packages\sympy\series\tests\test_limits.py
Lib\site-packages\sympy\series\tests\test_lseries.py
Lib\site-packages\sympy\series\tests\test_nseries.py
Lib\site-packages\sympy\series\tests\test_order.py
Lib\site-packages\sympy\series\tests\test_residues.py
Lib\site-packages\sympy\series\tests\test_series.py
Lib\site-packages\sympy\series\tests\__init__.py
Lib\site-packages\sympy\sets\tests
Lib\site-packages\sympy\sets\fancysets.py
Lib\site-packages\sympy\sets\__init__.py
Lib\site-packages\sympy\sets\tests\test_fancysets.py
Lib\site-packages\sympy\simplify\tests
Lib\site-packages\sympy\simplify\cse_main.py
Lib\site-packages\sympy\simplify\cse_opts.py
Lib\site-packages\sympy\simplify\epathtools.py
Lib\site-packages\sympy\simplify\hyperexpand.py
Lib\site-packages\sympy\simplify\hyperexpand_doc.py
Lib\site-packages\sympy\simplify\simplify.py
Lib\site-packages\sympy\simplify\sqrtdenest.py
Lib\site-packages\sympy\simplify\traversaltools.py
Lib\site-packages\sympy\simplify\__init__.py
Lib\site-packages\sympy\simplify\tests\test_cse.py
Lib\site-packages\sympy\simplify\tests\test_epathtools.py
Lib\site-packages\sympy\simplify\tests\test_hyperexpand.py
Lib\site-packages\sympy\simplify\tests\test_rewrite.py
Lib\site-packages\sympy\simplify\tests\test_simplify.py
Lib\site-packages\sympy\simplify\tests\test_sqrtdenest.py
Lib\site-packages\sympy\simplify\tests\test_traversaltools.py
Lib\site-packages\sympy\simplify\tests\__init__.py
Lib\site-packages\sympy\solvers\tests
Lib\site-packages\sympy\solvers\inequalities.py
Lib\site-packages\sympy\solvers\ode.py
Lib\site-packages\sympy\solvers\pde.py
Lib\site-packages\sympy\solvers\polysys.py
Lib\site-packages\sympy\solvers\recurr.py
Lib\site-packages\sympy\solvers\solvers.py
Lib\site-packages\sympy\solvers\__init__.py
Lib\site-packages\sympy\solvers\tests\test_constantsimp.py
Lib\site-packages\sympy\solvers\tests\test_inequalities.py
Lib\site-packages\sympy\solvers\tests\test_numeric.py
Lib\site-packages\sympy\solvers\tests\test_ode.py
Lib\site-packages\sympy\solvers\tests\test_pde.py
Lib\site-packages\sympy\solvers\tests\test_polysys.py
Lib\site-packages\sympy\solvers\tests\test_recurr.py
Lib\site-packages\sympy\solvers\tests\test_solvers.py
Lib\site-packages\sympy\solvers\tests\__init__.py
Lib\site-packages\sympy\statistics\tests
Lib\site-packages\sympy\statistics\distributions.py
Lib\site-packages\sympy\statistics\__init__.py
Lib\site-packages\sympy\statistics\tests\test_statistics.py
Lib\site-packages\sympy\statistics\tests\__init__.py
Lib\site-packages\sympy\stats\tests
Lib\site-packages\sympy\stats\crv.py
Lib\site-packages\sympy\stats\crv_types.py
Lib\site-packages\sympy\stats\frv.py
Lib\site-packages\sympy\stats\frv_types.py
Lib\site-packages\sympy\stats\rv.py
Lib\site-packages\sympy\stats\rv_interface.py
Lib\site-packages\sympy\stats\__init__.py
Lib\site-packages\sympy\stats\tests\test_continuous_rv.py
Lib\site-packages\sympy\stats\tests\test_finite_rv.py
Lib\site-packages\sympy\stats\tests\test_rv.py
Lib\site-packages\sympy\tensor\tests
Lib\site-packages\sympy\tensor\indexed.py
Lib\site-packages\sympy\tensor\index_methods.py
Lib\site-packages\sympy\tensor\__init__.py
Lib\site-packages\sympy\tensor\tests\test_indexed.py
Lib\site-packages\sympy\tensor\tests\test_index_methods.py
Lib\site-packages\sympy\tensor\tests\__init__.py
Lib\site-packages\sympy\utilities\mathml
Lib\site-packages\sympy\utilities\tests
Lib\site-packages\sympy\utilities\autowrap.py
Lib\site-packages\sympy\utilities\benchmarking.py
Lib\site-packages\sympy\utilities\codegen.py
Lib\site-packages\sympy\utilities\compilef.py
Lib\site-packages\sympy\utilities\cythonutils.py
Lib\site-packages\sympy\utilities\decorator.py
Lib\site-packages\sympy\utilities\exceptions.py
Lib\site-packages\sympy\utilities\iterables.py
Lib\site-packages\sympy\utilities\lambdify.py
Lib\site-packages\sympy\utilities\memoization.py
Lib\site-packages\sympy\utilities\misc.py
Lib\site-packages\sympy\utilities\pkgdata.py
Lib\site-packages\sympy\utilities\pytest.py
Lib\site-packages\sympy\utilities\randtest.py
Lib\site-packages\sympy\utilities\runtests.py
Lib\site-packages\sympy\utilities\source.py
Lib\site-packages\sympy\utilities\timeutils.py
Lib\site-packages\sympy\utilities\__init__.py
Lib\site-packages\sympy\utilities\mathml\data
Lib\site-packages\sympy\utilities\mathml\__init__.py
Lib\site-packages\sympy\utilities\mathml\data\mmlctop.xsl
Lib\site-packages\sympy\utilities\mathml\data\mmltex.xsl
Lib\site-packages\sympy\utilities\mathml\data\simple_mmlctop.xsl
Lib\site-packages\sympy\utilities\tests\test_autowrap.py
Lib\site-packages\sympy\utilities\tests\test_codegen.py
Lib\site-packages\sympy\utilities\tests\test_code_quality.py
Lib\site-packages\sympy\utilities\tests\test_decorator.py
Lib\site-packages\sympy\utilities\tests\test_iterables.py
Lib\site-packages\sympy\utilities\tests\test_lambdify.py
Lib\site-packages\sympy\utilities\tests\test_pickling.py
Lib\site-packages\sympy\utilities\tests\test_pytest.py
Lib\site-packages\sympy\utilities\tests\test_source.py
Lib\site-packages\sympy\utilities\tests\__init__.py
Scripts\isympy
Scripts\isympy.bat
.\share
.\share\man
.\share\man\man1
.\share\man\man1\isympy.1