# WPPM package installation log
# 
# Package: tables v2.4.0

Lib\site-packages\tables
Lib\site-packages\tables-2.4.0-py2.7.egg-info
Lib\site-packages\tables\misc
Lib\site-packages\tables\netcdf3
Lib\site-packages\tables\nodes
Lib\site-packages\tables\nra
Lib\site-packages\tables\scripts
Lib\site-packages\tables\tests
Lib\site-packages\tables\array.py
Lib\site-packages\tables\atom.py
Lib\site-packages\tables\attributeset.py
Lib\site-packages\tables\carray.py
Lib\site-packages\tables\conditions.py
Lib\site-packages\tables\description.py
Lib\site-packages\tables\earray.py
Lib\site-packages\tables\exceptions.py
Lib\site-packages\tables\expression.py
Lib\site-packages\tables\file.py
Lib\site-packages\tables\filters.py
Lib\site-packages\tables\flavor.py
Lib\site-packages\tables\group.py
Lib\site-packages\tables\hdf5Extension.pyd
Lib\site-packages\tables\idxutils.py
Lib\site-packages\tables\index.py
Lib\site-packages\tables\indexes.py
Lib\site-packages\tables\indexesExtension.pyd
Lib\site-packages\tables\leaf.py
Lib\site-packages\tables\link.py
Lib\site-packages\tables\linkExtension.pyd
Lib\site-packages\tables\lrucacheExtension.pyd
Lib\site-packages\tables\node.py
Lib\site-packages\tables\parameters.py
Lib\site-packages\tables\path.py
Lib\site-packages\tables\registry.py
Lib\site-packages\tables\req_versions.py
Lib\site-packages\tables\table.py
Lib\site-packages\tables\tableExtension.pyd
Lib\site-packages\tables\undoredo.py
Lib\site-packages\tables\unimplemented.py
Lib\site-packages\tables\utils.py
Lib\site-packages\tables\utilsExtension.pyd
Lib\site-packages\tables\vlarray.py
Lib\site-packages\tables\_comp_bzip2.pyd
Lib\site-packages\tables\_comp_lzo.pyd
Lib\site-packages\tables\__init__.py
Lib\site-packages\tables\misc\enum.py
Lib\site-packages\tables\misc\proxydict.py
Lib\site-packages\tables\misc\__init__.py
Lib\site-packages\tables\netcdf3\scripts
Lib\site-packages\tables\netcdf3\tests
Lib\site-packages\tables\netcdf3\__init__.py
Lib\site-packages\tables\netcdf3\scripts\nctoh5.py
Lib\site-packages\tables\netcdf3\scripts\__init__.py
Lib\site-packages\tables\netcdf3\tests\test_netcdf3.py
Lib\site-packages\tables\netcdf3\tests\__init__.py
Lib\site-packages\tables\nodes\tests
Lib\site-packages\tables\nodes\filenode.py
Lib\site-packages\tables\nodes\__init__.py
Lib\site-packages\tables\nodes\tests\test_filenode.dat
Lib\site-packages\tables\nodes\tests\test_filenode.py
Lib\site-packages\tables\nodes\tests\test_filenode.xbm
Lib\site-packages\tables\nodes\tests\test_filenode_v1.h5
Lib\site-packages\tables\nodes\tests\__init__.py
Lib\site-packages\tables\nra\tests
Lib\site-packages\tables\nra\attributeaccess.py
Lib\site-packages\tables\nra\nestedrecords.py
Lib\site-packages\tables\nra\nriterators.py
Lib\site-packages\tables\nra\__init__.py
Lib\site-packages\tables\nra\tests\test_nestedrecords.py
Lib\site-packages\tables\nra\tests\test_nriterators.py
Lib\site-packages\tables\nra\tests\__init__.py
Lib\site-packages\tables\scripts\ptdump.py
Lib\site-packages\tables\scripts\ptrepack.py
Lib\site-packages\tables\scripts\__init__.py
Lib\site-packages\tables\tests\array_mdatom.h5
Lib\site-packages\tables\tests\attr-u16.h5
Lib\site-packages\tables\tests\blosc_bigendian.h5
Lib\site-packages\tables\tests\check_leaks.py
Lib\site-packages\tables\tests\common.py
Lib\site-packages\tables\tests\create_backcompat_indexes.py
Lib\site-packages\tables\tests\elink.h5
Lib\site-packages\tables\tests\elink2.h5
Lib\site-packages\tables\tests\ex-noattr.h5
Lib\site-packages\tables\tests\flavored_vlarrays-format1.6.h5
Lib\site-packages\tables\tests\float.h5
Lib\site-packages\tables\tests\idx-std-1.x.h5
Lib\site-packages\tables\tests\indexes_2_0.h5
Lib\site-packages\tables\tests\indexes_2_1.h5
Lib\site-packages\tables\tests\nested-type-with-gaps.h5
Lib\site-packages\tables\tests\non-chunked-table.h5
Lib\site-packages\tables\tests\scalar.h5
Lib\site-packages\tables\tests\slink.h5
Lib\site-packages\tables\tests\smpl_compound_chunked.h5
Lib\site-packages\tables\tests\smpl_enum.h5
Lib\site-packages\tables\tests\smpl_f64be.h5
Lib\site-packages\tables\tests\smpl_f64le.h5
Lib\site-packages\tables\tests\smpl_i32be.h5
Lib\site-packages\tables\tests\smpl_i32le.h5
Lib\site-packages\tables\tests\smpl_i64be.h5
Lib\site-packages\tables\tests\smpl_i64le.h5
Lib\site-packages\tables\tests\smpl_SDSextendible.h5
Lib\site-packages\tables\tests\smpl_unsupptype.h5
Lib\site-packages\tables\tests\Table2_1_lzo_nrv2e_shuffle.h5
Lib\site-packages\tables\tests\Tables_lzo1.h5
Lib\site-packages\tables\tests\Tables_lzo1_shuffle.h5
Lib\site-packages\tables\tests\Tables_lzo2.h5
Lib\site-packages\tables\tests\Tables_lzo2_shuffle.h5
Lib\site-packages\tables\tests\test_all.py
Lib\site-packages\tables\tests\test_array.py
Lib\site-packages\tables\tests\test_attributes.py
Lib\site-packages\tables\tests\test_backcompat.py
Lib\site-packages\tables\tests\test_basics.py
Lib\site-packages\tables\tests\test_carray.py
Lib\site-packages\tables\tests\test_create.py
Lib\site-packages\tables\tests\test_do_undo.py
Lib\site-packages\tables\tests\test_earray.py
Lib\site-packages\tables\tests\test_enum.py
Lib\site-packages\tables\tests\test_expression.py
Lib\site-packages\tables\tests\test_garbage.py
Lib\site-packages\tables\tests\test_hdf5compat.py
Lib\site-packages\tables\tests\test_indexes.py
Lib\site-packages\tables\tests\test_indexvalues.py
Lib\site-packages\tables\tests\test_index_backcompat.py
Lib\site-packages\tables\tests\test_links.py
Lib\site-packages\tables\tests\test_lists.py
Lib\site-packages\tables\tests\test_nestedtypes.py
Lib\site-packages\tables\tests\test_numarray.py
Lib\site-packages\tables\tests\test_Numeric.py
Lib\site-packages\tables\tests\test_numpy.py
Lib\site-packages\tables\tests\test_queries.py
Lib\site-packages\tables\tests\test_szip.h5
Lib\site-packages\tables\tests\test_tables.py
Lib\site-packages\tables\tests\test_tablesMD.py
Lib\site-packages\tables\tests\test_timetype.py
Lib\site-packages\tables\tests\test_tree.py
Lib\site-packages\tables\tests\test_types.py
Lib\site-packages\tables\tests\test_vlarray.py
Lib\site-packages\tables\tests\time-table-vlarray-1_x.h5
Lib\site-packages\tables\tests\times-nested-be.h5
Lib\site-packages\tables\tests\vlstr_attr.h5
Lib\site-packages\tables\tests\vlunicode_endian.h5
Lib\site-packages\tables\tests\zerodim-attrs-1.3.h5
Lib\site-packages\tables\tests\zerodim-attrs-1.4.h5
Lib\site-packages\tables\tests\__init__.py
Scripts\nctoh5
Scripts\nctoh5.bat
Scripts\ptdump
Scripts\ptdump.bat
Scripts\ptrepack
Scripts\ptrepack.bat
.\Lib
.\Lib\site-packages
.\Lib\site-packages\tables
.\Lib\site-packages\tables\hdf5dll.dll
.\Lib\site-packages\tables\hdf5_hldll.dll
.\Lib\site-packages\tables\libbz2.dll
.\Lib\site-packages\tables\lzo2.dll
.\Lib\site-packages\tables\pthreadVC2.dll
.\Lib\site-packages\tables\sz.dll
.\Lib\site-packages\tables\zlib1.dll