# WPPM package installation log
# 
# Package: ViTables v2.1

Lib\site-packages\vitables
Lib\site-packages\ViTables-2.1-py2.7.egg-info
Lib\site-packages\vitables\docBrowser
Lib\site-packages\vitables\h5db
Lib\site-packages\vitables\htmldocs
Lib\site-packages\vitables\icons
Lib\site-packages\vitables\nodeProperties
Lib\site-packages\vitables\plugins
Lib\site-packages\vitables\preferences
Lib\site-packages\vitables\queries
Lib\site-packages\vitables\vtTables
Lib\site-packages\vitables\vtWidgets
Lib\site-packages\vitables\logger.py
Lib\site-packages\vitables\utils.py
Lib\site-packages\vitables\vtapp.py
Lib\site-packages\vitables\vtGUI.py
Lib\site-packages\vitables\vtSite.py
Lib\site-packages\vitables\vtsplash.py
Lib\site-packages\vitables\__init__.py
Lib\site-packages\vitables\docBrowser\bookmarksDlg.py
Lib\site-packages\vitables\docBrowser\browserGUI.py
Lib\site-packages\vitables\docBrowser\helpBrowser.py
Lib\site-packages\vitables\docBrowser\__init__.py
Lib\site-packages\vitables\h5db\dbDoc.py
Lib\site-packages\vitables\h5db\dbsTreeModel.py
Lib\site-packages\vitables\h5db\dbsTreeView.py
Lib\site-packages\vitables\h5db\groupNode.py
Lib\site-packages\vitables\h5db\leafNode.py
Lib\site-packages\vitables\h5db\nodeItemDelegate.py
Lib\site-packages\vitables\h5db\rootGroupNode.py
Lib\site-packages\vitables\h5db\__init__.py
Lib\site-packages\vitables\htmldocs\_images
Lib\site-packages\vitables\htmldocs\_static
Lib\site-packages\vitables\htmldocs\genindex.html
Lib\site-packages\vitables\htmldocs\index.html
Lib\site-packages\vitables\htmldocs\LICENSE.html
Lib\site-packages\vitables\htmldocs\objects.inv
Lib\site-packages\vitables\htmldocs\search.html
Lib\site-packages\vitables\htmldocs\searchindex.js
Lib\site-packages\vitables\htmldocs\usersguide-app1.html
Lib\site-packages\vitables\htmldocs\usersguide-app2.html
Lib\site-packages\vitables\htmldocs\usersguide-ch1.html
Lib\site-packages\vitables\htmldocs\usersguide-ch2.html
Lib\site-packages\vitables\htmldocs\usersguide-ch3.html
Lib\site-packages\vitables\htmldocs\usersguide-ch4.html
Lib\site-packages\vitables\htmldocs\usersguide-ch5.html
Lib\site-packages\vitables\htmldocs\_images\browseDataset.png
Lib\site-packages\vitables\htmldocs\_images\editingUserAttrs.png
Lib\site-packages\vitables\htmldocs\_images\groupCreation.png
Lib\site-packages\vitables\htmldocs\_images\helpBrowser.png
Lib\site-packages\vitables\htmldocs\_images\mainWindow.png
Lib\site-packages\vitables\htmldocs\_images\newFilteredTable.png
Lib\site-packages\vitables\htmldocs\_images\propertiesDlg.png
Lib\site-packages\vitables\htmldocs\_images\title_page_plain.png
Lib\site-packages\vitables\htmldocs\_images\treeSymbols.png
Lib\site-packages\vitables\htmldocs\_images\zoomingCells.png
Lib\site-packages\vitables\htmldocs\_static\basic.css
Lib\site-packages\vitables\htmldocs\_static\doctools.js
Lib\site-packages\vitables\htmldocs\_static\file.png
Lib\site-packages\vitables\htmldocs\_static\jquery.js
Lib\site-packages\vitables\htmldocs\_static\minus.png
Lib\site-packages\vitables\htmldocs\_static\plus.png
Lib\site-packages\vitables\htmldocs\_static\pygments.css
Lib\site-packages\vitables\htmldocs\_static\searchtools.js
Lib\site-packages\vitables\htmldocs\_static\underscore.js
Lib\site-packages\vitables\icons\16x16
Lib\site-packages\vitables\icons\22x22
Lib\site-packages\vitables\icons\64x64
Lib\site-packages\vitables\icons\vitables.ico
Lib\site-packages\vitables\icons\vitables_file.ico
Lib\site-packages\vitables\icons\vitables_logo.png
Lib\site-packages\vitables\icons\vitables_wm.png
Lib\site-packages\vitables\icons\vtinstaller.ico
Lib\site-packages\vitables\icons\16x16\application-exit.png
Lib\site-packages\vitables\icons\16x16\array.png
Lib\site-packages\vitables\icons\16x16\bookmarks.png
Lib\site-packages\vitables\icons\16x16\bookmark_add.png
Lib\site-packages\vitables\icons\16x16\carray.png
Lib\site-packages\vitables\icons\16x16\configure.png
Lib\site-packages\vitables\icons\16x16\delete_filters.png
Lib\site-packages\vitables\icons\16x16\dialog-cancel.png
Lib\site-packages\vitables\icons\16x16\dialog-ok.png
Lib\site-packages\vitables\icons\16x16\document-close.png
Lib\site-packages\vitables\icons\16x16\document-new.png
Lib\site-packages\vitables\icons\16x16\document-open-recent.png
Lib\site-packages\vitables\icons\16x16\document-open.png
Lib\site-packages\vitables\icons\16x16\document-save-as.png
Lib\site-packages\vitables\icons\16x16\earray.png
Lib\site-packages\vitables\icons\16x16\edit-copy.png
Lib\site-packages\vitables\icons\16x16\edit-cut.png
Lib\site-packages\vitables\icons\16x16\edit-delete.png
Lib\site-packages\vitables\icons\16x16\edit-paste.png
Lib\site-packages\vitables\icons\16x16\edit-rename.png
Lib\site-packages\vitables\icons\16x16\file_ro.png
Lib\site-packages\vitables\icons\16x16\file_rw.png
Lib\site-packages\vitables\icons\16x16\folder-new.png
Lib\site-packages\vitables\icons\16x16\go-first-view.png
Lib\site-packages\vitables\icons\16x16\go-next-view.png
Lib\site-packages\vitables\icons\16x16\go-previous-view.png
Lib\site-packages\vitables\icons\16x16\help-about.png
Lib\site-packages\vitables\icons\16x16\help-contents.png
Lib\site-packages\vitables\icons\16x16\image-missing.png
Lib\site-packages\vitables\icons\16x16\list-remove.png
Lib\site-packages\vitables\icons\16x16\object.png
Lib\site-packages\vitables\icons\16x16\table.png
Lib\site-packages\vitables\icons\16x16\vlarray.png
Lib\site-packages\vitables\icons\16x16\vlstring.png
Lib\site-packages\vitables\icons\16x16\zoom-in.png
Lib\site-packages\vitables\icons\16x16\zoom-out.png
Lib\site-packages\vitables\icons\22x22\application-exit.png
Lib\site-packages\vitables\icons\22x22\bookmarks.png
Lib\site-packages\vitables\icons\22x22\bookmark_add.png
Lib\site-packages\vitables\icons\22x22\dbfilters.png
Lib\site-packages\vitables\icons\22x22\delete_filters.png
Lib\site-packages\vitables\icons\22x22\document-close.png
Lib\site-packages\vitables\icons\22x22\document-new.png
Lib\site-packages\vitables\icons\22x22\document-open-folder.png
Lib\site-packages\vitables\icons\22x22\document-open.png
Lib\site-packages\vitables\icons\22x22\document-save-as.png
Lib\site-packages\vitables\icons\22x22\edit-clear-history.png
Lib\site-packages\vitables\icons\22x22\edit-copy.png
Lib\site-packages\vitables\icons\22x22\edit-cut.png
Lib\site-packages\vitables\icons\22x22\edit-delete.png
Lib\site-packages\vitables\icons\22x22\edit-paste.png
Lib\site-packages\vitables\icons\22x22\file_ro.png
Lib\site-packages\vitables\icons\22x22\file_rw.png
Lib\site-packages\vitables\icons\22x22\folder-new.png
Lib\site-packages\vitables\icons\22x22\folder.png
Lib\site-packages\vitables\icons\22x22\go-first-view.png
Lib\site-packages\vitables\icons\22x22\go-next-view.png
Lib\site-packages\vitables\icons\22x22\go-previous-view.png
Lib\site-packages\vitables\icons\22x22\help-contents.png
Lib\site-packages\vitables\icons\22x22\view-filter.png
Lib\site-packages\vitables\icons\22x22\view-refresh.png
Lib\site-packages\vitables\icons\22x22\zoom-in.png
Lib\site-packages\vitables\icons\22x22\zoom-out.png
Lib\site-packages\vitables\icons\64x64\preferences-desktop-theme.png
Lib\site-packages\vitables\icons\64x64\preferences-other.png
Lib\site-packages\vitables\icons\64x64\preferences-plugin.png
Lib\site-packages\vitables\nodeProperties\attrEditor.py
Lib\site-packages\vitables\nodeProperties\nodeInfo.py
Lib\site-packages\vitables\nodeProperties\nodePropDlg.py
Lib\site-packages\vitables\nodeProperties\prop_dlg.ui
Lib\site-packages\vitables\nodeProperties\__init__.py
Lib\site-packages\vitables\plugins\csv
Lib\site-packages\vitables\plugins\menu
Lib\site-packages\vitables\plugins\timeseries
Lib\site-packages\vitables\plugins\__init__.py
Lib\site-packages\vitables\plugins\csv\icons
Lib\site-packages\vitables\plugins\csv\export_csv.py
Lib\site-packages\vitables\plugins\csv\import_csv.py
Lib\site-packages\vitables\plugins\csv\__init__.py
Lib\site-packages\vitables\plugins\csv\icons\document-export.png
Lib\site-packages\vitables\plugins\csv\icons\document-import.png
Lib\site-packages\vitables\plugins\menu\plugins_menu.py
Lib\site-packages\vitables\plugins\menu\__init__.py
Lib\site-packages\vitables\plugins\timeseries\timeFormatterDlg.py
Lib\site-packages\vitables\plugins\timeseries\timeformatter_dlg.ui
Lib\site-packages\vitables\plugins\timeseries\time_format.ini
Lib\site-packages\vitables\plugins\timeseries\time_series.py
Lib\site-packages\vitables\plugins\timeseries\__init__.py
Lib\site-packages\vitables\preferences\configException.py
Lib\site-packages\vitables\preferences\pluginsLoader.py
Lib\site-packages\vitables\preferences\preferences.py
Lib\site-packages\vitables\preferences\settings_dlg.ui
Lib\site-packages\vitables\preferences\vtconfig.py
Lib\site-packages\vitables\preferences\__init__.py
Lib\site-packages\vitables\queries\queriesManager.py
Lib\site-packages\vitables\queries\query.py
Lib\site-packages\vitables\queries\queryDlg.py
Lib\site-packages\vitables\queries\query_dlg.ui
Lib\site-packages\vitables\queries\__init__.py
Lib\site-packages\vitables\vtTables\buffer.py
Lib\site-packages\vitables\vtTables\dataSheet.py
Lib\site-packages\vitables\vtTables\leafModel.py
Lib\site-packages\vitables\vtTables\leafView.py
Lib\site-packages\vitables\vtTables\scrollBar.py
Lib\site-packages\vitables\vtTables\__init__.py
Lib\site-packages\vitables\vtWidgets\inputNodeName.py
Lib\site-packages\vitables\vtWidgets\nodename_dlg.ui
Lib\site-packages\vitables\vtWidgets\renameDlg.py
Lib\site-packages\vitables\vtWidgets\rename_dlg.ui
Lib\site-packages\vitables\vtWidgets\zoomCell.py
Lib\site-packages\vitables\vtWidgets\__init__.py
Scripts\vitables
Scripts\vitables.bat