# WPPM package installation log
# 
# Package: VTK-Qt v5.10.1

Lib\site-packages\vtk
Lib\site-packages\VTK-5.10.1-py2.7.egg-info
Lib\site-packages\vtk\gtk
Lib\site-packages\vtk\qt
Lib\site-packages\vtk\qt4
Lib\site-packages\vtk\test
Lib\site-packages\vtk\tk
Lib\site-packages\vtk\util
Lib\site-packages\vtk\wx
Lib\site-packages\vtk\charts.py
Lib\site-packages\vtk\chemistry.py
Lib\site-packages\vtk\common.py
Lib\site-packages\vtk\filtering.py
Lib\site-packages\vtk\genericfiltering.py
Lib\site-packages\vtk\geovis.py
Lib\site-packages\vtk\graphics.py
Lib\site-packages\vtk\hybrid.py
Lib\site-packages\vtk\imaging.py
Lib\site-packages\vtk\infovis.py
Lib\site-packages\vtk\io.py
Lib\site-packages\vtk\LSDyna.dll
Lib\site-packages\vtk\MapReduceMPI.dll
Lib\site-packages\vtk\mpistubs.dll
Lib\site-packages\vtk\parallel.py
Lib\site-packages\vtk\QVTK.dll
Lib\site-packages\vtk\qvtk.py
Lib\site-packages\vtk\QVTKPython.pyd
Lib\site-packages\vtk\QVTKWidgetPlugin.dll
Lib\site-packages\vtk\rendering.py
Lib\site-packages\vtk\required.py
Lib\site-packages\vtk\textanalysis.py
Lib\site-packages\vtk\views.py
Lib\site-packages\vtk\volumerendering.py
Lib\site-packages\vtk\vtkalglib.dll
Lib\site-packages\vtk\vtkCharts.dll
Lib\site-packages\vtk\vtkChartsPython.pyd
Lib\site-packages\vtk\vtkChartsPythonD.dll
Lib\site-packages\vtk\vtkChartsPythonSIP.pyd
Lib\site-packages\vtk\vtkChemistry.dll
Lib\site-packages\vtk\vtkChemistryPython.pyd
Lib\site-packages\vtk\vtkChemistryPythonD.dll
Lib\site-packages\vtk\vtkChemistryPythonSIP.pyd
Lib\site-packages\vtk\vtkCommon.dll
Lib\site-packages\vtk\vtkCommonPython.pyd
Lib\site-packages\vtk\vtkCommonPythonD.dll
Lib\site-packages\vtk\vtkCommonPythonSIP.pyd
Lib\site-packages\vtk\vtkDICOMParser.dll
Lib\site-packages\vtk\vtkexoIIc.dll
Lib\site-packages\vtk\vtkexpat.dll
Lib\site-packages\vtk\vtkFiltering.dll
Lib\site-packages\vtk\vtkFilteringPython.pyd
Lib\site-packages\vtk\vtkFilteringPythonD.dll
Lib\site-packages\vtk\vtkFilteringPythonSIP.pyd
Lib\site-packages\vtk\vtkfreetype.dll
Lib\site-packages\vtk\vtkftgl.dll
Lib\site-packages\vtk\vtkGenericFiltering.dll
Lib\site-packages\vtk\vtkGenericFilteringPython.pyd
Lib\site-packages\vtk\vtkGenericFilteringPythonD.dll
Lib\site-packages\vtk\vtkGenericFilteringPythonSIP.pyd
Lib\site-packages\vtk\vtkGeovis.dll
Lib\site-packages\vtk\vtkGeovisPython.pyd
Lib\site-packages\vtk\vtkGeovisPythonD.dll
Lib\site-packages\vtk\vtkGeovisPythonSIP.pyd
Lib\site-packages\vtk\vtkGraphics.dll
Lib\site-packages\vtk\vtkGraphicsPython.pyd
Lib\site-packages\vtk\vtkGraphicsPythonD.dll
Lib\site-packages\vtk\vtkGraphicsPythonSIP.pyd
Lib\site-packages\vtk\vtkhdf5.dll
Lib\site-packages\vtk\vtkhdf5_hl.dll
Lib\site-packages\vtk\vtkHybrid.dll
Lib\site-packages\vtk\vtkHybridPython.pyd
Lib\site-packages\vtk\vtkHybridPythonD.dll
Lib\site-packages\vtk\vtkHybridPythonSIP.pyd
Lib\site-packages\vtk\vtkImaging.dll
Lib\site-packages\vtk\vtkImagingPython.pyd
Lib\site-packages\vtk\vtkImagingPythonD.dll
Lib\site-packages\vtk\vtkImagingPythonSIP.pyd
Lib\site-packages\vtk\vtkInfovis.dll
Lib\site-packages\vtk\vtkInfovisPython.pyd
Lib\site-packages\vtk\vtkInfovisPythonD.dll
Lib\site-packages\vtk\vtkInfovisPythonSIP.pyd
Lib\site-packages\vtk\vtkIO.dll
Lib\site-packages\vtk\vtkIOPython.pyd
Lib\site-packages\vtk\vtkIOPythonD.dll
Lib\site-packages\vtk\vtkIOPythonSIP.pyd
Lib\site-packages\vtk\vtkjpeg.dll
Lib\site-packages\vtk\vtklibxml2.dll
Lib\site-packages\vtk\vtkmetaio.dll
Lib\site-packages\vtk\vtkNetCDF.dll
Lib\site-packages\vtk\vtkNetCDF_cxx.dll
Lib\site-packages\vtk\vtkpng.dll
Lib\site-packages\vtk\vtkproj4.dll
Lib\site-packages\vtk\vtkPythonCore.dll
Lib\site-packages\vtk\vtkQtPython.pyd
Lib\site-packages\vtk\vtkQtPythonD.dll
Lib\site-packages\vtk\vtkRendering.dll
Lib\site-packages\vtk\vtkRenderingPython.pyd
Lib\site-packages\vtk\vtkRenderingPythonD.dll
Lib\site-packages\vtk\vtkRenderingPythonSIP.pyd
Lib\site-packages\vtk\vtksys.dll
Lib\site-packages\vtk\vtktiff.dll
Lib\site-packages\vtk\vtkverdict.dll
Lib\site-packages\vtk\vtkViews.dll
Lib\site-packages\vtk\vtkViewsPython.pyd
Lib\site-packages\vtk\vtkViewsPythonD.dll
Lib\site-packages\vtk\vtkViewsPythonSIP.pyd
Lib\site-packages\vtk\vtkVolumeRendering.dll
Lib\site-packages\vtk\vtkVolumeRenderingPython.pyd
Lib\site-packages\vtk\vtkVolumeRenderingPythonD.dll
Lib\site-packages\vtk\vtkVolumeRenderingPythonSIP.pyd
Lib\site-packages\vtk\vtkWidgets.dll
Lib\site-packages\vtk\vtkWidgetsPython.pyd
Lib\site-packages\vtk\vtkWidgetsPythonD.dll
Lib\site-packages\vtk\vtkWidgetsPythonSIP.pyd
Lib\site-packages\vtk\vtkzlib.dll
Lib\site-packages\vtk\widgets.py
Lib\site-packages\vtk\__helper.py
Lib\site-packages\vtk\__init__.py
Lib\site-packages\vtk\gtk\GtkGLExtVTKRenderWindow.py
Lib\site-packages\vtk\gtk\GtkGLExtVTKRenderWindowInteractor.py
Lib\site-packages\vtk\gtk\GtkVTKRenderWindow.py
Lib\site-packages\vtk\gtk\GtkVTKRenderWindowInteractor.py
Lib\site-packages\vtk\gtk\__init__.py
Lib\site-packages\vtk\qt\QVTKRenderWidget.py
Lib\site-packages\vtk\qt\QVTKRenderWindowInteractor.py
Lib\site-packages\vtk\qt\__init__.py
Lib\site-packages\vtk\qt4\QVTKRenderWindowInteractor.py
Lib\site-packages\vtk\qt4\__init__.py
Lib\site-packages\vtk\test\BlackBox.py
Lib\site-packages\vtk\test\Testing.py
Lib\site-packages\vtk\test\__init__.py
Lib\site-packages\vtk\tk\vtkLoadPythonTkWidgets.py
Lib\site-packages\vtk\tk\vtkTkImageViewerWidget.py
Lib\site-packages\vtk\tk\vtkTkPhotoImage.py
Lib\site-packages\vtk\tk\vtkTkRenderWidget.py
Lib\site-packages\vtk\tk\vtkTkRenderWindowInteractor.py
Lib\site-packages\vtk\tk\__init__.py
Lib\site-packages\vtk\util\colors.py
Lib\site-packages\vtk\util\misc.py
Lib\site-packages\vtk\util\numpy_support.py
Lib\site-packages\vtk\util\vtkConstants.py
Lib\site-packages\vtk\util\vtkImageExportToArray.py
Lib\site-packages\vtk\util\vtkImageImportFromArray.py
Lib\site-packages\vtk\util\vtkMethodParser.py
Lib\site-packages\vtk\util\vtkVariant.py
Lib\site-packages\vtk\util\__init__.py
Lib\site-packages\vtk\wx\wxVTKRenderWindow.py
Lib\site-packages\vtk\wx\wxVTKRenderWindowInteractor.py
Lib\site-packages\vtk\wx\__init__.py
Lib\site-packages\VTK-5.10.1-py2.7.egg-info\dependency_links.txt
Lib\site-packages\VTK-5.10.1-py2.7.egg-info\not-zip-safe
Lib\site-packages\VTK-5.10.1-py2.7.egg-info\PKG-INFO
Lib\site-packages\VTK-5.10.1-py2.7.egg-info\SOURCES.txt
Lib\site-packages\VTK-5.10.1-py2.7.egg-info\top_level.txt