# WPPM package installation log
# 
# Package: winpython v0.11

Lib\site-packages\winpython
Lib\site-packages\winpython-0.11-py2.7.egg-info
Lib\site-packages\winpython\data
Lib\site-packages\winpython\images
Lib\site-packages\winpython\associate.py
Lib\site-packages\winpython\config.py
Lib\site-packages\winpython\controlpanel.py
Lib\site-packages\winpython\py3compat.py
Lib\site-packages\winpython\tests.py
Lib\site-packages\winpython\utils.py
Lib\site-packages\winpython\wppm.py
Lib\site-packages\winpython\__init__.py
Lib\site-packages\winpython\data\categories.ini
Lib\site-packages\winpython\data\packages.ini
Lib\site-packages\winpython\data\tools.ini
Lib\site-packages\winpython\images\winpython.svg
Scripts\register_python
Scripts\register_python.bat
Scripts\register_python.bat
Scripts\wpcp
Scripts\wpcp.bat
Scripts\wpcp.bat
Scripts\wppm
Scripts\wppm.bat
Scripts\wppm.bat