# WPPM package installation log
# 
# Package: xlwt v0.7.4

Lib\site-packages\xlwt
Lib\site-packages\xlwt-0.7.4-py2.7.egg-info
Lib\site-packages\xlwt\doc
Lib\site-packages\xlwt\examples
Lib\site-packages\xlwt\antlr.py
Lib\site-packages\xlwt\BIFFRecords.py
Lib\site-packages\xlwt\Bitmap.py
Lib\site-packages\xlwt\Cell.py
Lib\site-packages\xlwt\Column.py
Lib\site-packages\xlwt\CompoundDoc.py
Lib\site-packages\xlwt\ExcelFormula.py
Lib\site-packages\xlwt\ExcelFormulaLexer.py
Lib\site-packages\xlwt\ExcelFormulaParser.py
Lib\site-packages\xlwt\ExcelMagic.py
Lib\site-packages\xlwt\Formatting.py
Lib\site-packages\xlwt\Row.py
Lib\site-packages\xlwt\Style.py
Lib\site-packages\xlwt\UnicodeUtils.py
Lib\site-packages\xlwt\Utils.py
Lib\site-packages\xlwt\Workbook.py
Lib\site-packages\xlwt\Worksheet.py
Lib\site-packages\xlwt\__init__.py
Lib\site-packages\xlwt\doc\xlwt.html
Lib\site-packages\xlwt\examples\big-16Mb.py
Lib\site-packages\xlwt\examples\big-35Mb.py
Lib\site-packages\xlwt\examples\blanks.py
Lib\site-packages\xlwt\examples\col_width.py
Lib\site-packages\xlwt\examples\country.py
Lib\site-packages\xlwt\examples\dates.py
Lib\site-packages\xlwt\examples\format.py
Lib\site-packages\xlwt\examples\formulas.py
Lib\site-packages\xlwt\examples\formula_names.py
Lib\site-packages\xlwt\examples\hyperlinks.py
Lib\site-packages\xlwt\examples\image.py
Lib\site-packages\xlwt\examples\merged.py
Lib\site-packages\xlwt\examples\merged0.py
Lib\site-packages\xlwt\examples\merged1.py
Lib\site-packages\xlwt\examples\mini.py
Lib\site-packages\xlwt\examples\num_formats.py
Lib\site-packages\xlwt\examples\outline.py
Lib\site-packages\xlwt\examples\panes.py
Lib\site-packages\xlwt\examples\parse-fmla.py
Lib\site-packages\xlwt\examples\protection.py
Lib\site-packages\xlwt\examples\python.bmp
Lib\site-packages\xlwt\examples\row_styles.py
Lib\site-packages\xlwt\examples\row_styles_empty.py
Lib\site-packages\xlwt\examples\simple.py
Lib\site-packages\xlwt\examples\sst.py
Lib\site-packages\xlwt\examples\unicode0.py
Lib\site-packages\xlwt\examples\unicode1.py
Lib\site-packages\xlwt\examples\unicode2.py
Lib\site-packages\xlwt\examples\wsprops.py
Lib\site-packages\xlwt\examples\xlwt_easyxf_simple_demo.py